LD_LIBRARY_PATH now /global/project/projectdirs/alice/ftorales//Singularity//install/lib:/global/project/projectdirs/alice/ftorales/Singularity/cvmfs/sphenix.sdcc.bnl.gov/gcc-8.3/opt/sphenix/core/gcc/8.3.0.1-0a5ad/x86_64-centos7/lib:/global/project/projectdirs/alice/ftorales/Singularity/cvmfs/sphenix.sdcc.bnl.gov/gcc-8.3/opt/sphenix/core/gcc/8.3.0.1-0a5ad/x86_64-centos7/lib64:/global/project/projectdirs/alice/ftorales/Singularity/cvmfs/sphenix.sdcc.bnl.gov/gcc-8.3/opt/sphenix/core/binutils/2.30-e5b21/x86_64-centos7/lib:.:/global/project/projectdirs/alice/ftorales/Singularity/cvmfs/sphenix.sdcc.bnl.gov/gcc-8.3/release/release_new/new.4/lib64:/global/project/projectdirs/alice/ftorales/Singularity/cvmfs/sphenix.sdcc.bnl.gov/gcc-8.3/release/release_new/new.4/lib:/global/project/projectdirs/alice/ftorales/Singularity/cvmfs/sphenix.sdcc.bnl.gov/gcc-8.3/opt/sphenix/utils/lib64:/global/project/projectdirs/alice/ftorales/Singularity/cvmfs/sphenix.sdcc.bnl.gov/gcc-8.3/opt/sphenix/utils/lib:/global/project/projectdirs/alice/ftorales/Singularity/cvmfs/sphenix.sdcc.bnl.gov/gcc-8.3/opt/sphenix/core/lib:/global/project/projectdirs/alice/ftorales/Singularity/cvmfs/sphenix.sdcc.bnl.gov/gcc-8.3/opt/sphenix/core/root-6.22.02/lib:/global/project/projectdirs/alice/ftorales/Singularity/cvmfs/sphenix.sdcc.bnl.gov/gcc-8.3/opt/sphenix/core/geant4.10.06.p02/lib64:/global/project/projectdirs/alice/ftorales/Singularity/cvmfs/sphenix.sdcc.bnl.gov/gcc-8.3/opt/sphenix/core/lhapdf-5.9.1/lib:/usr/local/lib64:/usr/lib64
PATH now :/global/project/projectdirs/alice/ftorales/Singularity/cvmfs/sphenix.sdcc.bnl.gov/gcc-8.3/opt/sphenix/core/gcc/8.3.0.1-0a5ad/x86_64-centos7/bin:/global/project/projectdirs/alice/ftorales/Singularity/cvmfs/sphenix.sdcc.bnl.gov/gcc-8.3/opt/sphenix/core/binutils/2.30-e5b21/x86_64-centos7/bin:.:/global/project/projectdirs/alice/ftorales/Singularity/cvmfs/sphenix.sdcc.bnl.gov/gcc-8.3/release/release_new/new.4/bin:/global/project/projectdirs/alice/ftorales/Singularity/cvmfs/sphenix.sdcc.bnl.gov/gcc-8.3/opt/sphenix/utils/bin:/global/project/projectdirs/alice/ftorales/Singularity/cvmfs/sphenix.sdcc.bnl.gov/gcc-8.3/opt/sphenix/core/bin:/global/project/projectdirs/alice/ftorales/Singularity/cvmfs/sphenix.sdcc.bnl.gov/gcc-8.3/opt/sphenix/core/root-6.22.02/bin:/global/project/projectdirs/alice/ftorales/Singularity/cvmfs/sphenix.sdcc.bnl.gov/gcc-8.3/opt/sphenix/core/geant4.10.06.p02/bin:/usr/local/bin:/usr/bin:/usr/local/sbin:/usr/sbin
   ------------------------------------------------------------------
  | Welcome to ROOT 6.22/02                        https://root.cern |
  | (c) 1995-2020, The ROOT Team; conception: R. Brun, F. Rademakers |
  | Built for linuxx8664gcc on Aug 17 2020, 12:46:52                 |
  | From tags/v6-22-02@v6-22-02                                      |
  | Try '.help', '.demo', '.license', '.credits', '.quit'/'.q'       |
   ------------------------------------------------------------------


Processing Fun4All_G4_EICDetector.C(500, 19*29078+17742,"","/global/project/projectdirs/alice/ftorales/slurm_allsi_reco_branches/eP_19")...
PHRandomSeed::GetSeed() seed: 1749977036

 *------------------------------------------------------------------------------------* 
 |                                                                                    | 
 |  *------------------------------------------------------------------------------*  | 
 |  |                                                                              |  | 
 |  |                                                                              |  | 
 |  |   PPP   Y   Y  TTTTT  H   H  III    A      Welcome to the Lund Monte Carlo!  |  | 
 |  |   P  P   Y Y     T    H   H   I    A A     This is PYTHIA version 8.303      |  | 
 |  |   PPP     Y      T    HHHHH   I   AAAAA    Last date of change:  1 Sep 2020  |  | 
 |  |   P       Y      T    H   H   I   A   A                                      |  | 
 |  |   P       Y      T    H   H  III  A   A    Now is 04 Feb 2021 at 16:11:28    |  | 
 |  |                                                                              |  | 
 |  |   Christian Bierlich;  Department of Astronomy and Theoretical Physics,      |  | 
 |  |      Lund University, Solvegatan 14A, SE-223 62 Lund, Sweden;                |  | 
 |  |      e-mail: christian.bierlich@thep.lu.se                                   |  | 
 |  |   Nishita Desai;  Department of Theoretical Physics, Tata Institute,         |  | 
 |  |      Homi Bhabha Road, Mumbai 400005, India;                                 |  | 
 |  |      e-mail: desai@theory.tifr.res.in                                        |  | 
 |  |   Leif Gellersen;  Department of Astronomy and Theoretical Physics,          |  | 
 |  |      Lund University, Solvegatan 14A, SE-223 62 Lund, Sweden;                |  | 
 |  |      e-mail: leif.gellersen@thep.lu.se                                       |  | 
 |  |   Ilkka Helenius;  Department of Physics, University of Jyvaskyla,           |  | 
 |  |      P.O. Box 35, FI-40014 University of Jyvaskyla, Finland;                 |  | 
 |  |      e-mail: ilkka.m.helenius@jyu.fi                                         |  | 
 |  |   Philip Ilten;  Department of Physics,                                      |  | 
 |  |      University of Cincinnati, Cincinnati, OH 45221, USA;                    |  | 
 |  |      School of Physics and Astronomy,                                        |  | 
 |  |      University of Birmingham, Birmingham, B152 2TT, UK;                     |  | 
 |  |      e-mail: philten@cern.ch                                                 |  | 
 |  |   Leif Lonnblad;  Department of Astronomy and Theoretical Physics,           |  | 
 |  |      Lund University, Solvegatan 14A, SE-223 62 Lund, Sweden;                |  | 
 |  |      e-mail: leif.lonnblad@thep.lu.se                                        |  | 
 |  |   Stephen Mrenna;  Computing Division, Simulations Group,                    |  | 
 |  |      Fermi National Accelerator Laboratory, MS 234, Batavia, IL 60510, USA;  |  | 
 |  |      e-mail: mrenna@fnal.gov                                                 |  | 
 |  |   Stefan Prestel;  Department of Astronomy and Theoretical Physics,          |  | 
 |  |      Lund University, Solvegatan 14A, SE-223 62 Lund, Sweden;                |  | 
 |  |      e-mail: stefan.prestel@thep.lu.se                                       |  | 
 |  |   Christine O. Rasmussen;  Department of Astronomy and Theoretical Physics,  |  | 
 |  |      Lund University, Solvegatan 14A, SE-223 62 Lund, Sweden;                |  | 
 |  |      e-mail: christine.rasmussen@thep.lu.se                                  |  | 
 |  |   Torbjorn Sjostrand;  Department of Astronomy and Theoretical Physics,      |  | 
 |  |      Lund University, Solvegatan 14A, SE-223 62 Lund, Sweden;                |  | 
 |  |      e-mail: torbjorn@thep.lu.se                                             |  | 
 |  |   Peter Skands;  School of Physics and Astronomy,                            |  | 
 |  |      Monash University, PO Box 27, 3800 Melbourne, Australia;                |  | 
 |  |      e-mail: peter.skands@monash.edu                                         |  | 
 |  |   Marius Utheim;  Department of Astronomy and Theoretical Physics,           |  | 
 |  |      Lund University, Solvegatan 14A, SE-223 62 Lund, Sweden;                |  | 
 |  |      e-mail: marius.utheim@thep.lu.se                                        |  | 
 |  |                                                                              |  | 
 |  |   The main program reference is 'An Introduction to PYTHIA 8.2',             |  | 
 |  |   T. Sjostrand et al, Comput. Phys. Commun. 191 (2015) 159                   |  | 
 |  |   [arXiv:1410.3012 [hep-ph]]                                                 |  | 
 |  |                                                                              |  | 
 |  |   The main physics reference is the 'PYTHIA 6.4 Physics and Manual',         |  | 
 |  |   T. Sjostrand, S. Mrenna and P. Skands, JHEP05 (2006) 026 [hep-ph/0603175]  |  | 
 |  |                                                                              |  | 
 |  |   An archive of program versions and documentation is found on the web:      |  | 
 |  |   http://www.thep.lu.se/Pythia                                               |  | 
 |  |                                                                              |  | 
 |  |   This program is released under the GNU General Public Licence version 2.   |  | 
 |  |   Please respect the MCnet Guidelines for Event Generator Authors and Users. |  | 
 |  |                                                                              |  | 
 |  |   Disclaimer: this program comes without any guarantees.                     |  | 
 |  |   Beware of errors and use common sense when interpreting results.           |  | 
 |  |                                                                              |  | 
 |  |   Copyright (C) 2020 Torbjorn Sjostrand                                      |  | 
 |  |                                                                              |  | 
 |  |                                                                              |  | 
 |  *------------------------------------------------------------------------------*  | 
 |                                                                                    | 
 *------------------------------------------------------------------------------------* 

USING RANDOM SEED OF 570224

PHRandomSeed: using fixed seed 570224
PHRandomSeed::GetSeed() seed: 1918775624
PHPythia8 random seed: 118775624

 *-------  PYTHIA Process Initialization  --------------------------*
 |                                                                  |
 | We collide p+ with e- at a CM energy of 8.945e+01 GeV            |
 |                                                                  |
 |------------------------------------------------------------------|
 |                                                    |             |
 | Subprocess                                    Code |   Estimated |
 |                                                    |    max (mb) |
 |                                                    |             |
 |------------------------------------------------------------------|
 |                                                    |             |
 | g g -> g g                                     111 |   0.000e+00 |
 | g g -> q qbar (uds)                            112 |   0.000e+00 |
 | q g -> q g                                     113 |   0.000e+00 |
 | q q(bar)' -> q q(bar)'                         114 |   0.000e+00 |
 | q qbar -> g g                                  115 |   0.000e+00 |
 | q qbar -> q' qbar' (uds)                       116 |   0.000e+00 |
 | g g -> c cbar                                  121 |   0.000e+00 |
 | q qbar -> c cbar                               122 |   0.000e+00 |
 | g g -> b bbar                                  123 |   0.000e+00 |
 | q qbar -> b bbar                               124 |   0.000e+00 |
 | f f' -> f f' (t-channel gamma*/Z0)             211 |   9.266e-05 |
 |                                                                  |
 *-------  End PYTHIA Process Initialization -----------------------*

 *-------  PYTHIA Flag + Mode + Parm + Word + FVec + MVec + PVec + WVec Settings (changes only)  ------------------* 
 |                                                                                                                 | 
 | Name                                          |                      Now |      Default         Min         Max | 
 |                                               |                          |                                      | 
 | Beams:eA                                      |                100.00000 |     7000.000         0.0             | 
 | Beams:eB                                      |                 20.00000 |     7000.000         0.0             | 
 | Beams:frameType                               |                        2 |            1           1           5 | 
 | Beams:idB                                     |                       11 |         2212                         | 
 | HardQCD:all                                   |                       on |          off                         | 
 | Main:timesAllowErrors                         |                   900000 |           10           0             | 
 | PDF:lepton                                    |                      off |           on                         | 
 | PhaseSpace:Q2Min                              |                 16.00000 |          0.0         0.0             | 
 | Random:seed                                   |                118775624 |           -1               900000000 | 
 | Random:setSeed                                |                       on |          off                         | 
 | SpaceShower:pTmaxMatch                        |                        2 |            0           0           2 | 
 | TimeShower:QEDshowerByL                       |                      off |           on                         | 
 | WeakBosonExchange:ff2ff(t:gmZ)                |                       on |          off                         | 
 |                                                                                                                 | 
 *-------  End PYTHIA Flag + Mode + Parm + Word + FVec + MVec + PVec + WVec Settings  -----------------------------* 

 --------  PYTHIA Particle Data Table (changed only)  ------------------------------------------------------------------------------
 
      id   name            antiName         spn chg col      m0        mWidth      mMin       mMax       tau0    res dec ext vis wid
             no onMode   bRatio   meMode     products 

 no particle data has been changed from its default value 

 --------  End PYTHIA Particle Data Table  -----------------------------------------------------------------------------------------

PHRandomSeed::GetSeed() seed: 869735342
/global/project/projectdirs/alice/ftorales/Singularity/cvmfs/sphenix.sdcc.bnl.gov/gcc-8.3/release/release_new/new.4/share/calibrations/ForwardEcal/mapping/towerMap_FEMC_v007.txt
PHRandomSeed::GetSeed() seed: 866948163

**************************************************************
 Geant4 version Name: geant4-10-06-patch-02    (29-May-2020)
                       Copyright : Geant4 Collaboration
                      References : NIM A 506 (2003), 250-303
                                 : IEEE-TNS 53 (2006), 270-278
                                 : NIM A 835 (2016), 186-225
                             WWW : http://geant4.org/
**************************************************************

<<< Geant4 Physics List simulation engine: QGSP_BERT

### Birks coefficients used in run time
   G4_PbWO4     0.0333333 mm/MeV     0.0276 g/cm^2/MeV  massFactor=  5.89329 effCharge= 2407.4
   G4_lAr     0.032 mm/MeV     0.0044672 g/cm^2/MeV  massFactor=  23.4875 effCharge= 324
   G4_POLYSTYRENE     0.07943 mm/MeV     0.00841958 g/cm^2/MeV  massFactor=  101.167 effCharge= 0.027027
   G4_BGO     0.008415 mm/MeV     0.00599989 g/cm^2/MeV  massFactor=  6.63951 effCharge= 1.56555
PHRandomSeed::GetSeed() seed: 196583125
PHRandomSeed::GetSeed() seed: 574167422
Warning from RawClusterBuilderTemplate::Detector(): no detector specific class HcalInRawClusterBuilderTemplate defined for detector HCALIN. Default BEmcRec will be used
PHRandomSeed::GetSeed() seed: 430832648
Warning from RawClusterBuilderTemplate::Detector(): no detector specific class HcalOutRawClusterBuilderTemplate defined for detector HCALOUT. Default BEmcRec will be used
PHRandomSeed::GetSeed() seed: 176980102
PHRandomSeed::GetSeed() seed: 3273552784
Warning from RawClusterBuilderTemplate::Detector(): no detector specific class FHCALRawClusterBuilderTemplate defined for detector FHCAL. Default BEmcRec will be used
PHRandomSeed::GetSeed() seed: 2872125510
PHRandomSeed::GetSeed() seed: 1433235215
/home/phnxbld/sPHENIX/gcc-8.3/new/source/coresoftware/simulation/g4simulation/g4trackfastsim/PHG4TrackFastSimEval.cc:74:  Openning file /global/project/projectdirs/alice/ftorales/slurm_allsi_reco_branches/eP_19_g4tracking_eval.root
PHTFileServer::open - opening file /global/project/projectdirs/alice/ftorales/slurm_allsi_reco_branches/eP_19_g4tracking_eval.root (RECREATE)
PHTFileServer::open - opening file /global/project/projectdirs/alice/ftorales/slurm_allsi_reco_branches/eP_19_e+jet_Tree.root (RECREATE)
Fun4AllServer: Runnumber forced to 0 by RUNNUMBER IntFlag
Fun4AllServer::setRun(): could not get timestamp for run  0, using tics(0) timestamp: Wed Dec 31 19:00:00 1969
PHFieldUtility::GetFieldConfigNode - field map with configuration from input default: PHFieldConfigv1::identify - Field type of [2D field map expressed in cylindrical coordinates] from file [/global/project/projectdirs/alice/ftorales/Singularity/cvmfs/sphenix.sdcc.bnl.gov/gcc-8.3/release/release_new/new.4/share/calibrations/Field/Map/sPHENIX.2d.root] with a scale factor of -0.9
G4GDML: Reading 'Detector_chamber_3-20-20.G4Import.gdml'...
G4GDML: Reading materials...
G4GDML: Reading definitions...
G4GDML: Reading solids...
G4GDML: Reading definitions...
G4GDML: Reading solids...
G4GDML: Reading definitions...
G4GDML: Reading solids...
G4GDML: Reading definitions...
G4GDML: Reading solids...
G4GDML: Reading definitions...
G4GDML: Reading solids...
G4GDML: Reading definitions...
G4GDML: Reading solids...
G4GDML: Reading definitions...
G4GDML: Reading solids...
G4GDML: Reading definitions...
G4GDML: Reading solids...
G4GDML: Reading definitions...
G4GDML: Reading solids...
G4GDML: Reading definitions...
G4GDML: Reading solids...
G4GDML: Reading structure...
G4GDML: Reading setup...
G4GDML: Reading 'Detector_chamber_3-20-20.G4Import.gdml' done!
Stripping off GDML names of materials, solids and volumes ...
G4GDML: Reading '/global/project/projectdirs/alice/ftorales/Singularity/cvmfs/sphenix.sdcc.bnl.gov/gcc-8.3/release/release_new/new.4/share/calibrations/Beam/Detector_chamber_3-20-20.G4Import.gdml'...
G4GDML: Reading materials...
G4Material WARNING: duplicate name of material ALUMINUM
G4Material WARNING: duplicate name of material VACUUM
G4GDML: Reading definitions...
G4GDML: Reading solids...
G4GDML: Reading definitions...
G4GDML: Reading solids...
G4GDML: Reading definitions...
G4GDML: Reading solids...
G4GDML: Reading definitions...
G4GDML: Reading solids...
G4GDML: Reading definitions...
G4GDML: Reading solids...
G4GDML: Reading definitions...
G4GDML: Reading solids...
G4GDML: Reading definitions...
G4GDML: Reading solids...
G4GDML: Reading definitions...
G4GDML: Reading solids...
G4GDML: Reading definitions...
G4GDML: Reading solids...
G4GDML: Reading definitions...
G4GDML: Reading solids...
G4GDML: Reading structure...
G4GDML: Reading setup...
G4GDML: Reading '/global/project/projectdirs/alice/ftorales/Singularity/cvmfs/sphenix.sdcc.bnl.gov/gcc-8.3/release/release_new/new.4/share/calibrations/Beam/Detector_chamber_3-20-20.G4Import.gdml' done!
Stripping off GDML names of materials, solids and volumes ...
G4GDML: Reading 'genfitGeom_AllSi_v2.gdml'...
G4GDML: Reading definitions...
G4GDML: Reading materials...
G4GDML: Reading solids...
G4GDML: Reading structure...
G4GDML: Reading setup...
G4GDML: Reading 'genfitGeom_AllSi_v2.gdml' done!
Stripping off GDML names of materials, solids and volumes ...
Checking overlaps for volume BH_1 (G4Tubs) ... OK! 
Checking overlaps for volume BH_FORWARD_PLUS_1 (G4Tubs) ... OK! 
Checking overlaps for volume BH_FORWARD_NEG_1 (G4Tubs) ... OK! 
PHG4Reco::InitRun - export geometry to DST via tmp file /tmp/PHGeomUtility_geom_file_54785.gdml
PHG4GDML: Writing '/tmp/PHGeomUtility_geom_file_54785.gdml'...
PHG4GDML: Writing definitions...
G4GDML: Writing materials...
PHG4GDML: Writing solids...
PHG4GDML: Writing structure...
G4GDML: Writing setup...

-------- WWWW ------- G4Exception-START -------- WWWW -------
*** G4Exception : Obsolete
      issued by : G4MaterialPropertiesTable::GetPropertiesMap()
GetPropertiesMap will be obsolete from the next release Use G4MaterialPropertiesTable::GetPropertyMap() instead
*** This is just a warning message. ***
-------- WWWW -------- G4Exception-END --------- WWWW -------


-------- WWWW ------- G4Exception-START -------- WWWW -------
*** G4Exception : Obsolete
      issued by : G4MaterialPropertiesTable::GetPropertiesCMap()
GetPropertiesCMap will be obsolete from the next release Use G4MaterialPropertiesTable::GetConstPropertyMap() instead
*** This is just a warning message. ***
-------- WWWW -------- G4Exception-END --------- WWWW -------

PHG4GDML: Writing surfaces...
PHG4GDML: Writing '/tmp/PHGeomUtility_geom_file_54785.gdml' done !
PHRandomSeed::GetSeed() seed: 4071490595
Info from RawClusterBuilderTemplate::InitRun(): Init geometry for CEMC: N of geom towers: 39064; ix = 0-256, iy = 0-151
Info from RawClusterBuilderTemplate::InitRun(): Init geometry for HCALIN: N of geom towers: 1536; ix = 0-63, iy = 0-23
Info from RawClusterBuilderTemplate::InitRun(): Init geometry for HCALOUT: N of geom towers: 1536; ix = 0-63, iy = 0-23
Info from RawClusterBuilderTemplate::InitRun(): Init geometry for FEMC: N of geom towers: 3244; ix = 0-64, iy = 0-64
Info from RawClusterBuilderTemplate::InitRun(): Init geometry for FHCAL: N of geom towers: 2020; ix = 2-52, iy = 2-52
Info from RawClusterBuilderTemplate::InitRun(): Init geometry for EEMC: N of geom towers: 2904; ix = 19-80, iy = 19-80
GFRaveVertexFactory::setMethod ==> set method to kalman-smoothing:1
--------------------------------------

List of Nodes in Fun4AllServer:
Node Tree under TopNode TOP
TOP (PHCompositeNode)/
   DST (PHCompositeNode)/
      PHHepMCGenEventMap (IO,PHHepMCGenEventMap)
      PHG4INEVENT (PHDataNode)
      G4HIT_EGEM_0 (IO,PHG4HitContainer)
      G4HIT_EGEM_1 (IO,PHG4HitContainer)
      G4HIT_EGEM_2 (IO,PHG4HitContainer)
      G4HIT_EGEM_3 (IO,PHG4HitContainer)
      G4HIT_FGEM_2 (IO,PHG4HitContainer)
      G4HIT_FGEM_3 (IO,PHG4HitContainer)
      G4HIT_FGEM_4 (IO,PHG4HitContainer)
      G4HIT_FHCAL (IO,PHG4HitContainer)
      G4HIT_ABSORBER_FHCAL (IO,PHG4HitContainer)
      G4HIT_DIRC (IO,PHG4HitContainer)
      G4HIT_RICH (IO,PHG4HitContainer)
      CEMC (PHCompositeNode)/
         G4HIT_CEMC (IO,PHG4HitContainer)
         G4CELL_CEMC (IO,PHG4CellContainer)
         TOWER_SIM_CEMC (IO,RawTowerContainer)
         TOWER_RAW_CEMC (IO,RawTowerContainer)
         TOWER_CALIB_CEMC (IO,RawTowerContainer)
         CLUSTER_CEMC (IO,RawClusterContainer)
      HCALIN (PHCompositeNode)/
         G4HIT_HCALIN (IO,PHG4HitContainer)
         G4CELL_HCALIN (IO,PHG4CellContainer)
         TOWER_SIM_HCALIN (IO,RawTowerContainer)
         TOWER_RAW_HCALIN (IO,RawTowerContainer)
         TOWER_CALIB_HCALIN (IO,RawTowerContainer)
         CLUSTER_HCALIN (IO,RawClusterContainer)
      HCALOUT (PHCompositeNode)/
         G4HIT_HCALOUT (IO,PHG4HitContainer)
         G4CELL_HCALOUT (IO,PHG4CellContainer)
         TOWER_SIM_HCALOUT (IO,RawTowerContainer)
         TOWER_RAW_HCALOUT (IO,RawTowerContainer)
         TOWER_CALIB_HCALOUT (IO,RawTowerContainer)
         CLUSTER_HCALOUT (IO,RawClusterContainer)
      FEMC (PHCompositeNode)/
         G4HIT_FEMC (IO,PHG4HitContainer)
         TOWER_SIM_FEMC (IO,RawTowerContainer)
         TOWER_RAW_FEMC (IO,RawTowerContainer)
         TOWER_CALIB_FEMC (IO,RawTowerContainer)
         CLUSTER_FEMC (IO,RawClusterContainer)
      EEMC (PHCompositeNode)/
         G4HIT_EEMC (IO,PHG4HitContainer)
         TOWER_SIM_EEMC (IO,RawTowerContainer)
         TOWER_RAW_EEMC (IO,RawTowerContainer)
         TOWER_CALIB_EEMC (IO,RawTowerContainer)
         CLUSTER_EEMC (IO,RawClusterContainer)
      G4HIT_BH_1 (IO,PHG4HitContainer)
      BH_FORWARD_PLUS (PHCompositeNode)/
         G4HIT_BH_FORWARD_PLUS (IO,PHG4HitContainer)
      BH_FORWARD_NEG (PHCompositeNode)/
         G4HIT_BH_FORWARD_NEG (IO,PHG4HitContainer)
      G4TruthInfo (IO,PHG4TruthInfoContainer)
      LBLVTX (PHCompositeNode)/
         G4HIT_ABSORBER_LBLVTX (IO,PHG4HitContainer)
         G4HIT_LBLVTX_BACKWARD_30 (IO,PHG4HitContainer)
         G4HIT_LBLVTX_BACKWARD_31 (IO,PHG4HitContainer)
         G4HIT_LBLVTX_BACKWARD_32 (IO,PHG4HitContainer)
         G4HIT_LBLVTX_BACKWARD_33 (IO,PHG4HitContainer)
         G4HIT_LBLVTX_BACKWARD_34 (IO,PHG4HitContainer)
         G4HIT_LBLVTX_CENTRAL_10 (IO,PHG4HitContainer)
         G4HIT_LBLVTX_CENTRAL_11 (IO,PHG4HitContainer)
         G4HIT_LBLVTX_CENTRAL_12 (IO,PHG4HitContainer)
         G4HIT_LBLVTX_CENTRAL_13 (IO,PHG4HitContainer)
         G4HIT_LBLVTX_CENTRAL_14 (IO,PHG4HitContainer)
         G4HIT_LBLVTX_CENTRAL_15 (IO,PHG4HitContainer)
         G4HIT_LBLVTX_FORWARD_20 (IO,PHG4HitContainer)
         G4HIT_LBLVTX_FORWARD_21 (IO,PHG4HitContainer)
         G4HIT_LBLVTX_FORWARD_22 (IO,PHG4HitContainer)
         G4HIT_LBLVTX_FORWARD_23 (IO,PHG4HitContainer)
         G4HIT_LBLVTX_FORWARD_24 (IO,PHG4HitContainer)
      BBC (PHCompositeNode)/
         BbcVertexMap (IO,BbcVertexMapv1)
      FHCAL (PHCompositeNode)/
         TOWER_SIM_FHCAL (IO,RawTowerContainer)
         TOWER_RAW_FHCAL (IO,RawTowerContainer)
         TOWER_CALIB_FHCAL (IO,RawTowerContainer)
         CLUSTER_FHCAL (IO,RawClusterContainer)
      TRACKS (PHCompositeNode)/
         TrackMap (IO,SvtxTrackMap_v1)
         SvtxVertexMap (IO,SvtxVertexMap_v1)
      GLOBAL (PHCompositeNode)/
         GlobalVertexMap (IO,GlobalVertexMapv1)
      TRIG (PHCompositeNode)/
         CaloTriggerInfo (IO,CaloTriggerInfov1)
      ANTIKT (PHCompositeNode)/
         TRUTH (PHCompositeNode)/
            AntiKt_Truth_r02 (IO,JetMapv1)
            AntiKt_Truth_r03 (IO,JetMapv1)
            AntiKt_Truth_r04 (IO,JetMapv1)
            AntiKt_Truth_r05 (IO,JetMapv1)
            AntiKt_Truth_r06 (IO,JetMapv1)
            AntiKt_Truth_r07 (IO,JetMapv1)
            AntiKt_Truth_r08 (IO,JetMapv1)
            AntiKt_Truth_r10 (IO,JetMapv1)
         TOWER (PHCompositeNode)/
            AntiKt_Tower_r02 (IO,JetMapv1)
            AntiKt_Tower_r03 (IO,JetMapv1)
            AntiKt_Tower_r04 (IO,JetMapv1)
            AntiKt_Tower_r05 (IO,JetMapv1)
            AntiKt_Tower_r06 (IO,JetMapv1)
            AntiKt_Tower_r07 (IO,JetMapv1)
            AntiKt_Tower_r08 (IO,JetMapv1)
            AntiKt_Tower_r10 (IO,JetMapv1)
         CLUSTER (PHCompositeNode)/
            AntiKt_Cluster_r02 (IO,JetMapv1)
            AntiKt_Cluster_r03 (IO,JetMapv1)
            AntiKt_Cluster_r04 (IO,JetMapv1)
            AntiKt_Cluster_r05 (IO,JetMapv1)
            AntiKt_Cluster_r06 (IO,JetMapv1)
            AntiKt_Cluster_r07 (IO,JetMapv1)
            AntiKt_Cluster_r08 (IO,JetMapv1)
            AntiKt_Cluster_r10 (IO,JetMapv1)
         TRACK (PHCompositeNode)/
            AntiKt_Track_r02 (IO,JetMapv1)
            AntiKt_Track_r03 (IO,JetMapv1)
            AntiKt_Track_r04 (IO,JetMapv1)
            AntiKt_Track_r05 (IO,JetMapv1)
            AntiKt_Track_r06 (IO,JetMapv1)
            AntiKt_Track_r07 (IO,JetMapv1)
            AntiKt_Track_r08 (IO,JetMapv1)
            AntiKt_Track_r10 (IO,JetMapv1)
   RUN (PHCompositeNode)/
      PHGenIntegral (IO,PHGenIntegralv1)
      FIELD_CONFIG (IO,PHFieldConfigv1)
      PIPE (PHCompositeNode)/
         G4GEOPARAM_PIPE (IO,PdbParameterMapContainer)
      G4GEOPARAM_ElectronForwardEnvelope_0 (IO,PdbParameterMapContainer)
      G4GEOPARAM_HadronForwardEnvelope_0 (IO,PdbParameterMapContainer)
      LBLVTX (PHCompositeNode)/
         G4GEOPARAM_LBLVTX (IO,PdbParameterMapContainer)
      ABSORBER_CEMC (PHCompositeNode)/
         G4GEOPARAM_ABSORBER_CEMC (IO,PdbParameterMapContainer)
      CEMC (PHCompositeNode)/
         G4GEOPARAM_CEMC (IO,PdbParameterMapContainer)
         CYLINDERGEOM_CEMC (IO,PHG4CylinderGeomContainer)
         G4CELLPARAM_CEMC (IO,PdbParameterMapContainer)
         TOWERGEOM_CEMC (IO,RawTowerGeomContainer_Cylinderv1)
      G4GEOPARAM_CEMC_ELECTRONICS_0 (IO,PdbParameterMapContainer)
      HCALIN (PHCompositeNode)/
         G4GEOPARAM_HCALIN (IO,PdbParameterMapContainer)
         G4CELLPARAM_HCALIN (IO,PdbParameterMap)
         TOWERPARAM_HCALIN (IO,PdbParameterMap)
         TOWERGEOM_HCALIN (IO,RawTowerGeomContainer_Cylinderv1)
      HCALIN_SPT (PHCompositeNode)/
         G4GEOPARAM_HCALIN_SPT (IO,PdbParameterMapContainer)
      MAGNET (PHCompositeNode)/
         G4GEOPARAM_MAGNET (IO,PdbParameterMapContainer)
      HCALOUT (PHCompositeNode)/
         G4GEOPARAM_HCALOUT (IO,PdbParameterMapContainer)
         G4CELLPARAM_HCALOUT (IO,PdbParameterMap)
         TOWERPARAM_HCALOUT (IO,PdbParameterMap)
         TOWERGEOM_HCALOUT (IO,RawTowerGeomContainer_Cylinderv1)
      FEMC (PHCompositeNode)/
         G4GEOPARAM_FEMC (IO,PdbParameterMapContainer)
      EEMC (PHCompositeNode)/
         G4GEOPARAM_EEMC (IO,PdbParameterMapContainer)
      DIRC (PHCompositeNode)/
         G4GEOPARAM_DIRC (IO,PdbParameterMapContainer)
      FLUXRET_ETA_MINUS (PHCompositeNode)/
         G4GEOPARAM_FLUXRET_ETA_MINUS (IO,PdbParameterMapContainer)
      G4GEOPARAM_BH_1 (IO,PdbParameterMapContainer)
      CYLINDERGEOM_BH_1 (IO,PHG4CylinderGeomContainer)
      BH_FORWARD_PLUS (PHCompositeNode)/
         G4GEOPARAM_BH_FORWARD_PLUS (IO,PdbParameterMapContainer)
         CYLINDERGEOM_BH_FORWARD_PLUS (IO,PHG4CylinderGeomContainer)
      BH_FORWARD_NEG (PHCompositeNode)/
         G4GEOPARAM_BH_FORWARD_NEG (IO,PdbParameterMapContainer)
         CYLINDERGEOM_BH_FORWARD_NEG (IO,PHG4CylinderGeomContainer)
      GEOMETRY_IO (IO,PHGeomIOTGeo)
      CYLINDERCELLGEOM_CEMC (IO,PHG4CylinderCellGeomContainer)
      TOWERGEOM_FEMC (IO,RawTowerGeomContainerv1)
      TOWERGEOM_FHCAL (IO,RawTowerGeomContainerv1)
      TOWERGEOM_EEMC (IO,RawTowerGeomContainerv1)
   PAR (PHCompositeNode)/
      FIELD_MAP (PHDataNode)
      PIPE (PHCompositeNode)/
         G4GEO_PIPE (PHDataNode)
      G4GEO_ElectronForwardEnvelope_0 (PHDataNode)
      G4GDML_CONFIG (PHDataNode)
      G4GEO_HadronForwardEnvelope_0 (PHDataNode)
      LBLVTX (PHCompositeNode)/
         G4GEO_LBLVTX (PHDataNode)
      ABSORBER_CEMC (PHCompositeNode)/
         G4GEO_ABSORBER_CEMC (PHDataNode)
      CEMC (PHCompositeNode)/
         G4GEO_CEMC (PHDataNode)
      G4GEO_CEMC_ELECTRONICS_0 (PHDataNode)
      HCALIN (PHCompositeNode)/
         G4GEO_HCALIN (PHDataNode)
         G4CELLGEO_HCALIN (PHDataNode)
         TOWERGEO_HCALIN (PHDataNode)
      HCALIN_SPT (PHCompositeNode)/
         G4GEO_HCALIN_SPT (PHDataNode)
      MAGNET (PHCompositeNode)/
         G4GEO_MAGNET (PHDataNode)
      HCALOUT (PHCompositeNode)/
         G4GEO_HCALOUT (PHDataNode)
         G4CELLGEO_HCALOUT (PHDataNode)
         TOWERGEO_HCALOUT (PHDataNode)
      FEMC (PHCompositeNode)/
         G4GEO_FEMC (PHDataNode)
      EEMC (PHCompositeNode)/
         G4GEO_EEMC (PHDataNode)
      DIRC (PHCompositeNode)/
         G4GEO_DIRC (PHDataNode)
      FLUXRET_ETA_MINUS (PHCompositeNode)/
         G4GEO_FLUXRET_ETA_MINUS (PHDataNode)
      G4GEO_BH_1 (PHDataNode)
      BH_FORWARD_PLUS (PHCompositeNode)/
         G4GEO_BH_FORWARD_PLUS (PHDataNode)
      BH_FORWARD_NEG (PHCompositeNode)/
         G4GEO_BH_FORWARD_NEG (PHDataNode)
      GEOMETRY (PHDataNode)



 --------  PYTHIA Info Listing  ---------------------------------------- 
 
 Beam A: id =   2212, pz =  4.472e+01, e =  4.473e+01, m =  9.383e-01.
 Beam B: id =     11, pz = -4.472e+01, e =  4.472e+01, m =  5.110e-04.

 In 1: id =   -2, x =  7.526e-03, pdf =  3.628e-01 at Q2 =  1.090e+01.
 In 2: id =   11, x =  1.000e+00, pdf =  1.000e+00 at same Q2.

 Subprocess f f' -> f f' (t-channel gamma*/Z0) with code 211 is 2 -> 2.
 It has sHat =  6.022e+01,    tHat = -4.593e+01,    uHat = -1.428e+01,
       pTHat =  3.295e+00,   m3Hat =  3.300e-01,   m4Hat =  5.110e-04,
    thetaHat =  2.124e+00,  phiHat =  1.755e-02.
     alphaEM =  7.537e-03,  alphaS =  2.775e-01    at Q2 =  1.090e+01.

 Impact parameter b =  0.000e+00 gives enhancement factor =  1.000e+00.
 Max pT scale for MPI =  8.945e+01, ISR =  8.945e+01, FSR =  8.945e+01.
 Number of MPI =     1, ISR =     1, FSRproc =     3, FSRreson =     0.

 --------  End PYTHIA Info Listing  ------------------------------------

 --------  PYTHIA Event Listing  (hard process)  -----------------------------------------------------------------------------------
 
    no         id  name            status     mothers   daughters     colours      p_x        p_y        p_z         e          m 
     0         90  (system)           -11     0     0     0     0     0     0      0.000      0.000     79.996    120.000     89.447
     1       2212  (p+)               -12     0     0     3     0     0     0      0.000      0.000     99.996    100.000      0.938
     2         11  (e-)               -12     0     0     4     0     0     0      0.000      0.000    -20.000     20.000      0.001
     3         -2  (ubar)             -21     1     0     5     6     0   101      0.000      0.000      0.753      0.753      0.000
     4         11  (e-)               -21     2     0     5     6     0     0      0.000      0.000    -20.000     20.000      0.000
     5         -2  ubar                23     3     4     0     0     0   101      3.294      0.058    -15.086     15.445      0.330
     6         11  e-                  23     3     4     0     0     0     0     -3.294     -0.058     -4.163      5.309      0.001
                                   Charge sum: -1.667           Momentum sum:      0.000      0.000    -19.250     20.755      7.760

 --------  End PYTHIA Event Listing  -----------------------------------------------------------------------------------------------

 --------  PYTHIA Event Listing  (complete event)  ---------------------------------------------------------------------------------
 
    no         id  name            status     mothers   daughters     colours      p_x        p_y        p_z         e          m 
     0         90  (system)           -11     0     0     0     0     0     0     -0.000      0.000     79.996    120.000     89.447
     1       2212  (p+)               -12     0     0    21     0     0     0      0.000      0.000     99.996    100.000      0.938
     2         11  (e-)               -12     0     0     8     0     0     0     -0.000      0.000    -20.000     20.000      0.001
     3         -2  (ubar)             -21     7     0     5     6     0   101      0.000      0.000      0.753      0.753      0.000
     4         11  (e-)               -21     8     8     5     6     0     0     -0.000      0.000    -20.000     20.000      0.000
     5         -2  (ubar)             -23     3     4     9     9     0   101      3.294      0.058    -15.086     15.445      0.330
     6         11  (e-)               -23     3     4    10    10     0     0     -3.294     -0.058     -4.163      5.309      0.001
     7         -2  (ubar)             -41    21    21    11     3     0   102     -0.000      0.000      1.816      1.816      0.000
     8         11  (e-)               -42     2     0     4     4     0     0     -0.000      0.000    -20.000     20.000      0.000
     9         -2  (ubar)             -44     5     5    12    13     0   101      3.484     -0.468    -14.518     14.941      0.330
    10         11  e-                  44     6     6     0     0     0     0     -2.690     -1.736     -3.122      4.472      0.001
    11         21  (g)                -43     7     0    14    14   101   102     -0.793      2.204     -0.546      2.405      0.000
    12         -2  (ubar)             -51     9     0    22    22     0   103     -0.134      0.412     -3.502      3.544      0.330
    13         21  (g)                -51     9     0    17    17   103   101      3.537     -0.656    -11.071     11.641      0.000
    14         21  (g)                -52    11    11    15    16   101   102     -0.713      1.980     -0.491      2.161      0.000
    15         21  (g)                -51    14     0    23    23   104   102      0.629      0.770     -0.158      1.007      0.000
    16         21  (g)                -51    14     0    20    20   101   104     -1.106      1.166     -1.073      1.932      0.000
    17         21  (g)                -52    13    13    18    19   103   101      3.301     -0.612    -10.331     10.863      0.000
    18         21  (g)                -51    17     0    24    24   103   105      2.287      0.371     -5.789      6.235      0.000
    19         21  (g)                -51    17     0    25    25   105   101      0.908     -0.872     -4.645      4.813      0.000
    20         21  (g)                -52    16    16    26    26   101   104     -1.000      1.055     -0.970      1.747      0.000
    21         -2  (ubar)             -61     1     0     7     7     0   102     -1.845      0.349      1.151      2.202      0.000
    22         -2  (ubar)             -62    12    12    34    34     0   103     -0.563      0.466     -3.393      3.487      0.330
    23         21  (g)                -62    15    15    30    30   104   102      0.552      0.779     -0.160      0.968      0.000
    24         21  (g)                -62    18    18    33    33   103   105      1.554      0.460     -5.733      5.958      0.000
    25         21  (g)                -62    19    19    32    32   105   101      0.332     -0.801     -4.564      4.646      0.000
    26         21  (g)                -62    20    20    31    31   101   104     -1.173      1.078     -0.863      1.812      0.000
    27       2224  (Delta++)          -63     1     0    48    49     0     0      0.685      0.038      0.807      1.625      1.232
    28          1  (d)                -63     1     0    29    29   102     0      1.303     -0.285     97.023     97.033      0.330
    29          1  (d)                -71    28    28    35    47   102     0      1.303     -0.285     97.023     97.033      0.330
    30         21  (g)                -71    23    23    35    47   104   102      0.552      0.779     -0.160      0.968      0.000
    31         21  (g)                -71    26    26    35    47   101   104     -1.173      1.078     -0.863      1.812      0.000
    32         21  (g)                -71    25    25    35    47   105   101      0.332     -0.801     -4.564      4.646      0.000
    33         21  (g)                -71    24    24    35    47   103   105      1.554      0.460     -5.733      5.958      0.000
    34         -2  (ubar)             -71    22    22    35    47     0   103     -0.563      0.466     -3.393      3.487      0.330
    35        311  (K0)               -83    29    34    50    50     0     0      0.224     -0.341     22.847     22.856      0.498
    36        333  (phi)              -83    29    34    57    58     0     0      1.008     -0.298     40.225     40.251      1.015
    37       -321  K-                  83    29    34     0     0     0     0     -0.295      0.590     28.838     28.850      0.494
    38        111  (pi0)              -83    29    34    59    60     0     0      0.136     -0.070      1.539      1.553      0.135
    39        113  (rho0)             -83    29    34    51    52     0     0      0.176     -0.354      1.211      1.423      0.633
    40        211  pi+                 83    29    34     0     0     0     0      0.130      0.467      1.276      1.372      0.140
    41        113  (rho0)             -83    29    34    53    54     0     0     -0.495     -0.065      0.851      1.283      0.820
    42       -213  (rho-)             -83    29    34    55    56     0     0      0.490      0.938     -0.203      1.419      0.923
    43        211  pi+                 84    29    34     0     0     0     0     -0.069      0.325     -2.848      2.871      0.140
    44        223  (omega)            -84    29    34    61    63     0     0      0.625     -0.008     -1.830      2.082      0.770
    45        331  (eta')             -84    29    34    64    66     0     0     -0.870      0.239     -5.371      5.530      0.957
    46       -211  pi-                 84    29    34     0     0     0     0      0.122      0.157     -0.243      0.343      0.140
    47        111  (pi0)              -84    29    34    67    68     0     0      0.824      0.117     -3.983      4.071      0.135
    48       2212  p+                  91    27     0     0     0     0     0      0.378      0.179      0.477      1.133      0.938
    49        211  pi+                 91    27     0     0     0     0     0      0.306     -0.141      0.330      0.492      0.140
    50        130  K_L0                91    35    35     0     0     0     0      0.224     -0.341     22.847     22.856      0.498
    51        211  pi+                 91    39     0     0     0     0     0      0.231      0.082      0.525      0.596      0.140
    52       -211  pi-                 91    39     0     0     0     0     0     -0.055     -0.436      0.686      0.826      0.140
    53        211  pi+                 91    41     0     0     0     0     0     -0.022      0.310      0.312      0.462      0.140
    54       -211  pi-                 91    41     0     0     0     0     0     -0.473     -0.375      0.539      0.821      0.140
    55       -211  pi-                 91    42     0     0     0     0     0      0.064      0.554      0.296      0.647      0.140
    56        111  (pi0)              -91    42     0    69    70     0     0      0.426      0.384     -0.499      0.772      0.135
    57        321  K+                  91    36     0     0     0     0     0      0.521     -0.053     18.007     18.021      0.494
    58       -321  K-                  91    36     0     0     0     0     0      0.487     -0.244     22.218     22.230      0.494
    59         22  gamma               91    38     0     0     0     0     0      0.162     -0.071      1.288      1.300      0.000
    60         22  gamma               91    38     0     0     0     0     0     -0.026      0.001      0.251      0.253      0.000
    61        211  pi+                 91    44     0     0     0     0     0     -0.065      0.005     -0.171      0.230      0.140
    62       -211  pi-                 91    44     0     0     0     0     0      0.474     -0.157     -1.196      1.304      0.140
    63        111  (pi0)              -91    44     0    71    72     0     0      0.216      0.145     -0.463      0.548      0.135
    64        211  pi+                 91    45     0     0     0     0     0     -0.259      0.151     -1.099      1.148      0.140
    65       -211  pi-                 91    45     0     0     0     0     0     -0.243     -0.049     -0.919      0.962      0.140
    66        221  (eta)              -91    45     0    73    75     0     0     -0.368      0.137     -3.352      3.420      0.548
    67         22  gamma               91    47     0     0     0     0     0      0.817      0.112     -3.974      4.059      0.000
    68         22  gamma               91    47     0     0     0     0     0      0.007      0.005     -0.009      0.013      0.000
    69         22  gamma               91    56     0     0     0     0     0      0.143      0.056     -0.160      0.222      0.000
    70         22  gamma               91    56     0     0     0     0     0      0.283      0.328     -0.338      0.550      0.000
    71         22  gamma               91    63     0     0     0     0     0      0.062     -0.011     -0.176      0.187      0.000
    72         22  gamma               91    63     0     0     0     0     0      0.154      0.156     -0.287      0.361      0.000
    73         22  gamma               91    66     0     0     0     0     0     -0.071      0.136     -2.157      2.162      0.000
    74         11  e-                  91    66     0     0     0     0     0     -0.069      0.115     -0.443      0.463      0.001
    75        -11  e+                  91    66     0     0     0     0     0     -0.228     -0.113     -0.752      0.794      0.001
                                   Charge sum:  0.000           Momentum sum:     -0.000      0.000     79.996    120.000     89.447

 --------  End PYTHIA Event Listing  -----------------------------------------------------------------------------------------------
Error in <TDecompChol::Decompose()>: matrix not positive definite
genfit::Exception thrown with excString:
KalmanFitterInfo::calcAverageState: ill-conditioned covariance matrix.
in line: 149 in file: /phenix/u/phnxbld/workarea/sPHENIX_SL7.3/gcc-8.3/need_root_version/root-6.22.02/genfit/core/src/MeasuredStateOnPlane.cc
with fatal flag 0
Error in <TDecompChol::Decompose()>: matrix not positive definite
genfit::Exception thrown with excString:
KalmanFitterInfo::calcAverageState: ill-conditioned covariance matrix.
in line: 149 in file: /phenix/u/phnxbld/workarea/sPHENIX_SL7.3/gcc-8.3/need_root_version/root-6.22.02/genfit/core/src/MeasuredStateOnPlane.cc
with fatal flag 0
Error in <TDecompChol::Decompose()>: matrix not positive definite
genfit::Exception thrown with excString:
KalmanFitterInfo::calcAverageState: ill-conditioned covariance matrix.
in line: 149 in file: /phenix/u/phnxbld/workarea/sPHENIX_SL7.3/gcc-8.3/need_root_version/root-6.22.02/genfit/core/src/MeasuredStateOnPlane.cc
with fatal flag 0
Error in <TDecompChol::Decompose()>: matrix not positive definite
genfit::Exception thrown with excString:
KalmanFitterInfo::calcAverageState: ill-conditioned covariance matrix.
in line: 149 in file: /phenix/u/phnxbld/workarea/sPHENIX_SL7.3/gcc-8.3/need_root_version/root-6.22.02/genfit/core/src/MeasuredStateOnPlane.cc
with fatal flag 0
Error in <TDecompChol::Decompose()>: matrix not positive definite
genfit::Exception thrown with excString:
KalmanFitterInfo::calcAverageState: ill-conditioned covariance matrix.
in line: 149 in file: /phenix/u/phnxbld/workarea/sPHENIX_SL7.3/gcc-8.3/need_root_version/root-6.22.02/genfit/core/src/MeasuredStateOnPlane.cc
with fatal flag 0
Error in <TDecompChol::Decompose()>: matrix not positive definite
genfit::Exception thrown with excString:
KalmanFitterInfo::calcAverageState: ill-conditioned covariance matrix.
in line: 149 in file: /phenix/u/phnxbld/workarea/sPHENIX_SL7.3/gcc-8.3/need_root_version/root-6.22.02/genfit/core/src/MeasuredStateOnPlane.cc
with fatal flag 0
Error in <TDecompChol::Decompose()>: matrix not positive definite
genfit::Exception thrown with excString:
KalmanFitterInfo::calcAverageState: ill-conditioned covariance matrix.
in line: 149 in file: /phenix/u/phnxbld/workarea/sPHENIX_SL7.3/gcc-8.3/need_root_version/root-6.22.02/genfit/core/src/MeasuredStateOnPlane.cc
with fatal flag 0
Error in <TDecompChol::Decompose()>: matrix not positive definite
genfit::Exception thrown with excString:
KalmanFitterInfo::calcAverageState: ill-conditioned covariance matrix.
in line: 149 in file: /phenix/u/phnxbld/workarea/sPHENIX_SL7.3/gcc-8.3/need_root_version/root-6.22.02/genfit/core/src/MeasuredStateOnPlane.cc
with fatal flag 0
No Cluster for this leading electron

Error in <TDecompChol::Decompose()>: matrix not positive definite
Error in <TDecompChol::Decompose()>: matrix not positive definite
genfit::Exception thrown with excString:
KalmanFitterInfo::calcAverageState: ill-conditioned covariance matrix.
in line: 149 in file: /phenix/u/phnxbld/workarea/sPHENIX_SL7.3/gcc-8.3/need_root_version/root-6.22.02/genfit/core/src/MeasuredStateOnPlane.cc
with fatal flag 0
Error in <TDecompChol::Decompose()>: matrix not positive definite
Error in <TDecompChol::Decompose()>: matrix not positive definite
genfit::Exception thrown with excString:
KalmanFitterInfo::calcAverageState: ill-conditioned covariance matrix.
in line: 149 in file: /phenix/u/phnxbld/workarea/sPHENIX_SL7.3/gcc-8.3/need_root_version/root-6.22.02/genfit/core/src/MeasuredStateOnPlane.cc
with fatal flag 0
Error in <TDecompChol::Decompose()>: matrix not positive definite
genfit::Exception thrown with excString:
KalmanFitterInfo::calcAverageState: ill-conditioned covariance matrix.
in line: 149 in file: /phenix/u/phnxbld/workarea/sPHENIX_SL7.3/gcc-8.3/need_root_version/root-6.22.02/genfit/core/src/MeasuredStateOnPlane.cc
with fatal flag 0
Error in <TDecompChol::Decompose()>: matrix not positive definite
genfit::Exception thrown with excString:
KalmanFitterInfo::calcAverageState: ill-conditioned covariance matrix.
in line: 149 in file: /phenix/u/phnxbld/workarea/sPHENIX_SL7.3/gcc-8.3/need_root_version/root-6.22.02/genfit/core/src/MeasuredStateOnPlane.cc
with fatal flag 0
Error in <TDecompChol::Decompose()>: matrix not positive definite
genfit::Exception thrown with excString:
KalmanFitterInfo::calcAverageState: ill-conditioned covariance matrix.
in line: 149 in file: /phenix/u/phnxbld/workarea/sPHENIX_SL7.3/gcc-8.3/need_root_version/root-6.22.02/genfit/core/src/MeasuredStateOnPlane.cc
with fatal flag 0
Error in <TDecompChol::Decompose()>: matrix not positive definite
genfit::Exception thrown with excString:
KalmanFitterInfo::calcAverageState: ill-conditioned covariance matrix.
in line: 149 in file: /phenix/u/phnxbld/workarea/sPHENIX_SL7.3/gcc-8.3/need_root_version/root-6.22.02/genfit/core/src/MeasuredStateOnPlane.cc
with fatal flag 0
/global/project/projectdirs/alice/ftorales/Singularity/coresoftware/simulation/g4simulation/g4eval/SvtxVertexEval.cc:419: Did not find_vertexmap on node tree
No Cluster for this leading electron

=======================================================================
======       Pre-compound/De-excitation Physics Parameters     ========
=======================================================================
Type of pre-compound inverse x-section              3
Pre-compound model active                           1
Pre-compound excitation low energy (MeV)            0.1
Pre-compound excitation high energy (MeV)           30
Type of de-excitation inverse x-section             3
Type of de-excitation factory                       Evaporation+GEM
Number of de-excitation channels                    68
Min excitation energy (keV)                         0.01
Min energy per nucleon for multifragmentation (MeV) 2e+05
Limit excitation energy for Fermi BreakUp (MeV)     20
Level density (1/MeV)                               0.075
Use simple level density model                      1
Use discrete excitation energy of the residual      0
Time limit for long lived isomeres (ns)             1000
Internal e- conversion flag                         1
Store e- internal conversion data                   0
Electron internal conversion ID                     2
Correlated gamma emission flag                      0
Max 2J for sampling of angular correlations         10
Upload data before 1st event for                Z < 9
=======================================================================

-------- WWWW ------- G4Exception-START -------- WWWW -------
*** G4Exception : GeomNav1002
      issued by : G4Navigator::ComputeStep()
Stuck Track: potential geometry or navigation problem.
  Track stuck, not moving for 10 steps.
  Current  phys volume: 'HadronForwardEnvelope_0'
   - at position : (-28.77273104801366,-6.492412079722371,3210.790354157874)
     in direction: (-0.01353834173837602,-0.1015172720921984,0.994741653279852)
    (local position: (-28.77273104801366,-6.492412079722371,3210.790354157874))
    (local direction: (-0.01353834173837602,-0.1015172720921984,0.994741653279852)).
  Previous phys volume: 'P-PI-FLG-0062-2'

  Likely geometry overlap - else navigation problem !
   *** Trying to get *unstuck* using a push - expanding step to 1e-07 (mm) ...       Potential overlap in geometry !

*** This is just a warning message. ***
-------- WWWW -------- G4Exception-END --------- WWWW -------


-------- WWWW ------- G4Exception-START -------- WWWW -------
*** G4Exception : GeomNav1002
      issued by : G4Navigator::ComputeStep()
Stuck Track: potential geometry or navigation problem.
  Track stuck, not moving for 10 steps.
  Current  phys volume: 'HadronForwardEnvelope_0'
   - at position : (-28.49509888450494,-7.939414403631874,3017.991973457506)
     in direction: (-0.3183036767109908,0.6969674917687265,0.642587803191031)
    (local position: (-28.49509888450494,-7.939414403631874,3017.991973457506))
    (local direction: (-0.3183036767109908,0.6969674917687265,0.642587803191031)).
  Previous phys volume: 'P-PI-FLG-0062-2'

  Likely geometry overlap - else navigation problem !
   *** Trying to get *unstuck* using a push - expanding step to 1e-07 (mm) ...       Potential overlap in geometry !

*** This is just a warning message. ***
-------- WWWW -------- G4Exception-END --------- WWWW -------


-------- WWWW ------- G4Exception-START -------- WWWW -------
*** G4Exception : GeomNav1002
      issued by : G4Navigator::ComputeStep()
Stuck Track: potential geometry or navigation problem.
  Track stuck, not moving for 10 steps.
  Current  phys volume: 'HadronForwardEnvelope_0'
   - at position : (-27.42271809605081,-12.13402518174639,3189.847692771833)
     in direction: (-0.004186741637426175,-0.102050788935982,0.994770379370036)
    (local position: (-27.42271809605081,-12.13402518174639,3189.847692771833))
    (local direction: (-0.004186741637426175,-0.102050788935982,0.994770379370036)).
  Previous phys volume: 'P-PI-FLG-0062-2'

  Likely geometry overlap - else navigation problem !
   *** Trying to get *unstuck* using a push - expanding step to 1e-07 (mm) ...       Potential overlap in geometry !

*** This is just a warning message. ***
-------- WWWW -------- G4Exception-END --------- WWWW -------


-------- WWWW ------- G4Exception-START -------- WWWW -------
*** G4Exception : GeomNav1002
      issued by : G4Navigator::ComputeStep()
Stuck Track: potential geometry or navigation problem.
  Track stuck, not moving for 10 steps.
  Current  phys volume: 'HadronForwardEnvelope_0'
   - at position : (-28.58397358433814,-7.480884022894488,3075.294095362779)
     in direction: (-0.009445832888140786,-0.1250396223964798,0.9921067830994782)
    (local position: (-28.58397358433814,-7.480884022894488,3075.294095362779))
    (local direction: (-0.009445832888140786,-0.1250396223964798,0.9921067830994782)).
  Previous phys volume: 'P-PI-FLG-0062-2'

  Likely geometry overlap - else navigation problem !
   *** Trying to get *unstuck* using a push - expanding step to 1e-07 (mm) ...       Potential overlap in geometry !

*** This is just a warning message. ***
-------- WWWW -------- G4Exception-END --------- WWWW -------


-------- WWWW ------- G4Exception-START -------- WWWW -------
*** G4Exception : GeomNav1002
      issued by : G4Navigator::ComputeStep()
Stuck Track: potential geometry or navigation problem.
  Track stuck, not moving for 10 steps.
  Current  phys volume: 'HadronForwardEnvelope_0'
   - at position : (-27.13575399912104,-12.73579601893043,2812.535861022259)
     in direction: (-0.07685905281257709,-0.6827035199001334,-0.726641995701268)
    (local position: (-27.13575399912104,-12.73579601893043,2812.535861022259))
    (local direction: (-0.07685905281257709,-0.6827035199001334,-0.726641995701268)).
  Previous phys volume: 'P-PI-FLG-0062-2'

  Likely geometry overlap - else navigation problem !
   *** Trying to get *unstuck* using a push - expanding step to 1e-07 (mm) ...       Potential overlap in geometry !

*** This is just a warning message. ***
-------- WWWW -------- G4Exception-END --------- WWWW -------


-------- WWWW ------- G4Exception-START -------- WWWW -------
*** G4Exception : GeomNav1002
      issued by : G4Navigator::ComputeStep()
Stuck Track: potential geometry or navigation problem.
  Track stuck, not moving for 10 steps.
  Current  phys volume: 'HadronForwardEnvelope_0'
   - at position : (-27.81652355652956,-11.06694110063036,2782.873990962293)
     in direction: (-0.09409236906067928,-0.6662775239949275,0.7397437982867701)
    (local position: (-27.81652355652956,-11.06694110063036,2782.873990962293))
    (local direction: (-0.09409236906067928,-0.6662775239949275,0.7397437982867701)).
  Previous phys volume: 'P-PI-FLG-0062-2'

  Likely geometry overlap - else navigation problem !
   *** Trying to get *unstuck* using a push - expanding step to 1e-07 (mm) ...       Potential overlap in geometry !

*** This is just a warning message. ***
-------- WWWW -------- G4Exception-END --------- WWWW -------


-------- WWWW ------- G4Exception-START -------- WWWW -------
*** G4Exception : GeomNav1002
      issued by : G4Navigator::ComputeStep()
Stuck Track: potential geometry or navigation problem.
  Track stuck, not moving for 10 steps.
  Current  phys volume: 'HadronForwardEnvelope_0'
   - at position : (-26.51281818023813,-13.49983677684384,3378.49759240949)
     in direction: (-0.9103935092338619,-0.1795982073052445,0.3727306564767605)
    (local position: (-26.51281818023813,-13.49983677684384,3378.49759240949))
    (local direction: (-0.9103935092338619,-0.1795982073052445,0.3727306564767605)).
  Previous phys volume: 'P-PI-FLG-0062-2'

  Likely geometry overlap - else navigation problem !
   *** Trying to get *unstuck* using a push - expanding step to 1e-07 (mm) ...       Potential overlap in geometry !

*** This is just a warning message. ***
-------- WWWW -------- G4Exception-END --------- WWWW -------


-------- WWWW ------- G4Exception-START -------- WWWW -------
*** G4Exception : GeomNav1002
      issued by : G4Navigator::ComputeStep()
Stuck Track: potential geometry or navigation problem.
  Track stuck, not moving for 10 steps.
  Current  phys volume: 'HadronForwardEnvelope_0'
   - at position : (-27.02200837932225,-12.8110371640319,3205.637492673879)
     in direction: (-0.00928178684267633,-0.1271553329588107,0.9918393870648315)
    (local position: (-27.02200837932225,-12.8110371640319,3205.637492673879))
    (local direction: (-0.00928178684267633,-0.1271553329588107,0.9918393870648315)).
  Previous phys volume: 'P-PI-FLG-0062-2'

  Likely geometry overlap - else navigation problem !
   *** Trying to get *unstuck* using a push - expanding step to 1e-07 (mm) ...       Potential overlap in geometry !

*** This is just a warning message. ***
-------- WWWW -------- G4Exception-END --------- WWWW -------


-------- WWWW ------- G4Exception-START -------- WWWW -------
*** G4Exception : GeomNav1002
      issued by : G4Navigator::ComputeStep()
Stuck Track: potential geometry or navigation problem.
  Track stuck, not moving for 10 steps.
  Current  phys volume: 'HadronForwardEnvelope_0'
   - at position : (-25.9401792941042,-14.52425740799082,2852.5742820486)
     in direction: (-0.7126904558970359,-0.5986261263561894,0.3656761886109881)
    (local position: (-25.9401792941042,-14.52425740799082,2852.5742820486))
    (local direction: (-0.7126904558970359,-0.5986261263561894,0.3656761886109881)).
  Previous phys volume: 'P-PI-FLG-0062-2'

  Likely geometry overlap - else navigation problem !
   *** Trying to get *unstuck* using a push - expanding step to 1e-07 (mm) ...       Potential overlap in geometry !

*** This is just a warning message. ***
-------- WWWW -------- G4Exception-END --------- WWWW -------


-------- WWWW ------- G4Exception-START -------- WWWW -------
*** G4Exception : GeomNav1002
      issued by : G4Navigator::ComputeStep()
Stuck Track: potential geometry or navigation problem.
  Track stuck, not moving for 10 steps.
  Current  phys volume: 'HadronForwardEnvelope_0'
   - at position : (-27.41445909269888,-12.1167082437044,2872.100538425506)
     in direction: (-0.0352625157201869,-0.3431008467054425,0.9386364386572108)
    (local position: (-27.41445909269888,-12.1167082437044,2872.100538425506))
    (local direction: (-0.0352625157201869,-0.3431008467054425,0.9386364386572108)).
  Previous phys volume: 'P-PI-FLG-0062-2'

  Likely geometry overlap - else navigation problem !
   *** Trying to get *unstuck* using a push - expanding step to 1e-07 (mm) ...       Potential overlap in geometry !

*** This is just a warning message. ***
-------- WWWW -------- G4Exception-END --------- WWWW -------

/global/project/projectdirs/alice/ftorales/Singularity/coresoftware/simulation/g4simulation/g4eval/SvtxVertexEval.cc:419: Did not find_vertexmap on node tree

-------- WWWW ------- G4Exception-START -------- WWWW -------
*** G4Exception : GeomNav1002
      issued by : G4Navigator::ComputeStep()
Stuck Track: potential geometry or navigation problem.
  Track stuck, not moving for 10 steps.
  Current  phys volume: 'HadronForwardEnvelope_0'
   - at position : (-25.25116756605053,-15.46436975125551,3062.761294681649)
     in direction: (-0.9887326304509441,-0.01139714670324307,0.1492577988869654)
    (local position: (-25.25116756605053,-15.46436975125551,3062.761294681649))
    (local direction: (-0.9887326304509441,-0.01139714670324307,0.1492577988869654)).
  Previous phys volume: 'P-PI-FLG-0062-2'

  Likely geometry overlap - else navigation problem !
   *** Trying to get *unstuck* using a push - expanding step to 1e-07 (mm) ...       Potential overlap in geometry !

*** This is just a warning message. ***
-------- WWWW -------- G4Exception-END --------- WWWW -------


-------- WWWW ------- G4Exception-START -------- WWWW -------
*** G4Exception : GeomNav1002
      issued by : G4Navigator::ComputeStep()
Stuck Track: potential geometry or navigation problem.
  Track stuck, not moving for 10 steps.
  Current  phys volume: 'HadronForwardEnvelope_0'
   - at position : (-26.14619610518622,-14.18564866385661,2955.482052953932)
     in direction: (-0.9413593503302891,-0.3256142832429239,0.08841895777452577)
    (local position: (-26.14619610518622,-14.18564866385661,2955.482052953932))
    (local direction: (-0.9413593503302891,-0.3256142832429239,0.08841895777452577)).
  Previous phys volume: 'P-PI-FLG-0062-2'

  Likely geometry overlap - else navigation problem !
   *** Trying to get *unstuck* using a push - expanding step to 1e-07 (mm) ...       Potential overlap in geometry !

*** This is just a warning message. ***
-------- WWWW -------- G4Exception-END --------- WWWW -------

Error in <TDecompChol::Decompose()>: matrix not positive definite
genfit::Exception thrown with excString:
KalmanFitterInfo::calcAverageState: ill-conditioned covariance matrix.
in line: 149 in file: /phenix/u/phnxbld/workarea/sPHENIX_SL7.3/gcc-8.3/need_root_version/root-6.22.02/genfit/core/src/MeasuredStateOnPlane.cc
with fatal flag 0
Error in <TDecompChol::Decompose()>: matrix not positive definite
genfit::Exception thrown with excString:
KalmanFitterInfo::calcAverageState: ill-conditioned covariance matrix.
in line: 149 in file: /phenix/u/phnxbld/workarea/sPHENIX_SL7.3/gcc-8.3/need_root_version/root-6.22.02/genfit/core/src/MeasuredStateOnPlane.cc
with fatal flag 0
Error in <TDecompChol::Decompose()>: matrix not positive definite
genfit::Exception thrown with excString:
KalmanFitterInfo::calcAverageState: ill-conditioned covariance matrix.
in line: 149 in file: /phenix/u/phnxbld/workarea/sPHENIX_SL7.3/gcc-8.3/need_root_version/root-6.22.02/genfit/core/src/MeasuredStateOnPlane.cc
with fatal flag 0
/global/project/projectdirs/alice/ftorales/Singularity/coresoftware/simulation/g4simulation/g4eval/SvtxVertexEval.cc:419: Did not find_vertexmap on node tree
Error in <TDecompChol::Decompose()>: matrix not positive definite
genfit::Exception thrown with excString:
KalmanFitterInfo::calcAverageState: ill-conditioned covariance matrix.
in line: 149 in file: /phenix/u/phnxbld/workarea/sPHENIX_SL7.3/gcc-8.3/need_root_version/root-6.22.02/genfit/core/src/MeasuredStateOnPlane.cc
with fatal flag 0
Error in <TDecompChol::Decompose()>: matrix not positive definite
genfit::Exception thrown with excString:
KalmanFitterInfo::calcAverageState: ill-conditioned covariance matrix.
in line: 149 in file: /phenix/u/phnxbld/workarea/sPHENIX_SL7.3/gcc-8.3/need_root_version/root-6.22.02/genfit/core/src/MeasuredStateOnPlane.cc
with fatal flag 0
Error in <TDecompChol::Decompose()>: matrix not positive definite
genfit::Exception thrown with excString:
KalmanFitterInfo::calcAverageState: ill-conditioned covariance matrix.
in line: 149 in file: /phenix/u/phnxbld/workarea/sPHENIX_SL7.3/gcc-8.3/need_root_version/root-6.22.02/genfit/core/src/MeasuredStateOnPlane.cc
with fatal flag 0
Error in <TDecompChol::Decompose()>: matrix not positive definite
genfit::Exception thrown with excString:
KalmanFitterInfo::calcAverageState: ill-conditioned covariance matrix.
in line: 149 in file: /phenix/u/phnxbld/workarea/sPHENIX_SL7.3/gcc-8.3/need_root_version/root-6.22.02/genfit/core/src/MeasuredStateOnPlane.cc
with fatal flag 0
/global/project/projectdirs/alice/ftorales/Singularity/coresoftware/simulation/g4simulation/g4eval/SvtxVertexEval.cc:419: Did not find_vertexmap on node tree
No Cluster for this leading electron


-------- WWWW ------- G4Exception-START -------- WWWW -------
*** G4Exception : GeomNav1002
      issued by : G4Navigator::ComputeStep()
Stuck Track: potential geometry or navigation problem.
  Track stuck, not moving for 10 steps.
  Current  phys volume: 'HadronForwardEnvelope_0'
   - at position : (-27.49655964804125,-11.94720776543741,3024.302981394289)
     in direction: (-0.773141813157058,-0.5602568467595869,0.2972608322790301)
    (local position: (-27.49655964804125,-11.94720776543741,3024.302981394289))
    (local direction: (-0.773141813157058,-0.5602568467595869,0.2972608322790301)).
  Previous phys volume: 'P-PI-FLG-0062-2'

  Likely geometry overlap - else navigation problem !
   *** Trying to get *unstuck* using a push - expanding step to 1e-07 (mm) ...       Potential overlap in geometry !

*** This is just a warning message. ***
-------- WWWW -------- G4Exception-END --------- WWWW -------


-------- WWWW ------- G4Exception-START -------- WWWW -------
*** G4Exception : GeomNav1002
      issued by : G4Navigator::ComputeStep()
Stuck Track: potential geometry or navigation problem.
  Track stuck, not moving for 10 steps.
  Current  phys volume: 'HadronForwardEnvelope_0'
   - at position : (-26.68706647455264,-13.40973573024185,2857.584204746111)
     in direction: (-0.94582130927638,-0.303695563405293,-0.114852321207087)
    (local position: (-26.68706647455264,-13.40973573024185,2857.584204746111))
    (local direction: (-0.94582130927638,-0.303695563405293,-0.114852321207087)).
  Previous phys volume: 'P-PI-FLG-0062-2'

  Likely geometry overlap - else navigation problem !
   *** Trying to get *unstuck* using a push - expanding step to 1e-07 (mm) ...       Potential overlap in geometry !

*** This is just a warning message. ***
-------- WWWW -------- G4Exception-END --------- WWWW -------


-------- WWWW ------- G4Exception-START -------- WWWW -------
*** G4Exception : GeomNav1002
      issued by : G4Navigator::ComputeStep()
Stuck Track: potential geometry or navigation problem.
  Track stuck, not moving for 10 steps.
  Current  phys volume: 'HadronForwardEnvelope_0'
   - at position : (-27.10954223272222,-12.63777809408212,3334.420020090628)
     in direction: (-0.1745293230690911,-0.926654784053299,0.3329420769145568)
    (local position: (-27.10954223272222,-12.63777809408212,3334.420020090628))
    (local direction: (-0.1745293230690911,-0.926654784053299,0.3329420769145568)).
  Previous phys volume: 'P-PI-FLG-0062-2'

  Likely geometry overlap - else navigation problem !
   *** Trying to get *unstuck* using a push - expanding step to 1e-07 (mm) ...       Potential overlap in geometry !

*** This is just a warning message. ***
-------- WWWW -------- G4Exception-END --------- WWWW -------


-------- WWWW ------- G4Exception-START -------- WWWW -------
*** G4Exception : GeomNav1002
      issued by : G4Navigator::ComputeStep()
Stuck Track: potential geometry or navigation problem.
  Track stuck, not moving for 10 steps.
  Current  phys volume: 'HadronForwardEnvelope_0'
   - at position : (-28.70002542399691,-6.732749743140564,3291.098502038522)
     in direction: (-0.05409341290178077,-0.9847884452607951,0.1651230473358079)
    (local position: (-28.70002542399691,-6.732749743140564,3291.098502038522))
    (local direction: (-0.05409341290178077,-0.9847884452607951,0.1651230473358079)).
  Previous phys volume: 'P-PI-FLG-0062-2'

  Likely geometry overlap - else navigation problem !
   *** Trying to get *unstuck* using a push - expanding step to 1e-07 (mm) ...       Potential overlap in geometry !

*** This is just a warning message. ***
-------- WWWW -------- G4Exception-END --------- WWWW -------

Error in <TDecompChol::Decompose()>: matrix not positive definite
genfit::Exception thrown with excString:
KalmanFitterInfo::calcAverageState: ill-conditioned covariance matrix.
in line: 149 in file: /phenix/u/phnxbld/workarea/sPHENIX_SL7.3/gcc-8.3/need_root_version/root-6.22.02/genfit/core/src/MeasuredStateOnPlane.cc
with fatal flag 0
Error in <TDecompChol::Decompose()>: matrix not positive definite
genfit::Exception thrown with excString:
KalmanFitterInfo::calcAverageState: ill-conditioned covariance matrix.
in line: 149 in file: /phenix/u/phnxbld/workarea/sPHENIX_SL7.3/gcc-8.3/need_root_version/root-6.22.02/genfit/core/src/MeasuredStateOnPlane.cc
with fatal flag 0
Error in <TDecompChol::Decompose()>: matrix not positive definite
Error in <TDecompChol::Decompose()>: matrix not positive definite
genfit::Exception thrown with excString:
KalmanFitterInfo::calcAverageState: ill-conditioned covariance matrix.
in line: 149 in file: /phenix/u/phnxbld/workarea/sPHENIX_SL7.3/gcc-8.3/need_root_version/root-6.22.02/genfit/core/src/MeasuredStateOnPlane.cc
with fatal flag 0
Error in <TDecompChol::Decompose()>: matrix not positive definite
Error in <TDecompChol::Decompose()>: matrix not positive definite
genfit::Exception thrown with excString:
KalmanFitterInfo::calcAverageState: ill-conditioned covariance matrix.
in line: 149 in file: /phenix/u/phnxbld/workarea/sPHENIX_SL7.3/gcc-8.3/need_root_version/root-6.22.02/genfit/core/src/MeasuredStateOnPlane.cc
with fatal flag 0
Error in <TDecompChol::Decompose()>: matrix not positive definite
Error in <TDecompChol::Decompose()>: matrix not positive definite
genfit::Exception thrown with excString:
KalmanFitterInfo::calcAverageState: ill-conditioned covariance matrix.
in line: 149 in file: /phenix/u/phnxbld/workarea/sPHENIX_SL7.3/gcc-8.3/need_root_version/root-6.22.02/genfit/core/src/MeasuredStateOnPlane.cc
with fatal flag 0
/global/project/projectdirs/alice/ftorales/Singularity/coresoftware/simulation/g4simulation/g4eval/SvtxVertexEval.cc:419: Did not find_vertexmap on node tree

-------- WWWW ------- G4Exception-START -------- WWWW -------
*** G4Exception : GeomNav1002
      issued by : G4Navigator::ComputeStep()
Stuck Track: potential geometry or navigation problem.
  Track stuck, not moving for 10 steps.
  Current  phys volume: 'HadronForwardEnvelope_0'
   - at position : (-27.59619058417932,-11.53228391611826,3424.461727897586)
     in direction: (-0.4545005746085391,-0.4681811891614405,-0.7577833475313951)
    (local position: (-27.59619058417932,-11.53228391611826,3424.461727897586))
    (local direction: (-0.4545005746085391,-0.4681811891614405,-0.7577833475313951)).
  Previous phys volume: 'P-PI-FLG-0062-2'

  Likely geometry overlap - else navigation problem !
   *** Trying to get *unstuck* using a push - expanding step to 1e-07 (mm) ...       Potential overlap in geometry !

*** This is just a warning message. ***
-------- WWWW -------- G4Exception-END --------- WWWW -------

/global/project/projectdirs/alice/ftorales/Singularity/coresoftware/simulation/g4simulation/g4eval/SvtxVertexEval.cc:419: Did not find_vertexmap on node tree
/global/project/projectdirs/alice/ftorales/Singularity/coresoftware/simulation/g4simulation/g4eval/SvtxVertexEval.cc:419: Did not find_vertexmap on node tree

-------- WWWW ------- G4Exception-START -------- WWWW -------
*** G4Exception : GeomNav1002
      issued by : G4Navigator::ComputeStep()
Stuck Track: potential geometry or navigation problem.
  Track stuck, not moving for 10 steps.
  Current  phys volume: 'HadronForwardEnvelope_0'
   - at position : (-28.10836676587597,-9.481262568350232,3196.537360661714)
     in direction: (-0.3251621180577158,0.9453195808381079,-0.02530784590366662)
    (local position: (-28.10836676587597,-9.481262568350232,3196.537360661714))
    (local direction: (-0.3251621180577158,0.9453195808381079,-0.02530784590366662)).
  Previous phys volume: 'P-PI-FLG-0062-2'

  Likely geometry overlap - else navigation problem !
   *** Trying to get *unstuck* using a push - expanding step to 1e-07 (mm) ...       Potential overlap in geometry !

*** This is just a warning message. ***
-------- WWWW -------- G4Exception-END --------- WWWW -------

/global/project/projectdirs/alice/ftorales/Singularity/coresoftware/simulation/g4simulation/g4eval/SvtxVertexEval.cc:419: Did not find_vertexmap on node tree

-------- WWWW ------- G4Exception-START -------- WWWW -------
*** G4Exception : GeomNav1002
      issued by : G4Navigator::ComputeStep()
Stuck Track: potential geometry or navigation problem.
  Track stuck, not moving for 10 steps.
  Current  phys volume: 'HadronForwardEnvelope_0'
   - at position : (-25.99662433894002,-14.35802943506721,3092.47273521328)
     in direction: (0.1372516620974568,-0.5763402915756871,0.8056015451561261)
    (local position: (-25.99662433894002,-14.35802943506721,3092.47273521328))
    (local direction: (0.1372516620974568,-0.5763402915756871,0.8056015451561261)).
  Previous phys volume: 'P-PI-FLG-0062-2'

  Likely geometry overlap - else navigation problem !
   *** Trying to get *unstuck* using a push - expanding step to 1e-07 (mm) ...       Potential overlap in geometry !

*** This is just a warning message. ***
-------- WWWW -------- G4Exception-END --------- WWWW -------


-------- WWWW ------- G4Exception-START -------- WWWW -------
*** G4Exception : GeomNav1002
      issued by : G4Navigator::ComputeStep()
Stuck Track: potential geometry or navigation problem.
  Track stuck, not moving for 10 steps.
  Current  phys volume: 'HadronForwardEnvelope_0'
   - at position : (-25.76280968243061,-14.64722923813837,3249.758271409154)
     in direction: (0.007687065446599928,-0.07794014235213399,0.9969284042673018)
    (local position: (-25.76280968243061,-14.64722923813837,3249.758271409154))
    (local direction: (0.007687065446599928,-0.07794014235213399,0.9969284042673018)).
  Previous phys volume: 'P-PI-FLG-0062-2'

  Likely geometry overlap - else navigation problem !
   *** Trying to get *unstuck* using a push - expanding step to 1e-07 (mm) ...       Potential overlap in geometry !

*** This is just a warning message. ***
-------- WWWW -------- G4Exception-END --------- WWWW -------

Error in <TDecompChol::Decompose()>: matrix not positive definite
genfit::Exception thrown with excString:
KalmanFitterInfo::calcAverageState: ill-conditioned covariance matrix.
in line: 149 in file: /phenix/u/phnxbld/workarea/sPHENIX_SL7.3/gcc-8.3/need_root_version/root-6.22.02/genfit/core/src/MeasuredStateOnPlane.cc
with fatal flag 0
Error in <TDecompChol::Decompose()>: matrix not positive definite
genfit::Exception thrown with excString:
KalmanFitterInfo::calcAverageState: ill-conditioned covariance matrix.
in line: 149 in file: /phenix/u/phnxbld/workarea/sPHENIX_SL7.3/gcc-8.3/need_root_version/root-6.22.02/genfit/core/src/MeasuredStateOnPlane.cc
with fatal flag 0
Error in <TDecompChol::Decompose()>: matrix not positive definite
genfit::Exception thrown with excString:
KalmanFitterInfo::calcAverageState: ill-conditioned covariance matrix.
in line: 149 in file: /phenix/u/phnxbld/workarea/sPHENIX_SL7.3/gcc-8.3/need_root_version/root-6.22.02/genfit/core/src/MeasuredStateOnPlane.cc
with fatal flag 0
Error in <TDecompChol::Decompose()>: matrix not positive definite
genfit::Exception thrown with excString:
KalmanFitterInfo::calcAverageState: ill-conditioned covariance matrix.
in line: 149 in file: /phenix/u/phnxbld/workarea/sPHENIX_SL7.3/gcc-8.3/need_root_version/root-6.22.02/genfit/core/src/MeasuredStateOnPlane.cc
with fatal flag 0
/global/project/projectdirs/alice/ftorales/Singularity/coresoftware/simulation/g4simulation/g4eval/SvtxVertexEval.cc:419: Did not find_vertexmap on node tree

-------- WWWW ------- G4Exception-START -------- WWWW -------
*** G4Exception : GeomNav1002
      issued by : G4Navigator::ComputeStep()
Stuck Track: potential geometry or navigation problem.
  Track stuck, not moving for 10 steps.
  Current  phys volume: 'HadronForwardEnvelope_0'
   - at position : (-27.70252738458531,-11.38066268250697,2162.576170881593)
     in direction: (-0.3690041043332237,0.2311165831692704,0.9002339118081462)
    (local position: (-27.70252738458531,-11.38066268250697,2162.576170881593))
    (local direction: (-0.3690041043332237,0.2311165831692704,0.9002339118081462)).
  Previous phys volume: 'P-PI-FLG-0062-2'

  Likely geometry overlap - else navigation problem !
   *** Trying to get *unstuck* using a push - expanding step to 1e-07 (mm) ...       Potential overlap in geometry !

*** This is just a warning message. ***
-------- WWWW -------- G4Exception-END --------- WWWW -------


-------- WWWW ------- G4Exception-START -------- WWWW -------
*** G4Exception : GeomNav1002
      issued by : G4Navigator::ComputeStep()
Stuck Track: potential geometry or navigation problem.
  Track stuck, not moving for 10 steps.
  Current  phys volume: 'HadronForwardEnvelope_0'
   - at position : (-27.87353708224046,-10.98896431967253,2139.567439794551)
     in direction: (-0.7920570086604624,0.4977689259663932,0.3533720296997255)
    (local position: (-27.87353708224046,-10.98896431967253,2139.567439794551))
    (local direction: (-0.7920570086604624,0.4977689259663932,0.3533720296997255)).
  Previous phys volume: 'P-PI-FLG-0062-2'

  Likely geometry overlap - else navigation problem !
   *** Trying to get *unstuck* using a push - expanding step to 1e-07 (mm) ...       Potential overlap in geometry !

*** This is just a warning message. ***
-------- WWWW -------- G4Exception-END --------- WWWW -------

/global/project/projectdirs/alice/ftorales/Singularity/coresoftware/simulation/g4simulation/g4eval/SvtxVertexEval.cc:419: Did not find_vertexmap on node tree
No Cluster for this leading electron

Error in <TDecompChol::Decompose()>: matrix not positive definite
genfit::Exception thrown with excString:
KalmanFitterInfo::calcAverageState: ill-conditioned covariance matrix.
in line: 149 in file: /phenix/u/phnxbld/workarea/sPHENIX_SL7.3/gcc-8.3/need_root_version/root-6.22.02/genfit/core/src/MeasuredStateOnPlane.cc
with fatal flag 0
Error in <TDecompChol::Decompose()>: matrix not positive definite
genfit::Exception thrown with excString:
KalmanFitterInfo::calcAverageState: ill-conditioned covariance matrix.
in line: 149 in file: /phenix/u/phnxbld/workarea/sPHENIX_SL7.3/gcc-8.3/need_root_version/root-6.22.02/genfit/core/src/MeasuredStateOnPlane.cc
with fatal flag 0
Error in <TDecompChol::Decompose()>: matrix not positive definite
genfit::Exception thrown with excString:
KalmanFitterInfo::calcAverageState: ill-conditioned covariance matrix.
in line: 149 in file: /phenix/u/phnxbld/workarea/sPHENIX_SL7.3/gcc-8.3/need_root_version/root-6.22.02/genfit/core/src/MeasuredStateOnPlane.cc
with fatal flag 0
Error in <TDecompChol::Decompose()>: matrix not positive definite
genfit::Exception thrown with excString:
KalmanFitterInfo::calcAverageState: ill-conditioned covariance matrix.
in line: 149 in file: /phenix/u/phnxbld/workarea/sPHENIX_SL7.3/gcc-8.3/need_root_version/root-6.22.02/genfit/core/src/MeasuredStateOnPlane.cc
with fatal flag 0
/global/project/projectdirs/alice/ftorales/Singularity/coresoftware/simulation/g4simulation/g4eval/SvtxVertexEval.cc:419: Did not find_vertexmap on node tree

-------- WWWW ------- G4Exception-START -------- WWWW -------
*** G4Exception : GeomNav1002
      issued by : G4Navigator::ComputeStep()
Stuck Track: potential geometry or navigation problem.
  Track stuck, not moving for 10 steps.
  Current  phys volume: 'HadronForwardEnvelope_0'
   - at position : (-27.98048488269432,-10.4149853087751,2793.119500457569)
     in direction: (-0.06421502207860327,-0.7648962947617848,0.6409446849761193)
    (local position: (-27.98048488269432,-10.4149853087751,2793.119500457569))
    (local direction: (-0.06421502207860327,-0.7648962947617848,0.6409446849761193)).
  Previous phys volume: 'P-PI-FLG-0062-2'

  Likely geometry overlap - else navigation problem !
   *** Trying to get *unstuck* using a push - expanding step to 1e-07 (mm) ...       Potential overlap in geometry !

*** This is just a warning message. ***
-------- WWWW -------- G4Exception-END --------- WWWW -------

Error in <TDecompChol::Decompose()>: matrix not positive definite
genfit::Exception thrown with excString:
KalmanFitterInfo::calcAverageState: ill-conditioned covariance matrix.
in line: 149 in file: /phenix/u/phnxbld/workarea/sPHENIX_SL7.3/gcc-8.3/need_root_version/root-6.22.02/genfit/core/src/MeasuredStateOnPlane.cc
with fatal flag 0
Error in <TDecompChol::Decompose()>: matrix not positive definite
genfit::Exception thrown with excString:
KalmanFitterInfo::calcAverageState: ill-conditioned covariance matrix.
in line: 149 in file: /phenix/u/phnxbld/workarea/sPHENIX_SL7.3/gcc-8.3/need_root_version/root-6.22.02/genfit/core/src/MeasuredStateOnPlane.cc
with fatal flag 0
Error in <TDecompChol::Decompose()>: matrix not positive definite
genfit::Exception thrown with excString:
KalmanFitterInfo::calcAverageState: ill-conditioned covariance matrix.
in line: 149 in file: /phenix/u/phnxbld/workarea/sPHENIX_SL7.3/gcc-8.3/need_root_version/root-6.22.02/genfit/core/src/MeasuredStateOnPlane.cc
with fatal flag 0
Error in <TDecompChol::Decompose()>: matrix not positive definite
genfit::Exception thrown with excString:
KalmanFitterInfo::calcAverageState: ill-conditioned covariance matrix.
in line: 149 in file: /phenix/u/phnxbld/workarea/sPHENIX_SL7.3/gcc-8.3/need_root_version/root-6.22.02/genfit/core/src/MeasuredStateOnPlane.cc
with fatal flag 0
Error in <TDecompChol::Decompose()>: matrix not positive definite
genfit::Exception thrown with excString:
KalmanFitterInfo::calcAverageState: ill-conditioned covariance matrix.
in line: 149 in file: /phenix/u/phnxbld/workarea/sPHENIX_SL7.3/gcc-8.3/need_root_version/root-6.22.02/genfit/core/src/MeasuredStateOnPlane.cc
with fatal flag 0
Error in <TDecompChol::Decompose()>: matrix not positive definite
genfit::Exception thrown with excString:
KalmanFitterInfo::calcAverageState: ill-conditioned covariance matrix.
in line: 149 in file: /phenix/u/phnxbld/workarea/sPHENIX_SL7.3/gcc-8.3/need_root_version/root-6.22.02/genfit/core/src/MeasuredStateOnPlane.cc
with fatal flag 0
Error in <TDecompChol::Decompose()>: matrix not positive definite
genfit::Exception thrown with excString:
KalmanFitterInfo::calcAverageState: ill-conditioned covariance matrix.
in line: 149 in file: /phenix/u/phnxbld/workarea/sPHENIX_SL7.3/gcc-8.3/need_root_version/root-6.22.02/genfit/core/src/MeasuredStateOnPlane.cc
with fatal flag 0
Error in <TDecompChol::Decompose()>: matrix not positive definite
genfit::Exception thrown with excString:
KalmanFitterInfo::calcAverageState: ill-conditioned covariance matrix.
in line: 149 in file: /phenix/u/phnxbld/workarea/sPHENIX_SL7.3/gcc-8.3/need_root_version/root-6.22.02/genfit/core/src/MeasuredStateOnPlane.cc
with fatal flag 0
Error in <TDecompChol::Decompose()>: matrix not positive definite
genfit::Exception thrown with excString:
KalmanFitterInfo::calcAverageState: ill-conditioned covariance matrix.
in line: 149 in file: /phenix/u/phnxbld/workarea/sPHENIX_SL7.3/gcc-8.3/need_root_version/root-6.22.02/genfit/core/src/MeasuredStateOnPlane.cc
with fatal flag 0
Error in <TDecompChol::Decompose()>: matrix not positive definite
genfit::Exception thrown with excString:
KalmanFitterInfo::calcAverageState: ill-conditioned covariance matrix.
in line: 149 in file: /phenix/u/phnxbld/workarea/sPHENIX_SL7.3/gcc-8.3/need_root_version/root-6.22.02/genfit/core/src/MeasuredStateOnPlane.cc
with fatal flag 0
Error in <TDecompChol::Decompose()>: matrix not positive definite
genfit::Exception thrown with excString:
KalmanFitterInfo::calcAverageState: ill-conditioned covariance matrix.
in line: 149 in file: /phenix/u/phnxbld/workarea/sPHENIX_SL7.3/gcc-8.3/need_root_version/root-6.22.02/genfit/core/src/MeasuredStateOnPlane.cc
with fatal flag 0
Error in <TDecompChol::Decompose()>: matrix not positive definite
genfit::Exception thrown with excString:
KalmanFitterInfo::calcAverageState: ill-conditioned covariance matrix.
in line: 149 in file: /phenix/u/phnxbld/workarea/sPHENIX_SL7.3/gcc-8.3/need_root_version/root-6.22.02/genfit/core/src/MeasuredStateOnPlane.cc
with fatal flag 0
/global/project/projectdirs/alice/ftorales/Singularity/coresoftware/simulation/g4simulation/g4eval/SvtxVertexEval.cc:419: Did not find_vertexmap on node tree
No Cluster for this leading electron

Error in <TDecompChol::Decompose()>: matrix not positive definite
genfit::Exception thrown with excString:
KalmanFitterInfo::calcAverageState: ill-conditioned covariance matrix.
in line: 149 in file: /phenix/u/phnxbld/workarea/sPHENIX_SL7.3/gcc-8.3/need_root_version/root-6.22.02/genfit/core/src/MeasuredStateOnPlane.cc
with fatal flag 0
Error in <TDecompChol::Decompose()>: matrix not positive definite
genfit::Exception thrown with excString:
KalmanFitterInfo::calcAverageState: ill-conditioned covariance matrix.
in line: 149 in file: /phenix/u/phnxbld/workarea/sPHENIX_SL7.3/gcc-8.3/need_root_version/root-6.22.02/genfit/core/src/MeasuredStateOnPlane.cc
with fatal flag 0
Error in <TDecompChol::Decompose()>: matrix not positive definite
genfit::Exception thrown with excString:
KalmanFitterInfo::calcAverageState: ill-conditioned covariance matrix.
in line: 149 in file: /phenix/u/phnxbld/workarea/sPHENIX_SL7.3/gcc-8.3/need_root_version/root-6.22.02/genfit/core/src/MeasuredStateOnPlane.cc
with fatal flag 0
Error in <TDecompChol::Decompose()>: matrix not positive definite
genfit::Exception thrown with excString:
KalmanFitterInfo::calcAverageState: ill-conditioned covariance matrix.
in line: 149 in file: /phenix/u/phnxbld/workarea/sPHENIX_SL7.3/gcc-8.3/need_root_version/root-6.22.02/genfit/core/src/MeasuredStateOnPlane.cc
with fatal flag 0
Error in <TDecompChol::Decompose()>: matrix not positive definite
genfit::Exception thrown with excString:
KalmanFitterInfo::calcAverageState: ill-conditioned covariance matrix.
in line: 149 in file: /phenix/u/phnxbld/workarea/sPHENIX_SL7.3/gcc-8.3/need_root_version/root-6.22.02/genfit/core/src/MeasuredStateOnPlane.cc
with fatal flag 0
Error in <TDecompChol::Decompose()>: matrix not positive definite
genfit::Exception thrown with excString:
KalmanFitterInfo::calcAverageState: ill-conditioned covariance matrix.
in line: 149 in file: /phenix/u/phnxbld/workarea/sPHENIX_SL7.3/gcc-8.3/need_root_version/root-6.22.02/genfit/core/src/MeasuredStateOnPlane.cc
with fatal flag 0
Error in <TDecompChol::Decompose()>: matrix not positive definite
genfit::Exception thrown with excString:
KalmanFitterInfo::calcAverageState: ill-conditioned covariance matrix.
in line: 149 in file: /phenix/u/phnxbld/workarea/sPHENIX_SL7.3/gcc-8.3/need_root_version/root-6.22.02/genfit/core/src/MeasuredStateOnPlane.cc
with fatal flag 0
Error in <TDecompChol::Decompose()>: matrix not positive definite
genfit::Exception thrown with excString:
KalmanFitterInfo::calcAverageState: ill-conditioned covariance matrix.
in line: 149 in file: /phenix/u/phnxbld/workarea/sPHENIX_SL7.3/gcc-8.3/need_root_version/root-6.22.02/genfit/core/src/MeasuredStateOnPlane.cc
with fatal flag 0
Error in <TDecompChol::Decompose()>: matrix not positive definite
genfit::Exception thrown with excString:
KalmanFitterInfo::calcAverageState: ill-conditioned covariance matrix.
in line: 149 in file: /phenix/u/phnxbld/workarea/sPHENIX_SL7.3/gcc-8.3/need_root_version/root-6.22.02/genfit/core/src/MeasuredStateOnPlane.cc
with fatal flag 0
Error in <TDecompChol::Decompose()>: matrix not positive definite
Error in <TDecompChol::Decompose()>: matrix not positive definite
genfit::Exception thrown with excString:
KalmanFitterInfo::calcAverageState: ill-conditioned covariance matrix.
in line: 149 in file: /phenix/u/phnxbld/workarea/sPHENIX_SL7.3/gcc-8.3/need_root_version/root-6.22.02/genfit/core/src/MeasuredStateOnPlane.cc
with fatal flag 0
Error in <TDecompChol::Decompose()>: matrix not positive definite
Error in <TDecompChol::Decompose()>: matrix not positive definite
genfit::Exception thrown with excString:
KalmanFitterInfo::calcAverageState: ill-conditioned covariance matrix.
in line: 149 in file: /phenix/u/phnxbld/workarea/sPHENIX_SL7.3/gcc-8.3/need_root_version/root-6.22.02/genfit/core/src/MeasuredStateOnPlane.cc
with fatal flag 0
Error in <TDecompChol::Decompose()>: matrix not positive definite
genfit::Exception thrown with excString:
KalmanFitterInfo::calcAverageState: ill-conditioned covariance matrix.
in line: 149 in file: /phenix/u/phnxbld/workarea/sPHENIX_SL7.3/gcc-8.3/need_root_version/root-6.22.02/genfit/core/src/MeasuredStateOnPlane.cc
with fatal flag 0
Error in <TDecompChol::Decompose()>: matrix not positive definite
genfit::Exception thrown with excString:
KalmanFitterInfo::calcAverageState: ill-conditioned covariance matrix.
in line: 149 in file: /phenix/u/phnxbld/workarea/sPHENIX_SL7.3/gcc-8.3/need_root_version/root-6.22.02/genfit/core/src/MeasuredStateOnPlane.cc
with fatal flag 0
Error in <TDecompChol::Decompose()>: matrix not positive definite
genfit::Exception thrown with excString:
KalmanFitterInfo::calcAverageState: ill-conditioned covariance matrix.
in line: 149 in file: /phenix/u/phnxbld/workarea/sPHENIX_SL7.3/gcc-8.3/need_root_version/root-6.22.02/genfit/core/src/MeasuredStateOnPlane.cc
with fatal flag 0
Error in <TDecompChol::Decompose()>: matrix not positive definite
genfit::Exception thrown with excString:
KalmanFitterInfo::calcAverageState: ill-conditioned covariance matrix.
in line: 149 in file: /phenix/u/phnxbld/workarea/sPHENIX_SL7.3/gcc-8.3/need_root_version/root-6.22.02/genfit/core/src/MeasuredStateOnPlane.cc
with fatal flag 0
Error in <TDecompChol::Decompose()>: matrix not positive definite
genfit::Exception thrown with excString:
KalmanFitterInfo::calcAverageState: ill-conditioned covariance matrix.
in line: 149 in file: /phenix/u/phnxbld/workarea/sPHENIX_SL7.3/gcc-8.3/need_root_version/root-6.22.02/genfit/core/src/MeasuredStateOnPlane.cc
with fatal flag 0
Error in <TDecompChol::Decompose()>: matrix not positive definite
genfit::Exception thrown with excString:
KalmanFitterInfo::calcAverageState: ill-conditioned covariance matrix.
in line: 149 in file: /phenix/u/phnxbld/workarea/sPHENIX_SL7.3/gcc-8.3/need_root_version/root-6.22.02/genfit/core/src/MeasuredStateOnPlane.cc
with fatal flag 0
Error in <TDecompChol::Decompose()>: matrix not positive definite
genfit::Exception thrown with excString:
KalmanFitterInfo::calcAverageState: ill-conditioned covariance matrix.
in line: 149 in file: /phenix/u/phnxbld/workarea/sPHENIX_SL7.3/gcc-8.3/need_root_version/root-6.22.02/genfit/core/src/MeasuredStateOnPlane.cc
with fatal flag 0
Error in <TDecompChol::Decompose()>: matrix not positive definite
genfit::Exception thrown with excString:
KalmanFitterInfo::calcAverageState: ill-conditioned covariance matrix.
in line: 149 in file: /phenix/u/phnxbld/workarea/sPHENIX_SL7.3/gcc-8.3/need_root_version/root-6.22.02/genfit/core/src/MeasuredStateOnPlane.cc
with fatal flag 0
/global/project/projectdirs/alice/ftorales/Singularity/coresoftware/simulation/g4simulation/g4eval/SvtxVertexEval.cc:419: Did not find_vertexmap on node tree
No Cluster for this leading electron

Error in <TDecompChol::Decompose()>: matrix not positive definite
genfit::Exception thrown with excString:
KalmanFitterInfo::calcAverageState: ill-conditioned covariance matrix.
in line: 149 in file: /phenix/u/phnxbld/workarea/sPHENIX_SL7.3/gcc-8.3/need_root_version/root-6.22.02/genfit/core/src/MeasuredStateOnPlane.cc
with fatal flag 0
Error in <TDecompChol::Decompose()>: matrix not positive definite
genfit::Exception thrown with excString:
KalmanFitterInfo::calcAverageState: ill-conditioned covariance matrix.
in line: 149 in file: /phenix/u/phnxbld/workarea/sPHENIX_SL7.3/gcc-8.3/need_root_version/root-6.22.02/genfit/core/src/MeasuredStateOnPlane.cc
with fatal flag 0
Error in <TDecompChol::Decompose()>: matrix not positive definite
genfit::Exception thrown with excString:
KalmanFitterInfo::calcAverageState: ill-conditioned covariance matrix.
in line: 149 in file: /phenix/u/phnxbld/workarea/sPHENIX_SL7.3/gcc-8.3/need_root_version/root-6.22.02/genfit/core/src/MeasuredStateOnPlane.cc
with fatal flag 0
Error in <TDecompChol::Decompose()>: matrix not positive definite
Error in <TDecompChol::Decompose()>: matrix not positive definite
genfit::Exception thrown with excString:
KalmanFitterInfo::calcAverageState: ill-conditioned covariance matrix.
in line: 149 in file: /phenix/u/phnxbld/workarea/sPHENIX_SL7.3/gcc-8.3/need_root_version/root-6.22.02/genfit/core/src/MeasuredStateOnPlane.cc
with fatal flag 0
Error in <TDecompChol::Decompose()>: matrix not positive definite
Error in <TDecompChol::Decompose()>: matrix not positive definite
genfit::Exception thrown with excString:
KalmanFitterInfo::calcAverageState: ill-conditioned covariance matrix.
in line: 149 in file: /phenix/u/phnxbld/workarea/sPHENIX_SL7.3/gcc-8.3/need_root_version/root-6.22.02/genfit/core/src/MeasuredStateOnPlane.cc
with fatal flag 0
Error in <TDecompChol::Decompose()>: matrix not positive definite
Error in <TDecompChol::Decompose()>: matrix not positive definite
genfit::Exception thrown with excString:
KalmanFitterInfo::calcAverageState: ill-conditioned covariance matrix.
in line: 149 in file: /phenix/u/phnxbld/workarea/sPHENIX_SL7.3/gcc-8.3/need_root_version/root-6.22.02/genfit/core/src/MeasuredStateOnPlane.cc
with fatal flag 0
Exception, next track
genfit::Exception thrown with excString:
MaterialEffects::dEdxBetheBloch ==> beta*gamma < 0.05, Bethe-Bloch implementation not valid anymore!
in line: 468 in file: /phenix/u/phnxbld/workarea/sPHENIX_SL7.3/gcc-8.3/need_root_version/root-6.22.02/genfit/trackReps/src/MaterialEffects.cc
with fatal flag 0
Error in <TDecompChol::Decompose()>: matrix not positive definite
genfit::Exception thrown with excString:
KalmanFitterInfo::calcAverageState: ill-conditioned covariance matrix.
in line: 149 in file: /phenix/u/phnxbld/workarea/sPHENIX_SL7.3/gcc-8.3/need_root_version/root-6.22.02/genfit/core/src/MeasuredStateOnPlane.cc
with fatal flag 0
Error in <TDecompChol::Decompose()>: matrix not positive definite
genfit::Exception thrown with excString:
KalmanFitterInfo::calcAverageState: ill-conditioned covariance matrix.
in line: 149 in file: /phenix/u/phnxbld/workarea/sPHENIX_SL7.3/gcc-8.3/need_root_version/root-6.22.02/genfit/core/src/MeasuredStateOnPlane.cc
with fatal flag 0
Error in <TDecompChol::Decompose()>: matrix not positive definite
genfit::Exception thrown with excString:
KalmanFitterInfo::calcAverageState: ill-conditioned covariance matrix.
in line: 149 in file: /phenix/u/phnxbld/workarea/sPHENIX_SL7.3/gcc-8.3/need_root_version/root-6.22.02/genfit/core/src/MeasuredStateOnPlane.cc
with fatal flag 0
PHG4TrackFastSim (ERROR): /home/phnxbld/sPHENIX/gcc-8.3/new/source/coresoftware/simulation/g4simulation/g4trackfastsim/PHG4TrackFastSim.cc: 861: Extraction faild!
/global/project/projectdirs/alice/ftorales/Singularity/coresoftware/simulation/g4simulation/g4eval/SvtxVertexEval.cc:419: Did not find_vertexmap on node tree
