LD_LIBRARY_PATH now /global/project/projectdirs/alice/ftorales//Singularity//install/lib:/global/project/projectdirs/alice/ftorales/Singularity/cvmfs/sphenix.sdcc.bnl.gov/gcc-8.3/opt/sphenix/core/gcc/8.3.0.1-0a5ad/x86_64-centos7/lib:/global/project/projectdirs/alice/ftorales/Singularity/cvmfs/sphenix.sdcc.bnl.gov/gcc-8.3/opt/sphenix/core/gcc/8.3.0.1-0a5ad/x86_64-centos7/lib64:/global/project/projectdirs/alice/ftorales/Singularity/cvmfs/sphenix.sdcc.bnl.gov/gcc-8.3/opt/sphenix/core/binutils/2.30-e5b21/x86_64-centos7/lib:.:/global/project/projectdirs/alice/ftorales/Singularity/cvmfs/sphenix.sdcc.bnl.gov/gcc-8.3/release/release_new/new.4/lib64:/global/project/projectdirs/alice/ftorales/Singularity/cvmfs/sphenix.sdcc.bnl.gov/gcc-8.3/release/release_new/new.4/lib:/global/project/projectdirs/alice/ftorales/Singularity/cvmfs/sphenix.sdcc.bnl.gov/gcc-8.3/opt/sphenix/utils/lib64:/global/project/projectdirs/alice/ftorales/Singularity/cvmfs/sphenix.sdcc.bnl.gov/gcc-8.3/opt/sphenix/utils/lib:/global/project/projectdirs/alice/ftorales/Singularity/cvmfs/sphenix.sdcc.bnl.gov/gcc-8.3/opt/sphenix/core/lib:/global/project/projectdirs/alice/ftorales/Singularity/cvmfs/sphenix.sdcc.bnl.gov/gcc-8.3/opt/sphenix/core/root-6.22.02/lib:/global/project/projectdirs/alice/ftorales/Singularity/cvmfs/sphenix.sdcc.bnl.gov/gcc-8.3/opt/sphenix/core/geant4.10.06.p02/lib64:/global/project/projectdirs/alice/ftorales/Singularity/cvmfs/sphenix.sdcc.bnl.gov/gcc-8.3/opt/sphenix/core/lhapdf-5.9.1/lib:/usr/local/lib64:/usr/lib64
PATH now :/global/project/projectdirs/alice/ftorales/Singularity/cvmfs/sphenix.sdcc.bnl.gov/gcc-8.3/opt/sphenix/core/gcc/8.3.0.1-0a5ad/x86_64-centos7/bin:/global/project/projectdirs/alice/ftorales/Singularity/cvmfs/sphenix.sdcc.bnl.gov/gcc-8.3/opt/sphenix/core/binutils/2.30-e5b21/x86_64-centos7/bin:.:/global/project/projectdirs/alice/ftorales/Singularity/cvmfs/sphenix.sdcc.bnl.gov/gcc-8.3/release/release_new/new.4/bin:/global/project/projectdirs/alice/ftorales/Singularity/cvmfs/sphenix.sdcc.bnl.gov/gcc-8.3/opt/sphenix/utils/bin:/global/project/projectdirs/alice/ftorales/Singularity/cvmfs/sphenix.sdcc.bnl.gov/gcc-8.3/opt/sphenix/core/bin:/global/project/projectdirs/alice/ftorales/Singularity/cvmfs/sphenix.sdcc.bnl.gov/gcc-8.3/opt/sphenix/core/root-6.22.02/bin:/global/project/projectdirs/alice/ftorales/Singularity/cvmfs/sphenix.sdcc.bnl.gov/gcc-8.3/opt/sphenix/core/geant4.10.06.p02/bin:/usr/local/bin:/usr/bin:/usr/local/sbin:/usr/sbin
   ------------------------------------------------------------------
  | Welcome to ROOT 6.22/02                        https://root.cern |
  | (c) 1995-2020, The ROOT Team; conception: R. Brun, F. Rademakers |
  | Built for linuxx8664gcc on Aug 17 2020, 12:46:52                 |
  | From tags/v6-22-02@v6-22-02                                      |
  | Try '.help', '.demo', '.license', '.credits', '.quit'/'.q'       |
   ------------------------------------------------------------------


Processing Fun4All_G4_EICDetector.C(10, 7*17042+4036,"","/global/project/projectdirs/alice/ftorales/fast_slurm_allsi_reco_branches/eP_7")...
PHRandomSeed::GetSeed() seed: 1723551265

 *------------------------------------------------------------------------------------* 
 |                                                                                    | 
 |  *------------------------------------------------------------------------------*  | 
 |  |                                                                              |  | 
 |  |                                                                              |  | 
 |  |   PPP   Y   Y  TTTTT  H   H  III    A      Welcome to the Lund Monte Carlo!  |  | 
 |  |   P  P   Y Y     T    H   H   I    A A     This is PYTHIA version 8.303      |  | 
 |  |   PPP     Y      T    HHHHH   I   AAAAA    Last date of change:  1 Sep 2020  |  | 
 |  |   P       Y      T    H   H   I   A   A                                      |  | 
 |  |   P       Y      T    H   H  III  A   A    Now is 04 Feb 2021 at 18:54:29    |  | 
 |  |                                                                              |  | 
 |  |   Christian Bierlich;  Department of Astronomy and Theoretical Physics,      |  | 
 |  |      Lund University, Solvegatan 14A, SE-223 62 Lund, Sweden;                |  | 
 |  |      e-mail: christian.bierlich@thep.lu.se                                   |  | 
 |  |   Nishita Desai;  Department of Theoretical Physics, Tata Institute,         |  | 
 |  |      Homi Bhabha Road, Mumbai 400005, India;                                 |  | 
 |  |      e-mail: desai@theory.tifr.res.in                                        |  | 
 |  |   Leif Gellersen;  Department of Astronomy and Theoretical Physics,          |  | 
 |  |      Lund University, Solvegatan 14A, SE-223 62 Lund, Sweden;                |  | 
 |  |      e-mail: leif.gellersen@thep.lu.se                                       |  | 
 |  |   Ilkka Helenius;  Department of Physics, University of Jyvaskyla,           |  | 
 |  |      P.O. Box 35, FI-40014 University of Jyvaskyla, Finland;                 |  | 
 |  |      e-mail: ilkka.m.helenius@jyu.fi                                         |  | 
 |  |   Philip Ilten;  Department of Physics,                                      |  | 
 |  |      University of Cincinnati, Cincinnati, OH 45221, USA;                    |  | 
 |  |      School of Physics and Astronomy,                                        |  | 
 |  |      University of Birmingham, Birmingham, B152 2TT, UK;                     |  | 
 |  |      e-mail: philten@cern.ch                                                 |  | 
 |  |   Leif Lonnblad;  Department of Astronomy and Theoretical Physics,           |  | 
 |  |      Lund University, Solvegatan 14A, SE-223 62 Lund, Sweden;                |  | 
 |  |      e-mail: leif.lonnblad@thep.lu.se                                        |  | 
 |  |   Stephen Mrenna;  Computing Division, Simulations Group,                    |  | 
 |  |      Fermi National Accelerator Laboratory, MS 234, Batavia, IL 60510, USA;  |  | 
 |  |      e-mail: mrenna@fnal.gov                                                 |  | 
 |  |   Stefan Prestel;  Department of Astronomy and Theoretical Physics,          |  | 
 |  |      Lund University, Solvegatan 14A, SE-223 62 Lund, Sweden;                |  | 
 |  |      e-mail: stefan.prestel@thep.lu.se                                       |  | 
 |  |   Christine O. Rasmussen;  Department of Astronomy and Theoretical Physics,  |  | 
 |  |      Lund University, Solvegatan 14A, SE-223 62 Lund, Sweden;                |  | 
 |  |      e-mail: christine.rasmussen@thep.lu.se                                  |  | 
 |  |   Torbjorn Sjostrand;  Department of Astronomy and Theoretical Physics,      |  | 
 |  |      Lund University, Solvegatan 14A, SE-223 62 Lund, Sweden;                |  | 
 |  |      e-mail: torbjorn@thep.lu.se                                             |  | 
 |  |   Peter Skands;  School of Physics and Astronomy,                            |  | 
 |  |      Monash University, PO Box 27, 3800 Melbourne, Australia;                |  | 
 |  |      e-mail: peter.skands@monash.edu                                         |  | 
 |  |   Marius Utheim;  Department of Astronomy and Theoretical Physics,           |  | 
 |  |      Lund University, Solvegatan 14A, SE-223 62 Lund, Sweden;                |  | 
 |  |      e-mail: marius.utheim@thep.lu.se                                        |  | 
 |  |                                                                              |  | 
 |  |   The main program reference is 'An Introduction to PYTHIA 8.2',             |  | 
 |  |   T. Sjostrand et al, Comput. Phys. Commun. 191 (2015) 159                   |  | 
 |  |   [arXiv:1410.3012 [hep-ph]]                                                 |  | 
 |  |                                                                              |  | 
 |  |   The main physics reference is the 'PYTHIA 6.4 Physics and Manual',         |  | 
 |  |   T. Sjostrand, S. Mrenna and P. Skands, JHEP05 (2006) 026 [hep-ph/0603175]  |  | 
 |  |                                                                              |  | 
 |  |   An archive of program versions and documentation is found on the web:      |  | 
 |  |   http://www.thep.lu.se/Pythia                                               |  | 
 |  |                                                                              |  | 
 |  |   This program is released under the GNU General Public Licence version 2.   |  | 
 |  |   Please respect the MCnet Guidelines for Event Generator Authors and Users. |  | 
 |  |                                                                              |  | 
 |  |   Disclaimer: this program comes without any guarantees.                     |  | 
 |  |   Beware of errors and use common sense when interpreting results.           |  | 
 |  |                                                                              |  | 
 |  |   Copyright (C) 2020 Torbjorn Sjostrand                                      |  | 
 |  |                                                                              |  | 
 |  |                                                                              |  | 
 |  *------------------------------------------------------------------------------*  | 
 |                                                                                    | 
 *------------------------------------------------------------------------------------* 

USING RANDOM SEED OF 123330

PHRandomSeed: using fixed seed 123330
PHRandomSeed::GetSeed() seed: 4172491992
PHPythia8 random seed: 572491992

 *-------  PYTHIA Process Initialization  --------------------------*
 |                                                                  |
 | We collide p+ with e- at a CM energy of 8.945e+01 GeV            |
 |                                                                  |
 |------------------------------------------------------------------|
 |                                                    |             |
 | Subprocess                                    Code |   Estimated |
 |                                                    |    max (mb) |
 |                                                    |             |
 |------------------------------------------------------------------|
 |                                                    |             |
 | g g -> g g                                     111 |   0.000e+00 |
 | g g -> q qbar (uds)                            112 |   0.000e+00 |
 | q g -> q g                                     113 |   0.000e+00 |
 | q q(bar)' -> q q(bar)'                         114 |   0.000e+00 |
 | q qbar -> g g                                  115 |   0.000e+00 |
 | q qbar -> q' qbar' (uds)                       116 |   0.000e+00 |
 | g g -> c cbar                                  121 |   0.000e+00 |
 | q qbar -> c cbar                               122 |   0.000e+00 |
 | g g -> b bbar                                  123 |   0.000e+00 |
 | q qbar -> b bbar                               124 |   0.000e+00 |
 | f f' -> f f' (t-channel gamma*/Z0)             211 |   9.266e-05 |
 |                                                                  |
 *-------  End PYTHIA Process Initialization -----------------------*

 *-------  PYTHIA Flag + Mode + Parm + Word + FVec + MVec + PVec + WVec Settings (changes only)  ------------------* 
 |                                                                                                                 | 
 | Name                                          |                      Now |      Default         Min         Max | 
 |                                               |                          |                                      | 
 | Beams:eA                                      |                100.00000 |     7000.000         0.0             | 
 | Beams:eB                                      |                 20.00000 |     7000.000         0.0             | 
 | Beams:frameType                               |                        2 |            1           1           5 | 
 | Beams:idB                                     |                       11 |         2212                         | 
 | HardQCD:all                                   |                       on |          off                         | 
 | Main:timesAllowErrors                         |                   900000 |           10           0             | 
 | PDF:lepton                                    |                      off |           on                         | 
 | PhaseSpace:Q2Min                              |                 16.00000 |          0.0         0.0             | 
 | Random:seed                                   |                572491992 |           -1               900000000 | 
 | Random:setSeed                                |                       on |          off                         | 
 | SpaceShower:pTmaxMatch                        |                        2 |            0           0           2 | 
 | TimeShower:QEDshowerByL                       |                      off |           on                         | 
 | WeakBosonExchange:ff2ff(t:gmZ)                |                       on |          off                         | 
 |                                                                                                                 | 
 *-------  End PYTHIA Flag + Mode + Parm + Word + FVec + MVec + PVec + WVec Settings  -----------------------------* 

 --------  PYTHIA Particle Data Table (changed only)  ------------------------------------------------------------------------------
 
      id   name            antiName         spn chg col      m0        mWidth      mMin       mMax       tau0    res dec ext vis wid
             no onMode   bRatio   meMode     products 

 no particle data has been changed from its default value 

 --------  End PYTHIA Particle Data Table  -----------------------------------------------------------------------------------------

PHRandomSeed::GetSeed() seed: 3372123534
/global/project/projectdirs/alice/ftorales/Singularity/cvmfs/sphenix.sdcc.bnl.gov/gcc-8.3/release/release_new/new.4/share/calibrations/ForwardEcal/mapping/towerMap_FEMC_v007.txt
PHRandomSeed::GetSeed() seed: 1667046140

**************************************************************
 Geant4 version Name: geant4-10-06-patch-02    (29-May-2020)
                       Copyright : Geant4 Collaboration
                      References : NIM A 506 (2003), 250-303
                                 : IEEE-TNS 53 (2006), 270-278
                                 : NIM A 835 (2016), 186-225
                             WWW : http://geant4.org/
**************************************************************

<<< Geant4 Physics List simulation engine: QGSP_BERT

### Birks coefficients used in run time
   G4_PbWO4     0.0333333 mm/MeV     0.0276 g/cm^2/MeV  massFactor=  5.89329 effCharge= 2407.4
   G4_lAr     0.032 mm/MeV     0.0044672 g/cm^2/MeV  massFactor=  23.4875 effCharge= 324
   G4_POLYSTYRENE     0.07943 mm/MeV     0.00841958 g/cm^2/MeV  massFactor=  101.167 effCharge= 0.027027
   G4_BGO     0.008415 mm/MeV     0.00599989 g/cm^2/MeV  massFactor=  6.63951 effCharge= 1.56555
PHRandomSeed::GetSeed() seed: 1128727406
PHRandomSeed::GetSeed() seed: 1756002429
Warning from RawClusterBuilderTemplate::Detector(): no detector specific class HcalInRawClusterBuilderTemplate defined for detector HCALIN. Default BEmcRec will be used
PHRandomSeed::GetSeed() seed: 998149320
Warning from RawClusterBuilderTemplate::Detector(): no detector specific class HcalOutRawClusterBuilderTemplate defined for detector HCALOUT. Default BEmcRec will be used
PHRandomSeed::GetSeed() seed: 609730387
PHRandomSeed::GetSeed() seed: 798102372
Warning from RawClusterBuilderTemplate::Detector(): no detector specific class FHCALRawClusterBuilderTemplate defined for detector FHCAL. Default BEmcRec will be used
PHRandomSeed::GetSeed() seed: 2718785497
PHRandomSeed::GetSeed() seed: 4007253943
/home/phnxbld/sPHENIX/gcc-8.3/new/source/coresoftware/simulation/g4simulation/g4trackfastsim/PHG4TrackFastSimEval.cc:74:  Openning file /global/project/projectdirs/alice/ftorales/fast_slurm_allsi_reco_branches/eP_7_g4tracking_eval.root
PHTFileServer::open - opening file /global/project/projectdirs/alice/ftorales/fast_slurm_allsi_reco_branches/eP_7_g4tracking_eval.root (RECREATE)
PHTFileServer::open - opening file /global/project/projectdirs/alice/ftorales/fast_slurm_allsi_reco_branches/eP_7_e+jet_Tree.root (RECREATE)
Fun4AllServer: Runnumber forced to 0 by RUNNUMBER IntFlag
Fun4AllServer::setRun(): could not get timestamp for run  0, using tics(0) timestamp: Wed Dec 31 19:00:00 1969
PHFieldUtility::GetFieldConfigNode - field map with configuration from input default: PHFieldConfigv1::identify - Field type of [2D field map expressed in cylindrical coordinates] from file [/global/project/projectdirs/alice/ftorales/Singularity/cvmfs/sphenix.sdcc.bnl.gov/gcc-8.3/release/release_new/new.4/share/calibrations/Field/Map/sPHENIX.2d.root] with a scale factor of -0.9
G4GDML: Reading 'Detector_chamber_3-20-20.G4Import.gdml'...
G4GDML: Reading materials...
G4GDML: Reading definitions...
G4GDML: Reading solids...
G4GDML: Reading definitions...
G4GDML: Reading solids...
G4GDML: Reading definitions...
G4GDML: Reading solids...
G4GDML: Reading definitions...
G4GDML: Reading solids...
G4GDML: Reading definitions...
G4GDML: Reading solids...
G4GDML: Reading definitions...
G4GDML: Reading solids...
G4GDML: Reading definitions...
G4GDML: Reading solids...
G4GDML: Reading definitions...
G4GDML: Reading solids...
G4GDML: Reading definitions...
G4GDML: Reading solids...
G4GDML: Reading definitions...
G4GDML: Reading solids...
G4GDML: Reading structure...
G4GDML: Reading setup...
G4GDML: Reading 'Detector_chamber_3-20-20.G4Import.gdml' done!
Stripping off GDML names of materials, solids and volumes ...
G4GDML: Reading '/global/project/projectdirs/alice/ftorales/Singularity/cvmfs/sphenix.sdcc.bnl.gov/gcc-8.3/release/release_new/new.4/share/calibrations/Beam/Detector_chamber_3-20-20.G4Import.gdml'...
G4GDML: Reading materials...
G4Material WARNING: duplicate name of material ALUMINUM
G4Material WARNING: duplicate name of material VACUUM
G4GDML: Reading definitions...
G4GDML: Reading solids...
G4GDML: Reading definitions...
G4GDML: Reading solids...
G4GDML: Reading definitions...
G4GDML: Reading solids...
G4GDML: Reading definitions...
G4GDML: Reading solids...
G4GDML: Reading definitions...
G4GDML: Reading solids...
G4GDML: Reading definitions...
G4GDML: Reading solids...
G4GDML: Reading definitions...
G4GDML: Reading solids...
G4GDML: Reading definitions...
G4GDML: Reading solids...
G4GDML: Reading definitions...
G4GDML: Reading solids...
G4GDML: Reading definitions...
G4GDML: Reading solids...
G4GDML: Reading structure...
G4GDML: Reading setup...
G4GDML: Reading '/global/project/projectdirs/alice/ftorales/Singularity/cvmfs/sphenix.sdcc.bnl.gov/gcc-8.3/release/release_new/new.4/share/calibrations/Beam/Detector_chamber_3-20-20.G4Import.gdml' done!
Stripping off GDML names of materials, solids and volumes ...
G4GDML: Reading 'genfitGeom_AllSi_v2.gdml'...
G4GDML: Reading definitions...
G4GDML: Reading materials...
G4GDML: Reading solids...
G4GDML: Reading structure...
G4GDML: Reading setup...
G4GDML: Reading 'genfitGeom_AllSi_v2.gdml' done!
Stripping off GDML names of materials, solids and volumes ...
Checking overlaps for volume BH_1 (G4Tubs) ... OK! 
Checking overlaps for volume BH_FORWARD_PLUS_1 (G4Tubs) ... OK! 
Checking overlaps for volume BH_FORWARD_NEG_1 (G4Tubs) ... OK! 
PHG4Reco::InitRun - export geometry to DST via tmp file /tmp/PHGeomUtility_geom_file_36160.gdml
PHG4GDML: Writing '/tmp/PHGeomUtility_geom_file_36160.gdml'...
PHG4GDML: Writing definitions...
G4GDML: Writing materials...
PHG4GDML: Writing solids...
PHG4GDML: Writing structure...
G4GDML: Writing setup...

-------- WWWW ------- G4Exception-START -------- WWWW -------
*** G4Exception : Obsolete
      issued by : G4MaterialPropertiesTable::GetPropertiesMap()
GetPropertiesMap will be obsolete from the next release Use G4MaterialPropertiesTable::GetPropertyMap() instead
*** This is just a warning message. ***
-------- WWWW -------- G4Exception-END --------- WWWW -------


-------- WWWW ------- G4Exception-START -------- WWWW -------
*** G4Exception : Obsolete
      issued by : G4MaterialPropertiesTable::GetPropertiesCMap()
GetPropertiesCMap will be obsolete from the next release Use G4MaterialPropertiesTable::GetConstPropertyMap() instead
*** This is just a warning message. ***
-------- WWWW -------- G4Exception-END --------- WWWW -------

PHG4GDML: Writing surfaces...
PHG4GDML: Writing '/tmp/PHGeomUtility_geom_file_36160.gdml' done !
PHRandomSeed::GetSeed() seed: 2571306312
Info from RawClusterBuilderTemplate::InitRun(): Init geometry for CEMC: N of geom towers: 39064; ix = 0-256, iy = 0-151
Info from RawClusterBuilderTemplate::InitRun(): Init geometry for HCALIN: N of geom towers: 1536; ix = 0-63, iy = 0-23
Info from RawClusterBuilderTemplate::InitRun(): Init geometry for HCALOUT: N of geom towers: 1536; ix = 0-63, iy = 0-23
Info from RawClusterBuilderTemplate::InitRun(): Init geometry for FEMC: N of geom towers: 3244; ix = 0-64, iy = 0-64
Info from RawClusterBuilderTemplate::InitRun(): Init geometry for FHCAL: N of geom towers: 2020; ix = 2-52, iy = 2-52
Info from RawClusterBuilderTemplate::InitRun(): Init geometry for EEMC: N of geom towers: 2904; ix = 19-80, iy = 19-80
GFRaveVertexFactory::setMethod ==> set method to kalman-smoothing:1
--------------------------------------

List of Nodes in Fun4AllServer:
Node Tree under TopNode TOP
TOP (PHCompositeNode)/
   DST (PHCompositeNode)/
      PHHepMCGenEventMap (IO,PHHepMCGenEventMap)
      PHG4INEVENT (PHDataNode)
      G4HIT_EGEM_0 (IO,PHG4HitContainer)
      G4HIT_EGEM_1 (IO,PHG4HitContainer)
      G4HIT_EGEM_2 (IO,PHG4HitContainer)
      G4HIT_EGEM_3 (IO,PHG4HitContainer)
      G4HIT_FGEM_2 (IO,PHG4HitContainer)
      G4HIT_FGEM_3 (IO,PHG4HitContainer)
      G4HIT_FGEM_4 (IO,PHG4HitContainer)
      G4HIT_FHCAL (IO,PHG4HitContainer)
      G4HIT_ABSORBER_FHCAL (IO,PHG4HitContainer)
      G4HIT_DIRC (IO,PHG4HitContainer)
      G4HIT_RICH (IO,PHG4HitContainer)
      CEMC (PHCompositeNode)/
         G4HIT_CEMC (IO,PHG4HitContainer)
         G4CELL_CEMC (IO,PHG4CellContainer)
         TOWER_SIM_CEMC (IO,RawTowerContainer)
         TOWER_RAW_CEMC (IO,RawTowerContainer)
         TOWER_CALIB_CEMC (IO,RawTowerContainer)
         CLUSTER_CEMC (IO,RawClusterContainer)
      HCALIN (PHCompositeNode)/
         G4HIT_HCALIN (IO,PHG4HitContainer)
         G4CELL_HCALIN (IO,PHG4CellContainer)
         TOWER_SIM_HCALIN (IO,RawTowerContainer)
         TOWER_RAW_HCALIN (IO,RawTowerContainer)
         TOWER_CALIB_HCALIN (IO,RawTowerContainer)
         CLUSTER_HCALIN (IO,RawClusterContainer)
      HCALOUT (PHCompositeNode)/
         G4HIT_HCALOUT (IO,PHG4HitContainer)
         G4CELL_HCALOUT (IO,PHG4CellContainer)
         TOWER_SIM_HCALOUT (IO,RawTowerContainer)
         TOWER_RAW_HCALOUT (IO,RawTowerContainer)
         TOWER_CALIB_HCALOUT (IO,RawTowerContainer)
         CLUSTER_HCALOUT (IO,RawClusterContainer)
      FEMC (PHCompositeNode)/
         G4HIT_FEMC (IO,PHG4HitContainer)
         TOWER_SIM_FEMC (IO,RawTowerContainer)
         TOWER_RAW_FEMC (IO,RawTowerContainer)
         TOWER_CALIB_FEMC (IO,RawTowerContainer)
         CLUSTER_FEMC (IO,RawClusterContainer)
      EEMC (PHCompositeNode)/
         G4HIT_EEMC (IO,PHG4HitContainer)
         TOWER_SIM_EEMC (IO,RawTowerContainer)
         TOWER_RAW_EEMC (IO,RawTowerContainer)
         TOWER_CALIB_EEMC (IO,RawTowerContainer)
         CLUSTER_EEMC (IO,RawClusterContainer)
      G4HIT_BH_1 (IO,PHG4HitContainer)
      BH_FORWARD_PLUS (PHCompositeNode)/
         G4HIT_BH_FORWARD_PLUS (IO,PHG4HitContainer)
      BH_FORWARD_NEG (PHCompositeNode)/
         G4HIT_BH_FORWARD_NEG (IO,PHG4HitContainer)
      G4TruthInfo (IO,PHG4TruthInfoContainer)
      LBLVTX (PHCompositeNode)/
         G4HIT_ABSORBER_LBLVTX (IO,PHG4HitContainer)
         G4HIT_LBLVTX_BACKWARD_30 (IO,PHG4HitContainer)
         G4HIT_LBLVTX_BACKWARD_31 (IO,PHG4HitContainer)
         G4HIT_LBLVTX_BACKWARD_32 (IO,PHG4HitContainer)
         G4HIT_LBLVTX_BACKWARD_33 (IO,PHG4HitContainer)
         G4HIT_LBLVTX_BACKWARD_34 (IO,PHG4HitContainer)
         G4HIT_LBLVTX_CENTRAL_10 (IO,PHG4HitContainer)
         G4HIT_LBLVTX_CENTRAL_11 (IO,PHG4HitContainer)
         G4HIT_LBLVTX_CENTRAL_12 (IO,PHG4HitContainer)
         G4HIT_LBLVTX_CENTRAL_13 (IO,PHG4HitContainer)
         G4HIT_LBLVTX_CENTRAL_14 (IO,PHG4HitContainer)
         G4HIT_LBLVTX_CENTRAL_15 (IO,PHG4HitContainer)
         G4HIT_LBLVTX_FORWARD_20 (IO,PHG4HitContainer)
         G4HIT_LBLVTX_FORWARD_21 (IO,PHG4HitContainer)
         G4HIT_LBLVTX_FORWARD_22 (IO,PHG4HitContainer)
         G4HIT_LBLVTX_FORWARD_23 (IO,PHG4HitContainer)
         G4HIT_LBLVTX_FORWARD_24 (IO,PHG4HitContainer)
      BBC (PHCompositeNode)/
         BbcVertexMap (IO,BbcVertexMapv1)
      FHCAL (PHCompositeNode)/
         TOWER_SIM_FHCAL (IO,RawTowerContainer)
         TOWER_RAW_FHCAL (IO,RawTowerContainer)
         TOWER_CALIB_FHCAL (IO,RawTowerContainer)
         CLUSTER_FHCAL (IO,RawClusterContainer)
      TRACKS (PHCompositeNode)/
         TrackMap (IO,SvtxTrackMap_v1)
         SvtxVertexMap (IO,SvtxVertexMap_v1)
      GLOBAL (PHCompositeNode)/
         GlobalVertexMap (IO,GlobalVertexMapv1)
      TRIG (PHCompositeNode)/
         CaloTriggerInfo (IO,CaloTriggerInfov1)
      ANTIKT (PHCompositeNode)/
         TRUTH (PHCompositeNode)/
            AntiKt_Truth_r02 (IO,JetMapv1)
            AntiKt_Truth_r03 (IO,JetMapv1)
            AntiKt_Truth_r04 (IO,JetMapv1)
            AntiKt_Truth_r05 (IO,JetMapv1)
            AntiKt_Truth_r06 (IO,JetMapv1)
            AntiKt_Truth_r07 (IO,JetMapv1)
            AntiKt_Truth_r08 (IO,JetMapv1)
            AntiKt_Truth_r10 (IO,JetMapv1)
         TOWER (PHCompositeNode)/
            AntiKt_Tower_r02 (IO,JetMapv1)
            AntiKt_Tower_r03 (IO,JetMapv1)
            AntiKt_Tower_r04 (IO,JetMapv1)
            AntiKt_Tower_r05 (IO,JetMapv1)
            AntiKt_Tower_r06 (IO,JetMapv1)
            AntiKt_Tower_r07 (IO,JetMapv1)
            AntiKt_Tower_r08 (IO,JetMapv1)
            AntiKt_Tower_r10 (IO,JetMapv1)
         CLUSTER (PHCompositeNode)/
            AntiKt_Cluster_r02 (IO,JetMapv1)
            AntiKt_Cluster_r03 (IO,JetMapv1)
            AntiKt_Cluster_r04 (IO,JetMapv1)
            AntiKt_Cluster_r05 (IO,JetMapv1)
            AntiKt_Cluster_r06 (IO,JetMapv1)
            AntiKt_Cluster_r07 (IO,JetMapv1)
            AntiKt_Cluster_r08 (IO,JetMapv1)
            AntiKt_Cluster_r10 (IO,JetMapv1)
         TRACK (PHCompositeNode)/
            AntiKt_Track_r02 (IO,JetMapv1)
            AntiKt_Track_r03 (IO,JetMapv1)
            AntiKt_Track_r04 (IO,JetMapv1)
            AntiKt_Track_r05 (IO,JetMapv1)
            AntiKt_Track_r06 (IO,JetMapv1)
            AntiKt_Track_r07 (IO,JetMapv1)
            AntiKt_Track_r08 (IO,JetMapv1)
            AntiKt_Track_r10 (IO,JetMapv1)
   RUN (PHCompositeNode)/
      PHGenIntegral (IO,PHGenIntegralv1)
      FIELD_CONFIG (IO,PHFieldConfigv1)
      PIPE (PHCompositeNode)/
         G4GEOPARAM_PIPE (IO,PdbParameterMapContainer)
      G4GEOPARAM_ElectronForwardEnvelope_0 (IO,PdbParameterMapContainer)
      G4GEOPARAM_HadronForwardEnvelope_0 (IO,PdbParameterMapContainer)
      LBLVTX (PHCompositeNode)/
         G4GEOPARAM_LBLVTX (IO,PdbParameterMapContainer)
      ABSORBER_CEMC (PHCompositeNode)/
         G4GEOPARAM_ABSORBER_CEMC (IO,PdbParameterMapContainer)
      CEMC (PHCompositeNode)/
         G4GEOPARAM_CEMC (IO,PdbParameterMapContainer)
         CYLINDERGEOM_CEMC (IO,PHG4CylinderGeomContainer)
         G4CELLPARAM_CEMC (IO,PdbParameterMapContainer)
         TOWERGEOM_CEMC (IO,RawTowerGeomContainer_Cylinderv1)
      G4GEOPARAM_CEMC_ELECTRONICS_0 (IO,PdbParameterMapContainer)
      HCALIN (PHCompositeNode)/
         G4GEOPARAM_HCALIN (IO,PdbParameterMapContainer)
         G4CELLPARAM_HCALIN (IO,PdbParameterMap)
         TOWERPARAM_HCALIN (IO,PdbParameterMap)
         TOWERGEOM_HCALIN (IO,RawTowerGeomContainer_Cylinderv1)
      HCALIN_SPT (PHCompositeNode)/
         G4GEOPARAM_HCALIN_SPT (IO,PdbParameterMapContainer)
      MAGNET (PHCompositeNode)/
         G4GEOPARAM_MAGNET (IO,PdbParameterMapContainer)
      HCALOUT (PHCompositeNode)/
         G4GEOPARAM_HCALOUT (IO,PdbParameterMapContainer)
         G4CELLPARAM_HCALOUT (IO,PdbParameterMap)
         TOWERPARAM_HCALOUT (IO,PdbParameterMap)
         TOWERGEOM_HCALOUT (IO,RawTowerGeomContainer_Cylinderv1)
      FEMC (PHCompositeNode)/
         G4GEOPARAM_FEMC (IO,PdbParameterMapContainer)
      EEMC (PHCompositeNode)/
         G4GEOPARAM_EEMC (IO,PdbParameterMapContainer)
      DIRC (PHCompositeNode)/
         G4GEOPARAM_DIRC (IO,PdbParameterMapContainer)
      FLUXRET_ETA_MINUS (PHCompositeNode)/
         G4GEOPARAM_FLUXRET_ETA_MINUS (IO,PdbParameterMapContainer)
      G4GEOPARAM_BH_1 (IO,PdbParameterMapContainer)
      CYLINDERGEOM_BH_1 (IO,PHG4CylinderGeomContainer)
      BH_FORWARD_PLUS (PHCompositeNode)/
         G4GEOPARAM_BH_FORWARD_PLUS (IO,PdbParameterMapContainer)
         CYLINDERGEOM_BH_FORWARD_PLUS (IO,PHG4CylinderGeomContainer)
      BH_FORWARD_NEG (PHCompositeNode)/
         G4GEOPARAM_BH_FORWARD_NEG (IO,PdbParameterMapContainer)
         CYLINDERGEOM_BH_FORWARD_NEG (IO,PHG4CylinderGeomContainer)
      GEOMETRY_IO (IO,PHGeomIOTGeo)
      CYLINDERCELLGEOM_CEMC (IO,PHG4CylinderCellGeomContainer)
      TOWERGEOM_FEMC (IO,RawTowerGeomContainerv1)
      TOWERGEOM_FHCAL (IO,RawTowerGeomContainerv1)
      TOWERGEOM_EEMC (IO,RawTowerGeomContainerv1)
   PAR (PHCompositeNode)/
      FIELD_MAP (PHDataNode)
      PIPE (PHCompositeNode)/
         G4GEO_PIPE (PHDataNode)
      G4GEO_ElectronForwardEnvelope_0 (PHDataNode)
      G4GDML_CONFIG (PHDataNode)
      G4GEO_HadronForwardEnvelope_0 (PHDataNode)
      LBLVTX (PHCompositeNode)/
         G4GEO_LBLVTX (PHDataNode)
      ABSORBER_CEMC (PHCompositeNode)/
         G4GEO_ABSORBER_CEMC (PHDataNode)
      CEMC (PHCompositeNode)/
         G4GEO_CEMC (PHDataNode)
      G4GEO_CEMC_ELECTRONICS_0 (PHDataNode)
      HCALIN (PHCompositeNode)/
         G4GEO_HCALIN (PHDataNode)
         G4CELLGEO_HCALIN (PHDataNode)
         TOWERGEO_HCALIN (PHDataNode)
      HCALIN_SPT (PHCompositeNode)/
         G4GEO_HCALIN_SPT (PHDataNode)
      MAGNET (PHCompositeNode)/
         G4GEO_MAGNET (PHDataNode)
      HCALOUT (PHCompositeNode)/
         G4GEO_HCALOUT (PHDataNode)
         G4CELLGEO_HCALOUT (PHDataNode)
         TOWERGEO_HCALOUT (PHDataNode)
      FEMC (PHCompositeNode)/
         G4GEO_FEMC (PHDataNode)
      EEMC (PHCompositeNode)/
         G4GEO_EEMC (PHDataNode)
      DIRC (PHCompositeNode)/
         G4GEO_DIRC (PHDataNode)
      FLUXRET_ETA_MINUS (PHCompositeNode)/
         G4GEO_FLUXRET_ETA_MINUS (PHDataNode)
      G4GEO_BH_1 (PHDataNode)
      BH_FORWARD_PLUS (PHCompositeNode)/
         G4GEO_BH_FORWARD_PLUS (PHDataNode)
      BH_FORWARD_NEG (PHCompositeNode)/
         G4GEO_BH_FORWARD_NEG (PHDataNode)
      GEOMETRY (PHDataNode)



 --------  PYTHIA Info Listing  ---------------------------------------- 
 
 Beam A: id =   2212, pz =  4.472e+01, e =  4.473e+01, m =  9.383e-01.
 Beam B: id =     11, pz = -4.472e+01, e =  4.472e+01, m =  5.110e-04.

 In 1: id =    2, x =  1.128e-01, pdf =  6.291e-01 at Q2 =  3.313e+01.
 In 2: id =   11, x =  1.000e+00, pdf =  1.000e+00 at same Q2.

 Subprocess f f' -> f f' (t-channel gamma*/Z0) with code 211 is 2 -> 2.
 It has sHat =  9.022e+02,    tHat = -3.445e+01,    uHat = -8.677e+02,
       pTHat =  5.755e+00,   m3Hat =  3.300e-01,   m4Hat =  5.110e-04,
    thetaHat =  3.933e-01,  phiHat =  2.500e+00.
     alphaEM =  7.582e-03,  alphaS =  2.314e-01    at Q2 =  3.313e+01.

 Impact parameter b =  0.000e+00 gives enhancement factor =  1.000e+00.
 Max pT scale for MPI =  8.945e+01, ISR =  8.945e+01, FSR =  8.945e+01.
 Number of MPI =     1, ISR =     0, FSRproc =     0, FSRreson =     0.

 --------  End PYTHIA Info Listing  ------------------------------------

 --------  PYTHIA Event Listing  (hard process)  -----------------------------------------------------------------------------------
 
    no         id  name            status     mothers   daughters     colours      p_x        p_y        p_z         e          m 
     0         90  (system)           -11     0     0     0     0     0     0      0.000      0.000     79.996    120.000     89.447
     1       2212  (p+)               -12     0     0     3     0     0     0      0.000      0.000     99.996    100.000      0.938
     2         11  (e-)               -12     0     0     4     0     0     0      0.000      0.000    -20.000     20.000      0.001
     3          2  (u)                -21     1     0     5     6   101     0      0.000      0.000     11.276     11.276      0.000
     4         11  (e-)               -21     2     0     5     6     0     0      0.000      0.000    -20.000     20.000      0.000
     5          2  u                   23     3     4     0     0   101     0     -4.611      3.444     10.079     11.612      0.330
     6         11  e-                  23     3     4     0     0     0     0      4.611     -3.444    -18.806     19.667      0.001
                                   Charge sum: -0.333           Momentum sum:      0.000      0.000     -8.726     31.278     30.036

 --------  End PYTHIA Event Listing  -----------------------------------------------------------------------------------------------

 --------  PYTHIA Event Listing  (complete event)  ---------------------------------------------------------------------------------
 
    no         id  name            status     mothers   daughters     colours      p_x        p_y        p_z         e          m 
     0         90  (system)           -11     0     0     0     0     0     0      0.000     -0.000     79.996    120.000     89.447
     1       2212  (p+)               -12     0     0     7     0     0     0     -0.000     -0.000     99.996    100.001      0.938
     2         11  (e-)               -12     0     0     4     0     0     0      0.000     -0.000    -20.000     20.000      0.001
     3          2  (u)                -21     7     7     5     6   101     0     -0.000      0.000     11.276     11.276      0.000
     4         11  (e-)               -21     2     0     5     6     0     0      0.000     -0.000    -20.000     20.000      0.000
     5          2  (u)                -23     3     4     8     8   101     0     -4.611      3.444     10.080     11.612      0.330
     6         11  e-                  23     3     4     0     0     0     0      4.611     -3.444    -18.806     19.667      0.001
     7          2  (u)                -61     1     0     3     3   101     0     -0.926      0.905     15.693     15.747      0.000
     8          2  (u)                -62     5     5    11    16   101     0     -5.311      4.178     14.386     15.898      0.330
     9       2203  (uu_1)             -63     1     0    11    16     0   101      0.345     -0.572     42.072     42.084      0.771
    10       -213  (rho-)             -63     1     0    17    18     0     0      0.354     -0.163     42.343     42.352      0.775
    11        111  (pi0)              -83     8     9    25    26     0     0     -1.588      0.987      4.655      5.018      0.135
    12        211  pi+                 83     8     9     0     0     0     0     -1.738      1.143      3.179      3.802      0.140
    13       -211  pi-                 83     8     9     0     0     0     0     -1.006      1.164      3.560      3.881      0.140
    14        213  (rho+)             -84     8     9    19    20     0     0     -0.671      0.682      7.757      7.883      1.024
    15       2114  (Delta0)           -84     8     9    21    22     0     0      0.087     -0.074     16.007     16.066      1.374
    16        213  (rho+)             -84     8     9    23    24     0     0     -0.050     -0.296     21.300     21.332      1.131
    17       -211  pi-                 91    10     0     0     0     0     0      0.394     -0.408     29.907     29.913      0.140
    18        111  (pi0)              -91    10     0    27    28     0     0     -0.039      0.245     12.436     12.439      0.135
    19        211  pi+                 91    14     0     0     0     0     0     -0.829      0.586      4.403      4.520      0.140
    20        111  (pi0)              -91    14     0    29    30     0     0      0.159      0.096      3.354      3.362      0.135
    21       2212  p+                  91    15     0     0     0     0     0     -0.076     -0.371     11.853     11.896      0.938
    22       -211  pi-                 91    15     0     0     0     0     0      0.163      0.298      4.154      4.170      0.140
    23        211  pi+                 91    16     0     0     0     0     0      0.399      0.107     13.730     13.737      0.140
    24        111  (pi0)              -91    16     0    31    32     0     0     -0.449     -0.403      7.570      7.595      0.135
    25         22  gamma               91    11     0     0     0     0     0     -0.791      0.528      2.528      2.701      0.000
    26         22  gamma               91    11     0     0     0     0     0     -0.797      0.459      2.127      2.317      0.000
    27         22  gamma               91    18     0     0     0     0     0     -0.059      0.065      6.069      6.070      0.000
    28         22  gamma               91    18     0     0     0     0     0      0.019      0.180      6.367      6.369      0.000
    29         22  gamma               91    20     0     0     0     0     0      0.017      0.047      0.296      0.300      0.000
    30         22  gamma               91    20     0     0     0     0     0      0.142      0.050      3.058      3.062      0.000
    31         22  gamma               91    24     0     0     0     0     0     -0.291     -0.191      3.787      3.803      0.000
    32         22  gamma               91    24     0     0     0     0     0     -0.157     -0.212      3.783      3.792      0.000
                                   Charge sum:  0.000           Momentum sum:      0.000     -0.000     79.996    120.001     89.447

 --------  End PYTHIA Event Listing  -----------------------------------------------------------------------------------------------
=======================================================================
======       Pre-compound/De-excitation Physics Parameters     ========
=======================================================================
Type of pre-compound inverse x-section              3
Pre-compound model active                           1
Pre-compound excitation low energy (MeV)            0.1
Pre-compound excitation high energy (MeV)           30
Type of de-excitation inverse x-section             3
Type of de-excitation factory                       Evaporation+GEM
Number of de-excitation channels                    68
Min excitation energy (keV)                         0.01
Min energy per nucleon for multifragmentation (MeV) 2e+05
Limit excitation energy for Fermi BreakUp (MeV)     20
Level density (1/MeV)                               0.075
Use simple level density model                      1
Use discrete excitation energy of the residual      0
Time limit for long lived isomeres (ns)             1000
Internal e- conversion flag                         1
Store e- internal conversion data                   0
Electron internal conversion ID                     2
Correlated gamma emission flag                      0
Max 2J for sampling of angular correlations         10
Upload data before 1st event for                Z < 9
=======================================================================

-------- WWWW ------- G4Exception-START -------- WWWW -------
*** G4Exception : GeomNav1002
      issued by : G4Navigator::ComputeStep()
Stuck Track: potential geometry or navigation problem.
  Track stuck, not moving for 10 steps.
  Current  phys volume: 'HadronForwardEnvelope_0'
   - at position : (-28.00580806491119,-9.872096372748267,3260.923831440482)
     in direction: (-0.7138663854493612,-0.3287249347510707,0.6183321930793902)
    (local position: (-28.00580806491119,-9.872096372748267,3260.923831440482))
    (local direction: (-0.7138663854493612,-0.3287249347510707,0.6183321930793902)).
  Previous phys volume: 'P-PI-FLG-0062-2'

  Likely geometry overlap - else navigation problem !
   *** Trying to get *unstuck* using a push - expanding step to 1e-07 (mm) ...       Potential overlap in geometry !

*** This is just a warning message. ***
-------- WWWW -------- G4Exception-END --------- WWWW -------


-------- WWWW ------- G4Exception-START -------- WWWW -------
*** G4Exception : GeomNav1002
      issued by : G4Navigator::ComputeStep()
Stuck Track: potential geometry or navigation problem.
  Track stuck, not moving for 10 steps.
  Current  phys volume: 'HadronForwardEnvelope_0'
   - at position : (-28.59160038196622,-7.347995088311844,3168.486028476654)
     in direction: (-0.4819657321201833,-0.6973437710429342,0.5304909971427183)
    (local position: (-28.59160038196622,-7.347995088311844,3168.486028476654))
    (local direction: (-0.4819657321201833,-0.6973437710429342,0.5304909971427183)).
  Previous phys volume: 'P-PI-FLG-0062-2'

  Likely geometry overlap - else navigation problem !
   *** Trying to get *unstuck* using a push - expanding step to 1e-07 (mm) ...       Potential overlap in geometry !

*** This is just a warning message. ***
-------- WWWW -------- G4Exception-END --------- WWWW -------


-------- WWWW ------- G4Exception-START -------- WWWW -------
*** G4Exception : GeomNav1002
      issued by : G4Navigator::ComputeStep()
Stuck Track: potential geometry or navigation problem.
  Track stuck, not moving for 10 steps.
  Current  phys volume: 'HadronForwardEnvelope_0'
   - at position : (-27.12314393588515,-12.7122941298078,2983.239577945671)
     in direction: (-0.4605929279532464,-0.6230466535243215,-0.6321922352035017)
    (local position: (-27.12314393588515,-12.7122941298078,2983.239577945671))
    (local direction: (-0.4605929279532464,-0.6230466535243215,-0.6321922352035017)).
  Previous phys volume: 'P-PI-FLG-0062-2'

  Likely geometry overlap - else navigation problem !
   *** Trying to get *unstuck* using a push - expanding step to 1e-07 (mm) ...       Potential overlap in geometry !

*** This is just a warning message. ***
-------- WWWW -------- G4Exception-END --------- WWWW -------


-------- WWWW ------- G4Exception-START -------- WWWW -------
*** G4Exception : GeomNav1002
      issued by : G4Navigator::ComputeStep()
Stuck Track: potential geometry or navigation problem.
  Track stuck, not moving for 10 steps.
  Current  phys volume: 'HadronForwardEnvelope_0'
   - at position : (-24.9850838674454,-15.78841883161281,3256.347527226356)
     in direction: (-0.01329368640263048,-0.7919778811583553,0.6104050406555883)
    (local position: (-24.9850838674454,-15.78841883161281,3256.347527226356))
    (local direction: (-0.01329368640263048,-0.7919778811583553,0.6104050406555883)).
  Previous phys volume: 'P-PI-FLG-0062-2'

  Likely geometry overlap - else navigation problem !
   *** Trying to get *unstuck* using a push - expanding step to 1e-07 (mm) ...       Potential overlap in geometry !

*** This is just a warning message. ***
-------- WWWW -------- G4Exception-END --------- WWWW -------


-------- WWWW ------- G4Exception-START -------- WWWW -------
*** G4Exception : GeomNav1002
      issued by : G4Navigator::ComputeStep()
Stuck Track: potential geometry or navigation problem.
  Track stuck, not moving for 10 steps.
  Current  phys volume: 'HadronForwardEnvelope_0'
   - at position : (-26.2702617006498,-14.13150302313774,2517.316096096647)
     in direction: (-0.9075148535723793,0.2983020490190019,0.2956901724720792)
    (local position: (-26.2702617006498,-14.13150302313774,2517.316096096647))
    (local direction: (-0.9075148535723793,0.2983020490190019,0.2956901724720792)).
  Previous phys volume: 'P-PI-FLG-0062-2'

  Likely geometry overlap - else navigation problem !
   *** Trying to get *unstuck* using a push - expanding step to 1e-07 (mm) ...       Potential overlap in geometry !

*** This is just a warning message. ***
-------- WWWW -------- G4Exception-END --------- WWWW -------


-------- WWWW ------- G4Exception-START -------- WWWW -------
*** G4Exception : GeomNav1002
      issued by : G4Navigator::ComputeStep()
Stuck Track: potential geometry or navigation problem.
  Track stuck, not moving for 10 steps.
  Current  phys volume: 'HadronForwardEnvelope_0'
   - at position : (-27.815734958915,-10.75776613121906,3228.000269975277)
     in direction: (-0.9674459015572335,-0.2209350003357445,0.1234348135120571)
    (local position: (-27.815734958915,-10.75776613121906,3228.000269975277))
    (local direction: (-0.9674459015572335,-0.2209350003357445,0.1234348135120571)).
  Previous phys volume: 'P-PI-FLG-0062-2'

  Likely geometry overlap - else navigation problem !
   *** Trying to get *unstuck* using a push - expanding step to 1e-07 (mm) ...       Potential overlap in geometry !

*** This is just a warning message. ***
-------- WWWW -------- G4Exception-END --------- WWWW -------

Error in <TDecompChol::Decompose()>: matrix not positive definite
genfit::Exception thrown with excString:
KalmanFitterInfo::calcAverageState: ill-conditioned covariance matrix.
in line: 149 in file: /phenix/u/phnxbld/workarea/sPHENIX_SL7.3/gcc-8.3/need_root_version/root-6.22.02/genfit/core/src/MeasuredStateOnPlane.cc
with fatal flag 0
Error in <TDecompChol::Decompose()>: matrix not positive definite
genfit::Exception thrown with excString:
KalmanFitterInfo::calcAverageState: ill-conditioned covariance matrix.
in line: 149 in file: /phenix/u/phnxbld/workarea/sPHENIX_SL7.3/gcc-8.3/need_root_version/root-6.22.02/genfit/core/src/MeasuredStateOnPlane.cc
with fatal flag 0
Error in <TDecompChol::Decompose()>: matrix not positive definite
Error in <TDecompChol::Decompose()>: matrix not positive definite
genfit::Exception thrown with excString:
KalmanFitterInfo::calcAverageState: ill-conditioned covariance matrix.
in line: 149 in file: /phenix/u/phnxbld/workarea/sPHENIX_SL7.3/gcc-8.3/need_root_version/root-6.22.02/genfit/core/src/MeasuredStateOnPlane.cc
with fatal flag 0
Error in <TDecompChol::Decompose()>: matrix not positive definite
Error in <TDecompChol::Decompose()>: matrix not positive definite
genfit::Exception thrown with excString:
KalmanFitterInfo::calcAverageState: ill-conditioned covariance matrix.
in line: 149 in file: /phenix/u/phnxbld/workarea/sPHENIX_SL7.3/gcc-8.3/need_root_version/root-6.22.02/genfit/core/src/MeasuredStateOnPlane.cc
with fatal flag 0
Error in <TDecompChol::Decompose()>: matrix not positive definite
genfit::Exception thrown with excString:
KalmanFitterInfo::calcAverageState: ill-conditioned covariance matrix.
in line: 149 in file: /phenix/u/phnxbld/workarea/sPHENIX_SL7.3/gcc-8.3/need_root_version/root-6.22.02/genfit/core/src/MeasuredStateOnPlane.cc
with fatal flag 0
Error in <TDecompChol::Decompose()>: matrix not positive definite
genfit::Exception thrown with excString:
KalmanFitterInfo::calcAverageState: ill-conditioned covariance matrix.
in line: 149 in file: /phenix/u/phnxbld/workarea/sPHENIX_SL7.3/gcc-8.3/need_root_version/root-6.22.02/genfit/core/src/MeasuredStateOnPlane.cc
with fatal flag 0
/global/project/projectdirs/alice/ftorales/Singularity/coresoftware/simulation/g4simulation/g4eval/SvtxVertexEval.cc:419: Did not find_vertexmap on node tree
Error in <TDecompChol::Decompose()>: matrix not positive definite
genfit::Exception thrown with excString:
KalmanFitterInfo::calcAverageState: ill-conditioned covariance matrix.
in line: 149 in file: /phenix/u/phnxbld/workarea/sPHENIX_SL7.3/gcc-8.3/need_root_version/root-6.22.02/genfit/core/src/MeasuredStateOnPlane.cc
with fatal flag 0
Error in <TDecompChol::Decompose()>: matrix not positive definite
genfit::Exception thrown with excString:
KalmanFitterInfo::calcAverageState: ill-conditioned covariance matrix.
in line: 149 in file: /phenix/u/phnxbld/workarea/sPHENIX_SL7.3/gcc-8.3/need_root_version/root-6.22.02/genfit/core/src/MeasuredStateOnPlane.cc
with fatal flag 0
/global/project/projectdirs/alice/ftorales/Singularity/coresoftware/simulation/g4simulation/g4eval/SvtxVertexEval.cc:419: Did not find_vertexmap on node tree
Error in <TDecompChol::Decompose()>: matrix not positive definite
genfit::Exception thrown with excString:
KalmanFitterInfo::calcAverageState: ill-conditioned covariance matrix.
in line: 149 in file: /phenix/u/phnxbld/workarea/sPHENIX_SL7.3/gcc-8.3/need_root_version/root-6.22.02/genfit/core/src/MeasuredStateOnPlane.cc
with fatal flag 0
Error in <TDecompChol::Decompose()>: matrix not positive definite
genfit::Exception thrown with excString:
KalmanFitterInfo::calcAverageState: ill-conditioned covariance matrix.
in line: 149 in file: /phenix/u/phnxbld/workarea/sPHENIX_SL7.3/gcc-8.3/need_root_version/root-6.22.02/genfit/core/src/MeasuredStateOnPlane.cc
with fatal flag 0
Error in <TDecompChol::Decompose()>: matrix not positive definite
genfit::Exception thrown with excString:
KalmanFitterInfo::calcAverageState: ill-conditioned covariance matrix.
in line: 149 in file: /phenix/u/phnxbld/workarea/sPHENIX_SL7.3/gcc-8.3/need_root_version/root-6.22.02/genfit/core/src/MeasuredStateOnPlane.cc
with fatal flag 0
Error in <TDecompChol::Decompose()>: matrix not positive definite
genfit::Exception thrown with excString:
KalmanFitterInfo::calcAverageState: ill-conditioned covariance matrix.
in line: 149 in file: /phenix/u/phnxbld/workarea/sPHENIX_SL7.3/gcc-8.3/need_root_version/root-6.22.02/genfit/core/src/MeasuredStateOnPlane.cc
with fatal flag 0
Error in <TDecompChol::Decompose()>: matrix not positive definite
genfit::Exception thrown with excString:
KalmanFitterInfo::calcAverageState: ill-conditioned covariance matrix.
in line: 149 in file: /phenix/u/phnxbld/workarea/sPHENIX_SL7.3/gcc-8.3/need_root_version/root-6.22.02/genfit/core/src/MeasuredStateOnPlane.cc
with fatal flag 0
/global/project/projectdirs/alice/ftorales/Singularity/coresoftware/simulation/g4simulation/g4eval/SvtxVertexEval.cc:419: Did not find_vertexmap on node tree

-------- WWWW ------- G4Exception-START -------- WWWW -------
*** G4Exception : GeomNav1002
      issued by : G4Navigator::ComputeStep()
Stuck Track: potential geometry or navigation problem.
  Track stuck, not moving for 10 steps.
  Current  phys volume: 'HadronForwardEnvelope_0'
   - at position : (-26.65197675887952,-11.44407170897649,3523.201520855195)
     in direction: (-0.1816576047262512,-0.6591284655496826,-0.7297603583007519)
    (local position: (-26.65197675887952,-11.44407170897649,3523.201520855195))
    (local direction: (-0.1816576047262512,-0.6591284655496826,-0.7297603583007519)).
  Previous phys volume: 'P-PI-FLG-0062-2'

  Likely geometry overlap - else navigation problem !
   *** Trying to get *unstuck* using a push - expanding step to 1e-07 (mm) ...       Potential overlap in geometry !

*** This is just a warning message. ***
-------- WWWW -------- G4Exception-END --------- WWWW -------


-------- WWWW ------- G4Exception-START -------- WWWW -------
*** G4Exception : GeomNav1002
      issued by : G4Navigator::ComputeStep()
Stuck Track: potential geometry or navigation problem.
  Track stuck, not moving for 10 steps.
  Current  phys volume: 'HadronForwardEnvelope_0'
   - at position : (-27.96533083162231,-10.72436802120512,2343.352452996094)
     in direction: (-0.1703928428192286,-0.977463244295782,0.1246269841035479)
    (local position: (-27.96533083162231,-10.72436802120512,2343.352452996094))
    (local direction: (-0.1703928428192286,-0.977463244295782,0.1246269841035479)).
  Previous phys volume: 'P-PI-FLG-0062-2'

  Likely geometry overlap - else navigation problem !
   *** Trying to get *unstuck* using a push - expanding step to 1e-07 (mm) ...       Potential overlap in geometry !

*** This is just a warning message. ***
-------- WWWW -------- G4Exception-END --------- WWWW -------

Error in <TDecompChol::Decompose()>: matrix not positive definite
genfit::Exception thrown with excString:
KalmanFitterInfo::calcAverageState: ill-conditioned covariance matrix.
in line: 149 in file: /phenix/u/phnxbld/workarea/sPHENIX_SL7.3/gcc-8.3/need_root_version/root-6.22.02/genfit/core/src/MeasuredStateOnPlane.cc
with fatal flag 0
Error in <TDecompChol::Decompose()>: matrix not positive definite
genfit::Exception thrown with excString:
KalmanFitterInfo::calcAverageState: ill-conditioned covariance matrix.
in line: 149 in file: /phenix/u/phnxbld/workarea/sPHENIX_SL7.3/gcc-8.3/need_root_version/root-6.22.02/genfit/core/src/MeasuredStateOnPlane.cc
with fatal flag 0
Error in <TDecompChol::Decompose()>: matrix not positive definite
genfit::Exception thrown with excString:
KalmanFitterInfo::calcAverageState: ill-conditioned covariance matrix.
in line: 149 in file: /phenix/u/phnxbld/workarea/sPHENIX_SL7.3/gcc-8.3/need_root_version/root-6.22.02/genfit/core/src/MeasuredStateOnPlane.cc
with fatal flag 0
Error in <TDecompChol::Decompose()>: matrix not positive definite
genfit::Exception thrown with excString:
KalmanFitterInfo::calcAverageState: ill-conditioned covariance matrix.
in line: 149 in file: /phenix/u/phnxbld/workarea/sPHENIX_SL7.3/gcc-8.3/need_root_version/root-6.22.02/genfit/core/src/MeasuredStateOnPlane.cc
with fatal flag 0
Error in <TDecompChol::Decompose()>: matrix not positive definite
genfit::Exception thrown with excString:
KalmanFitterInfo::calcAverageState: ill-conditioned covariance matrix.
in line: 149 in file: /phenix/u/phnxbld/workarea/sPHENIX_SL7.3/gcc-8.3/need_root_version/root-6.22.02/genfit/core/src/MeasuredStateOnPlane.cc
with fatal flag 0
/global/project/projectdirs/alice/ftorales/Singularity/coresoftware/simulation/g4simulation/g4eval/SvtxVertexEval.cc:419: Did not find_vertexmap on node tree
No Cluster for this leading electron


-------- WWWW ------- G4Exception-START -------- WWWW -------
*** G4Exception : GeomNav1002
      issued by : G4Navigator::ComputeStep()
Stuck Track: potential geometry or navigation problem.
  Track stuck, not moving for 10 steps.
  Current  phys volume: 'HadronForwardEnvelope_0'
   - at position : (-26.22166836181467,-14.04718534893661,3034.73314901447)
     in direction: (-0.2330002011800012,-0.6695702290875315,0.7052564176026686)
    (local position: (-26.22166836181467,-14.04718534893661,3034.73314901447))
    (local direction: (-0.2330002011800012,-0.6695702290875315,0.7052564176026686)).
  Previous phys volume: 'P-PI-FLG-0062-2'

  Likely geometry overlap - else navigation problem !
   *** Trying to get *unstuck* using a push - expanding step to 1e-07 (mm) ...       Potential overlap in geometry !

*** This is just a warning message. ***
-------- WWWW -------- G4Exception-END --------- WWWW -------

Error in <TDecompChol::Decompose()>: matrix not positive definite
genfit::Exception thrown with excString:
KalmanFitterInfo::calcAverageState: ill-conditioned covariance matrix.
in line: 149 in file: /phenix/u/phnxbld/workarea/sPHENIX_SL7.3/gcc-8.3/need_root_version/root-6.22.02/genfit/core/src/MeasuredStateOnPlane.cc
with fatal flag 0
Error in <TDecompChol::Decompose()>: matrix not positive definite
genfit::Exception thrown with excString:
KalmanFitterInfo::calcAverageState: ill-conditioned covariance matrix.
in line: 149 in file: /phenix/u/phnxbld/workarea/sPHENIX_SL7.3/gcc-8.3/need_root_version/root-6.22.02/genfit/core/src/MeasuredStateOnPlane.cc
with fatal flag 0
/global/project/projectdirs/alice/ftorales/Singularity/coresoftware/simulation/g4simulation/g4eval/SvtxVertexEval.cc:419: Did not find_vertexmap on node tree

-------- WWWW ------- G4Exception-START -------- WWWW -------
*** G4Exception : GeomNav1002
      issued by : G4Navigator::ComputeStep()
Stuck Track: potential geometry or navigation problem.
  Track stuck, not moving for 10 steps.
  Current  phys volume: 'HadronForwardEnvelope_0'
   - at position : (-25.30166191211713,-15.13713946589179,3613.222517460918)
     in direction: (-0.005333477026888692,-0.01821985469245612,0.9998197792191297)
    (local position: (-25.30166191211713,-15.13713946589179,3613.222517460918))
    (local direction: (-0.005333477026888692,-0.01821985469245612,0.9998197792191297)).
  Previous phys volume: 'P-PI-FLG-0062-2'

  Likely geometry overlap - else navigation problem !
   *** Trying to get *unstuck* using a push - expanding step to 1e-07 (mm) ...       Potential overlap in geometry !

*** This is just a warning message. ***
-------- WWWW -------- G4Exception-END --------- WWWW -------

Error in <TDecompChol::Decompose()>: matrix not positive definite
Error in <TDecompChol::Decompose()>: matrix not positive definite
genfit::Exception thrown with excString:
KalmanFitterInfo::calcAverageState: ill-conditioned covariance matrix.
in line: 149 in file: /phenix/u/phnxbld/workarea/sPHENIX_SL7.3/gcc-8.3/need_root_version/root-6.22.02/genfit/core/src/MeasuredStateOnPlane.cc
with fatal flag 0
Error in <TDecompChol::Decompose()>: matrix not positive definite
Error in <TDecompChol::Decompose()>: matrix not positive definite
genfit::Exception thrown with excString:
KalmanFitterInfo::calcAverageState: ill-conditioned covariance matrix.
in line: 149 in file: /phenix/u/phnxbld/workarea/sPHENIX_SL7.3/gcc-8.3/need_root_version/root-6.22.02/genfit/core/src/MeasuredStateOnPlane.cc
with fatal flag 0
Error in <TDecompChol::Decompose()>: matrix not positive definite
genfit::Exception thrown with excString:
KalmanFitterInfo::calcAverageState: ill-conditioned covariance matrix.
in line: 149 in file: /phenix/u/phnxbld/workarea/sPHENIX_SL7.3/gcc-8.3/need_root_version/root-6.22.02/genfit/core/src/MeasuredStateOnPlane.cc
with fatal flag 0
Error in <TDecompChol::Decompose()>: matrix not positive definite
genfit::Exception thrown with excString:
KalmanFitterInfo::calcAverageState: ill-conditioned covariance matrix.
in line: 149 in file: /phenix/u/phnxbld/workarea/sPHENIX_SL7.3/gcc-8.3/need_root_version/root-6.22.02/genfit/core/src/MeasuredStateOnPlane.cc
with fatal flag 0
Error in <TDecompChol::Decompose()>: matrix not positive definite
genfit::Exception thrown with excString:
KalmanFitterInfo::calcAverageState: ill-conditioned covariance matrix.
in line: 149 in file: /phenix/u/phnxbld/workarea/sPHENIX_SL7.3/gcc-8.3/need_root_version/root-6.22.02/genfit/core/src/MeasuredStateOnPlane.cc
with fatal flag 0
Error in <TDecompChol::Decompose()>: matrix not positive definite
genfit::Exception thrown with excString:
KalmanFitterInfo::calcAverageState: ill-conditioned covariance matrix.
in line: 149 in file: /phenix/u/phnxbld/workarea/sPHENIX_SL7.3/gcc-8.3/need_root_version/root-6.22.02/genfit/core/src/MeasuredStateOnPlane.cc
with fatal flag 0
Error in <TDecompChol::Decompose()>: matrix not positive definite
genfit::Exception thrown with excString:
KalmanFitterInfo::calcAverageState: ill-conditioned covariance matrix.
in line: 149 in file: /phenix/u/phnxbld/workarea/sPHENIX_SL7.3/gcc-8.3/need_root_version/root-6.22.02/genfit/core/src/MeasuredStateOnPlane.cc
with fatal flag 0
/global/project/projectdirs/alice/ftorales/Singularity/coresoftware/simulation/g4simulation/g4eval/SvtxVertexEval.cc:419: Did not find_vertexmap on node tree

-------- WWWW ------- G4Exception-START -------- WWWW -------
*** G4Exception : GeomNav1002
      issued by : G4Navigator::ComputeStep()
Stuck Track: potential geometry or navigation problem.
  Track stuck, not moving for 10 steps.
  Current  phys volume: 'HadronForwardEnvelope_0'
   - at position : (-28.70579324887544,-7.255100498528758,2773.787812183898)
     in direction: (-0.1247560142604832,-0.9073186024009514,-0.4015082697068916)
    (local position: (-28.70579324887544,-7.255100498528758,2773.787812183898))
    (local direction: (-0.1247560142604832,-0.9073186024009514,-0.4015082697068916)).
  Previous phys volume: 'P-PI-FLG-0062-2'

  Likely geometry overlap - else navigation problem !
   *** Trying to get *unstuck* using a push - expanding step to 1e-07 (mm) ...       Potential overlap in geometry !

*** This is just a warning message. ***
-------- WWWW -------- G4Exception-END --------- WWWW -------


-------- WWWW ------- G4Exception-START -------- WWWW -------
*** G4Exception : GeomNav1002
      issued by : G4Navigator::ComputeStep()
Stuck Track: potential geometry or navigation problem.
  Track stuck, not moving for 10 steps.
  Current  phys volume: 'HadronForwardEnvelope_0'
   - at position : (-26.16149395964826,-14.16105268126443,2961.545466515977)
     in direction: (-0.001911226587162836,-0.1045470057899696,0.9945181098367615)
    (local position: (-26.16149395964826,-14.16105268126443,2961.545466515977))
    (local direction: (-0.001911226587162836,-0.1045470057899696,0.9945181098367615)).
  Previous phys volume: 'P-PI-FLG-0062-2'

  Likely geometry overlap - else navigation problem !
   *** Trying to get *unstuck* using a push - expanding step to 1e-07 (mm) ...       Potential overlap in geometry !

*** This is just a warning message. ***
-------- WWWW -------- G4Exception-END --------- WWWW -------


-------- WWWW ------- G4Exception-START -------- WWWW -------
*** G4Exception : GeomNav1002
      issued by : G4Navigator::ComputeStep()
Stuck Track: potential geometry or navigation problem.
  Track stuck, not moving for 10 steps.
  Current  phys volume: 'HadronForwardEnvelope_0'
   - at position : (-28.65915668539228,-7.587669454443091,2656.937857516117)
     in direction: (-0.02139731429931607,-0.1783603420634505,0.9837325568058554)
    (local position: (-28.65915668539228,-7.587669454443091,2656.937857516117))
    (local direction: (-0.02139731429931607,-0.1783603420634505,0.9837325568058554)).
  Previous phys volume: 'P-PI-FLG-0062-2'

  Likely geometry overlap - else navigation problem !
   *** Trying to get *unstuck* using a push - expanding step to 1e-07 (mm) ...       Potential overlap in geometry !

*** This is just a warning message. ***
-------- WWWW -------- G4Exception-END --------- WWWW -------

/global/project/projectdirs/alice/ftorales/Singularity/coresoftware/simulation/g4simulation/g4eval/SvtxVertexEval.cc:419: Did not find_vertexmap on node tree

-------- WWWW ------- G4Exception-START -------- WWWW -------
*** G4Exception : GeomNav1002
      issued by : G4Navigator::ComputeStep()
Stuck Track: potential geometry or navigation problem.
  Track stuck, not moving for 10 steps.
  Current  phys volume: 'HadronForwardEnvelope_0'
   - at position : (-27.2112662841163,-12.54441365470586,3116.188054123521)
     in direction: (-0.3730633153817046,0.1104027772851406,0.9212138673967835)
    (local position: (-27.2112662841163,-12.54441365470586,3116.188054123521))
    (local direction: (-0.3730633153817046,0.1104027772851406,0.9212138673967835)).
  Previous phys volume: 'P-PI-FLG-0062-2'

  Likely geometry overlap - else navigation problem !
   *** Trying to get *unstuck* using a push - expanding step to 1e-07 (mm) ...       Potential overlap in geometry !

*** This is just a warning message. ***
-------- WWWW -------- G4Exception-END --------- WWWW -------


-------- WWWW ------- G4Exception-START -------- WWWW -------
*** G4Exception : GeomNav1002
      issued by : G4Navigator::ComputeStep()
Stuck Track: potential geometry or navigation problem.
  Track stuck, not moving for 10 steps.
  Current  phys volume: 'HadronForwardEnvelope_0'
   - at position : (-27.36670745918992,-12.23858758923016,2988.560020223154)
     in direction: (-0.3915427378170901,0.1882202521102073,0.9007038476426461)
    (local position: (-27.36670745918992,-12.23858758923016,2988.560020223154))
    (local direction: (-0.3915427378170901,0.1882202521102073,0.9007038476426461)).
  Previous phys volume: 'P-PI-FLG-0062-2'

  Likely geometry overlap - else navigation problem !
   *** Trying to get *unstuck* using a push - expanding step to 1e-07 (mm) ...       Potential overlap in geometry !

*** This is just a warning message. ***
-------- WWWW -------- G4Exception-END --------- WWWW -------

Error in <TDecompChol::Decompose()>: matrix not positive definite
Error in <TDecompChol::Decompose()>: matrix not positive definite
genfit::Exception thrown with excString:
KalmanFitterInfo::calcAverageState: ill-conditioned covariance matrix.
in line: 149 in file: /phenix/u/phnxbld/workarea/sPHENIX_SL7.3/gcc-8.3/need_root_version/root-6.22.02/genfit/core/src/MeasuredStateOnPlane.cc
with fatal flag 0
Error in <TDecompChol::Decompose()>: matrix not positive definite
Error in <TDecompChol::Decompose()>: matrix not positive definite
genfit::Exception thrown with excString:
KalmanFitterInfo::calcAverageState: ill-conditioned covariance matrix.
in line: 149 in file: /phenix/u/phnxbld/workarea/sPHENIX_SL7.3/gcc-8.3/need_root_version/root-6.22.02/genfit/core/src/MeasuredStateOnPlane.cc
with fatal flag 0
/global/project/projectdirs/alice/ftorales/Singularity/coresoftware/simulation/g4simulation/g4eval/SvtxVertexEval.cc:419: Did not find_vertexmap on node tree
No Cluster for this leading electron

Error in <TDecompChol::Decompose()>: matrix not positive definite
genfit::Exception thrown with excString:
KalmanFitterInfo::calcAverageState: ill-conditioned covariance matrix.
in line: 149 in file: /phenix/u/phnxbld/workarea/sPHENIX_SL7.3/gcc-8.3/need_root_version/root-6.22.02/genfit/core/src/MeasuredStateOnPlane.cc
with fatal flag 0
Error in <TDecompChol::Decompose()>: matrix not positive definite
genfit::Exception thrown with excString:
KalmanFitterInfo::calcAverageState: ill-conditioned covariance matrix.
in line: 149 in file: /phenix/u/phnxbld/workarea/sPHENIX_SL7.3/gcc-8.3/need_root_version/root-6.22.02/genfit/core/src/MeasuredStateOnPlane.cc
with fatal flag 0
Error in <TDecompChol::Decompose()>: matrix not positive definite
Error in <TDecompChol::Decompose()>: matrix not positive definite
genfit::Exception thrown with excString:
KalmanFitterInfo::calcAverageState: ill-conditioned covariance matrix.
in line: 149 in file: /phenix/u/phnxbld/workarea/sPHENIX_SL7.3/gcc-8.3/need_root_version/root-6.22.02/genfit/core/src/MeasuredStateOnPlane.cc
with fatal flag 0
Error in <TDecompChol::Decompose()>: matrix not positive definite
Error in <TDecompChol::Decompose()>: matrix not positive definite
genfit::Exception thrown with excString:
KalmanFitterInfo::calcAverageState: ill-conditioned covariance matrix.
in line: 149 in file: /phenix/u/phnxbld/workarea/sPHENIX_SL7.3/gcc-8.3/need_root_version/root-6.22.02/genfit/core/src/MeasuredStateOnPlane.cc
with fatal flag 0
Error in <TDecompChol::Decompose()>: matrix not positive definite
Error in <TDecompChol::Decompose()>: matrix not positive definite
genfit::Exception thrown with excString:
KalmanFitterInfo::calcAverageState: ill-conditioned covariance matrix.
in line: 149 in file: /phenix/u/phnxbld/workarea/sPHENIX_SL7.3/gcc-8.3/need_root_version/root-6.22.02/genfit/core/src/MeasuredStateOnPlane.cc
with fatal flag 0
/global/project/projectdirs/alice/ftorales/Singularity/coresoftware/simulation/g4simulation/g4eval/SvtxVertexEval.cc:419: Did not find_vertexmap on node tree
MyJetAnalysis::End - Output to /global/project/projectdirs/alice/ftorales/fast_slurm_allsi_reco_branches/eP_7_e+jet_Tree.root
All done
