LD_LIBRARY_PATH now /global/project/projectdirs/alice/ftorales//Singularity//install/lib:/global/project/projectdirs/alice/ftorales/Singularity/cvmfs/sphenix.sdcc.bnl.gov/gcc-8.3/opt/sphenix/core/gcc/8.3.0.1-0a5ad/x86_64-centos7/lib:/global/project/projectdirs/alice/ftorales/Singularity/cvmfs/sphenix.sdcc.bnl.gov/gcc-8.3/opt/sphenix/core/gcc/8.3.0.1-0a5ad/x86_64-centos7/lib64:/global/project/projectdirs/alice/ftorales/Singularity/cvmfs/sphenix.sdcc.bnl.gov/gcc-8.3/opt/sphenix/core/binutils/2.30-e5b21/x86_64-centos7/lib:.:/global/project/projectdirs/alice/ftorales/Singularity/cvmfs/sphenix.sdcc.bnl.gov/gcc-8.3/release/release_new/new.4/lib64:/global/project/projectdirs/alice/ftorales/Singularity/cvmfs/sphenix.sdcc.bnl.gov/gcc-8.3/release/release_new/new.4/lib:/global/project/projectdirs/alice/ftorales/Singularity/cvmfs/sphenix.sdcc.bnl.gov/gcc-8.3/opt/sphenix/utils/lib64:/global/project/projectdirs/alice/ftorales/Singularity/cvmfs/sphenix.sdcc.bnl.gov/gcc-8.3/opt/sphenix/utils/lib:/global/project/projectdirs/alice/ftorales/Singularity/cvmfs/sphenix.sdcc.bnl.gov/gcc-8.3/opt/sphenix/core/lib:/global/project/projectdirs/alice/ftorales/Singularity/cvmfs/sphenix.sdcc.bnl.gov/gcc-8.3/opt/sphenix/core/root-6.22.02/lib:/global/project/projectdirs/alice/ftorales/Singularity/cvmfs/sphenix.sdcc.bnl.gov/gcc-8.3/opt/sphenix/core/geant4.10.06.p02/lib64:/global/project/projectdirs/alice/ftorales/Singularity/cvmfs/sphenix.sdcc.bnl.gov/gcc-8.3/opt/sphenix/core/lhapdf-5.9.1/lib:/usr/local/lib64:/usr/lib64
PATH now :/global/project/projectdirs/alice/ftorales/Singularity/cvmfs/sphenix.sdcc.bnl.gov/gcc-8.3/opt/sphenix/core/gcc/8.3.0.1-0a5ad/x86_64-centos7/bin:/global/project/projectdirs/alice/ftorales/Singularity/cvmfs/sphenix.sdcc.bnl.gov/gcc-8.3/opt/sphenix/core/binutils/2.30-e5b21/x86_64-centos7/bin:.:/global/project/projectdirs/alice/ftorales/Singularity/cvmfs/sphenix.sdcc.bnl.gov/gcc-8.3/release/release_new/new.4/bin:/global/project/projectdirs/alice/ftorales/Singularity/cvmfs/sphenix.sdcc.bnl.gov/gcc-8.3/opt/sphenix/utils/bin:/global/project/projectdirs/alice/ftorales/Singularity/cvmfs/sphenix.sdcc.bnl.gov/gcc-8.3/opt/sphenix/core/bin:/global/project/projectdirs/alice/ftorales/Singularity/cvmfs/sphenix.sdcc.bnl.gov/gcc-8.3/opt/sphenix/core/root-6.22.02/bin:/global/project/projectdirs/alice/ftorales/Singularity/cvmfs/sphenix.sdcc.bnl.gov/gcc-8.3/opt/sphenix/core/geant4.10.06.p02/bin:/usr/local/bin:/usr/bin:/usr/local/sbin:/usr/sbin
   ------------------------------------------------------------------
  | Welcome to ROOT 6.22/02                        https://root.cern |
  | (c) 1995-2020, The ROOT Team; conception: R. Brun, F. Rademakers |
  | Built for linuxx8664gcc on Aug 17 2020, 12:46:52                 |
  | From tags/v6-22-02@v6-22-02                                      |
  | Try '.help', '.demo', '.license', '.credits', '.quit'/'.q'       |
   ------------------------------------------------------------------


Processing Fun4All_G4_EICDetector.C(10, 11*24513+14290,"","/global/project/projectdirs/alice/ftorales/fast_slurm_allsi_reco_branches/eP_11")...
PHRandomSeed::GetSeed() seed: 2762507697

 *------------------------------------------------------------------------------------* 
 |                                                                                    | 
 |  *------------------------------------------------------------------------------*  | 
 |  |                                                                              |  | 
 |  |                                                                              |  | 
 |  |   PPP   Y   Y  TTTTT  H   H  III    A      Welcome to the Lund Monte Carlo!  |  | 
 |  |   P  P   Y Y     T    H   H   I    A A     This is PYTHIA version 8.303      |  | 
 |  |   PPP     Y      T    HHHHH   I   AAAAA    Last date of change:  1 Sep 2020  |  | 
 |  |   P       Y      T    H   H   I   A   A                                      |  | 
 |  |   P       Y      T    H   H  III  A   A    Now is 04 Feb 2021 at 19:13:36    |  | 
 |  |                                                                              |  | 
 |  |   Christian Bierlich;  Department of Astronomy and Theoretical Physics,      |  | 
 |  |      Lund University, Solvegatan 14A, SE-223 62 Lund, Sweden;                |  | 
 |  |      e-mail: christian.bierlich@thep.lu.se                                   |  | 
 |  |   Nishita Desai;  Department of Theoretical Physics, Tata Institute,         |  | 
 |  |      Homi Bhabha Road, Mumbai 400005, India;                                 |  | 
 |  |      e-mail: desai@theory.tifr.res.in                                        |  | 
 |  |   Leif Gellersen;  Department of Astronomy and Theoretical Physics,          |  | 
 |  |      Lund University, Solvegatan 14A, SE-223 62 Lund, Sweden;                |  | 
 |  |      e-mail: leif.gellersen@thep.lu.se                                       |  | 
 |  |   Ilkka Helenius;  Department of Physics, University of Jyvaskyla,           |  | 
 |  |      P.O. Box 35, FI-40014 University of Jyvaskyla, Finland;                 |  | 
 |  |      e-mail: ilkka.m.helenius@jyu.fi                                         |  | 
 |  |   Philip Ilten;  Department of Physics,                                      |  | 
 |  |      University of Cincinnati, Cincinnati, OH 45221, USA;                    |  | 
 |  |      School of Physics and Astronomy,                                        |  | 
 |  |      University of Birmingham, Birmingham, B152 2TT, UK;                     |  | 
 |  |      e-mail: philten@cern.ch                                                 |  | 
 |  |   Leif Lonnblad;  Department of Astronomy and Theoretical Physics,           |  | 
 |  |      Lund University, Solvegatan 14A, SE-223 62 Lund, Sweden;                |  | 
 |  |      e-mail: leif.lonnblad@thep.lu.se                                        |  | 
 |  |   Stephen Mrenna;  Computing Division, Simulations Group,                    |  | 
 |  |      Fermi National Accelerator Laboratory, MS 234, Batavia, IL 60510, USA;  |  | 
 |  |      e-mail: mrenna@fnal.gov                                                 |  | 
 |  |   Stefan Prestel;  Department of Astronomy and Theoretical Physics,          |  | 
 |  |      Lund University, Solvegatan 14A, SE-223 62 Lund, Sweden;                |  | 
 |  |      e-mail: stefan.prestel@thep.lu.se                                       |  | 
 |  |   Christine O. Rasmussen;  Department of Astronomy and Theoretical Physics,  |  | 
 |  |      Lund University, Solvegatan 14A, SE-223 62 Lund, Sweden;                |  | 
 |  |      e-mail: christine.rasmussen@thep.lu.se                                  |  | 
 |  |   Torbjorn Sjostrand;  Department of Astronomy and Theoretical Physics,      |  | 
 |  |      Lund University, Solvegatan 14A, SE-223 62 Lund, Sweden;                |  | 
 |  |      e-mail: torbjorn@thep.lu.se                                             |  | 
 |  |   Peter Skands;  School of Physics and Astronomy,                            |  | 
 |  |      Monash University, PO Box 27, 3800 Melbourne, Australia;                |  | 
 |  |      e-mail: peter.skands@monash.edu                                         |  | 
 |  |   Marius Utheim;  Department of Astronomy and Theoretical Physics,           |  | 
 |  |      Lund University, Solvegatan 14A, SE-223 62 Lund, Sweden;                |  | 
 |  |      e-mail: marius.utheim@thep.lu.se                                        |  | 
 |  |                                                                              |  | 
 |  |   The main program reference is 'An Introduction to PYTHIA 8.2',             |  | 
 |  |   T. Sjostrand et al, Comput. Phys. Commun. 191 (2015) 159                   |  | 
 |  |   [arXiv:1410.3012 [hep-ph]]                                                 |  | 
 |  |                                                                              |  | 
 |  |   The main physics reference is the 'PYTHIA 6.4 Physics and Manual',         |  | 
 |  |   T. Sjostrand, S. Mrenna and P. Skands, JHEP05 (2006) 026 [hep-ph/0603175]  |  | 
 |  |                                                                              |  | 
 |  |   An archive of program versions and documentation is found on the web:      |  | 
 |  |   http://www.thep.lu.se/Pythia                                               |  | 
 |  |                                                                              |  | 
 |  |   This program is released under the GNU General Public Licence version 2.   |  | 
 |  |   Please respect the MCnet Guidelines for Event Generator Authors and Users. |  | 
 |  |                                                                              |  | 
 |  |   Disclaimer: this program comes without any guarantees.                     |  | 
 |  |   Beware of errors and use common sense when interpreting results.           |  | 
 |  |                                                                              |  | 
 |  |   Copyright (C) 2020 Torbjorn Sjostrand                                      |  | 
 |  |                                                                              |  | 
 |  |                                                                              |  | 
 |  *------------------------------------------------------------------------------*  | 
 |                                                                                    | 
 *------------------------------------------------------------------------------------* 

USING RANDOM SEED OF 283933

PHRandomSeed: using fixed seed 283933
PHRandomSeed::GetSeed() seed: 1261001702
PHPythia8 random seed: 361001702

 *-------  PYTHIA Process Initialization  --------------------------*
 |                                                                  |
 | We collide p+ with e- at a CM energy of 8.945e+01 GeV            |
 |                                                                  |
 |------------------------------------------------------------------|
 |                                                    |             |
 | Subprocess                                    Code |   Estimated |
 |                                                    |    max (mb) |
 |                                                    |             |
 |------------------------------------------------------------------|
 |                                                    |             |
 | g g -> g g                                     111 |   0.000e+00 |
 | g g -> q qbar (uds)                            112 |   0.000e+00 |
 | q g -> q g                                     113 |   0.000e+00 |
 | q q(bar)' -> q q(bar)'                         114 |   0.000e+00 |
 | q qbar -> g g                                  115 |   0.000e+00 |
 | q qbar -> q' qbar' (uds)                       116 |   0.000e+00 |
 | g g -> c cbar                                  121 |   0.000e+00 |
 | q qbar -> c cbar                               122 |   0.000e+00 |
 | g g -> b bbar                                  123 |   0.000e+00 |
 | q qbar -> b bbar                               124 |   0.000e+00 |
 | f f' -> f f' (t-channel gamma*/Z0)             211 |   9.266e-05 |
 |                                                                  |
 *-------  End PYTHIA Process Initialization -----------------------*

 *-------  PYTHIA Flag + Mode + Parm + Word + FVec + MVec + PVec + WVec Settings (changes only)  ------------------* 
 |                                                                                                                 | 
 | Name                                          |                      Now |      Default         Min         Max | 
 |                                               |                          |                                      | 
 | Beams:eA                                      |                100.00000 |     7000.000         0.0             | 
 | Beams:eB                                      |                 20.00000 |     7000.000         0.0             | 
 | Beams:frameType                               |                        2 |            1           1           5 | 
 | Beams:idB                                     |                       11 |         2212                         | 
 | HardQCD:all                                   |                       on |          off                         | 
 | Main:timesAllowErrors                         |                   900000 |           10           0             | 
 | PDF:lepton                                    |                      off |           on                         | 
 | PhaseSpace:Q2Min                              |                 16.00000 |          0.0         0.0             | 
 | Random:seed                                   |                361001702 |           -1               900000000 | 
 | Random:setSeed                                |                       on |          off                         | 
 | SpaceShower:pTmaxMatch                        |                        2 |            0           0           2 | 
 | TimeShower:QEDshowerByL                       |                      off |           on                         | 
 | WeakBosonExchange:ff2ff(t:gmZ)                |                       on |          off                         | 
 |                                                                                                                 | 
 *-------  End PYTHIA Flag + Mode + Parm + Word + FVec + MVec + PVec + WVec Settings  -----------------------------* 

 --------  PYTHIA Particle Data Table (changed only)  ------------------------------------------------------------------------------
 
      id   name            antiName         spn chg col      m0        mWidth      mMin       mMax       tau0    res dec ext vis wid
             no onMode   bRatio   meMode     products 

 no particle data has been changed from its default value 

 --------  End PYTHIA Particle Data Table  -----------------------------------------------------------------------------------------

PHRandomSeed::GetSeed() seed: 2395109304
/global/project/projectdirs/alice/ftorales/Singularity/cvmfs/sphenix.sdcc.bnl.gov/gcc-8.3/release/release_new/new.4/share/calibrations/ForwardEcal/mapping/towerMap_FEMC_v007.txt
PHRandomSeed::GetSeed() seed: 3038838125

**************************************************************
 Geant4 version Name: geant4-10-06-patch-02    (29-May-2020)
                       Copyright : Geant4 Collaboration
                      References : NIM A 506 (2003), 250-303
                                 : IEEE-TNS 53 (2006), 270-278
                                 : NIM A 835 (2016), 186-225
                             WWW : http://geant4.org/
**************************************************************

<<< Geant4 Physics List simulation engine: QGSP_BERT

### Birks coefficients used in run time
   G4_PbWO4     0.0333333 mm/MeV     0.0276 g/cm^2/MeV  massFactor=  5.89329 effCharge= 2407.4
   G4_lAr     0.032 mm/MeV     0.0044672 g/cm^2/MeV  massFactor=  23.4875 effCharge= 324
   G4_POLYSTYRENE     0.07943 mm/MeV     0.00841958 g/cm^2/MeV  massFactor=  101.167 effCharge= 0.027027
   G4_BGO     0.008415 mm/MeV     0.00599989 g/cm^2/MeV  massFactor=  6.63951 effCharge= 1.56555
PHRandomSeed::GetSeed() seed: 1478067057
PHRandomSeed::GetSeed() seed: 429308983
Warning from RawClusterBuilderTemplate::Detector(): no detector specific class HcalInRawClusterBuilderTemplate defined for detector HCALIN. Default BEmcRec will be used
PHRandomSeed::GetSeed() seed: 1602092133
Warning from RawClusterBuilderTemplate::Detector(): no detector specific class HcalOutRawClusterBuilderTemplate defined for detector HCALOUT. Default BEmcRec will be used
PHRandomSeed::GetSeed() seed: 710764034
PHRandomSeed::GetSeed() seed: 4215179594
Warning from RawClusterBuilderTemplate::Detector(): no detector specific class FHCALRawClusterBuilderTemplate defined for detector FHCAL. Default BEmcRec will be used
PHRandomSeed::GetSeed() seed: 1189863972
PHRandomSeed::GetSeed() seed: 3676940532
/home/phnxbld/sPHENIX/gcc-8.3/new/source/coresoftware/simulation/g4simulation/g4trackfastsim/PHG4TrackFastSimEval.cc:74:  Openning file /global/project/projectdirs/alice/ftorales/fast_slurm_allsi_reco_branches/eP_11_g4tracking_eval.root
PHTFileServer::open - opening file /global/project/projectdirs/alice/ftorales/fast_slurm_allsi_reco_branches/eP_11_g4tracking_eval.root (RECREATE)
PHTFileServer::open - opening file /global/project/projectdirs/alice/ftorales/fast_slurm_allsi_reco_branches/eP_11_e+jet_Tree.root (RECREATE)
Fun4AllServer: Runnumber forced to 0 by RUNNUMBER IntFlag
Fun4AllServer::setRun(): could not get timestamp for run  0, using tics(0) timestamp: Wed Dec 31 19:00:00 1969
PHFieldUtility::GetFieldConfigNode - field map with configuration from input default: PHFieldConfigv1::identify - Field type of [2D field map expressed in cylindrical coordinates] from file [/global/project/projectdirs/alice/ftorales/Singularity/cvmfs/sphenix.sdcc.bnl.gov/gcc-8.3/release/release_new/new.4/share/calibrations/Field/Map/sPHENIX.2d.root] with a scale factor of -0.9
G4GDML: Reading 'Detector_chamber_3-20-20.G4Import.gdml'...
G4GDML: Reading materials...
G4GDML: Reading definitions...
G4GDML: Reading solids...
G4GDML: Reading definitions...
G4GDML: Reading solids...
G4GDML: Reading definitions...
G4GDML: Reading solids...
G4GDML: Reading definitions...
G4GDML: Reading solids...
G4GDML: Reading definitions...
G4GDML: Reading solids...
G4GDML: Reading definitions...
G4GDML: Reading solids...
G4GDML: Reading definitions...
G4GDML: Reading solids...
G4GDML: Reading definitions...
G4GDML: Reading solids...
G4GDML: Reading definitions...
G4GDML: Reading solids...
G4GDML: Reading definitions...
G4GDML: Reading solids...
G4GDML: Reading structure...
G4GDML: Reading setup...
G4GDML: Reading 'Detector_chamber_3-20-20.G4Import.gdml' done!
Stripping off GDML names of materials, solids and volumes ...
G4GDML: Reading '/global/project/projectdirs/alice/ftorales/Singularity/cvmfs/sphenix.sdcc.bnl.gov/gcc-8.3/release/release_new/new.4/share/calibrations/Beam/Detector_chamber_3-20-20.G4Import.gdml'...
G4GDML: Reading materials...
G4Material WARNING: duplicate name of material ALUMINUM
G4Material WARNING: duplicate name of material VACUUM
G4GDML: Reading definitions...
G4GDML: Reading solids...
G4GDML: Reading definitions...
G4GDML: Reading solids...
G4GDML: Reading definitions...
G4GDML: Reading solids...
G4GDML: Reading definitions...
G4GDML: Reading solids...
G4GDML: Reading definitions...
G4GDML: Reading solids...
G4GDML: Reading definitions...
G4GDML: Reading solids...
G4GDML: Reading definitions...
G4GDML: Reading solids...
G4GDML: Reading definitions...
G4GDML: Reading solids...
G4GDML: Reading definitions...
G4GDML: Reading solids...
G4GDML: Reading definitions...
G4GDML: Reading solids...
G4GDML: Reading structure...
G4GDML: Reading setup...
G4GDML: Reading '/global/project/projectdirs/alice/ftorales/Singularity/cvmfs/sphenix.sdcc.bnl.gov/gcc-8.3/release/release_new/new.4/share/calibrations/Beam/Detector_chamber_3-20-20.G4Import.gdml' done!
Stripping off GDML names of materials, solids and volumes ...
G4GDML: Reading 'genfitGeom_AllSi_v2.gdml'...
G4GDML: Reading definitions...
G4GDML: Reading materials...
G4GDML: Reading solids...
G4GDML: Reading structure...
G4GDML: Reading setup...
G4GDML: Reading 'genfitGeom_AllSi_v2.gdml' done!
Stripping off GDML names of materials, solids and volumes ...
Checking overlaps for volume BH_1 (G4Tubs) ... OK! 
Checking overlaps for volume BH_FORWARD_PLUS_1 (G4Tubs) ... OK! 
Checking overlaps for volume BH_FORWARD_NEG_1 (G4Tubs) ... OK! 
PHG4Reco::InitRun - export geometry to DST via tmp file /tmp/PHGeomUtility_geom_file_9557.gdml
PHG4GDML: Writing '/tmp/PHGeomUtility_geom_file_9557.gdml'...
PHG4GDML: Writing definitions...
G4GDML: Writing materials...
PHG4GDML: Writing solids...
PHG4GDML: Writing structure...
G4GDML: Writing setup...

-------- WWWW ------- G4Exception-START -------- WWWW -------
*** G4Exception : Obsolete
      issued by : G4MaterialPropertiesTable::GetPropertiesMap()
GetPropertiesMap will be obsolete from the next release Use G4MaterialPropertiesTable::GetPropertyMap() instead
*** This is just a warning message. ***
-------- WWWW -------- G4Exception-END --------- WWWW -------


-------- WWWW ------- G4Exception-START -------- WWWW -------
*** G4Exception : Obsolete
      issued by : G4MaterialPropertiesTable::GetPropertiesCMap()
GetPropertiesCMap will be obsolete from the next release Use G4MaterialPropertiesTable::GetConstPropertyMap() instead
*** This is just a warning message. ***
-------- WWWW -------- G4Exception-END --------- WWWW -------

PHG4GDML: Writing surfaces...
PHG4GDML: Writing '/tmp/PHGeomUtility_geom_file_9557.gdml' done !
PHRandomSeed::GetSeed() seed: 1566506846
Info from RawClusterBuilderTemplate::InitRun(): Init geometry for CEMC: N of geom towers: 39064; ix = 0-256, iy = 0-151
Info from RawClusterBuilderTemplate::InitRun(): Init geometry for HCALIN: N of geom towers: 1536; ix = 0-63, iy = 0-23
Info from RawClusterBuilderTemplate::InitRun(): Init geometry for HCALOUT: N of geom towers: 1536; ix = 0-63, iy = 0-23
Info from RawClusterBuilderTemplate::InitRun(): Init geometry for FEMC: N of geom towers: 3244; ix = 0-64, iy = 0-64
Info from RawClusterBuilderTemplate::InitRun(): Init geometry for FHCAL: N of geom towers: 2020; ix = 2-52, iy = 2-52
Info from RawClusterBuilderTemplate::InitRun(): Init geometry for EEMC: N of geom towers: 2904; ix = 19-80, iy = 19-80
GFRaveVertexFactory::setMethod ==> set method to kalman-smoothing:1
--------------------------------------

List of Nodes in Fun4AllServer:
Node Tree under TopNode TOP
TOP (PHCompositeNode)/
   DST (PHCompositeNode)/
      PHHepMCGenEventMap (IO,PHHepMCGenEventMap)
      PHG4INEVENT (PHDataNode)
      G4HIT_EGEM_0 (IO,PHG4HitContainer)
      G4HIT_EGEM_1 (IO,PHG4HitContainer)
      G4HIT_EGEM_2 (IO,PHG4HitContainer)
      G4HIT_EGEM_3 (IO,PHG4HitContainer)
      G4HIT_FGEM_2 (IO,PHG4HitContainer)
      G4HIT_FGEM_3 (IO,PHG4HitContainer)
      G4HIT_FGEM_4 (IO,PHG4HitContainer)
      G4HIT_FHCAL (IO,PHG4HitContainer)
      G4HIT_ABSORBER_FHCAL (IO,PHG4HitContainer)
      G4HIT_DIRC (IO,PHG4HitContainer)
      G4HIT_RICH (IO,PHG4HitContainer)
      CEMC (PHCompositeNode)/
         G4HIT_CEMC (IO,PHG4HitContainer)
         G4CELL_CEMC (IO,PHG4CellContainer)
         TOWER_SIM_CEMC (IO,RawTowerContainer)
         TOWER_RAW_CEMC (IO,RawTowerContainer)
         TOWER_CALIB_CEMC (IO,RawTowerContainer)
         CLUSTER_CEMC (IO,RawClusterContainer)
      HCALIN (PHCompositeNode)/
         G4HIT_HCALIN (IO,PHG4HitContainer)
         G4CELL_HCALIN (IO,PHG4CellContainer)
         TOWER_SIM_HCALIN (IO,RawTowerContainer)
         TOWER_RAW_HCALIN (IO,RawTowerContainer)
         TOWER_CALIB_HCALIN (IO,RawTowerContainer)
         CLUSTER_HCALIN (IO,RawClusterContainer)
      HCALOUT (PHCompositeNode)/
         G4HIT_HCALOUT (IO,PHG4HitContainer)
         G4CELL_HCALOUT (IO,PHG4CellContainer)
         TOWER_SIM_HCALOUT (IO,RawTowerContainer)
         TOWER_RAW_HCALOUT (IO,RawTowerContainer)
         TOWER_CALIB_HCALOUT (IO,RawTowerContainer)
         CLUSTER_HCALOUT (IO,RawClusterContainer)
      FEMC (PHCompositeNode)/
         G4HIT_FEMC (IO,PHG4HitContainer)
         TOWER_SIM_FEMC (IO,RawTowerContainer)
         TOWER_RAW_FEMC (IO,RawTowerContainer)
         TOWER_CALIB_FEMC (IO,RawTowerContainer)
         CLUSTER_FEMC (IO,RawClusterContainer)
      EEMC (PHCompositeNode)/
         G4HIT_EEMC (IO,PHG4HitContainer)
         TOWER_SIM_EEMC (IO,RawTowerContainer)
         TOWER_RAW_EEMC (IO,RawTowerContainer)
         TOWER_CALIB_EEMC (IO,RawTowerContainer)
         CLUSTER_EEMC (IO,RawClusterContainer)
      G4HIT_BH_1 (IO,PHG4HitContainer)
      BH_FORWARD_PLUS (PHCompositeNode)/
         G4HIT_BH_FORWARD_PLUS (IO,PHG4HitContainer)
      BH_FORWARD_NEG (PHCompositeNode)/
         G4HIT_BH_FORWARD_NEG (IO,PHG4HitContainer)
      G4TruthInfo (IO,PHG4TruthInfoContainer)
      LBLVTX (PHCompositeNode)/
         G4HIT_ABSORBER_LBLVTX (IO,PHG4HitContainer)
         G4HIT_LBLVTX_BACKWARD_30 (IO,PHG4HitContainer)
         G4HIT_LBLVTX_BACKWARD_31 (IO,PHG4HitContainer)
         G4HIT_LBLVTX_BACKWARD_32 (IO,PHG4HitContainer)
         G4HIT_LBLVTX_BACKWARD_33 (IO,PHG4HitContainer)
         G4HIT_LBLVTX_BACKWARD_34 (IO,PHG4HitContainer)
         G4HIT_LBLVTX_CENTRAL_10 (IO,PHG4HitContainer)
         G4HIT_LBLVTX_CENTRAL_11 (IO,PHG4HitContainer)
         G4HIT_LBLVTX_CENTRAL_12 (IO,PHG4HitContainer)
         G4HIT_LBLVTX_CENTRAL_13 (IO,PHG4HitContainer)
         G4HIT_LBLVTX_CENTRAL_14 (IO,PHG4HitContainer)
         G4HIT_LBLVTX_CENTRAL_15 (IO,PHG4HitContainer)
         G4HIT_LBLVTX_FORWARD_20 (IO,PHG4HitContainer)
         G4HIT_LBLVTX_FORWARD_21 (IO,PHG4HitContainer)
         G4HIT_LBLVTX_FORWARD_22 (IO,PHG4HitContainer)
         G4HIT_LBLVTX_FORWARD_23 (IO,PHG4HitContainer)
         G4HIT_LBLVTX_FORWARD_24 (IO,PHG4HitContainer)
      BBC (PHCompositeNode)/
         BbcVertexMap (IO,BbcVertexMapv1)
      FHCAL (PHCompositeNode)/
         TOWER_SIM_FHCAL (IO,RawTowerContainer)
         TOWER_RAW_FHCAL (IO,RawTowerContainer)
         TOWER_CALIB_FHCAL (IO,RawTowerContainer)
         CLUSTER_FHCAL (IO,RawClusterContainer)
      TRACKS (PHCompositeNode)/
         TrackMap (IO,SvtxTrackMap_v1)
         SvtxVertexMap (IO,SvtxVertexMap_v1)
      GLOBAL (PHCompositeNode)/
         GlobalVertexMap (IO,GlobalVertexMapv1)
      TRIG (PHCompositeNode)/
         CaloTriggerInfo (IO,CaloTriggerInfov1)
      ANTIKT (PHCompositeNode)/
         TRUTH (PHCompositeNode)/
            AntiKt_Truth_r02 (IO,JetMapv1)
            AntiKt_Truth_r03 (IO,JetMapv1)
            AntiKt_Truth_r04 (IO,JetMapv1)
            AntiKt_Truth_r05 (IO,JetMapv1)
            AntiKt_Truth_r06 (IO,JetMapv1)
            AntiKt_Truth_r07 (IO,JetMapv1)
            AntiKt_Truth_r08 (IO,JetMapv1)
            AntiKt_Truth_r10 (IO,JetMapv1)
         TOWER (PHCompositeNode)/
            AntiKt_Tower_r02 (IO,JetMapv1)
            AntiKt_Tower_r03 (IO,JetMapv1)
            AntiKt_Tower_r04 (IO,JetMapv1)
            AntiKt_Tower_r05 (IO,JetMapv1)
            AntiKt_Tower_r06 (IO,JetMapv1)
            AntiKt_Tower_r07 (IO,JetMapv1)
            AntiKt_Tower_r08 (IO,JetMapv1)
            AntiKt_Tower_r10 (IO,JetMapv1)
         CLUSTER (PHCompositeNode)/
            AntiKt_Cluster_r02 (IO,JetMapv1)
            AntiKt_Cluster_r03 (IO,JetMapv1)
            AntiKt_Cluster_r04 (IO,JetMapv1)
            AntiKt_Cluster_r05 (IO,JetMapv1)
            AntiKt_Cluster_r06 (IO,JetMapv1)
            AntiKt_Cluster_r07 (IO,JetMapv1)
            AntiKt_Cluster_r08 (IO,JetMapv1)
            AntiKt_Cluster_r10 (IO,JetMapv1)
         TRACK (PHCompositeNode)/
            AntiKt_Track_r02 (IO,JetMapv1)
            AntiKt_Track_r03 (IO,JetMapv1)
            AntiKt_Track_r04 (IO,JetMapv1)
            AntiKt_Track_r05 (IO,JetMapv1)
            AntiKt_Track_r06 (IO,JetMapv1)
            AntiKt_Track_r07 (IO,JetMapv1)
            AntiKt_Track_r08 (IO,JetMapv1)
            AntiKt_Track_r10 (IO,JetMapv1)
   RUN (PHCompositeNode)/
      PHGenIntegral (IO,PHGenIntegralv1)
      FIELD_CONFIG (IO,PHFieldConfigv1)
      PIPE (PHCompositeNode)/
         G4GEOPARAM_PIPE (IO,PdbParameterMapContainer)
      G4GEOPARAM_ElectronForwardEnvelope_0 (IO,PdbParameterMapContainer)
      G4GEOPARAM_HadronForwardEnvelope_0 (IO,PdbParameterMapContainer)
      LBLVTX (PHCompositeNode)/
         G4GEOPARAM_LBLVTX (IO,PdbParameterMapContainer)
      ABSORBER_CEMC (PHCompositeNode)/
         G4GEOPARAM_ABSORBER_CEMC (IO,PdbParameterMapContainer)
      CEMC (PHCompositeNode)/
         G4GEOPARAM_CEMC (IO,PdbParameterMapContainer)
         CYLINDERGEOM_CEMC (IO,PHG4CylinderGeomContainer)
         G4CELLPARAM_CEMC (IO,PdbParameterMapContainer)
         TOWERGEOM_CEMC (IO,RawTowerGeomContainer_Cylinderv1)
      G4GEOPARAM_CEMC_ELECTRONICS_0 (IO,PdbParameterMapContainer)
      HCALIN (PHCompositeNode)/
         G4GEOPARAM_HCALIN (IO,PdbParameterMapContainer)
         G4CELLPARAM_HCALIN (IO,PdbParameterMap)
         TOWERPARAM_HCALIN (IO,PdbParameterMap)
         TOWERGEOM_HCALIN (IO,RawTowerGeomContainer_Cylinderv1)
      HCALIN_SPT (PHCompositeNode)/
         G4GEOPARAM_HCALIN_SPT (IO,PdbParameterMapContainer)
      MAGNET (PHCompositeNode)/
         G4GEOPARAM_MAGNET (IO,PdbParameterMapContainer)
      HCALOUT (PHCompositeNode)/
         G4GEOPARAM_HCALOUT (IO,PdbParameterMapContainer)
         G4CELLPARAM_HCALOUT (IO,PdbParameterMap)
         TOWERPARAM_HCALOUT (IO,PdbParameterMap)
         TOWERGEOM_HCALOUT (IO,RawTowerGeomContainer_Cylinderv1)
      FEMC (PHCompositeNode)/
         G4GEOPARAM_FEMC (IO,PdbParameterMapContainer)
      EEMC (PHCompositeNode)/
         G4GEOPARAM_EEMC (IO,PdbParameterMapContainer)
      DIRC (PHCompositeNode)/
         G4GEOPARAM_DIRC (IO,PdbParameterMapContainer)
      FLUXRET_ETA_MINUS (PHCompositeNode)/
         G4GEOPARAM_FLUXRET_ETA_MINUS (IO,PdbParameterMapContainer)
      G4GEOPARAM_BH_1 (IO,PdbParameterMapContainer)
      CYLINDERGEOM_BH_1 (IO,PHG4CylinderGeomContainer)
      BH_FORWARD_PLUS (PHCompositeNode)/
         G4GEOPARAM_BH_FORWARD_PLUS (IO,PdbParameterMapContainer)
         CYLINDERGEOM_BH_FORWARD_PLUS (IO,PHG4CylinderGeomContainer)
      BH_FORWARD_NEG (PHCompositeNode)/
         G4GEOPARAM_BH_FORWARD_NEG (IO,PdbParameterMapContainer)
         CYLINDERGEOM_BH_FORWARD_NEG (IO,PHG4CylinderGeomContainer)
      GEOMETRY_IO (IO,PHGeomIOTGeo)
      CYLINDERCELLGEOM_CEMC (IO,PHG4CylinderCellGeomContainer)
      TOWERGEOM_FEMC (IO,RawTowerGeomContainerv1)
      TOWERGEOM_FHCAL (IO,RawTowerGeomContainerv1)
      TOWERGEOM_EEMC (IO,RawTowerGeomContainerv1)
   PAR (PHCompositeNode)/
      FIELD_MAP (PHDataNode)
      PIPE (PHCompositeNode)/
         G4GEO_PIPE (PHDataNode)
      G4GEO_ElectronForwardEnvelope_0 (PHDataNode)
      G4GDML_CONFIG (PHDataNode)
      G4GEO_HadronForwardEnvelope_0 (PHDataNode)
      LBLVTX (PHCompositeNode)/
         G4GEO_LBLVTX (PHDataNode)
      ABSORBER_CEMC (PHCompositeNode)/
         G4GEO_ABSORBER_CEMC (PHDataNode)
      CEMC (PHCompositeNode)/
         G4GEO_CEMC (PHDataNode)
      G4GEO_CEMC_ELECTRONICS_0 (PHDataNode)
      HCALIN (PHCompositeNode)/
         G4GEO_HCALIN (PHDataNode)
         G4CELLGEO_HCALIN (PHDataNode)
         TOWERGEO_HCALIN (PHDataNode)
      HCALIN_SPT (PHCompositeNode)/
         G4GEO_HCALIN_SPT (PHDataNode)
      MAGNET (PHCompositeNode)/
         G4GEO_MAGNET (PHDataNode)
      HCALOUT (PHCompositeNode)/
         G4GEO_HCALOUT (PHDataNode)
         G4CELLGEO_HCALOUT (PHDataNode)
         TOWERGEO_HCALOUT (PHDataNode)
      FEMC (PHCompositeNode)/
         G4GEO_FEMC (PHDataNode)
      EEMC (PHCompositeNode)/
         G4GEO_EEMC (PHDataNode)
      DIRC (PHCompositeNode)/
         G4GEO_DIRC (PHDataNode)
      FLUXRET_ETA_MINUS (PHCompositeNode)/
         G4GEO_FLUXRET_ETA_MINUS (PHDataNode)
      G4GEO_BH_1 (PHDataNode)
      BH_FORWARD_PLUS (PHCompositeNode)/
         G4GEO_BH_FORWARD_PLUS (PHDataNode)
      BH_FORWARD_NEG (PHCompositeNode)/
         G4GEO_BH_FORWARD_NEG (PHDataNode)
      GEOMETRY (PHDataNode)



 --------  PYTHIA Info Listing  ---------------------------------------- 
 
 Beam A: id =   2212, pz =  4.472e+01, e =  4.473e+01, m =  9.383e-01.
 Beam B: id =     11, pz = -4.472e+01, e =  4.472e+01, m =  5.110e-04.

 In 1: id =    2, x =  1.219e-02, pdf =  5.305e-01 at Q2 =  1.761e+01.
 In 2: id =   11, x =  1.000e+00, pdf =  1.000e+00 at same Q2.

 Subprocess f f' -> f f' (t-channel gamma*/Z0) with code 211 is 2 -> 2.
 It has sHat =  9.756e+01,    tHat = -2.305e+01,    uHat = -7.451e+01,
       pTHat =  4.191e+00,   m3Hat =  3.300e-01,   m4Hat =  5.110e-04,
    thetaHat =  1.015e+00,  phiHat =  3.383e+00.
     alphaEM =  7.556e-03,  alphaS =  2.550e-01    at Q2 =  1.761e+01.

 Impact parameter b =  0.000e+00 gives enhancement factor =  1.000e+00.
 Max pT scale for MPI =  8.945e+01, ISR =  8.945e+01, FSR =  8.945e+01.
 Number of MPI =     1, ISR =     0, FSRproc =     0, FSRreson =     0.

 --------  End PYTHIA Info Listing  ------------------------------------

 --------  PYTHIA Event Listing  (hard process)  -----------------------------------------------------------------------------------
 
    no         id  name            status     mothers   daughters     colours      p_x        p_y        p_z         e          m 
     0         90  (system)           -11     0     0     0     0     0     0      0.000      0.000     79.996    120.000     89.447
     1       2212  (p+)               -12     0     0     3     0     0     0      0.000      0.000     99.996    100.000      0.938
     2         11  (e-)               -12     0     0     4     0     0     0      0.000      0.000    -20.000     20.000      0.001
     3          2  (u)                -21     1     0     5     6   101     0      0.000      0.000      1.219      1.219      0.000
     4         11  (e-)               -21     2     0     5     6     0     0      0.000      0.000    -20.000     20.000      0.000
     5          2  u                   23     3     4     0     0   101     0     -4.069     -1.004     -3.812      5.675      0.330
     6         11  e-                  23     3     4     0     0     0     0      4.069      1.004    -14.971     15.547      0.001
                                   Charge sum: -0.333           Momentum sum:      0.000      0.000    -18.783     21.222      9.877

 --------  End PYTHIA Event Listing  -----------------------------------------------------------------------------------------------

 --------  PYTHIA Event Listing  (complete event)  ---------------------------------------------------------------------------------
 
    no         id  name            status     mothers   daughters     colours      p_x        p_y        p_z         e          m 
     0         90  (system)           -11     0     0     0     0     0     0      0.000      0.000     79.996    120.000     89.447
     1       2212  (p+)               -12     0     0     7     0     0     0      0.000      0.000     99.996    100.000      0.938
     2         11  (e-)               -12     0     0     4     0     0     0      0.000      0.000    -20.000     20.000      0.001
     3          2  (u)                -21     7     7     5     6   101     0      0.000      0.000      1.219      1.219      0.000
     4         11  (e-)               -21     2     0     5     6     0     0      0.000      0.000    -20.000     20.000      0.000
     5          2  (u)                -23     3     4     8     8   101     0     -4.069     -1.004     -3.812      5.675      0.330
     6         11  e-                  23     3     4     0     0     0     0      4.069      1.004    -14.971     15.547      0.001
     7          2  (u)                -61     1     0     3     3   101     0     -0.462      1.263      0.838      1.585      0.000
     8          2  (u)                -62     5     5    10    23   101     0     -4.204      0.315     -3.794      5.682      0.330
     9       2101  (ud_0)             -63     1     0    10    23     0   101      0.135     -1.318     98.761     98.772      0.579
    10        111  (pi0)              -83     8     9    28    29     0     0     -0.638      0.078     -0.800      1.035      0.135
    11        213  (rho+)             -83     8     9    24    25     0     0     -1.975      0.059     -1.391      2.702      1.209
    12       -211  pi-                 83     8     9     0     0     0     0      0.050     -0.066     -0.301      0.342      0.140
    13        211  pi+                 83     8     9     0     0     0     0     -0.768      0.510     -0.371      1.004      0.140
    14       -213  (rho-)             -83     8     9    26    27     0     0     -0.514     -0.181      0.213      0.929      0.722
    15        211  pi+                 83     8     9     0     0     0     0     -0.263     -0.248      0.964      1.039      0.140
    16        223  (omega)            -83     8     9    30    32     0     0      0.027     -0.035      0.603      0.985      0.778
    17       -211  pi-                 83     8     9     0     0     0     0     -0.057      0.185      0.116      0.266      0.140
    18        111  (pi0)              -83     8     9    33    34     0     0      0.202     -0.136      1.201      1.233      0.135
    19        111  (pi0)              -83     8     9    35    36     0     0     -0.230     -0.234      0.390      0.527      0.135
    20        211  pi+                 84     8     9     0     0     0     0     -0.209     -0.291     10.789     10.796      0.140
    21       -211  pi-                 84     8     9     0     0     0     0     -0.123      0.405     14.828     14.834      0.140
    22        321  K+                  84     8     9     0     0     0     0      0.265     -0.909     36.679     36.694      0.494
    23       3122  (Lambda0)          -84     8     9    37    38     0     0      0.164     -0.143     32.047     32.067      1.116
    24        211  pi+                 91    11     0     0     0     0     0     -0.419      0.339     -0.868      1.031      0.140
    25        111  (pi0)              -91    11     0    39    40     0     0     -1.557     -0.280     -0.523      1.671      0.135
    26       -211  pi-                 91    14     0     0     0     0     0     -0.436      0.190      0.060      0.499      0.140
    27        111  (pi0)              -91    14     0    41    42     0     0     -0.078     -0.371      0.153      0.430      0.135
    28         22  gamma               91    10     0     0     0     0     0     -0.274      0.085     -0.286      0.405      0.000
    29         22  gamma               91    10     0     0     0     0     0     -0.364     -0.008     -0.514      0.630      0.000
    30        211  pi+                 91    16     0     0     0     0     0     -0.202      0.005      0.489      0.547      0.140
    31       -211  pi-                 91    16     0     0     0     0     0     -0.005     -0.013     -0.007      0.140      0.140
    32        111  (pi0)              -91    16     0    43    44     0     0      0.235     -0.026      0.121      0.298      0.135
    33         22  gamma               91    18     0     0     0     0     0      0.140     -0.158      0.964      0.987      0.000
    34         22  gamma               91    18     0     0     0     0     0      0.062      0.022      0.237      0.246      0.000
    35         22  gamma               91    19     0     0     0     0     0     -0.089     -0.019      0.150      0.176      0.000
    36         22  gamma               91    19     0     0     0     0     0     -0.141     -0.215      0.239      0.351      0.000
    37       2212  p+                  91    23     0     0     0     0     0      0.239     -0.108     27.483     27.500      0.938
    38       -211  pi-                 91    23     0     0     0     0     0     -0.075     -0.035      4.563      4.566      0.140
    39         22  gamma               91    25     0     0     0     0     0     -0.694     -0.167     -0.180      0.736      0.000
    40         22  gamma               91    25     0     0     0     0     0     -0.862     -0.113     -0.343      0.935      0.000
    41         22  gamma               91    27     0     0     0     0     0      0.003     -0.223      0.038      0.226      0.000
    42         22  gamma               91    27     0     0     0     0     0     -0.081     -0.148      0.115      0.204      0.000
    43         22  gamma               91    32     0     0     0     0     0      0.186      0.039      0.075      0.204      0.000
    44         22  gamma               91    32     0     0     0     0     0      0.049     -0.065      0.046      0.094      0.000
                                   Charge sum:  0.000           Momentum sum:      0.000     -0.000     79.996    120.000     89.447

 --------  End PYTHIA Event Listing  -----------------------------------------------------------------------------------------------
Error in <TDecompChol::Decompose()>: matrix not positive definite
Error in <TDecompChol::Decompose()>: matrix not positive definite
genfit::Exception thrown with excString:
KalmanFitterInfo::calcAverageState: ill-conditioned covariance matrix.
in line: 149 in file: /phenix/u/phnxbld/workarea/sPHENIX_SL7.3/gcc-8.3/need_root_version/root-6.22.02/genfit/core/src/MeasuredStateOnPlane.cc
with fatal flag 0
Error in <TDecompChol::Decompose()>: matrix not positive definite
Error in <TDecompChol::Decompose()>: matrix not positive definite
genfit::Exception thrown with excString:
KalmanFitterInfo::calcAverageState: ill-conditioned covariance matrix.
in line: 149 in file: /phenix/u/phnxbld/workarea/sPHENIX_SL7.3/gcc-8.3/need_root_version/root-6.22.02/genfit/core/src/MeasuredStateOnPlane.cc
with fatal flag 0
Error in <TDecompChol::Decompose()>: matrix not positive definite
Error in <TDecompChol::Decompose()>: matrix not positive definite
genfit::Exception thrown with excString:
KalmanFitterInfo::calcAverageState: ill-conditioned covariance matrix.
in line: 149 in file: /phenix/u/phnxbld/workarea/sPHENIX_SL7.3/gcc-8.3/need_root_version/root-6.22.02/genfit/core/src/MeasuredStateOnPlane.cc
with fatal flag 0
Error in <TDecompChol::Decompose()>: matrix not positive definite
genfit::Exception thrown with excString:
KalmanFitterInfo::calcAverageState: ill-conditioned covariance matrix.
in line: 149 in file: /phenix/u/phnxbld/workarea/sPHENIX_SL7.3/gcc-8.3/need_root_version/root-6.22.02/genfit/core/src/MeasuredStateOnPlane.cc
with fatal flag 0
Error in <TDecompChol::Decompose()>: matrix not positive definite
genfit::Exception thrown with excString:
KalmanFitterInfo::calcAverageState: ill-conditioned covariance matrix.
in line: 149 in file: /phenix/u/phnxbld/workarea/sPHENIX_SL7.3/gcc-8.3/need_root_version/root-6.22.02/genfit/core/src/MeasuredStateOnPlane.cc
with fatal flag 0
=======================================================================
======       Pre-compound/De-excitation Physics Parameters     ========
=======================================================================
Type of pre-compound inverse x-section              3
Pre-compound model active                           1
Pre-compound excitation low energy (MeV)            0.1
Pre-compound excitation high energy (MeV)           30
Type of de-excitation inverse x-section             3
Type of de-excitation factory                       Evaporation+GEM
Number of de-excitation channels                    68
Min excitation energy (keV)                         0.01
Min energy per nucleon for multifragmentation (MeV) 2e+05
Limit excitation energy for Fermi BreakUp (MeV)     20
Level density (1/MeV)                               0.075
Use simple level density model                      1
Use discrete excitation energy of the residual      0
Time limit for long lived isomeres (ns)             1000
Internal e- conversion flag                         1
Store e- internal conversion data                   0
Electron internal conversion ID                     2
Correlated gamma emission flag                      0
Max 2J for sampling of angular correlations         10
Upload data before 1st event for                Z < 9
=======================================================================

-------- WWWW ------- G4Exception-START -------- WWWW -------
*** G4Exception : GeomNav1002
      issued by : G4Navigator::ComputeStep()
Stuck Track: potential geometry or navigation problem.
  Track stuck, not moving for 10 steps.
  Current  phys volume: 'HadronForwardEnvelope_0'
   - at position : (-27.97164981689943,-10.48693739349828,2726.230752146074)
     in direction: (-0.1023548536557442,-0.3441246143081597,0.9333283097390603)
    (local position: (-27.97164981689943,-10.48693739349828,2726.230752146074))
    (local direction: (-0.1023548536557442,-0.3441246143081597,0.9333283097390603)).
  Previous phys volume: 'P-PI-FLG-0062-2'

  Likely geometry overlap - else navigation problem !
   *** Trying to get *unstuck* using a push - expanding step to 1e-07 (mm) ...       Potential overlap in geometry !

*** This is just a warning message. ***
-------- WWWW -------- G4Exception-END --------- WWWW -------

Error in <TDecompChol::Decompose()>: matrix not positive definite
genfit::Exception thrown with excString:
KalmanFitterInfo::calcAverageState: ill-conditioned covariance matrix.
in line: 149 in file: /phenix/u/phnxbld/workarea/sPHENIX_SL7.3/gcc-8.3/need_root_version/root-6.22.02/genfit/core/src/MeasuredStateOnPlane.cc
with fatal flag 0
Error in <TDecompChol::Decompose()>: matrix not positive definite
genfit::Exception thrown with excString:
KalmanFitterInfo::calcAverageState: ill-conditioned covariance matrix.
in line: 149 in file: /phenix/u/phnxbld/workarea/sPHENIX_SL7.3/gcc-8.3/need_root_version/root-6.22.02/genfit/core/src/MeasuredStateOnPlane.cc
with fatal flag 0
/global/project/projectdirs/alice/ftorales/Singularity/coresoftware/simulation/g4simulation/g4eval/SvtxVertexEval.cc:419: Did not find_vertexmap on node tree
Error in <TDecompChol::Decompose()>: matrix not positive definite
genfit::Exception thrown with excString:
KalmanFitterInfo::calcAverageState: ill-conditioned covariance matrix.
in line: 149 in file: /phenix/u/phnxbld/workarea/sPHENIX_SL7.3/gcc-8.3/need_root_version/root-6.22.02/genfit/core/src/MeasuredStateOnPlane.cc
with fatal flag 0
Error in <TDecompChol::Decompose()>: matrix not positive definite
genfit::Exception thrown with excString:
KalmanFitterInfo::calcAverageState: ill-conditioned covariance matrix.
in line: 149 in file: /phenix/u/phnxbld/workarea/sPHENIX_SL7.3/gcc-8.3/need_root_version/root-6.22.02/genfit/core/src/MeasuredStateOnPlane.cc
with fatal flag 0
Error in <TDecompChol::Decompose()>: matrix not positive definite
genfit::Exception thrown with excString:
KalmanFitterInfo::calcAverageState: ill-conditioned covariance matrix.
in line: 149 in file: /phenix/u/phnxbld/workarea/sPHENIX_SL7.3/gcc-8.3/need_root_version/root-6.22.02/genfit/core/src/MeasuredStateOnPlane.cc
with fatal flag 0
Error in <TDecompChol::Decompose()>: matrix not positive definite
genfit::Exception thrown with excString:
KalmanFitterInfo::calcAverageState: ill-conditioned covariance matrix.
in line: 149 in file: /phenix/u/phnxbld/workarea/sPHENIX_SL7.3/gcc-8.3/need_root_version/root-6.22.02/genfit/core/src/MeasuredStateOnPlane.cc
with fatal flag 0
Error in <TDecompChol::Decompose()>: matrix not positive definite
genfit::Exception thrown with excString:
KalmanFitterInfo::calcAverageState: ill-conditioned covariance matrix.
in line: 149 in file: /phenix/u/phnxbld/workarea/sPHENIX_SL7.3/gcc-8.3/need_root_version/root-6.22.02/genfit/core/src/MeasuredStateOnPlane.cc
with fatal flag 0
Error in <TDecompChol::Decompose()>: matrix not positive definite
genfit::Exception thrown with excString:
KalmanFitterInfo::calcAverageState: ill-conditioned covariance matrix.
in line: 149 in file: /phenix/u/phnxbld/workarea/sPHENIX_SL7.3/gcc-8.3/need_root_version/root-6.22.02/genfit/core/src/MeasuredStateOnPlane.cc
with fatal flag 0
Error in <TDecompChol::Decompose()>: matrix not positive definite
genfit::Exception thrown with excString:
KalmanFitterInfo::calcAverageState: ill-conditioned covariance matrix.
in line: 149 in file: /phenix/u/phnxbld/workarea/sPHENIX_SL7.3/gcc-8.3/need_root_version/root-6.22.02/genfit/core/src/MeasuredStateOnPlane.cc
with fatal flag 0
Error in <TDecompChol::Decompose()>: matrix not positive definite
genfit::Exception thrown with excString:
KalmanFitterInfo::calcAverageState: ill-conditioned covariance matrix.
in line: 149 in file: /phenix/u/phnxbld/workarea/sPHENIX_SL7.3/gcc-8.3/need_root_version/root-6.22.02/genfit/core/src/MeasuredStateOnPlane.cc
with fatal flag 0
Error in <TDecompChol::Decompose()>: matrix not positive definite
genfit::Exception thrown with excString:
KalmanFitterInfo::calcAverageState: ill-conditioned covariance matrix.
in line: 149 in file: /phenix/u/phnxbld/workarea/sPHENIX_SL7.3/gcc-8.3/need_root_version/root-6.22.02/genfit/core/src/MeasuredStateOnPlane.cc
with fatal flag 0
Error in <TDecompChol::Decompose()>: matrix not positive definite
genfit::Exception thrown with excString:
KalmanFitterInfo::calcAverageState: ill-conditioned covariance matrix.
in line: 149 in file: /phenix/u/phnxbld/workarea/sPHENIX_SL7.3/gcc-8.3/need_root_version/root-6.22.02/genfit/core/src/MeasuredStateOnPlane.cc
with fatal flag 0
Error in <TDecompChol::Decompose()>: matrix not positive definite
genfit::Exception thrown with excString:
KalmanFitterInfo::calcAverageState: ill-conditioned covariance matrix.
in line: 149 in file: /phenix/u/phnxbld/workarea/sPHENIX_SL7.3/gcc-8.3/need_root_version/root-6.22.02/genfit/core/src/MeasuredStateOnPlane.cc
with fatal flag 0
/global/project/projectdirs/alice/ftorales/Singularity/coresoftware/simulation/g4simulation/g4eval/SvtxVertexEval.cc:419: Did not find_vertexmap on node tree
Error in <TDecompChol::Decompose()>: matrix not positive definite
genfit::Exception thrown with excString:
KalmanFitterInfo::calcAverageState: ill-conditioned covariance matrix.
in line: 149 in file: /phenix/u/phnxbld/workarea/sPHENIX_SL7.3/gcc-8.3/need_root_version/root-6.22.02/genfit/core/src/MeasuredStateOnPlane.cc
with fatal flag 0
Error in <TDecompChol::Decompose()>: matrix not positive definite
genfit::Exception thrown with excString:
KalmanFitterInfo::calcAverageState: ill-conditioned covariance matrix.
in line: 149 in file: /phenix/u/phnxbld/workarea/sPHENIX_SL7.3/gcc-8.3/need_root_version/root-6.22.02/genfit/core/src/MeasuredStateOnPlane.cc
with fatal flag 0
Error in <TDecompChol::Decompose()>: matrix not positive definite
genfit::Exception thrown with excString:
KalmanFitterInfo::calcAverageState: ill-conditioned covariance matrix.
in line: 149 in file: /phenix/u/phnxbld/workarea/sPHENIX_SL7.3/gcc-8.3/need_root_version/root-6.22.02/genfit/core/src/MeasuredStateOnPlane.cc
with fatal flag 0
Error in <TDecompChol::Decompose()>: matrix not positive definite
genfit::Exception thrown with excString:
KalmanFitterInfo::calcAverageState: ill-conditioned covariance matrix.
in line: 149 in file: /phenix/u/phnxbld/workarea/sPHENIX_SL7.3/gcc-8.3/need_root_version/root-6.22.02/genfit/core/src/MeasuredStateOnPlane.cc
with fatal flag 0
Error in <TDecompChol::Decompose()>: matrix not positive definite
genfit::Exception thrown with excString:
KalmanFitterInfo::calcAverageState: ill-conditioned covariance matrix.
in line: 149 in file: /phenix/u/phnxbld/workarea/sPHENIX_SL7.3/gcc-8.3/need_root_version/root-6.22.02/genfit/core/src/MeasuredStateOnPlane.cc
with fatal flag 0
Error in <TDecompChol::Decompose()>: matrix not positive definite
genfit::Exception thrown with excString:
KalmanFitterInfo::calcAverageState: ill-conditioned covariance matrix.
in line: 149 in file: /phenix/u/phnxbld/workarea/sPHENIX_SL7.3/gcc-8.3/need_root_version/root-6.22.02/genfit/core/src/MeasuredStateOnPlane.cc
with fatal flag 0
Error in <TDecompChol::Decompose()>: matrix not positive definite
genfit::Exception thrown with excString:
KalmanFitterInfo::calcAverageState: ill-conditioned covariance matrix.
in line: 149 in file: /phenix/u/phnxbld/workarea/sPHENIX_SL7.3/gcc-8.3/need_root_version/root-6.22.02/genfit/core/src/MeasuredStateOnPlane.cc
with fatal flag 0
/global/project/projectdirs/alice/ftorales/Singularity/coresoftware/simulation/g4simulation/g4eval/SvtxVertexEval.cc:419: Did not find_vertexmap on node tree
No Cluster for this leading electron

Error in <TDecompChol::Decompose()>: matrix not positive definite
genfit::Exception thrown with excString:
KalmanFitterInfo::calcAverageState: ill-conditioned covariance matrix.
in line: 149 in file: /phenix/u/phnxbld/workarea/sPHENIX_SL7.3/gcc-8.3/need_root_version/root-6.22.02/genfit/core/src/MeasuredStateOnPlane.cc
with fatal flag 0
Error in <TDecompChol::Decompose()>: matrix not positive definite
genfit::Exception thrown with excString:
KalmanFitterInfo::calcAverageState: ill-conditioned covariance matrix.
in line: 149 in file: /phenix/u/phnxbld/workarea/sPHENIX_SL7.3/gcc-8.3/need_root_version/root-6.22.02/genfit/core/src/MeasuredStateOnPlane.cc
with fatal flag 0
Error in <TDecompChol::Decompose()>: matrix not positive definite
genfit::Exception thrown with excString:
KalmanFitterInfo::calcAverageState: ill-conditioned covariance matrix.
in line: 149 in file: /phenix/u/phnxbld/workarea/sPHENIX_SL7.3/gcc-8.3/need_root_version/root-6.22.02/genfit/core/src/MeasuredStateOnPlane.cc
with fatal flag 0
Error in <TDecompChol::Decompose()>: matrix not positive definite
genfit::Exception thrown with excString:
KalmanFitterInfo::calcAverageState: ill-conditioned covariance matrix.
in line: 149 in file: /phenix/u/phnxbld/workarea/sPHENIX_SL7.3/gcc-8.3/need_root_version/root-6.22.02/genfit/core/src/MeasuredStateOnPlane.cc
with fatal flag 0
/global/project/projectdirs/alice/ftorales/Singularity/coresoftware/simulation/g4simulation/g4eval/SvtxVertexEval.cc:419: Did not find_vertexmap on node tree

-------- WWWW ------- G4Exception-START -------- WWWW -------
*** G4Exception : GeomNav1002
      issued by : G4Navigator::ComputeStep()
Stuck Track: potential geometry or navigation problem.
  Track stuck, not moving for 10 steps.
  Current  phys volume: 'HadronForwardEnvelope_0'
   - at position : (-28.62266043602367,-7.54981789473765,2846.822982222222)
     in direction: (-0.07581695412864679,-0.03429674455628202,0.9965317470003129)
    (local position: (-28.62266043602367,-7.54981789473765,2846.822982222222))
    (local direction: (-0.07581695412864679,-0.03429674455628202,0.9965317470003129)).
  Previous phys volume: 'P-PI-FLG-0062-2'

  Likely geometry overlap - else navigation problem !
   *** Trying to get *unstuck* using a push - expanding step to 1e-07 (mm) ...       Potential overlap in geometry !

*** This is just a warning message. ***
-------- WWWW -------- G4Exception-END --------- WWWW -------


-------- WWWW ------- G4Exception-START -------- WWWW -------
*** G4Exception : GeomNav1002
      issued by : G4Navigator::ComputeStep()
Stuck Track: potential geometry or navigation problem.
  Track stuck, not moving for 10 steps.
  Current  phys volume: 'HadronForwardEnvelope_0'
   - at position : (-24.94938346840352,-15.82984190203512,3288.242289436005)
     in direction: (0.2032837277723119,-0.849706979398217,0.4864912899373952)
    (local position: (-24.94938346840352,-15.82984190203512,3288.242289436005))
    (local direction: (0.2032837277723119,-0.849706979398217,0.4864912899373952)).
  Previous phys volume: 'P-PI-FLG-0062-2'

  Likely geometry overlap - else navigation problem !
   *** Trying to get *unstuck* using a push - expanding step to 1e-07 (mm) ...       Potential overlap in geometry !

*** This is just a warning message. ***
-------- WWWW -------- G4Exception-END --------- WWWW -------


-------- WWWW ------- G4Exception-START -------- WWWW -------
*** G4Exception : GeomNav1002
      issued by : G4Navigator::ComputeStep()
Stuck Track: potential geometry or navigation problem.
  Track stuck, not moving for 10 steps.
  Current  phys volume: 'HadronForwardEnvelope_0'
   - at position : (-27.86831410540079,-10.53127245312233,3219.64396033806)
     in direction: (-0.02159972559372856,0.03679268271525857,0.9990894606354779)
    (local position: (-27.86831410540079,-10.53127245312233,3219.64396033806))
    (local direction: (-0.02159972559372856,0.03679268271525857,0.9990894606354779)).
  Previous phys volume: 'P-PI-FLG-0062-2'

  Likely geometry overlap - else navigation problem !
   *** Trying to get *unstuck* using a push - expanding step to 1e-07 (mm) ...       Potential overlap in geometry !

*** This is just a warning message. ***
-------- WWWW -------- G4Exception-END --------- WWWW -------


-------- WWWW ------- G4Exception-START -------- WWWW -------
*** G4Exception : GeomNav1002
      issued by : G4Navigator::ComputeStep()
Stuck Track: potential geometry or navigation problem.
  Track stuck, not moving for 10 steps.
  Current  phys volume: 'HadronForwardEnvelope_0'
   - at position : (-25.55003452359257,-15.06115501237989,2958.418879429895)
     in direction: (-0.4304780338721171,0.3820922460366338,0.81773723033275)
    (local position: (-25.55003452359257,-15.06115501237989,2958.418879429895))
    (local direction: (-0.4304780338721171,0.3820922460366338,0.81773723033275)).
  Previous phys volume: 'P-PI-FLG-0062-2'

  Likely geometry overlap - else navigation problem !
   *** Trying to get *unstuck* using a push - expanding step to 1e-07 (mm) ...       Potential overlap in geometry !

*** This is just a warning message. ***
-------- WWWW -------- G4Exception-END --------- WWWW -------


-------- WWWW ------- G4Exception-START -------- WWWW -------
*** G4Exception : GeomNav1002
      issued by : G4Navigator::ComputeStep()
Stuck Track: potential geometry or navigation problem.
  Track stuck, not moving for 10 steps.
  Current  phys volume: 'HadronForwardEnvelope_0'
   - at position : (-26.11278183748905,-14.04457883879523,3503.64908608586)
     in direction: (-0.01513174158802806,0.01520892752103511,0.999769832971656)
    (local position: (-26.11278183748905,-14.04457883879523,3503.64908608586))
    (local direction: (-0.01513174158802806,0.01520892752103511,0.999769832971656)).
  Previous phys volume: 'P-PI-FLG-0062-2'

  Likely geometry overlap - else navigation problem !
   *** Trying to get *unstuck* using a push - expanding step to 1e-07 (mm) ...       Potential overlap in geometry !

*** This is just a warning message. ***
-------- WWWW -------- G4Exception-END --------- WWWW -------


-------- WWWW ------- G4Exception-START -------- WWWW -------
*** G4Exception : GeomNav1002
      issued by : G4Navigator::ComputeStep()
Stuck Track: potential geometry or navigation problem.
  Track stuck, not moving for 10 steps.
  Current  phys volume: 'HadronForwardEnvelope_0'
   - at position : (-28.52269432013622,-7.583475451985038,3237.328269149571)
     in direction: (-0.02538233846029388,0.03948813716514443,0.9988976043206399)
    (local position: (-28.52269432013622,-7.583475451985038,3237.328269149571))
    (local direction: (-0.02538233846029388,0.03948813716514443,0.9988976043206399)).
  Previous phys volume: 'P-PI-FLG-0062-2'

  Likely geometry overlap - else navigation problem !
   *** Trying to get *unstuck* using a push - expanding step to 1e-07 (mm) ...       Potential overlap in geometry !

*** This is just a warning message. ***
-------- WWWW -------- G4Exception-END --------- WWWW -------


-------- WWWW ------- G4Exception-START -------- WWWW -------
*** G4Exception : GeomNav1002
      issued by : G4Navigator::ComputeStep()
Stuck Track: potential geometry or navigation problem.
  Track stuck, not moving for 10 steps.
  Current  phys volume: 'HadronForwardEnvelope_0'
   - at position : (-28.64477009621698,-7.313223366069824,2976.705492451171)
     in direction: (-0.08312659394513582,0.09023215160374004,0.9924455290825992)
    (local position: (-28.64477009621698,-7.313223366069824,2976.705492451171))
    (local direction: (-0.08312659394513582,0.09023215160374004,0.9924455290825992)).
  Previous phys volume: 'P-PI-FLG-0062-2'

  Likely geometry overlap - else navigation problem !
   *** Trying to get *unstuck* using a push - expanding step to 1e-07 (mm) ...       Potential overlap in geometry !

*** This is just a warning message. ***
-------- WWWW -------- G4Exception-END --------- WWWW -------


-------- WWWW ------- G4Exception-START -------- WWWW -------
*** G4Exception : GeomNav1002
      issued by : G4Navigator::ComputeStep()
Stuck Track: potential geometry or navigation problem.
  Track stuck, not moving for 10 steps.
  Current  phys volume: 'HadronForwardEnvelope_0'
   - at position : (-27.03444706183925,-12.88219516131399,2845.727432341897)
     in direction: (-0.8962647404823962,0.119152981342853,-0.4272143279492541)
    (local position: (-27.03444706183925,-12.88219516131399,2845.727432341897))
    (local direction: (-0.8962647404823962,0.119152981342853,-0.4272143279492541)).
  Previous phys volume: 'P-PI-FLG-0062-2'

  Likely geometry overlap - else navigation problem !
   *** Trying to get *unstuck* using a push - expanding step to 1e-07 (mm) ...       Potential overlap in geometry !

*** This is just a warning message. ***
-------- WWWW -------- G4Exception-END --------- WWWW -------


-------- WWWW ------- G4Exception-START -------- WWWW -------
*** G4Exception : GeomNav1002
      issued by : G4Navigator::ComputeStep()
Stuck Track: potential geometry or navigation problem.
  Track stuck, not moving for 10 steps.
  Current  phys volume: 'HadronForwardEnvelope_0'
   - at position : (-28.35263164146113,-9.145164196562106,2438.154464022261)
     in direction: (-0.5484592066789357,-0.5873041727833926,0.5952027446512048)
    (local position: (-28.35263164146113,-9.145164196562106,2438.154464022261))
    (local direction: (-0.5484592066789357,-0.5873041727833926,0.5952027446512048)).
  Previous phys volume: 'P-PI-FLG-0062-2'

  Likely geometry overlap - else navigation problem !
   *** Trying to get *unstuck* using a push - expanding step to 1e-07 (mm) ...       Potential overlap in geometry !

*** This is just a warning message. ***
-------- WWWW -------- G4Exception-END --------- WWWW -------


-------- WWWW ------- G4Exception-START -------- WWWW -------
*** G4Exception : GeomNav1002
      issued by : G4Navigator::ComputeStep()
Stuck Track: potential geometry or navigation problem.
  Track stuck, not moving for 10 steps.
  Current  phys volume: 'HadronForwardEnvelope_0'
   - at position : (-27.47496120334639,-12.02873037695639,3309.257923557476)
     in direction: (-0.1003900176679901,-0.7951049521554235,0.5981053079605148)
    (local position: (-27.47496120334639,-12.02873037695639,3309.257923557476))
    (local direction: (-0.1003900176679901,-0.7951049521554235,0.5981053079605148)).
  Previous phys volume: 'P-PI-FLG-0062-2'

  Likely geometry overlap - else navigation problem !
   *** Trying to get *unstuck* using a push - expanding step to 1e-07 (mm) ...       Potential overlap in geometry !

*** This is just a warning message. ***
-------- WWWW -------- G4Exception-END --------- WWWW -------


-------- WWWW ------- G4Exception-START -------- WWWW -------
*** G4Exception : GeomNav1002
      issued by : G4Navigator::ComputeStep()
Stuck Track: potential geometry or navigation problem.
  Track stuck, not moving for 10 steps.
  Current  phys volume: 'HadronForwardEnvelope_0'
   - at position : (-26.24925675306811,-13.91411491961578,3301.348109804974)
     in direction: (-0.8516336209329602,0.3055547748440369,0.4258596661655398)
    (local position: (-26.24925675306811,-13.91411491961578,3301.348109804974))
    (local direction: (-0.8516336209329602,0.3055547748440369,0.4258596661655398)).
  Previous phys volume: 'P-PI-FLG-0062-2'

  Likely geometry overlap - else navigation problem !
   *** Trying to get *unstuck* using a push - expanding step to 1e-07 (mm) ...       Potential overlap in geometry !

*** This is just a warning message. ***
-------- WWWW -------- G4Exception-END --------- WWWW -------

Error in <TDecompChol::Decompose()>: matrix not positive definite
genfit::Exception thrown with excString:
KalmanFitterInfo::calcAverageState: ill-conditioned covariance matrix.
in line: 149 in file: /phenix/u/phnxbld/workarea/sPHENIX_SL7.3/gcc-8.3/need_root_version/root-6.22.02/genfit/core/src/MeasuredStateOnPlane.cc
with fatal flag 0
Error in <TDecompChol::Decompose()>: matrix not positive definite
genfit::Exception thrown with excString:
KalmanFitterInfo::calcAverageState: ill-conditioned covariance matrix.
in line: 149 in file: /phenix/u/phnxbld/workarea/sPHENIX_SL7.3/gcc-8.3/need_root_version/root-6.22.02/genfit/core/src/MeasuredStateOnPlane.cc
with fatal flag 0
Error in <TDecompChol::Decompose()>: matrix not positive definite
Error in <TDecompChol::Decompose()>: matrix not positive definite
genfit::Exception thrown with excString:
KalmanFitterInfo::calcAverageState: ill-conditioned covariance matrix.
in line: 149 in file: /phenix/u/phnxbld/workarea/sPHENIX_SL7.3/gcc-8.3/need_root_version/root-6.22.02/genfit/core/src/MeasuredStateOnPlane.cc
with fatal flag 0
Error in <TDecompChol::Decompose()>: matrix not positive definite
Error in <TDecompChol::Decompose()>: matrix not positive definite
genfit::Exception thrown with excString:
KalmanFitterInfo::calcAverageState: ill-conditioned covariance matrix.
in line: 149 in file: /phenix/u/phnxbld/workarea/sPHENIX_SL7.3/gcc-8.3/need_root_version/root-6.22.02/genfit/core/src/MeasuredStateOnPlane.cc
with fatal flag 0
Error in <TDecompChol::Decompose()>: matrix not positive definite
Error in <TDecompChol::Decompose()>: matrix not positive definite
genfit::Exception thrown with excString:
KalmanFitterInfo::calcAverageState: ill-conditioned covariance matrix.
in line: 149 in file: /phenix/u/phnxbld/workarea/sPHENIX_SL7.3/gcc-8.3/need_root_version/root-6.22.02/genfit/core/src/MeasuredStateOnPlane.cc
with fatal flag 0
/global/project/projectdirs/alice/ftorales/Singularity/coresoftware/simulation/g4simulation/g4eval/SvtxVertexEval.cc:419: Did not find_vertexmap on node tree
/global/project/projectdirs/alice/ftorales/Singularity/coresoftware/simulation/g4simulation/g4eval/SvtxVertexEval.cc:419: Did not find_vertexmap on node tree

-------- WWWW ------- G4Exception-START -------- WWWW -------
*** G4Exception : GeomNav1002
      issued by : G4Navigator::ComputeStep()
Stuck Track: potential geometry or navigation problem.
  Track stuck, not moving for 10 steps.
  Current  phys volume: 'HadronForwardEnvelope_0'
   - at position : (-27.15574308153776,-12.5557578163526,3375.034406038953)
     in direction: (-0.04251668902271216,-0.8393540259203203,0.5419198744518386)
    (local position: (-27.15574308153776,-12.5557578163526,3375.034406038953))
    (local direction: (-0.04251668902271216,-0.8393540259203203,0.5419198744518386)).
  Previous phys volume: 'P-PI-FLG-0062-2'

  Likely geometry overlap - else navigation problem !
   *** Trying to get *unstuck* using a push - expanding step to 1e-07 (mm) ...       Potential overlap in geometry !

*** This is just a warning message. ***
-------- WWWW -------- G4Exception-END --------- WWWW -------


-------- WWWW ------- G4Exception-START -------- WWWW -------
*** G4Exception : GeomNav1002
      issued by : G4Navigator::ComputeStep()
Stuck Track: potential geometry or navigation problem.
  Track stuck, not moving for 10 steps.
  Current  phys volume: 'HadronForwardEnvelope_0'
   - at position : (-27.03424733804801,-12.80682762313243,3147.824995414201)
     in direction: (-0.008649497740967294,-0.8685281321488887,0.4955643952654306)
    (local position: (-27.03424733804801,-12.80682762313243,3147.824995414201))
    (local direction: (-0.008649497740967294,-0.8685281321488887,0.4955643952654306)).
  Previous phys volume: 'P-PI-FLG-0062-2'

  Likely geometry overlap - else navigation problem !
   *** Trying to get *unstuck* using a push - expanding step to 1e-07 (mm) ...       Potential overlap in geometry !

*** This is just a warning message. ***
-------- WWWW -------- G4Exception-END --------- WWWW -------


-------- WWWW ------- G4Exception-START -------- WWWW -------
*** G4Exception : GeomNav1002
      issued by : G4Navigator::ComputeStep()
Stuck Track: potential geometry or navigation problem.
  Track stuck, not moving for 10 steps.
  Current  phys volume: 'HadronForwardEnvelope_0'
   - at position : (-28.43888178482837,-8.888423380831767,2288.223196635881)
     in direction: (-0.7600389304529024,-0.5978038653756991,0.2548948072006992)
    (local position: (-28.43888178482837,-8.888423380831767,2288.223196635881))
    (local direction: (-0.7600389304529024,-0.5978038653756991,0.2548948072006992)).
  Previous phys volume: 'P-PI-FLG-0062-2'

  Likely geometry overlap - else navigation problem !
   *** Trying to get *unstuck* using a push - expanding step to 1e-07 (mm) ...       Potential overlap in geometry !

*** This is just a warning message. ***
-------- WWWW -------- G4Exception-END --------- WWWW -------


-------- WWWW ------- G4Exception-START -------- WWWW -------
*** G4Exception : GeomNav1002
      issued by : G4Navigator::ComputeStep()
Stuck Track: potential geometry or navigation problem.
  Track stuck, not moving for 10 steps.
  Current  phys volume: 'HadronForwardEnvelope_0'
   - at position : (-27.77815259376002,-11.20374920518927,2119.897250175113)
     in direction: (-0.5258050806660882,0.6917824426133139,-0.4949404703978907)
    (local position: (-27.77815259376002,-11.20374920518927,2119.897250175113))
    (local direction: (-0.5258050806660882,0.6917824426133139,-0.4949404703978907)).
  Previous phys volume: 'P-PI-FLG-0062-2'

  Likely geometry overlap - else navigation problem !
   *** Trying to get *unstuck* using a push - expanding step to 1e-07 (mm) ...       Potential overlap in geometry !

*** This is just a warning message. ***
-------- WWWW -------- G4Exception-END --------- WWWW -------


-------- WWWW ------- G4Exception-START -------- WWWW -------
*** G4Exception : GeomNav1002
      issued by : G4Navigator::ComputeStep()
Stuck Track: potential geometry or navigation problem.
  Track stuck, not moving for 10 steps.
  Current  phys volume: 'HadronForwardEnvelope_0'
   - at position : (-27.87279619526252,-10.98391430174749,2080.293835557097)
     in direction: (-0.01475683695645387,-0.1575525143415759,0.9874003448387529)
    (local position: (-27.87279619526252,-10.98391430174749,2080.293835557097))
    (local direction: (-0.01475683695645387,-0.1575525143415759,0.9874003448387529)).
  Previous phys volume: 'P-PI-FLG-0062-2'

  Likely geometry overlap - else navigation problem !
   *** Trying to get *unstuck* using a push - expanding step to 1e-07 (mm) ...       Potential overlap in geometry !

*** This is just a warning message. ***
-------- WWWW -------- G4Exception-END --------- WWWW -------


-------- WWWW ------- G4Exception-START -------- WWWW -------
*** G4Exception : GeomNav1002
      issued by : G4Navigator::ComputeStep()
Stuck Track: potential geometry or navigation problem.
  Track stuck, not moving for 10 steps.
  Current  phys volume: 'HadronForwardEnvelope_0'
   - at position : (-28.25433437439432,-9.733409244250975,2076.402450669133)
     in direction: (-0.5425064764406057,0.7628958832568659,0.3516768322334089)
    (local position: (-28.25433437439432,-9.733409244250975,2076.402450669133))
    (local direction: (-0.5425064764406057,0.7628958832568659,0.3516768322334089)).
  Previous phys volume: 'P-PI-FLG-0062-2'

  Likely geometry overlap - else navigation problem !
   *** Trying to get *unstuck* using a push - expanding step to 1e-07 (mm) ...       Potential overlap in geometry !

*** This is just a warning message. ***
-------- WWWW -------- G4Exception-END --------- WWWW -------


-------- WWWW ------- G4Exception-START -------- WWWW -------
*** G4Exception : GeomNav1002
      issued by : G4Navigator::ComputeStep()
Stuck Track: potential geometry or navigation problem.
  Track stuck, not moving for 10 steps.
  Current  phys volume: 'HadronForwardEnvelope_0'
   - at position : (-28.4070592970273,-8.862288207834739,2518.957499092211)
     in direction: (-0.8875125970114142,-0.4081376871398725,0.2138808511348569)
    (local position: (-28.4070592970273,-8.862288207834739,2518.957499092211))
    (local direction: (-0.8875125970114142,-0.4081376871398725,0.2138808511348569)).
  Previous phys volume: 'P-PI-FLG-0062-2'

  Likely geometry overlap - else navigation problem !
   *** Trying to get *unstuck* using a push - expanding step to 1e-07 (mm) ...       Potential overlap in geometry !

*** This is just a warning message. ***
-------- WWWW -------- G4Exception-END --------- WWWW -------


-------- WWWW ------- G4Exception-START -------- WWWW -------
*** G4Exception : GeomNav1002
      issued by : G4Navigator::ComputeStep()
Stuck Track: potential geometry or navigation problem.
  Track stuck, not moving for 10 steps.
  Current  phys volume: 'HadronForwardEnvelope_0'
   - at position : (-28.08336220914715,-10.42939864887956,2036.611521030506)
     in direction: (-0.9460746287593986,0.1915958226275713,0.2612160744851486)
    (local position: (-28.08336220914715,-10.42939864887956,2036.611521030506))
    (local direction: (-0.9460746287593986,0.1915958226275713,0.2612160744851486)).
  Previous phys volume: 'P-PI-FLG-0062-2'

  Likely geometry overlap - else navigation problem !
   *** Trying to get *unstuck* using a push - expanding step to 1e-07 (mm) ...       Potential overlap in geometry !

*** This is just a warning message. ***
-------- WWWW -------- G4Exception-END --------- WWWW -------

/global/project/projectdirs/alice/ftorales/Singularity/coresoftware/simulation/g4simulation/g4eval/SvtxVertexEval.cc:419: Did not find_vertexmap on node tree

-------- WWWW ------- G4Exception-START -------- WWWW -------
*** G4Exception : GeomNav1002
      issued by : G4Navigator::ComputeStep()
Stuck Track: potential geometry or navigation problem.
  Track stuck, not moving for 10 steps.
  Current  phys volume: 'HadronForwardEnvelope_0'
   - at position : (-26.80979688607398,-13.03520159320123,3459.17542016816)
     in direction: (-0.3526819519020929,-0.8667642317571402,-0.3526119784536315)
    (local position: (-26.80979688607398,-13.03520159320123,3459.17542016816))
    (local direction: (-0.3526819519020929,-0.8667642317571402,-0.3526119784536315)).
  Previous phys volume: 'P-PI-FLG-0062-2'

  Likely geometry overlap - else navigation problem !
   *** Trying to get *unstuck* using a push - expanding step to 1e-07 (mm) ...       Potential overlap in geometry !

*** This is just a warning message. ***
-------- WWWW -------- G4Exception-END --------- WWWW -------


-------- WWWW ------- G4Exception-START -------- WWWW -------
*** G4Exception : GeomNav1002
      issued by : G4Navigator::ComputeStep()
Stuck Track: potential geometry or navigation problem.
  Track stuck, not moving for 10 steps.
  Current  phys volume: 'HadronForwardEnvelope_0'
   - at position : (-27.63412556782927,-8.995305489832969,3232.628742616736)
     in direction: (0.6003544148689842,0.03166617704660663,-0.7991068950888689)
    (local position: (-27.63412556782927,-8.995305489832969,3232.628742616736))
    (local direction: (0.6003544148689842,0.03166617704660663,-0.7991068950888689)).
  Previous phys volume: 'P-PI-FLG-0062-2'

  Likely geometry overlap - else navigation problem !
   *** Trying to get *unstuck* using a push - expanding step to 1e-07 (mm) ...       Potential overlap in geometry !

*** This is just a warning message. ***
-------- WWWW -------- G4Exception-END --------- WWWW -------

Error in <TDecompChol::Decompose()>: matrix not positive definite
genfit::Exception thrown with excString:
KalmanFitterInfo::calcAverageState: ill-conditioned covariance matrix.
in line: 149 in file: /phenix/u/phnxbld/workarea/sPHENIX_SL7.3/gcc-8.3/need_root_version/root-6.22.02/genfit/core/src/MeasuredStateOnPlane.cc
with fatal flag 0
Error in <TDecompChol::Decompose()>: matrix not positive definite
genfit::Exception thrown with excString:
KalmanFitterInfo::calcAverageState: ill-conditioned covariance matrix.
in line: 149 in file: /phenix/u/phnxbld/workarea/sPHENIX_SL7.3/gcc-8.3/need_root_version/root-6.22.02/genfit/core/src/MeasuredStateOnPlane.cc
with fatal flag 0
/global/project/projectdirs/alice/ftorales/Singularity/coresoftware/simulation/g4simulation/g4eval/SvtxVertexEval.cc:419: Did not find_vertexmap on node tree

-------- WWWW ------- G4Exception-START -------- WWWW -------
*** G4Exception : GeomNav1002
      issued by : G4Navigator::ComputeStep()
Stuck Track: potential geometry or navigation problem.
  Track stuck, not moving for 10 steps.
  Current  phys volume: 'HadronForwardEnvelope_0'
   - at position : (-28.43053363906193,-8.122034653110635,3118.382642303963)
     in direction: (-0.8941562283550221,-0.1303692744379656,-0.4283555667625205)
    (local position: (-28.43053363906193,-8.122034653110635,3118.382642303963))
    (local direction: (-0.8941562283550221,-0.1303692744379656,-0.4283555667625205)).
  Previous phys volume: 'P-PI-FLG-0062-2'

  Likely geometry overlap - else navigation problem !
   *** Trying to get *unstuck* using a push - expanding step to 1e-07 (mm) ...       Potential overlap in geometry !

*** This is just a warning message. ***
-------- WWWW -------- G4Exception-END --------- WWWW -------

Error in <TDecompChol::Decompose()>: matrix not positive definite
genfit::Exception thrown with excString:
KalmanFitterInfo::calcAverageState: ill-conditioned covariance matrix.
in line: 149 in file: /phenix/u/phnxbld/workarea/sPHENIX_SL7.3/gcc-8.3/need_root_version/root-6.22.02/genfit/core/src/MeasuredStateOnPlane.cc
with fatal flag 0
Error in <TDecompChol::Decompose()>: matrix not positive definite
genfit::Exception thrown with excString:
KalmanFitterInfo::calcAverageState: ill-conditioned covariance matrix.
in line: 149 in file: /phenix/u/phnxbld/workarea/sPHENIX_SL7.3/gcc-8.3/need_root_version/root-6.22.02/genfit/core/src/MeasuredStateOnPlane.cc
with fatal flag 0
Error in <TDecompChol::Decompose()>: matrix not positive definite
Error in <TDecompChol::Decompose()>: matrix not positive definite
genfit::Exception thrown with excString:
KalmanFitterInfo::calcAverageState: ill-conditioned covariance matrix.
in line: 149 in file: /phenix/u/phnxbld/workarea/sPHENIX_SL7.3/gcc-8.3/need_root_version/root-6.22.02/genfit/core/src/MeasuredStateOnPlane.cc
with fatal flag 0
Error in <TDecompChol::Decompose()>: matrix not positive definite
Error in <TDecompChol::Decompose()>: matrix not positive definite
genfit::Exception thrown with excString:
KalmanFitterInfo::calcAverageState: ill-conditioned covariance matrix.
in line: 149 in file: /phenix/u/phnxbld/workarea/sPHENIX_SL7.3/gcc-8.3/need_root_version/root-6.22.02/genfit/core/src/MeasuredStateOnPlane.cc
with fatal flag 0
Error in <TDecompChol::Decompose()>: matrix not positive definite
Error in <TDecompChol::Decompose()>: matrix not positive definite
genfit::Exception thrown with excString:
KalmanFitterInfo::calcAverageState: ill-conditioned covariance matrix.
in line: 149 in file: /phenix/u/phnxbld/workarea/sPHENIX_SL7.3/gcc-8.3/need_root_version/root-6.22.02/genfit/core/src/MeasuredStateOnPlane.cc
with fatal flag 0
Error in <TDecompChol::Decompose()>: matrix not positive definite
Error in <TDecompChol::Decompose()>: matrix not positive definite
genfit::Exception thrown with excString:
KalmanFitterInfo::calcAverageState: ill-conditioned covariance matrix.
in line: 149 in file: /phenix/u/phnxbld/workarea/sPHENIX_SL7.3/gcc-8.3/need_root_version/root-6.22.02/genfit/core/src/MeasuredStateOnPlane.cc
with fatal flag 0
Error in <TDecompChol::Decompose()>: matrix not positive definite
genfit::Exception thrown with excString:
KalmanFitterInfo::calcAverageState: ill-conditioned covariance matrix.
in line: 149 in file: /phenix/u/phnxbld/workarea/sPHENIX_SL7.3/gcc-8.3/need_root_version/root-6.22.02/genfit/core/src/MeasuredStateOnPlane.cc
with fatal flag 0
Error in <TDecompChol::Decompose()>: matrix not positive definite
genfit::Exception thrown with excString:
KalmanFitterInfo::calcAverageState: ill-conditioned covariance matrix.
in line: 149 in file: /phenix/u/phnxbld/workarea/sPHENIX_SL7.3/gcc-8.3/need_root_version/root-6.22.02/genfit/core/src/MeasuredStateOnPlane.cc
with fatal flag 0
/global/project/projectdirs/alice/ftorales/Singularity/coresoftware/simulation/g4simulation/g4eval/SvtxVertexEval.cc:419: Did not find_vertexmap on node tree
MyJetAnalysis::End - Output to /global/project/projectdirs/alice/ftorales/fast_slurm_allsi_reco_branches/eP_11_e+jet_Tree.root
All done
