LD_LIBRARY_PATH now /global/project/projectdirs/alice/ftorales//Singularity//install/lib:/global/project/projectdirs/alice/ftorales/Singularity/cvmfs/sphenix.sdcc.bnl.gov/gcc-8.3/opt/sphenix/core/gcc/8.3.0.1-0a5ad/x86_64-centos7/lib:/global/project/projectdirs/alice/ftorales/Singularity/cvmfs/sphenix.sdcc.bnl.gov/gcc-8.3/opt/sphenix/core/gcc/8.3.0.1-0a5ad/x86_64-centos7/lib64:/global/project/projectdirs/alice/ftorales/Singularity/cvmfs/sphenix.sdcc.bnl.gov/gcc-8.3/opt/sphenix/core/binutils/2.30-e5b21/x86_64-centos7/lib:.:/global/project/projectdirs/alice/ftorales/Singularity/cvmfs/sphenix.sdcc.bnl.gov/gcc-8.3/release/release_new/new.4/lib64:/global/project/projectdirs/alice/ftorales/Singularity/cvmfs/sphenix.sdcc.bnl.gov/gcc-8.3/release/release_new/new.4/lib:/global/project/projectdirs/alice/ftorales/Singularity/cvmfs/sphenix.sdcc.bnl.gov/gcc-8.3/opt/sphenix/utils/lib64:/global/project/projectdirs/alice/ftorales/Singularity/cvmfs/sphenix.sdcc.bnl.gov/gcc-8.3/opt/sphenix/utils/lib:/global/project/projectdirs/alice/ftorales/Singularity/cvmfs/sphenix.sdcc.bnl.gov/gcc-8.3/opt/sphenix/core/lib:/global/project/projectdirs/alice/ftorales/Singularity/cvmfs/sphenix.sdcc.bnl.gov/gcc-8.3/opt/sphenix/core/root-6.22.02/lib:/global/project/projectdirs/alice/ftorales/Singularity/cvmfs/sphenix.sdcc.bnl.gov/gcc-8.3/opt/sphenix/core/geant4.10.06.p02/lib64:/global/project/projectdirs/alice/ftorales/Singularity/cvmfs/sphenix.sdcc.bnl.gov/gcc-8.3/opt/sphenix/core/lhapdf-5.9.1/lib:/usr/local/lib64:/usr/lib64
PATH now :/global/project/projectdirs/alice/ftorales/Singularity/cvmfs/sphenix.sdcc.bnl.gov/gcc-8.3/opt/sphenix/core/gcc/8.3.0.1-0a5ad/x86_64-centos7/bin:/global/project/projectdirs/alice/ftorales/Singularity/cvmfs/sphenix.sdcc.bnl.gov/gcc-8.3/opt/sphenix/core/binutils/2.30-e5b21/x86_64-centos7/bin:.:/global/project/projectdirs/alice/ftorales/Singularity/cvmfs/sphenix.sdcc.bnl.gov/gcc-8.3/release/release_new/new.4/bin:/global/project/projectdirs/alice/ftorales/Singularity/cvmfs/sphenix.sdcc.bnl.gov/gcc-8.3/opt/sphenix/utils/bin:/global/project/projectdirs/alice/ftorales/Singularity/cvmfs/sphenix.sdcc.bnl.gov/gcc-8.3/opt/sphenix/core/bin:/global/project/projectdirs/alice/ftorales/Singularity/cvmfs/sphenix.sdcc.bnl.gov/gcc-8.3/opt/sphenix/core/root-6.22.02/bin:/global/project/projectdirs/alice/ftorales/Singularity/cvmfs/sphenix.sdcc.bnl.gov/gcc-8.3/opt/sphenix/core/geant4.10.06.p02/bin:/usr/local/bin:/usr/bin:/usr/local/sbin:/usr/sbin
   ------------------------------------------------------------------
  | Welcome to ROOT 6.22/02                        https://root.cern |
  | (c) 1995-2020, The ROOT Team; conception: R. Brun, F. Rademakers |
  | Built for linuxx8664gcc on Aug 17 2020, 12:46:52                 |
  | From tags/v6-22-02@v6-22-02                                      |
  | Try '.help', '.demo', '.license', '.credits', '.quit'/'.q'       |
   ------------------------------------------------------------------


Processing Fun4All_G4_EICDetector.C(20, 1*32276+21211,"","/global/project/projectdirs/alice/ftorales/fast_slurm_allsi_reco_branches/eP_1")...
PHRandomSeed::GetSeed() seed: 1136798012

 *------------------------------------------------------------------------------------* 
 |                                                                                    | 
 |  *------------------------------------------------------------------------------*  | 
 |  |                                                                              |  | 
 |  |                                                                              |  | 
 |  |   PPP   Y   Y  TTTTT  H   H  III    A      Welcome to the Lund Monte Carlo!  |  | 
 |  |   P  P   Y Y     T    H   H   I    A A     This is PYTHIA version 8.303      |  | 
 |  |   PPP     Y      T    HHHHH   I   AAAAA    Last date of change:  1 Sep 2020  |  | 
 |  |   P       Y      T    H   H   I   A   A                                      |  | 
 |  |   P       Y      T    H   H  III  A   A    Now is 04 Feb 2021 at 21:16:35    |  | 
 |  |                                                                              |  | 
 |  |   Christian Bierlich;  Department of Astronomy and Theoretical Physics,      |  | 
 |  |      Lund University, Solvegatan 14A, SE-223 62 Lund, Sweden;                |  | 
 |  |      e-mail: christian.bierlich@thep.lu.se                                   |  | 
 |  |   Nishita Desai;  Department of Theoretical Physics, Tata Institute,         |  | 
 |  |      Homi Bhabha Road, Mumbai 400005, India;                                 |  | 
 |  |      e-mail: desai@theory.tifr.res.in                                        |  | 
 |  |   Leif Gellersen;  Department of Astronomy and Theoretical Physics,          |  | 
 |  |      Lund University, Solvegatan 14A, SE-223 62 Lund, Sweden;                |  | 
 |  |      e-mail: leif.gellersen@thep.lu.se                                       |  | 
 |  |   Ilkka Helenius;  Department of Physics, University of Jyvaskyla,           |  | 
 |  |      P.O. Box 35, FI-40014 University of Jyvaskyla, Finland;                 |  | 
 |  |      e-mail: ilkka.m.helenius@jyu.fi                                         |  | 
 |  |   Philip Ilten;  Department of Physics,                                      |  | 
 |  |      University of Cincinnati, Cincinnati, OH 45221, USA;                    |  | 
 |  |      School of Physics and Astronomy,                                        |  | 
 |  |      University of Birmingham, Birmingham, B152 2TT, UK;                     |  | 
 |  |      e-mail: philten@cern.ch                                                 |  | 
 |  |   Leif Lonnblad;  Department of Astronomy and Theoretical Physics,           |  | 
 |  |      Lund University, Solvegatan 14A, SE-223 62 Lund, Sweden;                |  | 
 |  |      e-mail: leif.lonnblad@thep.lu.se                                        |  | 
 |  |   Stephen Mrenna;  Computing Division, Simulations Group,                    |  | 
 |  |      Fermi National Accelerator Laboratory, MS 234, Batavia, IL 60510, USA;  |  | 
 |  |      e-mail: mrenna@fnal.gov                                                 |  | 
 |  |   Stefan Prestel;  Department of Astronomy and Theoretical Physics,          |  | 
 |  |      Lund University, Solvegatan 14A, SE-223 62 Lund, Sweden;                |  | 
 |  |      e-mail: stefan.prestel@thep.lu.se                                       |  | 
 |  |   Christine O. Rasmussen;  Department of Astronomy and Theoretical Physics,  |  | 
 |  |      Lund University, Solvegatan 14A, SE-223 62 Lund, Sweden;                |  | 
 |  |      e-mail: christine.rasmussen@thep.lu.se                                  |  | 
 |  |   Torbjorn Sjostrand;  Department of Astronomy and Theoretical Physics,      |  | 
 |  |      Lund University, Solvegatan 14A, SE-223 62 Lund, Sweden;                |  | 
 |  |      e-mail: torbjorn@thep.lu.se                                             |  | 
 |  |   Peter Skands;  School of Physics and Astronomy,                            |  | 
 |  |      Monash University, PO Box 27, 3800 Melbourne, Australia;                |  | 
 |  |      e-mail: peter.skands@monash.edu                                         |  | 
 |  |   Marius Utheim;  Department of Astronomy and Theoretical Physics,           |  | 
 |  |      Lund University, Solvegatan 14A, SE-223 62 Lund, Sweden;                |  | 
 |  |      e-mail: marius.utheim@thep.lu.se                                        |  | 
 |  |                                                                              |  | 
 |  |   The main program reference is 'An Introduction to PYTHIA 8.2',             |  | 
 |  |   T. Sjostrand et al, Comput. Phys. Commun. 191 (2015) 159                   |  | 
 |  |   [arXiv:1410.3012 [hep-ph]]                                                 |  | 
 |  |                                                                              |  | 
 |  |   The main physics reference is the 'PYTHIA 6.4 Physics and Manual',         |  | 
 |  |   T. Sjostrand, S. Mrenna and P. Skands, JHEP05 (2006) 026 [hep-ph/0603175]  |  | 
 |  |                                                                              |  | 
 |  |   An archive of program versions and documentation is found on the web:      |  | 
 |  |   http://www.thep.lu.se/Pythia                                               |  | 
 |  |                                                                              |  | 
 |  |   This program is released under the GNU General Public Licence version 2.   |  | 
 |  |   Please respect the MCnet Guidelines for Event Generator Authors and Users. |  | 
 |  |                                                                              |  | 
 |  |   Disclaimer: this program comes without any guarantees.                     |  | 
 |  |   Beware of errors and use common sense when interpreting results.           |  | 
 |  |                                                                              |  | 
 |  |   Copyright (C) 2020 Torbjorn Sjostrand                                      |  | 
 |  |                                                                              |  | 
 |  |                                                                              |  | 
 |  *------------------------------------------------------------------------------*  | 
 |                                                                                    | 
 *------------------------------------------------------------------------------------* 

USING RANDOM SEED OF 53487

PHRandomSeed: using fixed seed 53487
PHRandomSeed::GetSeed() seed: 2081192969
PHPythia8 random seed: 281192969

 *-------  PYTHIA Process Initialization  --------------------------*
 |                                                                  |
 | We collide p+ with e- at a CM energy of 8.945e+01 GeV            |
 |                                                                  |
 |------------------------------------------------------------------|
 |                                                    |             |
 | Subprocess                                    Code |   Estimated |
 |                                                    |    max (mb) |
 |                                                    |             |
 |------------------------------------------------------------------|
 |                                                    |             |
 | g g -> g g                                     111 |   0.000e+00 |
 | g g -> q qbar (uds)                            112 |   0.000e+00 |
 | q g -> q g                                     113 |   0.000e+00 |
 | q q(bar)' -> q q(bar)'                         114 |   0.000e+00 |
 | q qbar -> g g                                  115 |   0.000e+00 |
 | q qbar -> q' qbar' (uds)                       116 |   0.000e+00 |
 | g g -> c cbar                                  121 |   0.000e+00 |
 | q qbar -> c cbar                               122 |   0.000e+00 |
 | g g -> b bbar                                  123 |   0.000e+00 |
 | q qbar -> b bbar                               124 |   0.000e+00 |
 | f f' -> f f' (t-channel gamma*/Z0)             211 |   9.266e-05 |
 |                                                                  |
 *-------  End PYTHIA Process Initialization -----------------------*

 *-------  PYTHIA Flag + Mode + Parm + Word + FVec + MVec + PVec + WVec Settings (changes only)  ------------------* 
 |                                                                                                                 | 
 | Name                                          |                      Now |      Default         Min         Max | 
 |                                               |                          |                                      | 
 | Beams:eA                                      |                100.00000 |     7000.000         0.0             | 
 | Beams:eB                                      |                 20.00000 |     7000.000         0.0             | 
 | Beams:frameType                               |                        2 |            1           1           5 | 
 | Beams:idB                                     |                       11 |         2212                         | 
 | HardQCD:all                                   |                       on |          off                         | 
 | Main:timesAllowErrors                         |                   900000 |           10           0             | 
 | PDF:lepton                                    |                      off |           on                         | 
 | PhaseSpace:Q2Min                              |                 16.00000 |          0.0         0.0             | 
 | Random:seed                                   |                281192969 |           -1               900000000 | 
 | Random:setSeed                                |                       on |          off                         | 
 | SpaceShower:pTmaxMatch                        |                        2 |            0           0           2 | 
 | TimeShower:QEDshowerByL                       |                      off |           on                         | 
 | WeakBosonExchange:ff2ff(t:gmZ)                |                       on |          off                         | 
 |                                                                                                                 | 
 *-------  End PYTHIA Flag + Mode + Parm + Word + FVec + MVec + PVec + WVec Settings  -----------------------------* 

 --------  PYTHIA Particle Data Table (changed only)  ------------------------------------------------------------------------------
 
      id   name            antiName         spn chg col      m0        mWidth      mMin       mMax       tau0    res dec ext vis wid
             no onMode   bRatio   meMode     products 

 no particle data has been changed from its default value 

 --------  End PYTHIA Particle Data Table  -----------------------------------------------------------------------------------------

PHRandomSeed::GetSeed() seed: 492096398
/global/project/projectdirs/alice/ftorales/Singularity/cvmfs/sphenix.sdcc.bnl.gov/gcc-8.3/release/release_new/new.4/share/calibrations/ForwardEcal/mapping/towerMap_FEMC_v007.txt
PHRandomSeed::GetSeed() seed: 4199212087

**************************************************************
 Geant4 version Name: geant4-10-06-patch-02    (29-May-2020)
                       Copyright : Geant4 Collaboration
                      References : NIM A 506 (2003), 250-303
                                 : IEEE-TNS 53 (2006), 270-278
                                 : NIM A 835 (2016), 186-225
                             WWW : http://geant4.org/
**************************************************************

<<< Geant4 Physics List simulation engine: QGSP_BERT

### Birks coefficients used in run time
   G4_PbWO4     0.0333333 mm/MeV     0.0276 g/cm^2/MeV  massFactor=  5.89329 effCharge= 2407.4
   G4_lAr     0.032 mm/MeV     0.0044672 g/cm^2/MeV  massFactor=  23.4875 effCharge= 324
   G4_POLYSTYRENE     0.07943 mm/MeV     0.00841958 g/cm^2/MeV  massFactor=  101.167 effCharge= 0.027027
   G4_BGO     0.008415 mm/MeV     0.00599989 g/cm^2/MeV  massFactor=  6.63951 effCharge= 1.56555
PHRandomSeed::GetSeed() seed: 3142658059
PHRandomSeed::GetSeed() seed: 3926987787
Warning from RawClusterBuilderTemplate::Detector(): no detector specific class HcalInRawClusterBuilderTemplate defined for detector HCALIN. Default BEmcRec will be used
PHRandomSeed::GetSeed() seed: 3442160045
Warning from RawClusterBuilderTemplate::Detector(): no detector specific class HcalOutRawClusterBuilderTemplate defined for detector HCALOUT. Default BEmcRec will be used
PHRandomSeed::GetSeed() seed: 2396739511
PHRandomSeed::GetSeed() seed: 1366989337
Warning from RawClusterBuilderTemplate::Detector(): no detector specific class FHCALRawClusterBuilderTemplate defined for detector FHCAL. Default BEmcRec will be used
PHRandomSeed::GetSeed() seed: 2714610697
PHRandomSeed::GetSeed() seed: 1271756659
/home/phnxbld/sPHENIX/gcc-8.3/new/source/coresoftware/simulation/g4simulation/g4trackfastsim/PHG4TrackFastSimEval.cc:74:  Openning file /global/project/projectdirs/alice/ftorales/fast_slurm_allsi_reco_branches/eP_1_g4tracking_eval.root
PHTFileServer::open - opening file /global/project/projectdirs/alice/ftorales/fast_slurm_allsi_reco_branches/eP_1_g4tracking_eval.root (RECREATE)
PHTFileServer::open - opening file /global/project/projectdirs/alice/ftorales/fast_slurm_allsi_reco_branches/eP_1_e+jet_Tree.root (RECREATE)
Fun4AllServer: Runnumber forced to 0 by RUNNUMBER IntFlag
Fun4AllServer::setRun(): could not get timestamp for run  0, using tics(0) timestamp: Wed Dec 31 19:00:00 1969
PHFieldUtility::GetFieldConfigNode - field map with configuration from input default: PHFieldConfigv1::identify - Field type of [2D field map expressed in cylindrical coordinates] from file [/global/project/projectdirs/alice/ftorales/Singularity/cvmfs/sphenix.sdcc.bnl.gov/gcc-8.3/release/release_new/new.4/share/calibrations/Field/Map/sPHENIX.2d.root] with a scale factor of -0.9
G4GDML: Reading 'Detector_chamber_3-20-20.G4Import.gdml'...
G4GDML: Reading materials...
G4GDML: Reading definitions...
G4GDML: Reading solids...
G4GDML: Reading definitions...
G4GDML: Reading solids...
G4GDML: Reading definitions...
G4GDML: Reading solids...
G4GDML: Reading definitions...
G4GDML: Reading solids...
G4GDML: Reading definitions...
G4GDML: Reading solids...
G4GDML: Reading definitions...
G4GDML: Reading solids...
G4GDML: Reading definitions...
G4GDML: Reading solids...
G4GDML: Reading definitions...
G4GDML: Reading solids...
G4GDML: Reading definitions...
G4GDML: Reading solids...
G4GDML: Reading definitions...
G4GDML: Reading solids...
G4GDML: Reading structure...
G4GDML: Reading setup...
G4GDML: Reading 'Detector_chamber_3-20-20.G4Import.gdml' done!
Stripping off GDML names of materials, solids and volumes ...
G4GDML: Reading '/global/project/projectdirs/alice/ftorales/Singularity/cvmfs/sphenix.sdcc.bnl.gov/gcc-8.3/release/release_new/new.4/share/calibrations/Beam/Detector_chamber_3-20-20.G4Import.gdml'...
G4GDML: Reading materials...
G4Material WARNING: duplicate name of material ALUMINUM
G4Material WARNING: duplicate name of material VACUUM
G4GDML: Reading definitions...
G4GDML: Reading solids...
G4GDML: Reading definitions...
G4GDML: Reading solids...
G4GDML: Reading definitions...
G4GDML: Reading solids...
G4GDML: Reading definitions...
G4GDML: Reading solids...
G4GDML: Reading definitions...
G4GDML: Reading solids...
G4GDML: Reading definitions...
G4GDML: Reading solids...
G4GDML: Reading definitions...
G4GDML: Reading solids...
G4GDML: Reading definitions...
G4GDML: Reading solids...
G4GDML: Reading definitions...
G4GDML: Reading solids...
G4GDML: Reading definitions...
G4GDML: Reading solids...
G4GDML: Reading structure...
G4GDML: Reading setup...
G4GDML: Reading '/global/project/projectdirs/alice/ftorales/Singularity/cvmfs/sphenix.sdcc.bnl.gov/gcc-8.3/release/release_new/new.4/share/calibrations/Beam/Detector_chamber_3-20-20.G4Import.gdml' done!
Stripping off GDML names of materials, solids and volumes ...
G4GDML: Reading 'genfitGeom_AllSi_v2.gdml'...
G4GDML: Reading definitions...
G4GDML: Reading materials...
G4GDML: Reading solids...
G4GDML: Reading structure...
G4GDML: Reading setup...
G4GDML: Reading 'genfitGeom_AllSi_v2.gdml' done!
Stripping off GDML names of materials, solids and volumes ...
Checking overlaps for volume BH_1 (G4Tubs) ... OK! 
Checking overlaps for volume BH_FORWARD_PLUS_1 (G4Tubs) ... OK! 
Checking overlaps for volume BH_FORWARD_NEG_1 (G4Tubs) ... OK! 
PHG4Reco::InitRun - export geometry to DST via tmp file /tmp/PHGeomUtility_geom_file_35266.gdml
PHG4GDML: Writing '/tmp/PHGeomUtility_geom_file_35266.gdml'...
PHG4GDML: Writing definitions...
G4GDML: Writing materials...
PHG4GDML: Writing solids...
PHG4GDML: Writing structure...
G4GDML: Writing setup...

-------- WWWW ------- G4Exception-START -------- WWWW -------
*** G4Exception : Obsolete
      issued by : G4MaterialPropertiesTable::GetPropertiesMap()
GetPropertiesMap will be obsolete from the next release Use G4MaterialPropertiesTable::GetPropertyMap() instead
*** This is just a warning message. ***
-------- WWWW -------- G4Exception-END --------- WWWW -------


-------- WWWW ------- G4Exception-START -------- WWWW -------
*** G4Exception : Obsolete
      issued by : G4MaterialPropertiesTable::GetPropertiesCMap()
GetPropertiesCMap will be obsolete from the next release Use G4MaterialPropertiesTable::GetConstPropertyMap() instead
*** This is just a warning message. ***
-------- WWWW -------- G4Exception-END --------- WWWW -------

PHG4GDML: Writing surfaces...
PHG4GDML: Writing '/tmp/PHGeomUtility_geom_file_35266.gdml' done !
PHRandomSeed::GetSeed() seed: 931072862
Info from RawClusterBuilderTemplate::InitRun(): Init geometry for CEMC: N of geom towers: 39064; ix = 0-256, iy = 0-151
Info from RawClusterBuilderTemplate::InitRun(): Init geometry for HCALIN: N of geom towers: 1536; ix = 0-63, iy = 0-23
Info from RawClusterBuilderTemplate::InitRun(): Init geometry for HCALOUT: N of geom towers: 1536; ix = 0-63, iy = 0-23
Info from RawClusterBuilderTemplate::InitRun(): Init geometry for FEMC: N of geom towers: 3244; ix = 0-64, iy = 0-64
Info from RawClusterBuilderTemplate::InitRun(): Init geometry for FHCAL: N of geom towers: 2020; ix = 2-52, iy = 2-52
Info from RawClusterBuilderTemplate::InitRun(): Init geometry for EEMC: N of geom towers: 2904; ix = 19-80, iy = 19-80
GFRaveVertexFactory::setMethod ==> set method to kalman-smoothing:1
--------------------------------------

List of Nodes in Fun4AllServer:
Node Tree under TopNode TOP
TOP (PHCompositeNode)/
   DST (PHCompositeNode)/
      PHHepMCGenEventMap (IO,PHHepMCGenEventMap)
      PHG4INEVENT (PHDataNode)
      G4HIT_EGEM_0 (IO,PHG4HitContainer)
      G4HIT_EGEM_1 (IO,PHG4HitContainer)
      G4HIT_EGEM_2 (IO,PHG4HitContainer)
      G4HIT_EGEM_3 (IO,PHG4HitContainer)
      G4HIT_FGEM_2 (IO,PHG4HitContainer)
      G4HIT_FGEM_3 (IO,PHG4HitContainer)
      G4HIT_FGEM_4 (IO,PHG4HitContainer)
      G4HIT_FHCAL (IO,PHG4HitContainer)
      G4HIT_ABSORBER_FHCAL (IO,PHG4HitContainer)
      G4HIT_DIRC (IO,PHG4HitContainer)
      G4HIT_RICH (IO,PHG4HitContainer)
      CEMC (PHCompositeNode)/
         G4HIT_CEMC (IO,PHG4HitContainer)
         G4CELL_CEMC (IO,PHG4CellContainer)
         TOWER_SIM_CEMC (IO,RawTowerContainer)
         TOWER_RAW_CEMC (IO,RawTowerContainer)
         TOWER_CALIB_CEMC (IO,RawTowerContainer)
         CLUSTER_CEMC (IO,RawClusterContainer)
      HCALIN (PHCompositeNode)/
         G4HIT_HCALIN (IO,PHG4HitContainer)
         G4CELL_HCALIN (IO,PHG4CellContainer)
         TOWER_SIM_HCALIN (IO,RawTowerContainer)
         TOWER_RAW_HCALIN (IO,RawTowerContainer)
         TOWER_CALIB_HCALIN (IO,RawTowerContainer)
         CLUSTER_HCALIN (IO,RawClusterContainer)
      HCALOUT (PHCompositeNode)/
         G4HIT_HCALOUT (IO,PHG4HitContainer)
         G4CELL_HCALOUT (IO,PHG4CellContainer)
         TOWER_SIM_HCALOUT (IO,RawTowerContainer)
         TOWER_RAW_HCALOUT (IO,RawTowerContainer)
         TOWER_CALIB_HCALOUT (IO,RawTowerContainer)
         CLUSTER_HCALOUT (IO,RawClusterContainer)
      FEMC (PHCompositeNode)/
         G4HIT_FEMC (IO,PHG4HitContainer)
         TOWER_SIM_FEMC (IO,RawTowerContainer)
         TOWER_RAW_FEMC (IO,RawTowerContainer)
         TOWER_CALIB_FEMC (IO,RawTowerContainer)
         CLUSTER_FEMC (IO,RawClusterContainer)
      EEMC (PHCompositeNode)/
         G4HIT_EEMC (IO,PHG4HitContainer)
         TOWER_SIM_EEMC (IO,RawTowerContainer)
         TOWER_RAW_EEMC (IO,RawTowerContainer)
         TOWER_CALIB_EEMC (IO,RawTowerContainer)
         CLUSTER_EEMC (IO,RawClusterContainer)
      G4HIT_BH_1 (IO,PHG4HitContainer)
      BH_FORWARD_PLUS (PHCompositeNode)/
         G4HIT_BH_FORWARD_PLUS (IO,PHG4HitContainer)
      BH_FORWARD_NEG (PHCompositeNode)/
         G4HIT_BH_FORWARD_NEG (IO,PHG4HitContainer)
      G4TruthInfo (IO,PHG4TruthInfoContainer)
      LBLVTX (PHCompositeNode)/
         G4HIT_ABSORBER_LBLVTX (IO,PHG4HitContainer)
         G4HIT_LBLVTX_BACKWARD_30 (IO,PHG4HitContainer)
         G4HIT_LBLVTX_BACKWARD_31 (IO,PHG4HitContainer)
         G4HIT_LBLVTX_BACKWARD_32 (IO,PHG4HitContainer)
         G4HIT_LBLVTX_BACKWARD_33 (IO,PHG4HitContainer)
         G4HIT_LBLVTX_BACKWARD_34 (IO,PHG4HitContainer)
         G4HIT_LBLVTX_CENTRAL_10 (IO,PHG4HitContainer)
         G4HIT_LBLVTX_CENTRAL_11 (IO,PHG4HitContainer)
         G4HIT_LBLVTX_CENTRAL_12 (IO,PHG4HitContainer)
         G4HIT_LBLVTX_CENTRAL_13 (IO,PHG4HitContainer)
         G4HIT_LBLVTX_CENTRAL_14 (IO,PHG4HitContainer)
         G4HIT_LBLVTX_CENTRAL_15 (IO,PHG4HitContainer)
         G4HIT_LBLVTX_FORWARD_20 (IO,PHG4HitContainer)
         G4HIT_LBLVTX_FORWARD_21 (IO,PHG4HitContainer)
         G4HIT_LBLVTX_FORWARD_22 (IO,PHG4HitContainer)
         G4HIT_LBLVTX_FORWARD_23 (IO,PHG4HitContainer)
         G4HIT_LBLVTX_FORWARD_24 (IO,PHG4HitContainer)
      BBC (PHCompositeNode)/
         BbcVertexMap (IO,BbcVertexMapv1)
      FHCAL (PHCompositeNode)/
         TOWER_SIM_FHCAL (IO,RawTowerContainer)
         TOWER_RAW_FHCAL (IO,RawTowerContainer)
         TOWER_CALIB_FHCAL (IO,RawTowerContainer)
         CLUSTER_FHCAL (IO,RawClusterContainer)
      TRACKS (PHCompositeNode)/
         TrackMap (IO,SvtxTrackMap_v1)
         SvtxVertexMap (IO,SvtxVertexMap_v1)
      GLOBAL (PHCompositeNode)/
         GlobalVertexMap (IO,GlobalVertexMapv1)
      TRIG (PHCompositeNode)/
         CaloTriggerInfo (IO,CaloTriggerInfov1)
      ANTIKT (PHCompositeNode)/
         TRUTH (PHCompositeNode)/
            AntiKt_Truth_r02 (IO,JetMapv1)
            AntiKt_Truth_r03 (IO,JetMapv1)
            AntiKt_Truth_r04 (IO,JetMapv1)
            AntiKt_Truth_r05 (IO,JetMapv1)
            AntiKt_Truth_r06 (IO,JetMapv1)
            AntiKt_Truth_r07 (IO,JetMapv1)
            AntiKt_Truth_r08 (IO,JetMapv1)
            AntiKt_Truth_r10 (IO,JetMapv1)
         TOWER (PHCompositeNode)/
            AntiKt_Tower_r02 (IO,JetMapv1)
            AntiKt_Tower_r03 (IO,JetMapv1)
            AntiKt_Tower_r04 (IO,JetMapv1)
            AntiKt_Tower_r05 (IO,JetMapv1)
            AntiKt_Tower_r06 (IO,JetMapv1)
            AntiKt_Tower_r07 (IO,JetMapv1)
            AntiKt_Tower_r08 (IO,JetMapv1)
            AntiKt_Tower_r10 (IO,JetMapv1)
         CLUSTER (PHCompositeNode)/
            AntiKt_Cluster_r02 (IO,JetMapv1)
            AntiKt_Cluster_r03 (IO,JetMapv1)
            AntiKt_Cluster_r04 (IO,JetMapv1)
            AntiKt_Cluster_r05 (IO,JetMapv1)
            AntiKt_Cluster_r06 (IO,JetMapv1)
            AntiKt_Cluster_r07 (IO,JetMapv1)
            AntiKt_Cluster_r08 (IO,JetMapv1)
            AntiKt_Cluster_r10 (IO,JetMapv1)
         TRACK (PHCompositeNode)/
            AntiKt_Track_r02 (IO,JetMapv1)
            AntiKt_Track_r03 (IO,JetMapv1)
            AntiKt_Track_r04 (IO,JetMapv1)
            AntiKt_Track_r05 (IO,JetMapv1)
            AntiKt_Track_r06 (IO,JetMapv1)
            AntiKt_Track_r07 (IO,JetMapv1)
            AntiKt_Track_r08 (IO,JetMapv1)
            AntiKt_Track_r10 (IO,JetMapv1)
   RUN (PHCompositeNode)/
      PHGenIntegral (IO,PHGenIntegralv1)
      FIELD_CONFIG (IO,PHFieldConfigv1)
      PIPE (PHCompositeNode)/
         G4GEOPARAM_PIPE (IO,PdbParameterMapContainer)
      G4GEOPARAM_ElectronForwardEnvelope_0 (IO,PdbParameterMapContainer)
      G4GEOPARAM_HadronForwardEnvelope_0 (IO,PdbParameterMapContainer)
      LBLVTX (PHCompositeNode)/
         G4GEOPARAM_LBLVTX (IO,PdbParameterMapContainer)
      ABSORBER_CEMC (PHCompositeNode)/
         G4GEOPARAM_ABSORBER_CEMC (IO,PdbParameterMapContainer)
      CEMC (PHCompositeNode)/
         G4GEOPARAM_CEMC (IO,PdbParameterMapContainer)
         CYLINDERGEOM_CEMC (IO,PHG4CylinderGeomContainer)
         G4CELLPARAM_CEMC (IO,PdbParameterMapContainer)
         TOWERGEOM_CEMC (IO,RawTowerGeomContainer_Cylinderv1)
      G4GEOPARAM_CEMC_ELECTRONICS_0 (IO,PdbParameterMapContainer)
      HCALIN (PHCompositeNode)/
         G4GEOPARAM_HCALIN (IO,PdbParameterMapContainer)
         G4CELLPARAM_HCALIN (IO,PdbParameterMap)
         TOWERPARAM_HCALIN (IO,PdbParameterMap)
         TOWERGEOM_HCALIN (IO,RawTowerGeomContainer_Cylinderv1)
      HCALIN_SPT (PHCompositeNode)/
         G4GEOPARAM_HCALIN_SPT (IO,PdbParameterMapContainer)
      MAGNET (PHCompositeNode)/
         G4GEOPARAM_MAGNET (IO,PdbParameterMapContainer)
      HCALOUT (PHCompositeNode)/
         G4GEOPARAM_HCALOUT (IO,PdbParameterMapContainer)
         G4CELLPARAM_HCALOUT (IO,PdbParameterMap)
         TOWERPARAM_HCALOUT (IO,PdbParameterMap)
         TOWERGEOM_HCALOUT (IO,RawTowerGeomContainer_Cylinderv1)
      FEMC (PHCompositeNode)/
         G4GEOPARAM_FEMC (IO,PdbParameterMapContainer)
      EEMC (PHCompositeNode)/
         G4GEOPARAM_EEMC (IO,PdbParameterMapContainer)
      DIRC (PHCompositeNode)/
         G4GEOPARAM_DIRC (IO,PdbParameterMapContainer)
      FLUXRET_ETA_MINUS (PHCompositeNode)/
         G4GEOPARAM_FLUXRET_ETA_MINUS (IO,PdbParameterMapContainer)
      G4GEOPARAM_BH_1 (IO,PdbParameterMapContainer)
      CYLINDERGEOM_BH_1 (IO,PHG4CylinderGeomContainer)
      BH_FORWARD_PLUS (PHCompositeNode)/
         G4GEOPARAM_BH_FORWARD_PLUS (IO,PdbParameterMapContainer)
         CYLINDERGEOM_BH_FORWARD_PLUS (IO,PHG4CylinderGeomContainer)
      BH_FORWARD_NEG (PHCompositeNode)/
         G4GEOPARAM_BH_FORWARD_NEG (IO,PdbParameterMapContainer)
         CYLINDERGEOM_BH_FORWARD_NEG (IO,PHG4CylinderGeomContainer)
      GEOMETRY_IO (IO,PHGeomIOTGeo)
      CYLINDERCELLGEOM_CEMC (IO,PHG4CylinderCellGeomContainer)
      TOWERGEOM_FEMC (IO,RawTowerGeomContainerv1)
      TOWERGEOM_FHCAL (IO,RawTowerGeomContainerv1)
      TOWERGEOM_EEMC (IO,RawTowerGeomContainerv1)
   PAR (PHCompositeNode)/
      FIELD_MAP (PHDataNode)
      PIPE (PHCompositeNode)/
         G4GEO_PIPE (PHDataNode)
      G4GEO_ElectronForwardEnvelope_0 (PHDataNode)
      G4GDML_CONFIG (PHDataNode)
      G4GEO_HadronForwardEnvelope_0 (PHDataNode)
      LBLVTX (PHCompositeNode)/
         G4GEO_LBLVTX (PHDataNode)
      ABSORBER_CEMC (PHCompositeNode)/
         G4GEO_ABSORBER_CEMC (PHDataNode)
      CEMC (PHCompositeNode)/
         G4GEO_CEMC (PHDataNode)
      G4GEO_CEMC_ELECTRONICS_0 (PHDataNode)
      HCALIN (PHCompositeNode)/
         G4GEO_HCALIN (PHDataNode)
         G4CELLGEO_HCALIN (PHDataNode)
         TOWERGEO_HCALIN (PHDataNode)
      HCALIN_SPT (PHCompositeNode)/
         G4GEO_HCALIN_SPT (PHDataNode)
      MAGNET (PHCompositeNode)/
         G4GEO_MAGNET (PHDataNode)
      HCALOUT (PHCompositeNode)/
         G4GEO_HCALOUT (PHDataNode)
         G4CELLGEO_HCALOUT (PHDataNode)
         TOWERGEO_HCALOUT (PHDataNode)
      FEMC (PHCompositeNode)/
         G4GEO_FEMC (PHDataNode)
      EEMC (PHCompositeNode)/
         G4GEO_EEMC (PHDataNode)
      DIRC (PHCompositeNode)/
         G4GEO_DIRC (PHDataNode)
      FLUXRET_ETA_MINUS (PHCompositeNode)/
         G4GEO_FLUXRET_ETA_MINUS (PHDataNode)
      G4GEO_BH_1 (PHDataNode)
      BH_FORWARD_PLUS (PHCompositeNode)/
         G4GEO_BH_FORWARD_PLUS (PHDataNode)
      BH_FORWARD_NEG (PHCompositeNode)/
         G4GEO_BH_FORWARD_NEG (PHDataNode)
      GEOMETRY (PHDataNode)



 --------  PYTHIA Info Listing  ---------------------------------------- 
 
 Beam A: id =   2212, pz =  4.472e+01, e =  4.473e+01, m =  9.383e-01.
 Beam B: id =     11, pz = -4.472e+01, e =  4.472e+01, m =  5.110e-04.

 In 1: id =    2, x =  5.634e-02, pdf =  5.905e-01 at Q2 =  1.837e+01.
 In 2: id =   11, x =  1.000e+00, pdf =  1.000e+00 at same Q2.

 Subprocess f f' -> f f' (t-channel gamma*/Z0) with code 211 is 2 -> 2.
 It has sHat =  4.508e+02,    tHat = -1.919e+01,    uHat = -4.316e+02,
       pTHat =  4.285e+00,   m3Hat =  3.300e-01,   m4Hat =  5.110e-04,
    thetaHat =  4.156e-01,  phiHat =  5.842e+00.
     alphaEM =  7.558e-03,  alphaS =  2.532e-01    at Q2 =  1.837e+01.

 Impact parameter b =  0.000e+00 gives enhancement factor =  1.000e+00.
 Max pT scale for MPI =  8.945e+01, ISR =  8.945e+01, FSR =  8.945e+01.
 Number of MPI =     1, ISR =     2, FSRproc =     2, FSRreson =     0.

 --------  End PYTHIA Info Listing  ------------------------------------

 --------  PYTHIA Event Listing  (hard process)  -----------------------------------------------------------------------------------
 
    no         id  name            status     mothers   daughters     colours      p_x        p_y        p_z         e          m 
     0         90  (system)           -11     0     0     0     0     0     0      0.000      0.000     79.996    120.000     89.447
     1       2212  (p+)               -12     0     0     3     0     0     0      0.000      0.000     99.996    100.000      0.938
     2         11  (e-)               -12     0     0     4     0     0     0      0.000      0.000    -20.000     20.000      0.001
     3          2  (u)                -21     1     0     5     6   101     0      0.000      0.000      5.634      5.634      0.000
     4         11  (e-)               -21     2     0     5     6     0     0      0.000      0.000    -20.000     20.000      0.000
     5          2  u                   23     3     4     0     0   101     0      3.875     -1.830      4.538      6.250      0.330
     6         11  e-                  23     3     4     0     0     0     0     -3.875      1.830    -18.906     19.386      0.001
                                   Charge sum: -0.333           Momentum sum:      0.000      0.000    -14.368     25.636     21.231

 --------  End PYTHIA Event Listing  -----------------------------------------------------------------------------------------------

 --------  PYTHIA Event Listing  (complete event)  ---------------------------------------------------------------------------------
 
    no         id  name            status     mothers   daughters     colours      p_x        p_y        p_z         e          m 
     0         90  (system)           -11     0     0     0     0     0     0     -0.000      0.000     79.996    120.000     89.447
     1       2212  (p+)               -12     0     0    24     0     0     0      0.000     -0.000     99.996    100.000      0.938
     2         11  (e-)               -12     0     0    13     0     0     0     -0.000      0.000    -20.000     20.000      0.001
     3          2  (u)                -21     7     0     5     6   101     0     -0.000      0.000      5.634      5.634      0.000
     4         11  (e-)               -21     8     8     5     6     0     0     -0.000      0.000    -20.000     20.000      0.000
     5          2  (u)                -23     3     4     9     9   101     0      3.875     -1.830      4.538      6.250      0.330
     6         11  (e-)               -23     3     4    10    10     0     0     -3.875      1.830    -18.906     19.386      0.001
     7          2  (u)                -41    12     0    11     3   102     0     -0.000      0.000      9.227      9.227      0.000
     8         11  (e-)               -42    13    13     4     4     0     0     -0.000      0.000    -20.000     20.000      0.000
     9          2  (u)                -44     5     5    14    14   101     0      3.059     -0.274      5.067      5.935      0.330
    10         11  (e-)               -44     6     6    15    15     0     0     -3.911      1.899    -19.082     19.571      0.001
    11         21  (g)                -43     7     0    16    16   102   101      0.852     -1.625      3.240      3.724      0.000
    12          2  (u)                -41    24    24    17     7   103     0      0.000     -0.000     30.652     30.652      0.000
    13         11  (e-)               -42     2     0     8     8     0     0     -0.000      0.000    -20.000     20.000      0.000
    14          2  (u)                -44     9     9    25    25   101     0      3.227     -0.668      5.008      6.004      0.330
    15         11  e-                  44    10    10     0     0     0     0     -3.904      1.881    -18.935     19.425      0.001
    16         21  (g)                -44    11    11    18    19   102   101      0.958     -1.875      3.168      3.803      0.000
    17         21  (g)                -43    12     0    20    20   103   102     -0.281      0.662     21.410     21.422      0.000
    18         21  (g)                -51    16     0    23    23   104   101      1.149     -1.819      3.372      4.000      0.000
    19         21  (g)                -51    16     0    21    22   102   104     -0.231      0.038      2.833      2.842      0.000
    20         21  (g)                -52    17    17    26    26   103   102     -0.241      0.568     18.372     18.383      0.000
    21         21  (g)                -51    19     0    27    27   102   105     -0.338      0.092      0.516      0.623      0.000
    22         21  (g)                -51    19     0    28    28   105   104      0.420     -0.549      3.235      3.308      0.000
    23         21  (g)                -52    18    18    29    29   104   101      0.836     -1.324      2.454      2.911      0.000
    24          2  (u)                -61     1     0    12    12   103     0      1.261      0.924     32.441     32.478      0.000
    25          2  (u)                -62    14    14    31    31   101     0      3.794     -0.195      6.816      7.811      0.330
    26         21  (g)                -62    20    20    35    35   103   102     -0.029      0.732     19.263     19.277      0.000
    27         21  (g)                -62    21    21    34    34   102   105     -0.274      0.161      0.444      0.546      0.000
    28         21  (g)                -62    22    22    33    33   105   104      0.474     -0.498      3.299      3.370      0.000
    29         21  (g)                -62    23    23    32    32   104   101      1.059     -1.093      2.400      2.842      0.000
    30       2103  (ud_1)             -63     1     0    36    36     0   103     -1.120     -0.989     66.709     66.730      0.771
    31          2  (u)                -71    25    25    37    44   101     0      3.794     -0.195      6.816      7.811      0.330
    32         21  (g)                -71    29    29    37    44   104   101      1.059     -1.093      2.400      2.842      0.000
    33         21  (g)                -71    28    28    37    44   105   104      0.474     -0.498      3.299      3.370      0.000
    34         21  (g)                -71    27    27    37    44   102   105     -0.274      0.161      0.444      0.546      0.000
    35         21  (g)                -71    26    26    37    44   103   102     -0.029      0.732     19.263     19.277      0.000
    36       2103  (ud_1)             -71    30    30    37    44     0   103     -1.120     -0.989     66.709     66.730      0.771
    37        111  (pi0)              -83    31    36    51    52     0     0      4.343     -0.146      7.741      8.879      0.135
    38        113  (rho0)             -84    31    36    45    46     0     0      0.645     -0.746      3.378      3.594      0.731
    39        211  pi+                 84    31    36     0     0     0     0     -0.233      0.131      0.957      1.003      0.140
    40       -213  (rho-)             -84    31    36    47    48     0     0     -0.086     -0.662      4.822      4.915      0.683
    41        321  K+                  84    31    36     0     0     0     0      0.638      0.079      3.412      3.507      0.494
    42       -321  K-                  84    31    36     0     0     0     0     -0.160     -0.184      9.187      9.203      0.494
    43       2114  (Delta0)           -84    31    36    49    50     0     0     -0.197      0.032     36.123     36.143      1.199
    44        211  pi+                 84    31    36     0     0     0     0     -1.047     -0.385     33.312     33.331      0.140
    45        211  pi+                 91    38     0     0     0     0     0      0.349     -0.245      2.442      2.483      0.140
    46       -211  pi-                 91    38     0     0     0     0     0      0.297     -0.502      0.935      1.111      0.140
    47       -211  pi-                 91    40     0     0     0     0     0      0.031     -0.567      4.480      4.518      0.140
    48        111  (pi0)              -91    40     0    53    54     0     0     -0.117     -0.095      0.341      0.397      0.135
    49       2112  n0                  91    43     0     0     0     0     0      0.038      0.024     29.144     29.159      0.940
    50        111  (pi0)              -91    43     0    55    56     0     0     -0.235      0.008      6.979      6.984      0.135
    51         22  gamma               91    37     0     0     0     0     0      0.671     -0.065      1.250      1.420      0.000
    52         22  gamma               91    37     0     0     0     0     0      3.672     -0.081      6.492      7.459      0.000
    53         22  gamma               91    48     0     0     0     0     0     -0.137     -0.112      0.309      0.356      0.000
    54         22  gamma               91    48     0     0     0     0     0      0.019      0.017      0.032      0.041      0.000
    55         22  gamma               91    50     0     0     0     0     0     -0.163      0.047      5.763      5.765      0.000
    56         22  gamma               91    50     0     0     0     0     0     -0.072     -0.039      1.216      1.219      0.000
                                   Charge sum:  0.000           Momentum sum:     -0.000      0.000     79.996    120.000     89.447

 --------  End PYTHIA Event Listing  -----------------------------------------------------------------------------------------------
Error in <TDecompChol::Decompose()>: matrix not positive definite
genfit::Exception thrown with excString:
KalmanFitterInfo::calcAverageState: ill-conditioned covariance matrix.
in line: 149 in file: /phenix/u/phnxbld/workarea/sPHENIX_SL7.3/gcc-8.3/need_root_version/root-6.22.02/genfit/core/src/MeasuredStateOnPlane.cc
with fatal flag 0
Error in <TDecompChol::Decompose()>: matrix not positive definite
genfit::Exception thrown with excString:
KalmanFitterInfo::calcAverageState: ill-conditioned covariance matrix.
in line: 149 in file: /phenix/u/phnxbld/workarea/sPHENIX_SL7.3/gcc-8.3/need_root_version/root-6.22.02/genfit/core/src/MeasuredStateOnPlane.cc
with fatal flag 0
Error in <TDecompChol::Decompose()>: matrix not positive definite
genfit::Exception thrown with excString:
KalmanFitterInfo::calcAverageState: ill-conditioned covariance matrix.
in line: 149 in file: /phenix/u/phnxbld/workarea/sPHENIX_SL7.3/gcc-8.3/need_root_version/root-6.22.02/genfit/core/src/MeasuredStateOnPlane.cc
with fatal flag 0
Error in <TDecompChol::Decompose()>: matrix not positive definite
genfit::Exception thrown with excString:
KalmanFitterInfo::calcAverageState: ill-conditioned covariance matrix.
in line: 149 in file: /phenix/u/phnxbld/workarea/sPHENIX_SL7.3/gcc-8.3/need_root_version/root-6.22.02/genfit/core/src/MeasuredStateOnPlane.cc
with fatal flag 0
Error in <TDecompChol::Decompose()>: matrix not positive definite
genfit::Exception thrown with excString:
KalmanFitterInfo::calcAverageState: ill-conditioned covariance matrix.
in line: 149 in file: /phenix/u/phnxbld/workarea/sPHENIX_SL7.3/gcc-8.3/need_root_version/root-6.22.02/genfit/core/src/MeasuredStateOnPlane.cc
with fatal flag 0
Error in <TDecompChol::Decompose()>: matrix not positive definite
genfit::Exception thrown with excString:
KalmanFitterInfo::calcAverageState: ill-conditioned covariance matrix.
in line: 149 in file: /phenix/u/phnxbld/workarea/sPHENIX_SL7.3/gcc-8.3/need_root_version/root-6.22.02/genfit/core/src/MeasuredStateOnPlane.cc
with fatal flag 0
/global/project/projectdirs/alice/ftorales/Singularity/coresoftware/simulation/g4simulation/g4eval/SvtxVertexEval.cc:419: Did not find_vertexmap on node tree
No Cluster for this leading electron

=======================================================================
======       Pre-compound/De-excitation Physics Parameters     ========
=======================================================================
Type of pre-compound inverse x-section              3
Pre-compound model active                           1
Pre-compound excitation low energy (MeV)            0.1
Pre-compound excitation high energy (MeV)           30
Type of de-excitation inverse x-section             3
Type of de-excitation factory                       Evaporation+GEM
Number of de-excitation channels                    68
Min excitation energy (keV)                         0.01
Min energy per nucleon for multifragmentation (MeV) 2e+05
Limit excitation energy for Fermi BreakUp (MeV)     20
Level density (1/MeV)                               0.075
Use simple level density model                      1
Use discrete excitation energy of the residual      0
Time limit for long lived isomeres (ns)             1000
Internal e- conversion flag                         1
Store e- internal conversion data                   0
Electron internal conversion ID                     2
Correlated gamma emission flag                      0
Max 2J for sampling of angular correlations         10
Upload data before 1st event for                Z < 9
=======================================================================

-------- WWWW ------- G4Exception-START -------- WWWW -------
*** G4Exception : GeomNav1002
      issued by : G4Navigator::ComputeStep()
Stuck Track: potential geometry or navigation problem.
  Track stuck, not moving for 10 steps.
  Current  phys volume: 'HadronForwardEnvelope_0'
   - at position : (-28.48938142722472,-8.294727913522557,2706.830852263648)
     in direction: (-0.1358117460409776,-0.2545929286038796,0.9574641561657549)
    (local position: (-28.48938142722472,-8.294727913522557,2706.830852263648))
    (local direction: (-0.1358117460409776,-0.2545929286038796,0.9574641561657549)).
  Previous phys volume: 'P-PI-FLG-0062-2'

  Likely geometry overlap - else navigation problem !
   *** Trying to get *unstuck* using a push - expanding step to 1e-07 (mm) ...       Potential overlap in geometry !

*** This is just a warning message. ***
-------- WWWW -------- G4Exception-END --------- WWWW -------

Error in <TDecompChol::Decompose()>: matrix not positive definite
genfit::Exception thrown with excString:
KalmanFitterInfo::calcAverageState: ill-conditioned covariance matrix.
in line: 149 in file: /phenix/u/phnxbld/workarea/sPHENIX_SL7.3/gcc-8.3/need_root_version/root-6.22.02/genfit/core/src/MeasuredStateOnPlane.cc
with fatal flag 0
Error in <TDecompChol::Decompose()>: matrix not positive definite
genfit::Exception thrown with excString:
KalmanFitterInfo::calcAverageState: ill-conditioned covariance matrix.
in line: 149 in file: /phenix/u/phnxbld/workarea/sPHENIX_SL7.3/gcc-8.3/need_root_version/root-6.22.02/genfit/core/src/MeasuredStateOnPlane.cc
with fatal flag 0
/global/project/projectdirs/alice/ftorales/Singularity/coresoftware/simulation/g4simulation/g4eval/SvtxVertexEval.cc:419: Did not find_vertexmap on node tree
/global/project/projectdirs/alice/ftorales/Singularity/coresoftware/simulation/g4simulation/g4eval/SvtxVertexEval.cc:419: Did not find_vertexmap on node tree
/global/project/projectdirs/alice/ftorales/Singularity/coresoftware/simulation/g4simulation/g4eval/SvtxVertexEval.cc:419: Did not find_vertexmap on node tree
Error in <TDecompChol::Decompose()>: matrix not positive definite
genfit::Exception thrown with excString:
KalmanFitterInfo::calcAverageState: ill-conditioned covariance matrix.
in line: 149 in file: /phenix/u/phnxbld/workarea/sPHENIX_SL7.3/gcc-8.3/need_root_version/root-6.22.02/genfit/core/src/MeasuredStateOnPlane.cc
with fatal flag 0
Error in <TDecompChol::Decompose()>: matrix not positive definite
genfit::Exception thrown with excString:
KalmanFitterInfo::calcAverageState: ill-conditioned covariance matrix.
in line: 149 in file: /phenix/u/phnxbld/workarea/sPHENIX_SL7.3/gcc-8.3/need_root_version/root-6.22.02/genfit/core/src/MeasuredStateOnPlane.cc
with fatal flag 0
Error in <TDecompChol::Decompose()>: matrix not positive definite
Error in <TDecompChol::Decompose()>: matrix not positive definite
genfit::Exception thrown with excString:
KalmanFitterInfo::calcAverageState: ill-conditioned covariance matrix.
in line: 149 in file: /phenix/u/phnxbld/workarea/sPHENIX_SL7.3/gcc-8.3/need_root_version/root-6.22.02/genfit/core/src/MeasuredStateOnPlane.cc
with fatal flag 0
Error in <TDecompChol::Decompose()>: matrix not positive definite
genfit::Exception thrown with excString:
KalmanFitterInfo::calcAverageState: ill-conditioned covariance matrix.
in line: 149 in file: /phenix/u/phnxbld/workarea/sPHENIX_SL7.3/gcc-8.3/need_root_version/root-6.22.02/genfit/core/src/MeasuredStateOnPlane.cc
with fatal flag 0
/global/project/projectdirs/alice/ftorales/Singularity/coresoftware/simulation/g4simulation/g4eval/SvtxVertexEval.cc:419: Did not find_vertexmap on node tree
Error in <TDecompChol::Decompose()>: matrix not positive definite
genfit::Exception thrown with excString:
KalmanFitterInfo::calcAverageState: ill-conditioned covariance matrix.
in line: 149 in file: /phenix/u/phnxbld/workarea/sPHENIX_SL7.3/gcc-8.3/need_root_version/root-6.22.02/genfit/core/src/MeasuredStateOnPlane.cc
with fatal flag 0
Error in <TDecompChol::Decompose()>: matrix not positive definite
genfit::Exception thrown with excString:
KalmanFitterInfo::calcAverageState: ill-conditioned covariance matrix.
in line: 149 in file: /phenix/u/phnxbld/workarea/sPHENIX_SL7.3/gcc-8.3/need_root_version/root-6.22.02/genfit/core/src/MeasuredStateOnPlane.cc
with fatal flag 0
Error in <TDecompChol::Decompose()>: matrix not positive definite
genfit::Exception thrown with excString:
KalmanFitterInfo::calcAverageState: ill-conditioned covariance matrix.
in line: 149 in file: /phenix/u/phnxbld/workarea/sPHENIX_SL7.3/gcc-8.3/need_root_version/root-6.22.02/genfit/core/src/MeasuredStateOnPlane.cc
with fatal flag 0
Error in <TDecompChol::Decompose()>: matrix not positive definite
genfit::Exception thrown with excString:
KalmanFitterInfo::calcAverageState: ill-conditioned covariance matrix.
in line: 149 in file: /phenix/u/phnxbld/workarea/sPHENIX_SL7.3/gcc-8.3/need_root_version/root-6.22.02/genfit/core/src/MeasuredStateOnPlane.cc
with fatal flag 0
Error in <TDecompChol::Decompose()>: matrix not positive definite
genfit::Exception thrown with excString:
KalmanFitterInfo::calcAverageState: ill-conditioned covariance matrix.
in line: 149 in file: /phenix/u/phnxbld/workarea/sPHENIX_SL7.3/gcc-8.3/need_root_version/root-6.22.02/genfit/core/src/MeasuredStateOnPlane.cc
with fatal flag 0
Error in <TDecompChol::Decompose()>: matrix not positive definite
genfit::Exception thrown with excString:
KalmanFitterInfo::calcAverageState: ill-conditioned covariance matrix.
in line: 149 in file: /phenix/u/phnxbld/workarea/sPHENIX_SL7.3/gcc-8.3/need_root_version/root-6.22.02/genfit/core/src/MeasuredStateOnPlane.cc
with fatal flag 0
Error in <TDecompChol::Decompose()>: matrix not positive definite
genfit::Exception thrown with excString:
KalmanFitterInfo::calcAverageState: ill-conditioned covariance matrix.
in line: 149 in file: /phenix/u/phnxbld/workarea/sPHENIX_SL7.3/gcc-8.3/need_root_version/root-6.22.02/genfit/core/src/MeasuredStateOnPlane.cc
with fatal flag 0
Error in <TDecompChol::Decompose()>: matrix not positive definite
genfit::Exception thrown with excString:
KalmanFitterInfo::calcAverageState: ill-conditioned covariance matrix.
in line: 149 in file: /phenix/u/phnxbld/workarea/sPHENIX_SL7.3/gcc-8.3/need_root_version/root-6.22.02/genfit/core/src/MeasuredStateOnPlane.cc
with fatal flag 0
Error in <TDecompChol::Decompose()>: matrix not positive definite
genfit::Exception thrown with excString:
KalmanFitterInfo::calcAverageState: ill-conditioned covariance matrix.
in line: 149 in file: /phenix/u/phnxbld/workarea/sPHENIX_SL7.3/gcc-8.3/need_root_version/root-6.22.02/genfit/core/src/MeasuredStateOnPlane.cc
with fatal flag 0
Error in <TDecompChol::Decompose()>: matrix not positive definite
genfit::Exception thrown with excString:
KalmanFitterInfo::calcAverageState: ill-conditioned covariance matrix.
in line: 149 in file: /phenix/u/phnxbld/workarea/sPHENIX_SL7.3/gcc-8.3/need_root_version/root-6.22.02/genfit/core/src/MeasuredStateOnPlane.cc
with fatal flag 0
Error in <TDecompChol::Decompose()>: matrix not positive definite
genfit::Exception thrown with excString:
KalmanFitterInfo::calcAverageState: ill-conditioned covariance matrix.
in line: 149 in file: /phenix/u/phnxbld/workarea/sPHENIX_SL7.3/gcc-8.3/need_root_version/root-6.22.02/genfit/core/src/MeasuredStateOnPlane.cc
with fatal flag 0
Error in <TDecompChol::Decompose()>: matrix not positive definite
genfit::Exception thrown with excString:
KalmanFitterInfo::calcAverageState: ill-conditioned covariance matrix.
in line: 149 in file: /phenix/u/phnxbld/workarea/sPHENIX_SL7.3/gcc-8.3/need_root_version/root-6.22.02/genfit/core/src/MeasuredStateOnPlane.cc
with fatal flag 0
Error in <TDecompChol::Decompose()>: matrix not positive definite
genfit::Exception thrown with excString:
KalmanFitterInfo::calcAverageState: ill-conditioned covariance matrix.
in line: 149 in file: /phenix/u/phnxbld/workarea/sPHENIX_SL7.3/gcc-8.3/need_root_version/root-6.22.02/genfit/core/src/MeasuredStateOnPlane.cc
with fatal flag 0
/global/project/projectdirs/alice/ftorales/Singularity/coresoftware/simulation/g4simulation/g4eval/SvtxVertexEval.cc:419: Did not find_vertexmap on node tree
No Cluster for this leading electron


-------- WWWW ------- G4Exception-START -------- WWWW -------
*** G4Exception : GeomNav1002
      issued by : G4Navigator::ComputeStep()
Stuck Track: potential geometry or navigation problem.
  Track stuck, not moving for 10 steps.
  Current  phys volume: 'HadronForwardEnvelope_0'
   - at position : (-25.9135979805184,-14.37233939899959,3403.052221086026)
     in direction: (-0.7098648380034744,-0.5436716268608915,0.447786862148425)
    (local position: (-25.9135979805184,-14.37233939899959,3403.052221086026))
    (local direction: (-0.7098648380034744,-0.5436716268608915,0.447786862148425)).
  Previous phys volume: 'P-PI-FLG-0062-2'

  Likely geometry overlap - else navigation problem !
   *** Trying to get *unstuck* using a push - expanding step to 1e-07 (mm) ...       Potential overlap in geometry !

*** This is just a warning message. ***
-------- WWWW -------- G4Exception-END --------- WWWW -------


-------- WWWW ------- G4Exception-START -------- WWWW -------
*** G4Exception : GeomNav1002
      issued by : G4Navigator::ComputeStep()
Stuck Track: potential geometry or navigation problem.
  Track stuck, not moving for 10 steps.
  Current  phys volume: 'HadronForwardEnvelope_0'
   - at position : (-28.60785505205903,-8.078711716782895,2410.241111852049)
     in direction: (-0.208710528322719,-0.218025260451712,-0.9533650408800476)
    (local position: (-28.60785505205903,-8.078711716782895,2410.241111852049))
    (local direction: (-0.208710528322719,-0.218025260451712,-0.9533650408800476)).
  Previous phys volume: 'P-PI-FLG-0062-2'

  Likely geometry overlap - else navigation problem !
   *** Trying to get *unstuck* using a push - expanding step to 1e-07 (mm) ...       Potential overlap in geometry !

*** This is just a warning message. ***
-------- WWWW -------- G4Exception-END --------- WWWW -------


-------- WWWW ------- G4Exception-START -------- WWWW -------
*** G4Exception : GeomNav1002
      issued by : G4Navigator::ComputeStep()
Stuck Track: potential geometry or navigation problem.
  Track stuck, not moving for 10 steps.
  Current  phys volume: 'HadronForwardEnvelope_0'
   - at position : (-28.03376218670492,-10.23133995209862,2745.644121714921)
     in direction: (-0.2923962193782778,-0.2997025571719664,0.9081204920702286)
    (local position: (-28.03376218670492,-10.23133995209862,2745.644121714921))
    (local direction: (-0.2923962193782778,-0.2997025571719664,0.9081204920702286)).
  Previous phys volume: 'P-PI-FLG-0062-2'

  Likely geometry overlap - else navigation problem !
   *** Trying to get *unstuck* using a push - expanding step to 1e-07 (mm) ...       Potential overlap in geometry !

*** This is just a warning message. ***
-------- WWWW -------- G4Exception-END --------- WWWW -------


-------- WWWW ------- G4Exception-START -------- WWWW -------
*** G4Exception : GeomNav1002
      issued by : G4Navigator::ComputeStep()
Stuck Track: potential geometry or navigation problem.
  Track stuck, not moving for 10 steps.
  Current  phys volume: 'HadronForwardEnvelope_0'
   - at position : (-25.65046054052351,-14.89565333816822,3009.8558768471)
     in direction: (-0.4067760657849554,-0.09901308700483448,0.9081462662513604)
    (local position: (-25.65046054052351,-14.89565333816822,3009.8558768471))
    (local direction: (-0.4067760657849554,-0.09901308700483448,0.9081462662513604)).
  Previous phys volume: 'P-PI-FLG-0062-2'

  Likely geometry overlap - else navigation problem !
   *** Trying to get *unstuck* using a push - expanding step to 1e-07 (mm) ...       Potential overlap in geometry !

*** This is just a warning message. ***
-------- WWWW -------- G4Exception-END --------- WWWW -------


-------- WWWW ------- G4Exception-START -------- WWWW -------
*** G4Exception : GeomNav1002
      issued by : G4Navigator::ComputeStep()
Stuck Track: potential geometry or navigation problem.
  Track stuck, not moving for 10 steps.
  Current  phys volume: 'HadronForwardEnvelope_0'
   - at position : (-28.14398716893888,-9.217751955861353,3294.749893511183)
     in direction: (-0.5056054351073117,0.6984980320248059,-0.5064223960760617)
    (local position: (-28.14398716893888,-9.217751955861353,3294.749893511183))
    (local direction: (-0.5056054351073117,0.6984980320248059,-0.5064223960760617)).
  Previous phys volume: 'P-PI-FLG-0062-2'

  Likely geometry overlap - else navigation problem !
   *** Trying to get *unstuck* using a push - expanding step to 1e-07 (mm) ...       Potential overlap in geometry !

*** This is just a warning message. ***
-------- WWWW -------- G4Exception-END --------- WWWW -------


-------- WWWW ------- G4Exception-START -------- WWWW -------
*** G4Exception : GeomNav1002
      issued by : G4Navigator::ComputeStep()
Stuck Track: potential geometry or navigation problem.
  Track stuck, not moving for 10 steps.
  Current  phys volume: 'HadronForwardEnvelope_0'
   - at position : (-28.16915697232296,-9.756165397216535,2640.257893409442)
     in direction: (-0.8426114977093017,-0.5193749599279789,0.1423218708698622)
    (local position: (-28.16915697232296,-9.756165397216535,2640.257893409442))
    (local direction: (-0.8426114977093017,-0.5193749599279789,0.1423218708698622)).
  Previous phys volume: 'P-PI-FLG-0062-2'

  Likely geometry overlap - else navigation problem !
   *** Trying to get *unstuck* using a push - expanding step to 1e-07 (mm) ...       Potential overlap in geometry !

*** This is just a warning message. ***
-------- WWWW -------- G4Exception-END --------- WWWW -------


-------- WWWW ------- G4Exception-START -------- WWWW -------
*** G4Exception : GeomNav1002
      issued by : G4Navigator::ComputeStep()
Stuck Track: potential geometry or navigation problem.
  Track stuck, not moving for 10 steps.
  Current  phys volume: 'HadronForwardEnvelope_0'
   - at position : (-27.81563364698655,-11.15445037417314,2436.506196694151)
     in direction: (-0.1160240493758135,-0.8576618555346065,-0.5009536520750946)
    (local position: (-27.81563364698655,-11.15445037417314,2436.506196694151))
    (local direction: (-0.1160240493758135,-0.8576618555346065,-0.5009536520750946)).
  Previous phys volume: 'P-PI-FLG-0062-2'

  Likely geometry overlap - else navigation problem !
   *** Trying to get *unstuck* using a push - expanding step to 1e-07 (mm) ...       Potential overlap in geometry !

*** This is just a warning message. ***
-------- WWWW -------- G4Exception-END --------- WWWW -------


-------- WWWW ------- G4Exception-START -------- WWWW -------
*** G4Exception : GeomNav1002
      issued by : G4Navigator::ComputeStep()
Stuck Track: potential geometry or navigation problem.
  Track stuck, not moving for 10 steps.
  Current  phys volume: 'HadronForwardEnvelope_0'
   - at position : (-28.23390758914991,-7.656456892612835,3144.815768105964)
     in direction: (0.6005423830929461,0.07184555036406305,0.7963586271284628)
    (local position: (-28.23390758914991,-7.656456892612835,3144.815768105964))
    (local direction: (0.6005423830929461,0.07184555036406305,0.7963586271284628)).
  Previous phys volume: 'P-PI-FLG-0062-2'

  Likely geometry overlap - else navigation problem !
   *** Trying to get *unstuck* using a push - expanding step to 1e-07 (mm) ...       Potential overlap in geometry !

*** This is just a warning message. ***
-------- WWWW -------- G4Exception-END --------- WWWW -------


-------- WWWW ------- G4Exception-START -------- WWWW -------
*** G4Exception : GeomNav1002
      issued by : G4Navigator::ComputeStep()
Stuck Track: potential geometry or navigation problem.
  Track stuck, not moving for 10 steps.
  Current  phys volume: 'HadronForwardEnvelope_0'
   - at position : (-28.32381624035181,-9.199037579842262,2545.718091430762)
     in direction: (-0.05377111379178955,-0.3266747676213047,0.9436059895534561)
    (local position: (-28.32381624035181,-9.199037579842262,2545.718091430762))
    (local direction: (-0.05377111379178955,-0.3266747676213047,0.9436059895534561)).
  Previous phys volume: 'P-PI-FLG-0062-2'

  Likely geometry overlap - else navigation problem !
   *** Trying to get *unstuck* using a push - expanding step to 1e-07 (mm) ...       Potential overlap in geometry !

*** This is just a warning message. ***
-------- WWWW -------- G4Exception-END --------- WWWW -------


-------- WWWW ------- G4Exception-START -------- WWWW -------
*** G4Exception : GeomNav1002
      issued by : G4Navigator::ComputeStep()
Stuck Track: potential geometry or navigation problem.
  Track stuck, not moving for 10 steps.
  Current  phys volume: 'HadronForwardEnvelope_0'
   - at position : (-26.46781616179301,-13.62572695433105,3206.366497421863)
     in direction: (-0.3259433916627303,-0.02011248341830087,-0.9451753241817861)
    (local position: (-26.46781616179301,-13.62572695433105,3206.366497421863))
    (local direction: (-0.3259433916627303,-0.02011248341830087,-0.9451753241817861)).
  Previous phys volume: 'P-PI-FLG-0062-2'

  Likely geometry overlap - else navigation problem !
   *** Trying to get *unstuck* using a push - expanding step to 1e-07 (mm) ...       Potential overlap in geometry !

*** This is just a warning message. ***
-------- WWWW -------- G4Exception-END --------- WWWW -------

/global/project/projectdirs/alice/ftorales/Singularity/coresoftware/simulation/g4simulation/g4eval/SvtxVertexEval.cc:419: Did not find_vertexmap on node tree

-------- WWWW ------- G4Exception-START -------- WWWW -------
*** G4Exception : GeomNav1002
      issued by : G4Navigator::ComputeStep()
Stuck Track: potential geometry or navigation problem.
  Track stuck, not moving for 10 steps.
  Current  phys volume: 'HadronForwardEnvelope_0'
   - at position : (-26.82942426684837,-11.52971672745599,2917.246732417336)
     in direction: (0.9537133459623139,0.2875802612628525,-0.08791158663883304)
    (local position: (-26.82942426684837,-11.52971672745599,2917.246732417336))
    (local direction: (0.9537133459623139,0.2875802612628525,-0.08791158663883304)).
  Previous phys volume: 'P-PI-FLG-0062-2'

  Likely geometry overlap - else navigation problem !
   *** Trying to get *unstuck* using a push - expanding step to 1e-07 (mm) ...       Potential overlap in geometry !

*** This is just a warning message. ***
-------- WWWW -------- G4Exception-END --------- WWWW -------

/global/project/projectdirs/alice/ftorales/Singularity/coresoftware/simulation/g4simulation/g4eval/SvtxVertexEval.cc:419: Did not find_vertexmap on node tree

-------- WWWW ------- G4Exception-START -------- WWWW -------
*** G4Exception : GeomNav1002
      issued by : G4Navigator::ComputeStep()
Stuck Track: potential geometry or navigation problem.
  Track stuck, not moving for 10 steps.
  Current  phys volume: 'HadronForwardEnvelope_0'
   - at position : (-28.32787380893595,-9.374070741531529,2201.568895718489)
     in direction: (-0.1760915286259487,-0.9603839716116039,0.2159962976944254)
    (local position: (-28.32787380893595,-9.374070741531529,2201.568895718489))
    (local direction: (-0.1760915286259487,-0.9603839716116039,0.2159962976944254)).
  Previous phys volume: 'P-PI-FLG-0062-2'

  Likely geometry overlap - else navigation problem !
   *** Trying to get *unstuck* using a push - expanding step to 1e-07 (mm) ...       Potential overlap in geometry !

*** This is just a warning message. ***
-------- WWWW -------- G4Exception-END --------- WWWW -------


-------- WWWW ------- G4Exception-START -------- WWWW -------
*** G4Exception : GeomNav1002
      issued by : G4Navigator::ComputeStep()
Stuck Track: potential geometry or navigation problem.
  Track stuck, not moving for 10 steps.
  Current  phys volume: 'HadronForwardEnvelope_0'
   - at position : (-26.6393104568157,-13.51880960783068,2713.298728553064)
     in direction: (-0.01987458426008554,-0.1701160269190584,0.9852235981165712)
    (local position: (-26.6393104568157,-13.51880960783068,2713.298728553064))
    (local direction: (-0.01987458426008554,-0.1701160269190584,0.9852235981165712)).
  Previous phys volume: 'P-PI-FLG-0062-2'

  Likely geometry overlap - else navigation problem !
   *** Trying to get *unstuck* using a push - expanding step to 1e-07 (mm) ...       Potential overlap in geometry !

*** This is just a warning message. ***
-------- WWWW -------- G4Exception-END --------- WWWW -------


-------- WWWW ------- G4Exception-START -------- WWWW -------
*** G4Exception : GeomNav1002
      issued by : G4Navigator::ComputeStep()
Stuck Track: potential geometry or navigation problem.
  Track stuck, not moving for 10 steps.
  Current  phys volume: 'HadronForwardEnvelope_0'
   - at position : (-28.56282396635597,-7.954941966576989,2717.260062103241)
     in direction: (-0.06344358146905235,-0.1386533297093243,0.9883067166274331)
    (local position: (-28.56282396635597,-7.954941966576989,2717.260062103241))
    (local direction: (-0.06344358146905235,-0.1386533297093243,0.9883067166274331)).
  Previous phys volume: 'P-PI-FLG-0062-2'

  Likely geometry overlap - else navigation problem !
   *** Trying to get *unstuck* using a push - expanding step to 1e-07 (mm) ...       Potential overlap in geometry !

*** This is just a warning message. ***
-------- WWWW -------- G4Exception-END --------- WWWW -------


-------- WWWW ------- G4Exception-START -------- WWWW -------
*** G4Exception : GeomNav1002
      issued by : G4Navigator::ComputeStep()
Stuck Track: potential geometry or navigation problem.
  Track stuck, not moving for 10 steps.
  Current  phys volume: 'HadronForwardEnvelope_0'
   - at position : (-27.80775479409003,-11.16247551786151,2349.378713801208)
     in direction: (-0.4220309677141768,-0.6585000205378291,0.6231112141840445)
    (local position: (-27.80775479409003,-11.16247551786151,2349.378713801208))
    (local direction: (-0.4220309677141768,-0.6585000205378291,0.6231112141840445)).
  Previous phys volume: 'P-PI-FLG-0062-2'

  Likely geometry overlap - else navigation problem !
   *** Trying to get *unstuck* using a push - expanding step to 1e-07 (mm) ...       Potential overlap in geometry !

*** This is just a warning message. ***
-------- WWWW -------- G4Exception-END --------- WWWW -------


-------- WWWW ------- G4Exception-START -------- WWWW -------
*** G4Exception : GeomNav1002
      issued by : G4Navigator::ComputeStep()
Stuck Track: potential geometry or navigation problem.
  Track stuck, not moving for 10 steps.
  Current  phys volume: 'HadronForwardEnvelope_0'
   - at position : (-25.67233831873381,-14.69553795484773,3493.898538475047)
     in direction: (-0.9607169976866885,-0.2040981094643815,-0.1880606606096564)
    (local position: (-25.67233831873381,-14.69553795484773,3493.898538475047))
    (local direction: (-0.9607169976866885,-0.2040981094643815,-0.1880606606096564)).
  Previous phys volume: 'P-PI-FLG-0062-2'

  Likely geometry overlap - else navigation problem !
   *** Trying to get *unstuck* using a push - expanding step to 1e-07 (mm) ...       Potential overlap in geometry !

*** This is just a warning message. ***
-------- WWWW -------- G4Exception-END --------- WWWW -------

/global/project/projectdirs/alice/ftorales/Singularity/coresoftware/simulation/g4simulation/g4eval/SvtxVertexEval.cc:419: Did not find_vertexmap on node tree
Error in <TDecompChol::Decompose()>: matrix not positive definite
genfit::Exception thrown with excString:
KalmanFitterInfo::calcAverageState: ill-conditioned covariance matrix.
in line: 149 in file: /phenix/u/phnxbld/workarea/sPHENIX_SL7.3/gcc-8.3/need_root_version/root-6.22.02/genfit/core/src/MeasuredStateOnPlane.cc
with fatal flag 0
Error in <TDecompChol::Decompose()>: matrix not positive definite
genfit::Exception thrown with excString:
KalmanFitterInfo::calcAverageState: ill-conditioned covariance matrix.
in line: 149 in file: /phenix/u/phnxbld/workarea/sPHENIX_SL7.3/gcc-8.3/need_root_version/root-6.22.02/genfit/core/src/MeasuredStateOnPlane.cc
with fatal flag 0
Error in <TDecompChol::Decompose()>: matrix not positive definite
genfit::Exception thrown with excString:
KalmanFitterInfo::calcAverageState: ill-conditioned covariance matrix.
in line: 149 in file: /phenix/u/phnxbld/workarea/sPHENIX_SL7.3/gcc-8.3/need_root_version/root-6.22.02/genfit/core/src/MeasuredStateOnPlane.cc
with fatal flag 0
Error in <TDecompChol::Decompose()>: matrix not positive definite
genfit::Exception thrown with excString:
KalmanFitterInfo::calcAverageState: ill-conditioned covariance matrix.
in line: 149 in file: /phenix/u/phnxbld/workarea/sPHENIX_SL7.3/gcc-8.3/need_root_version/root-6.22.02/genfit/core/src/MeasuredStateOnPlane.cc
with fatal flag 0
/global/project/projectdirs/alice/ftorales/Singularity/coresoftware/simulation/g4simulation/g4eval/SvtxVertexEval.cc:419: Did not find_vertexmap on node tree
No Cluster for this leading electron


-------- WWWW ------- G4Exception-START -------- WWWW -------
*** G4Exception : GeomNav1002
      issued by : G4Navigator::ComputeStep()
Stuck Track: potential geometry or navigation problem.
  Track stuck, not moving for 10 steps.
  Current  phys volume: 'HadronForwardEnvelope_0'
   - at position : (-27.80030674534598,-10.72070683362734,3328.143959400858)
     in direction: (-0.1354628648397218,-0.9711930588023884,0.1960455426258798)
    (local position: (-27.80030674534598,-10.72070683362734,3328.143959400858))
    (local direction: (-0.1354628648397218,-0.9711930588023884,0.1960455426258798)).
  Previous phys volume: 'P-PI-FLG-0062-2'

  Likely geometry overlap - else navigation problem !
   *** Trying to get *unstuck* using a push - expanding step to 1e-07 (mm) ...       Potential overlap in geometry !

*** This is just a warning message. ***
-------- WWWW -------- G4Exception-END --------- WWWW -------


-------- WWWW ------- G4Exception-START -------- WWWW -------
*** G4Exception : GeomNav1002
      issued by : G4Navigator::ComputeStep()
Stuck Track: potential geometry or navigation problem.
  Track stuck, not moving for 10 steps.
  Current  phys volume: 'HadronForwardEnvelope_0'
   - at position : (-27.22460542667519,-12.44581132251644,3400.106978281719)
     in direction: (-0.09821429294618778,-0.8503788678182501,0.5169233345760582)
    (local position: (-27.22460542667519,-12.44581132251644,3400.106978281719))
    (local direction: (-0.09821429294618778,-0.8503788678182501,0.5169233345760582)).
  Previous phys volume: 'P-PI-FLG-0062-2'

  Likely geometry overlap - else navigation problem !
   *** Trying to get *unstuck* using a push - expanding step to 1e-07 (mm) ...       Potential overlap in geometry !

*** This is just a warning message. ***
-------- WWWW -------- G4Exception-END --------- WWWW -------

Error in <TDecompChol::Decompose()>: matrix not positive definite
genfit::Exception thrown with excString:
KalmanFitterInfo::calcAverageState: ill-conditioned covariance matrix.
in line: 149 in file: /phenix/u/phnxbld/workarea/sPHENIX_SL7.3/gcc-8.3/need_root_version/root-6.22.02/genfit/core/src/MeasuredStateOnPlane.cc
with fatal flag 0
Error in <TDecompChol::Decompose()>: matrix not positive definite
Error in <TDecompChol::Decompose()>: matrix not positive definite
genfit::Exception thrown with excString:
KalmanFitterInfo::calcAverageState: ill-conditioned covariance matrix.
in line: 149 in file: /phenix/u/phnxbld/workarea/sPHENIX_SL7.3/gcc-8.3/need_root_version/root-6.22.02/genfit/core/src/MeasuredStateOnPlane.cc
with fatal flag 0
Error in <TDecompChol::Decompose()>: matrix not positive definite
Error in <TDecompChol::Decompose()>: matrix not positive definite
genfit::Exception thrown with excString:
KalmanFitterInfo::calcAverageState: ill-conditioned covariance matrix.
in line: 149 in file: /phenix/u/phnxbld/workarea/sPHENIX_SL7.3/gcc-8.3/need_root_version/root-6.22.02/genfit/core/src/MeasuredStateOnPlane.cc
with fatal flag 0
Error in <TDecompChol::Decompose()>: matrix not positive definite
genfit::Exception thrown with excString:
KalmanFitterInfo::calcAverageState: ill-conditioned covariance matrix.
in line: 149 in file: /phenix/u/phnxbld/workarea/sPHENIX_SL7.3/gcc-8.3/need_root_version/root-6.22.02/genfit/core/src/MeasuredStateOnPlane.cc
with fatal flag 0
Error in <TDecompChol::Decompose()>: matrix not positive definite
genfit::Exception thrown with excString:
KalmanFitterInfo::calcAverageState: ill-conditioned covariance matrix.
in line: 149 in file: /phenix/u/phnxbld/workarea/sPHENIX_SL7.3/gcc-8.3/need_root_version/root-6.22.02/genfit/core/src/MeasuredStateOnPlane.cc
with fatal flag 0
Error in <TDecompChol::Decompose()>: matrix not positive definite
genfit::Exception thrown with excString:
KalmanFitterInfo::calcAverageState: ill-conditioned covariance matrix.
in line: 149 in file: /phenix/u/phnxbld/workarea/sPHENIX_SL7.3/gcc-8.3/need_root_version/root-6.22.02/genfit/core/src/MeasuredStateOnPlane.cc
with fatal flag 0
Error in <TDecompChol::Decompose()>: matrix not positive definite
genfit::Exception thrown with excString:
KalmanFitterInfo::calcAverageState: ill-conditioned covariance matrix.
in line: 149 in file: /phenix/u/phnxbld/workarea/sPHENIX_SL7.3/gcc-8.3/need_root_version/root-6.22.02/genfit/core/src/MeasuredStateOnPlane.cc
with fatal flag 0
Error in <TDecompChol::Decompose()>: matrix not positive definite
genfit::Exception thrown with excString:
KalmanFitterInfo::calcAverageState: ill-conditioned covariance matrix.
in line: 149 in file: /phenix/u/phnxbld/workarea/sPHENIX_SL7.3/gcc-8.3/need_root_version/root-6.22.02/genfit/core/src/MeasuredStateOnPlane.cc
with fatal flag 0
Error in <TDecompChol::Decompose()>: matrix not positive definite
genfit::Exception thrown with excString:
KalmanFitterInfo::calcAverageState: ill-conditioned covariance matrix.
in line: 149 in file: /phenix/u/phnxbld/workarea/sPHENIX_SL7.3/gcc-8.3/need_root_version/root-6.22.02/genfit/core/src/MeasuredStateOnPlane.cc
with fatal flag 0
/global/project/projectdirs/alice/ftorales/Singularity/coresoftware/simulation/g4simulation/g4eval/SvtxVertexEval.cc:419: Did not find_vertexmap on node tree
/global/project/projectdirs/alice/ftorales/Singularity/coresoftware/simulation/g4simulation/g4eval/SvtxVertexEval.cc:419: Did not find_vertexmap on node tree
No Cluster for this leading electron


-------- WWWW ------- G4Exception-START -------- WWWW -------
*** G4Exception : GeomNav1002
      issued by : G4Navigator::ComputeStep()
Stuck Track: potential geometry or navigation problem.
  Track stuck, not moving for 10 steps.
  Current  phys volume: 'HadronForwardEnvelope_0'
   - at position : (-25.38045032972811,-15.3491287869483,2847.06305015692)
     in direction: (0.06550988700801852,-0.2481423196486749,0.9665059978621817)
    (local position: (-25.38045032972811,-15.3491287869483,2847.06305015692))
    (local direction: (0.06550988700801852,-0.2481423196486749,0.9665059978621817)).
  Previous phys volume: 'P-PI-FLG-0062-2'

  Likely geometry overlap - else navigation problem !
   *** Trying to get *unstuck* using a push - expanding step to 1e-07 (mm) ...       Potential overlap in geometry !

*** This is just a warning message. ***
-------- WWWW -------- G4Exception-END --------- WWWW -------


-------- WWWW ------- G4Exception-START -------- WWWW -------
*** G4Exception : GeomNav1002
      issued by : G4Navigator::ComputeStep()
Stuck Track: potential geometry or navigation problem.
  Track stuck, not moving for 10 steps.
  Current  phys volume: 'HadronForwardEnvelope_0'
   - at position : (-25.57686575433137,-15.07228700225996,2812.638930952072)
     in direction: (0.02255996544406723,-0.987216195214434,0.1577822292449274)
    (local position: (-25.57686575433137,-15.07228700225996,2812.638930952072))
    (local direction: (0.02255996544406723,-0.987216195214434,0.1577822292449274)).
  Previous phys volume: 'P-PI-FLG-0062-2'

  Likely geometry overlap - else navigation problem !
   *** Trying to get *unstuck* using a push - expanding step to 1e-07 (mm) ...       Potential overlap in geometry !

*** This is just a warning message. ***
-------- WWWW -------- G4Exception-END --------- WWWW -------


-------- WWWW ------- G4Exception-START -------- WWWW -------
*** G4Exception : GeomNav1002
      issued by : G4Navigator::ComputeStep()
Stuck Track: potential geometry or navigation problem.
  Track stuck, not moving for 10 steps.
  Current  phys volume: 'HadronForwardEnvelope_0'
   - at position : (-28.10858144871515,-9.758628132504789,2933.878330723327)
     in direction: (-0.8304692329491212,-0.3935137496160223,-0.3942940298660843)
    (local position: (-28.10858144871515,-9.758628132504789,2933.878330723327))
    (local direction: (-0.8304692329491212,-0.3935137496160223,-0.3942940298660843)).
  Previous phys volume: 'P-PI-FLG-0062-2'

  Likely geometry overlap - else navigation problem !
   *** Trying to get *unstuck* using a push - expanding step to 1e-07 (mm) ...       Potential overlap in geometry !

*** This is just a warning message. ***
-------- WWWW -------- G4Exception-END --------- WWWW -------


-------- WWWW ------- G4Exception-START -------- WWWW -------
*** G4Exception : GeomNav1002
      issued by : G4Navigator::ComputeStep()
Stuck Track: potential geometry or navigation problem.
  Track stuck, not moving for 10 steps.
  Current  phys volume: 'HadronForwardEnvelope_0'
   - at position : (-28.06404703621425,-10.04935300617966,2847.637259816532)
     in direction: (0.1293166969458544,-0.9852967042732549,0.1116583917100544)
    (local position: (-28.06404703621425,-10.04935300617966,2847.637259816532))
    (local direction: (0.1293166969458544,-0.9852967042732549,0.1116583917100544)).
  Previous phys volume: 'P-PI-FLG-0062-2'

  Likely geometry overlap - else navigation problem !
   *** Trying to get *unstuck* using a push - expanding step to 1e-07 (mm) ...       Potential overlap in geometry !

*** This is just a warning message. ***
-------- WWWW -------- G4Exception-END --------- WWWW -------


-------- WWWW ------- G4Exception-START -------- WWWW -------
*** G4Exception : GeomNav1002
      issued by : G4Navigator::ComputeStep()
Stuck Track: potential geometry or navigation problem.
  Track stuck, not moving for 10 steps.
  Current  phys volume: 'HadronForwardEnvelope_0'
   - at position : (-26.47675826043336,-12.26088536593663,3001.78112805941)
     in direction: (0.9527069094304379,0.1653252607285146,0.2549845149975817)
    (local position: (-26.47675826043336,-12.26088536593663,3001.78112805941))
    (local direction: (0.9527069094304379,0.1653252607285146,0.2549845149975817)).
  Previous phys volume: 'P-PI-FLG-0062-2'

  Likely geometry overlap - else navigation problem !
   *** Trying to get *unstuck* using a push - expanding step to 1e-07 (mm) ...       Potential overlap in geometry !

*** This is just a warning message. ***
-------- WWWW -------- G4Exception-END --------- WWWW -------


-------- WWWW ------- G4Exception-START -------- WWWW -------
*** G4Exception : GeomNav1002
      issued by : G4Navigator::ComputeStep()
Stuck Track: potential geometry or navigation problem.
  Track stuck, not moving for 10 steps.
  Current  phys volume: 'HadronForwardEnvelope_0'
   - at position : (-27.08324682640797,-12.76672271706682,3009.193615504787)
     in direction: (0.01104535717282669,-0.07245917686005962,0.9973102164189872)
    (local position: (-27.08324682640797,-12.76672271706682,3009.193615504787))
    (local direction: (0.01104535717282669,-0.07245917686005962,0.9973102164189872)).
  Previous phys volume: 'P-PI-FLG-0062-2'

  Likely geometry overlap - else navigation problem !
   *** Trying to get *unstuck* using a push - expanding step to 1e-07 (mm) ...       Potential overlap in geometry !

*** This is just a warning message. ***
-------- WWWW -------- G4Exception-END --------- WWWW -------


-------- WWWW ------- G4Exception-START -------- WWWW -------
*** G4Exception : GeomNav1002
      issued by : G4Navigator::ComputeStep()
Stuck Track: potential geometry or navigation problem.
  Track stuck, not moving for 10 steps.
  Current  phys volume: 'HadronForwardEnvelope_0'
   - at position : (-24.60190095865875,-16.27433667367508,3479.619332212942)
     in direction: (-0.6965571019431349,0.7010276446479475,-0.1528674104311722)
    (local position: (-24.60190095865875,-16.27433667367508,3479.619332212942))
    (local direction: (-0.6965571019431349,0.7010276446479475,-0.1528674104311722)).
  Previous phys volume: 'P-PI-FLG-0062-2'

  Likely geometry overlap - else navigation problem !
   *** Trying to get *unstuck* using a push - expanding step to 1e-07 (mm) ...       Potential overlap in geometry !

*** This is just a warning message. ***
-------- WWWW -------- G4Exception-END --------- WWWW -------


-------- WWWW ------- G4Exception-START -------- WWWW -------
*** G4Exception : GeomNav1002
      issued by : G4Navigator::ComputeStep()
Stuck Track: potential geometry or navigation problem.
  Track stuck, not moving for 10 steps.
  Current  phys volume: 'HadronForwardEnvelope_0'
   - at position : (-27.19376826337023,-12.6103910378169,2959.476036836594)
     in direction: (0.01700956712377804,-0.08749854189180672,0.9960194173775276)
    (local position: (-27.19376826337023,-12.6103910378169,2959.476036836594))
    (local direction: (0.01700956712377804,-0.08749854189180672,0.9960194173775276)).
  Previous phys volume: 'P-PI-FLG-0062-2'

  Likely geometry overlap - else navigation problem !
   *** Trying to get *unstuck* using a push - expanding step to 1e-07 (mm) ...       Potential overlap in geometry !

*** This is just a warning message. ***
-------- WWWW -------- G4Exception-END --------- WWWW -------


-------- WWWW ------- G4Exception-START -------- WWWW -------
*** G4Exception : GeomNav1002
      issued by : G4Navigator::ComputeStep()
Stuck Track: potential geometry or navigation problem.
  Track stuck, not moving for 10 steps.
  Current  phys volume: 'HadronForwardEnvelope_0'
   - at position : (-26.42419395255445,-13.81937685752553,2824.892080683528)
     in direction: (-0.507137652213544,-0.7142006591961467,-0.4824197551003942)
    (local position: (-26.42419395255445,-13.81937685752553,2824.892080683528))
    (local direction: (-0.507137652213544,-0.7142006591961467,-0.4824197551003942)).
  Previous phys volume: 'P-PI-FLG-0062-2'

  Likely geometry overlap - else navigation problem !
   *** Trying to get *unstuck* using a push - expanding step to 1e-07 (mm) ...       Potential overlap in geometry !

*** This is just a warning message. ***
-------- WWWW -------- G4Exception-END --------- WWWW -------


-------- WWWW ------- G4Exception-START -------- WWWW -------
*** G4Exception : GeomNav1002
      issued by : G4Navigator::ComputeStep()
Stuck Track: potential geometry or navigation problem.
  Track stuck, not moving for 10 steps.
  Current  phys volume: 'HadronForwardEnvelope_0'
   - at position : (-25.62089014553366,-14.93682814366485,3016.490429656248)
     in direction: (-0.316952628424967,-0.2617677487654974,-0.9116022581371483)
    (local position: (-25.62089014553366,-14.93682814366485,3016.490429656248))
    (local direction: (-0.316952628424967,-0.2617677487654974,-0.9116022581371483)).
  Previous phys volume: 'P-PI-FLG-0062-2'

  Likely geometry overlap - else navigation problem !
   *** Trying to get *unstuck* using a push - expanding step to 1e-07 (mm) ...       Potential overlap in geometry !

*** This is just a warning message. ***
-------- WWWW -------- G4Exception-END --------- WWWW -------


-------- WWWW ------- G4Exception-START -------- WWWW -------
*** G4Exception : GeomNav1002
      issued by : G4Navigator::ComputeStep()
Stuck Track: potential geometry or navigation problem.
  Track stuck, not moving for 10 steps.
  Current  phys volume: 'HadronForwardEnvelope_0'
   - at position : (-26.37301476862205,-13.81661677356779,3057.924562053526)
     in direction: (0.1256529823990552,-0.9295466620937838,-0.3466328475556349)
    (local position: (-26.37301476862205,-13.81661677356779,3057.924562053526))
    (local direction: (0.1256529823990552,-0.9295466620937838,-0.3466328475556349)).
  Previous phys volume: 'P-PI-FLG-0062-2'

  Likely geometry overlap - else navigation problem !
   *** Trying to get *unstuck* using a push - expanding step to 1e-07 (mm) ...       Potential overlap in geometry !

*** This is just a warning message. ***
-------- WWWW -------- G4Exception-END --------- WWWW -------

Error in <TDecompChol::Decompose()>: matrix not positive definite
genfit::Exception thrown with excString:
KalmanFitterInfo::calcAverageState: ill-conditioned covariance matrix.
in line: 149 in file: /phenix/u/phnxbld/workarea/sPHENIX_SL7.3/gcc-8.3/need_root_version/root-6.22.02/genfit/core/src/MeasuredStateOnPlane.cc
with fatal flag 0
Error in <TDecompChol::Decompose()>: matrix not positive definite
genfit::Exception thrown with excString:
KalmanFitterInfo::calcAverageState: ill-conditioned covariance matrix.
in line: 149 in file: /phenix/u/phnxbld/workarea/sPHENIX_SL7.3/gcc-8.3/need_root_version/root-6.22.02/genfit/core/src/MeasuredStateOnPlane.cc
with fatal flag 0
/global/project/projectdirs/alice/ftorales/Singularity/coresoftware/simulation/g4simulation/g4eval/SvtxVertexEval.cc:419: Did not find_vertexmap on node tree
Error in <TDecompChol::Decompose()>: matrix not positive definite
genfit::Exception thrown with excString:
KalmanFitterInfo::calcAverageState: ill-conditioned covariance matrix.
in line: 149 in file: /phenix/u/phnxbld/workarea/sPHENIX_SL7.3/gcc-8.3/need_root_version/root-6.22.02/genfit/core/src/MeasuredStateOnPlane.cc
with fatal flag 0
Error in <TDecompChol::Decompose()>: matrix not positive definite
genfit::Exception thrown with excString:
KalmanFitterInfo::calcAverageState: ill-conditioned covariance matrix.
in line: 149 in file: /phenix/u/phnxbld/workarea/sPHENIX_SL7.3/gcc-8.3/need_root_version/root-6.22.02/genfit/core/src/MeasuredStateOnPlane.cc
with fatal flag 0
Error in <TDecompChol::Decompose()>: matrix not positive definite
genfit::Exception thrown with excString:
KalmanFitterInfo::calcAverageState: ill-conditioned covariance matrix.
in line: 149 in file: /phenix/u/phnxbld/workarea/sPHENIX_SL7.3/gcc-8.3/need_root_version/root-6.22.02/genfit/core/src/MeasuredStateOnPlane.cc
with fatal flag 0
/global/project/projectdirs/alice/ftorales/Singularity/coresoftware/simulation/g4simulation/g4eval/SvtxVertexEval.cc:419: Did not find_vertexmap on node tree
