LD_LIBRARY_PATH now /global/project/projectdirs/alice/ftorales/Singularity/install/lib:.:/global/project/projectdirs/alice/ftorales/Singularity/cvmfs/sphenix.sdcc.bnl.gov/x8664_sl7/release/release_new/new.4/lib:/global/project/projectdirs/alice/ftorales/Singularity/cvmfs/sphenix.sdcc.bnl.gov/x8664_sl7/opt/sphenix/utils/lib64:/global/project/projectdirs/alice/ftorales/Singularity/cvmfs/sphenix.sdcc.bnl.gov/x8664_sl7/opt/sphenix/utils/lib:/global/project/projectdirs/alice/ftorales/Singularity/cvmfs/sphenix.sdcc.bnl.gov/x8664_sl7/opt/sphenix/core/lib:/global/project/projectdirs/alice/ftorales/Singularity/cvmfs/sphenix.sdcc.bnl.gov/x8664_sl7/opt/sphenix/core/root-6.16.00/lib:/global/project/projectdirs/alice/ftorales/Singularity/cvmfs/sphenix.sdcc.bnl.gov/x8664_sl7/opt/sphenix/core/geant4.10.02.p02/lib64:/global/project/projectdirs/alice/ftorales/Singularity/cvmfs/sphenix.sdcc.bnl.gov/x8664_sl7/opt/sphenix/core/lhapdf-5.9.1/lib:/usr/local/lib64:/usr/lib64
PATH now :.:/global/project/projectdirs/alice/ftorales/Singularity/cvmfs/sphenix.sdcc.bnl.gov/x8664_sl7/release/release_new/new.4/bin:/global/project/projectdirs/alice/ftorales/Singularity/cvmfs/sphenix.sdcc.bnl.gov/x8664_sl7/opt/sphenix/utils/bin:/global/project/projectdirs/alice/ftorales/Singularity/cvmfs/sphenix.sdcc.bnl.gov/x8664_sl7/opt/sphenix/core/bin:/global/project/projectdirs/alice/ftorales/Singularity/cvmfs/sphenix.sdcc.bnl.gov/x8664_sl7/opt/sphenix/core/root-6.16.00/bin:/global/project/projectdirs/alice/ftorales/Singularity/cvmfs/sphenix.sdcc.bnl.gov/x8664_sl7/opt/sphenix/core/geant4.10.02.p02/bin:/usr/local/bin:/usr/bin:/usr/local/sbin:/usr/sbin
   ------------------------------------------------------------
  | Welcome to ROOT 6.16/00                  https://root.cern |
  |                               (c) 1995-2018, The ROOT Team |
  | Built for linuxx8664gcc on Jan 23 2019, 09:06:13           |
  | From tags/v6-16-00@v6-16-00                                |
  | Try '.help', '.demo', '.license', '.credits', '.quit'/'.q' |
   ------------------------------------------------------------


Processing Fun4All_G4_sPHENIX.C(2, "", "/global/project/projectdirs/alice/ftorales/eP_MC/eP_10")...
PHRandomSeed::GetSeed() seed: 1297499959

 *------------------------------------------------------------------------------------* 
 |                                                                                    | 
 |  *------------------------------------------------------------------------------*  | 
 |  |                                                                              |  | 
 |  |                                                                              |  | 
 |  |   PPP   Y   Y  TTTTT  H   H  III    A      Welcome to the Lund Monte Carlo!  |  | 
 |  |   P  P   Y Y     T    H   H   I    A A     This is PYTHIA version 8.243      |  | 
 |  |   PPP     Y      T    HHHHH   I   AAAAA    Last date of change:  4 Jul 2019  |  | 
 |  |   P       Y      T    H   H   I   A   A                                      |  | 
 |  |   P       Y      T    H   H  III  A   A    Now is 02 Apr 2020 at 17:24:27    |  | 
 |  |                                                                              |  | 
 |  |   Christian Bierlich;  Department of Astronomy and Theoretical Physics,      |  | 
 |  |      Lund University, Solvegatan 14A, SE-223 62 Lund, Sweden;                |  | 
 |  |      e-mail: christian.bierlich@thep.lu.se                                   |  | 
 |  |   Nishita Desai;  Department of Theoretical Physics, Tata Institute,         |  | 
 |  |      Homi Bhabha Road, Mumbai 400005, India;                                 |  | 
 |  |      e-mail: desai@theory.tifr.res.in                                        |  | 
 |  |   Ilkka Helenius;  Department of Physics, University of Jyvaskyla,           |  | 
 |  |      P.O. Box 35, FI-40014 University of Jyvaskyla, Finland;                 |  | 
 |  |      e-mail: ilkka.m.helenius@jyu.fi                                         |  | 
 |  |   Philip Ilten;  School of Physics and Astronomy,                            |  | 
 |  |      University of Birmingham, Birmingham, B152 2TT, UK;                     |  | 
 |  |      e-mail: philten@cern.ch                                                 |  | 
 |  |   Leif Lonnblad;  Department of Astronomy and Theoretical Physics,           |  | 
 |  |      Lund University, Solvegatan 14A, SE-223 62 Lund, Sweden;                |  | 
 |  |      e-mail: leif.lonnblad@thep.lu.se                                        |  | 
 |  |   Stephen Mrenna;  Computing Division, Simulations Group,                    |  | 
 |  |      Fermi National Accelerator Laboratory, MS 234, Batavia, IL 60510, USA;  |  | 
 |  |      e-mail: mrenna@fnal.gov                                                 |  | 
 |  |   Stefan Prestel;  Department of Astronomy and Theoretical Physics,          |  | 
 |  |      Lund University, Solvegatan 14A, SE-223 62 Lund, Sweden;                |  | 
 |  |      e-mail: stefan.prestel@thep.lu.se                                       |  | 
 |  |   Christine O. Rasmussen;  Department of Astronomy and Theoretical Physics,  |  | 
 |  |      Lund University, Solvegatan 14A, SE-223 62 Lund, Sweden;                |  | 
 |  |      e-mail: christine.rasmussen@thep.lu.se                                  |  | 
 |  |   Torbjorn Sjostrand;  Department of Astronomy and Theoretical Physics,      |  | 
 |  |      Lund University, Solvegatan 14A, SE-223 62 Lund, Sweden;                |  | 
 |  |      e-mail: torbjorn@thep.lu.se                                             |  | 
 |  |   Peter Skands;  School of Physics,                                          |  | 
 |  |      Monash University, PO Box 27, 3800 Melbourne, Australia;                |  | 
 |  |      e-mail: peter.skands@monash.edu                                         |  | 
 |  |                                                                              |  | 
 |  |   The main program reference is 'An Introduction to PYTHIA 8.2',             |  | 
 |  |   T. Sjostrand et al, Comput. Phys. Commun. 191 (2015) 159                   |  | 
 |  |   [arXiv:1410.3012 [hep-ph]]                                                 |  | 
 |  |                                                                              |  | 
 |  |   The main physics reference is the 'PYTHIA 6.4 Physics and Manual',         |  | 
 |  |   T. Sjostrand, S. Mrenna and P. Skands, JHEP05 (2006) 026 [hep-ph/0603175]  |  | 
 |  |                                                                              |  | 
 |  |   An archive of program versions and documentation is found on the web:      |  | 
 |  |   http://www.thep.lu.se/Pythia                                               |  | 
 |  |                                                                              |  | 
 |  |   This program is released under the GNU General Public Licence version 2.   |  | 
 |  |   Please respect the MCnet Guidelines for Event Generator Authors and Users. |  | 
 |  |                                                                              |  | 
 |  |   Disclaimer: this program comes without any guarantees.                     |  | 
 |  |   Beware of errors and use common sense when interpreting results.           |  | 
 |  |                                                                              |  | 
 |  |   Copyright (C) 2019 Torbjorn Sjostrand                                      |  | 
 |  |                                                                              |  | 
 |  |                                                                              |  | 
 |  *------------------------------------------------------------------------------*  | 
 |                                                                                    | 
 *------------------------------------------------------------------------------------* 

PHRandomSeed::GetSeed() seed: 4062892393
PHPythia8 random seed: 462892393

 *-------  PYTHIA Process Initialization  --------------------------*
 |                                                                  |
 | We collide p+ with e- at a CM energy of 8.945e+01 GeV            |
 |                                                                  |
 |------------------------------------------------------------------|
 |                                                    |             |
 | Subprocess                                    Code |   Estimated |
 |                                                    |    max (mb) |
 |                                                    |             |
 |------------------------------------------------------------------|
 |                                                    |             |
 | g g -> g g                                     111 |   0.000e+00 |
 | g g -> q qbar (uds)                            112 |   0.000e+00 |
 | q g -> q g                                     113 |   0.000e+00 |
 | q q(bar)' -> q q(bar)'                         114 |   0.000e+00 |
 | q qbar -> g g                                  115 |   0.000e+00 |
 | q qbar -> q' qbar' (uds)                       116 |   0.000e+00 |
 | g g -> c cbar                                  121 |   0.000e+00 |
 | q qbar -> c cbar                               122 |   0.000e+00 |
 | g g -> b bbar                                  123 |   0.000e+00 |
 | q qbar -> b bbar                               124 |   0.000e+00 |
 | f f' -> f f' (t-channel gamma*/Z0)             211 |   9.265e-05 |
 |                                                                  |
 *-------  End PYTHIA Process Initialization -----------------------*

 *-------  PYTHIA Flag + Mode + Parm + Word + FVec + MVec + PVec + WVec Settings (changes only)  ------------------* 
 |                                                                                                                 | 
 | Name                                          |                      Now |      Default         Min         Max | 
 |                                               |                          |                                      | 
 | Beams:eA                                      |                100.00000 |     7000.000         0.0             | 
 | Beams:eB                                      |                 20.00000 |     7000.000         0.0             | 
 | Beams:frameType                               |                        2 |            1           1           5 | 
 | Beams:idB                                     |                       11 |         2212                         | 
 | HardQCD:all                                   |                       on |          off                         | 
 | Main:timesAllowErrors                         |                   900000 |           10           0             | 
 | PDF:lepton                                    |                      off |           on                         | 
 | PhaseSpace:Q2Min                              |                 16.00000 |          0.0         0.0             | 
 | Random:seed                                   |                462892393 |           -1               900000000 | 
 | Random:setSeed                                |                       on |          off                         | 
 | SpaceShower:pTmaxMatch                        |                        2 |            0           0           2 | 
 | TimeShower:QEDshowerByL                       |                      off |           on                         | 
 | WeakBosonExchange:ff2ff(t:gmZ)                |                       on |          off                         | 
 |                                                                                                                 | 
 *-------  End PYTHIA Flag + Mode + Parm + Word + FVec + MVec + PVec + WVec Settings  -----------------------------* 

 --------  PYTHIA Particle Data Table (changed only)  ------------------------------------------------------------------------------
 
      id   name            antiName         spn chg col      m0        mWidth      mMin       mMax       tau0    res dec ext vis wid
             no onMode   bRatio   meMode     products 

 no particle data has been changed from its default value 

 --------  End PYTHIA Particle Data Table  -----------------------------------------------------------------------------------------

PHRandomSeed::GetSeed() seed: 1630417244
PHRandomSeed::GetSeed() seed: 2955202236
Intt has 4 layers with layer setup:
 Intt layer 0 laddertype -2 nladders 15 sensor radius 9.0 offsetphi 0.0
 Intt layer 1 laddertype -2 nladders 15 sensor radius 9.5 offsetphi 12.0
 Intt layer 2 laddertype -2 nladders 18 sensor radius 10.8 offsetphi 0.0
 Intt layer 3 laddertype -2 nladders 18 sensor radius 11.4 offsetphi 10.0
HCalInner - construct inner HCal absorber with G4_Al
PHRandomSeed::GetSeed() seed: 2570212658

*************************************************************
 Geant4 version Name: geant4-10-02-patch-02    (17-June-2016)
                      Copyright : Geant4 Collaboration
                      Reference : NIM A 506 (2003), 250-303
                            WWW : http://cern.ch/geant4
*************************************************************

<<< Geant4 Physics List simulation engine: QGSP_BERT 4.0

PHG4MvtxHitReco: Setting Mvtx timing window defaults to tmin = -5000 and  tmax = 5000 ns
PHG4MvtxHitReco: Set Mvtx timing window parameters from macro for layer = 0 to tmin = -5000.0 tmax = 5000.0
PHG4MvtxHitReco: Set Mvtx timing window parameters from macro for layer = 1 to tmin = -5000.0 tmax = 5000.0
PHG4MvtxHitReco: Set Mvtx timing window parameters from macro for layer = 2 to tmin = -5000.0 tmax = 5000.0
PHRandomSeed::GetSeed() seed: 3638007025
PHRandomSeed::GetSeed() seed: 400482184
Registering padplane 
padplane registered and parameters updated
PHRandomSeed::GetSeed() seed: 2077354405
PHParameters::ReadFromFile - Reading from File: /global/project/projectdirs/alice/ftorales/Singularity/cvmfs/sphenix.sdcc.bnl.gov/x8664_sl7/release/release_new/new.4/share/calibrations/CEMC/TowerCalib_2017ProjTilted/cemc_geoparams-0-0-4294967295-1499354960.xml ... Received PdbParameterMap with (Hash = 0x883e8cf2a8d53c9f)
BEmcProfile: Loading profile data from file /global/project/projectdirs/alice/ftorales/Singularity/cvmfs/sphenix.sdcc.bnl.gov/x8664_sl7/release/release_new/new.4/share/calibrations/EmcProfile/CEMCprof_Thresh30MeV.root
  8 bin in energy:  0.5,  1.0,  2.0,  4.0, 10.0, 20.0, 40.0, 80.0, 
  4 bin in theta:  0.05, 0.14, 0.25, 0.34, 
PHParameters::ReadFromFile - Reading from File: /global/project/projectdirs/alice/ftorales/Singularity/cvmfs/sphenix.sdcc.bnl.gov/x8664_sl7/release/release_new/new.4/share/calibrations/CEMC/PositionRecalibration_EMCal_9deg_tilt/cemc_recalib_geoparams-0-0-4294967295-1532091513.xml ... Received PdbParameterMap with (Hash = 0x9eda525940469004)
PHParameters::ReadFromFile - Reading from File: /global/project/projectdirs/alice/ftorales/Singularity/cvmfs/sphenix.sdcc.bnl.gov/x8664_sl7/release/release_new/new.4/share/calibrations/CEMC/PositionRecalibration_EMCal_9deg_tilt/cemc_ecore_recalib_geoparams-0-0-4294967295-1532091569.xml ... Received PdbParameterMap with (Hash = 0xe641b18750973639)
PHRandomSeed::GetSeed() seed: 1782905016
Warning from RawClusterBuilderTemplate::Detector(): no detector specific class BEmcRec{Name} defined for detector HCALIN. Default BEmcRec will be used
PHRandomSeed::GetSeed() seed: 4155019666
Warning from RawClusterBuilderTemplate::Detector(): no detector specific class BEmcRec{Name} defined for detector HCALOUT. Default BEmcRec will be used
PHRandomSeed::GetSeed() seed: 3176727947
PHG4MvtxDigitizer random seed: 3176727947
PHRandomSeed::GetSeed() seed: 414737742
PHG4InttDigitizer random seed: 414737742
PHRandomSeed::GetSeed() seed: 2774985570
PHG4TpcDigitizer random seed: 2774985570
 Tpc digitizer: Setting ENC to 670.0 ADC threshold to 2680.0 maps+Intt layers set to 7
PHRandomSeed::GetSeed() seed: 3598611951
PHTFileServer::open - opening file /global/project/projectdirs/alice/ftorales/eP_MC/eP_10_electrons+jets.root (RECREATE)
Fun4AllServer: Runnumber forced to 0 by RUNNUMBER IntFlag
Fun4AllServer::setRun(): could not get timestamp for run  0, using tics(0) timestamp: Wed Dec 31 19:00:00 1969
PHFieldUtility::GetFieldConfigNode - field map with configuration from input default: PHFieldConfigv1::identify - Field type of [2D field map expressed in cylindrical coordinates] from file [/global/project/projectdirs/alice/ftorales/Singularity/cvmfs/sphenix.sdcc.bnl.gov/x8664_sl7/release/release_new/new.4/share/calibrations/Field/Map/sPHENIX.2d.root] with a scale factor of -0.9
PHParameters::ReadFromFile - Reading from File: /global/project/projectdirs/alice/ftorales/Singularity/cvmfs/sphenix.sdcc.bnl.gov/x8664_sl7/release/release_new/new.4/share/calibrations/CEMC/Geometry_2018ProjTilted/cemc_geoparams-0-0-4294967295-1536789215.xml ... Received PdbParameterMapContainer Detector Id 0 with (Hash = 0xaf819d10e459ac67)
G4GDML: Reading '/global/project/projectdirs/alice/ftorales/Singularity/cvmfs/sphenix.sdcc.bnl.gov/x8664_sl7/release/release_new/new.4/share/calibrations/Tracking/geometry/mvtx_stave_v1.gdml'...
G4GDML: Reading definitions...
G4GDML: Reading materials...
G4GDML: Reading solids...
G4GDML: Reading structure...
G4GDML: Reading setup...
G4GDML: Reading '/global/project/projectdirs/alice/ftorales/Singularity/cvmfs/sphenix.sdcc.bnl.gov/x8664_sl7/release/release_new/new.4/share/calibrations/Tracking/geometry/mvtx_stave_v1.gdml' done!
Stripping off GDML names of materials, solids and volumes ...
north copy no: 1
south copy no: 2
PHG4FullProjTiltedSpacalDetector::Construct_AzimuthalSeg::CEMC_0 - constructed 192 unique towers
PHG4Reco::InitRun - export geometry to DST via tmp file /tmp/PHGeomUtility_geom_file_15208.gdml
PHG4GDML: Writing '/tmp/PHGeomUtility_geom_file_15208.gdml'...
PHG4GDML: Writing definitions...
G4GDML: Writing materials...
PHG4GDML: Writing solids...
PHG4GDML: Writing structure...
G4GDML: Writing setup...
PHG4GDML: Writing surfaces...
PHG4GDML: Writing '/tmp/PHGeomUtility_geom_file_15208.gdml' done !
PHRandomSeed::GetSeed() seed: 104184833
Infor from RawClusterBuilderTemplate::InitRun(): Init geometry for CEMC: N of geom towers: 24576; ix=0-255 iy=0-95
Infor from RawClusterBuilderTemplate::InitRun(): Init geometry for HCALIN: N of geom towers: 1536; ix=0-63 iy=0-23
Infor from RawClusterBuilderTemplate::InitRun(): Init geometry for HCALOUT: N of geom towers: 1536; ix=0-63 iy=0-23
PHG4InttDigitizer::InitRun: detector = INTT
layer array size: 12
init _nlayers_seeding 12
init _min_layers_seeding 12
init n min layers = 4
GFRaveVertexFactory::setMethod ==> set method to avf-smoothing:1
--------------------------------------

List of Nodes in Fun4AllServer:
Node Tree under TopNode TOP
TOP (PHCompositeNode)/
   DST (PHCompositeNode)/
      PHHepMCGenEventMap (IO,PHHepMCGenEventMap)
      PHG4INEVENT (PHDataNode)
      PIPE (PHCompositeNode)/
         G4HIT_PIPE (IO,PHG4HitContainer)
      MVTX (PHCompositeNode)/
         G4HIT_MVTX (IO,PHG4HitContainer)
      INTT (PHCompositeNode)/
         G4HIT_INTT (IO,PHG4HitContainer)
      TPC (PHCompositeNode)/
         G4HIT_ABSORBER_TPC (IO,PHG4HitContainer)
         G4HIT_TPC (IO,PHG4HitContainer)
      CEMC_ELECTRONICS (PHCompositeNode)/
         G4HIT_CEMC_ELECTRONICS (IO,PHG4HitContainer)
      CEMC_SPT (PHCompositeNode)/
         G4HIT_CEMC_SPT (IO,PHG4HitContainer)
      G4HIT_CEMC (IO,PHG4HitContainer)
      G4HIT_ABSORBER_CEMC (IO,PHG4HitContainer)
      HCALIN (PHCompositeNode)/
         G4HIT_ABSORBER_HCALIN (IO,PHG4HitContainer)
         G4HIT_HCALIN (IO,PHG4HitContainer)
         G4CELL_HCALIN (IO,PHG4CellContainer)
         TOWER_SIM_HCALIN (IO,RawTowerContainer)
         TOWER_RAW_HCALIN (IO,RawTowerContainer)
         TOWER_CALIB_HCALIN (IO,RawTowerContainer)
         CLUSTER_HCALIN (IO,RawClusterContainer)
      HCALIN_SPT (PHCompositeNode)/
         G4HIT_HCALIN_SPT (IO,PHG4HitContainer)
      MAGNET (PHCompositeNode)/
         G4HIT_MAGNET (IO,PHG4HitContainer)
      HCALOUT (PHCompositeNode)/
         G4HIT_ABSORBER_HCALOUT (IO,PHG4HitContainer)
         G4HIT_HCALOUT (IO,PHG4HitContainer)
         G4CELL_HCALOUT (IO,PHG4CellContainer)
         TOWER_SIM_HCALOUT (IO,RawTowerContainer)
         TOWER_RAW_HCALOUT (IO,RawTowerContainer)
         TOWER_CALIB_HCALOUT (IO,RawTowerContainer)
         CLUSTER_HCALOUT (IO,RawClusterContainer)
      G4HIT_BH_1 (IO,PHG4HitContainer)
      BH_FORWARD_PLUS (PHCompositeNode)/
         G4HIT_BH_FORWARD_PLUS (IO,PHG4HitContainer)
      BH_FORWARD_NEG (PHCompositeNode)/
         G4HIT_BH_FORWARD_NEG (IO,PHG4HitContainer)
      G4TruthInfo (IO,PHG4TruthInfoContainer)
      BBC (PHCompositeNode)/
         BbcVertexMap (IO,BbcVertexMapv1)
      TRKR (PHCompositeNode)/
         TRKR_HITSET (IO,TrkrHitSetContainer)
         TRKR_HITTRUTHASSOC (IO,TrkrHitTruthAssoc)
         TRKR_CLUSTER (IO,TrkrClusterContainer)
         TRKR_CLUSTERHITASSOC (IO,TrkrClusterHitAssoc)
      CEMC (PHCompositeNode)/
         G4CELL_CEMC (IO,PHG4CellContainer)
         TOWER_SIM_CEMC (IO,RawTowerContainer)
         TOWER_RAW_CEMC (IO,RawTowerContainer)
         TOWER_CALIB_CEMC (IO,RawTowerContainer)
         CLUSTER_CEMC (IO,RawClusterContainer)
         CLUSTER_POS_COR_CEMC (IO,RawClusterContainer)
      SVTX (PHCompositeNode)/
         SvtxVertexMap (IO,SvtxVertexMap_v1)
         SvtxTrackMap (IO,SvtxTrackMap_v1)
         AssocInfoContainer (IO,AssocInfoContainer)
         SvtxVertexMapRefit (IO,SvtxVertexMap_v1)
      GLOBAL (PHCompositeNode)/
         GlobalVertexMap (IO,GlobalVertexMapv1)
      TRIG (PHCompositeNode)/
         CaloTriggerInfo (IO,CaloTriggerInfov1)
      ANTIKT (PHCompositeNode)/
         TRUTH (PHCompositeNode)/
            AntiKt_Truth_r02 (IO,JetMapv1)
            AntiKt_Truth_r03 (IO,JetMapv1)
            AntiKt_Truth_r04 (IO,JetMapv1)
            AntiKt_Truth_r05 (IO,JetMapv1)
            AntiKt_Truth_r06 (IO,JetMapv1)
            AntiKt_Truth_r07 (IO,JetMapv1)
            AntiKt_Truth_r08 (IO,JetMapv1)
            AntiKt_Truth_r10 (IO,JetMapv1)
         TOWER (PHCompositeNode)/
            AntiKt_Tower_r02 (IO,JetMapv1)
            AntiKt_Tower_r03 (IO,JetMapv1)
            AntiKt_Tower_r04 (IO,JetMapv1)
            AntiKt_Tower_r05 (IO,JetMapv1)
            AntiKt_Tower_r06 (IO,JetMapv1)
            AntiKt_Tower_r07 (IO,JetMapv1)
            AntiKt_Tower_r08 (IO,JetMapv1)
         CLUSTER (PHCompositeNode)/
            AntiKt_Cluster_r02 (IO,JetMapv1)
            AntiKt_Cluster_r03 (IO,JetMapv1)
            AntiKt_Cluster_r04 (IO,JetMapv1)
            AntiKt_Cluster_r05 (IO,JetMapv1)
            AntiKt_Cluster_r06 (IO,JetMapv1)
            AntiKt_Cluster_r07 (IO,JetMapv1)
            AntiKt_Cluster_r08 (IO,JetMapv1)
         TRACK (PHCompositeNode)/
            AntiKt_Track_r02 (IO,JetMapv1)
            AntiKt_Track_r03 (IO,JetMapv1)
            AntiKt_Track_r04 (IO,JetMapv1)
            AntiKt_Track_r05 (IO,JetMapv1)
            AntiKt_Track_r06 (IO,JetMapv1)
            AntiKt_Track_r07 (IO,JetMapv1)
            AntiKt_Track_r08 (IO,JetMapv1)
            AntiKt_Track_r10 (IO,JetMapv1)
   RUN (PHCompositeNode)/
      PHGenIntegral (IO,PHGenIntegralv1)
      FIELD_CONFIG (IO,PHFieldConfigv1)
      PIPE (PHCompositeNode)/
         G4GEOPARAM_PIPE (IO,PdbParameterMapContainer)
         CYLINDERGEOM_PIPE (IO,PHG4CylinderGeomContainer)
      MVTX (PHCompositeNode)/
         G4GEOPARAM_MVTX (IO,PdbParameterMapContainer)
      INTT (PHCompositeNode)/
         G4GEOPARAM_INTT (IO,PdbParameterMapContainer)
         G4CELLPARAM_INTT (IO,PdbParameterMap)
      TPC (PHCompositeNode)/
         G4GEOPARAM_TPC (IO,PdbParameterMapContainer)
         G4CELLPARAM_TPC (IO,PdbParameterMap)
         G4TPCPADPLANE (IO,PdbParameterMap)
      CEMC_ELECTRONICS (PHCompositeNode)/
         G4GEOPARAM_CEMC_ELECTRONICS (IO,PdbParameterMapContainer)
         CYLINDERGEOM_CEMC_ELECTRONICS (IO,PHG4CylinderGeomContainer)
      CEMC_SPT (PHCompositeNode)/
         G4GEOPARAM_CEMC_SPT (IO,PdbParameterMapContainer)
         CYLINDERGEOM_CEMC_SPT (IO,PHG4CylinderGeomContainer)
      CEMC (PHCompositeNode)/
         G4GEOPARAM_CEMC (IO,PdbParameterMapContainer)
         G4CELLPARAM_CEMC (IO,PdbParameterMap)
         TOWERGEOM_CEMC (IO,RawTowerGeomContainer_Cylinderv1)
      HCALIN (PHCompositeNode)/
         G4GEOPARAM_HCALIN (IO,PdbParameterMapContainer)
         G4CELLPARAM_HCALIN (IO,PdbParameterMap)
         TOWERPARAM_HCALIN (IO,PdbParameterMap)
         TOWERGEOM_HCALIN (IO,RawTowerGeomContainer_Cylinderv1)
      HCALIN_SPT (PHCompositeNode)/
         G4GEOPARAM_HCALIN_SPT (IO,PdbParameterMapContainer)
         CYLINDERGEOM_HCALIN_SPT (IO,PHG4CylinderGeomContainer)
      MAGNET (PHCompositeNode)/
         G4GEOPARAM_MAGNET (IO,PdbParameterMapContainer)
         CYLINDERGEOM_MAGNET (IO,PHG4CylinderGeomContainer)
      HCALOUT (PHCompositeNode)/
         G4GEOPARAM_HCALOUT (IO,PdbParameterMapContainer)
         G4CELLPARAM_HCALOUT (IO,PdbParameterMap)
         TOWERPARAM_HCALOUT (IO,PdbParameterMap)
         TOWERGEOM_HCALOUT (IO,RawTowerGeomContainer_Cylinderv1)
      G4GEOPARAM_BH_1 (IO,PdbParameterMapContainer)
      CYLINDERGEOM_BH_1 (IO,PHG4CylinderGeomContainer)
      BH_FORWARD_PLUS (PHCompositeNode)/
         G4GEOPARAM_BH_FORWARD_PLUS (IO,PdbParameterMapContainer)
         CYLINDERGEOM_BH_FORWARD_PLUS (IO,PHG4CylinderGeomContainer)
      BH_FORWARD_NEG (PHCompositeNode)/
         G4GEOPARAM_BH_FORWARD_NEG (IO,PdbParameterMapContainer)
         CYLINDERGEOM_BH_FORWARD_NEG (IO,PHG4CylinderGeomContainer)
      CYLINDERGEOM_MVTX (IO,PHG4CylinderGeomContainer)
      CYLINDERGEOM_INTT (IO,PHG4CylinderGeomContainer)
      CYLINDERGEOM_CEMC (IO,PHG4CylinderGeomContainer)
      CYLINDERGEOM_ABSORBER_CEMC (IO,PHG4CylinderGeomContainer)
      GEOMETRY_IO (IO,PHGeomIOTGeo)
      CYLINDERCELLGEOM_SVTX (IO,PHG4CylinderCellGeomContainer)
      CYLINDERCELLGEOM_CEMC (IO,PHG4CylinderCellGeomContainer)
      eclus_Recalibration_CEMC (IO,PdbParameterMap)
      ecore_Recalibration_CEMC (IO,PdbParameterMap)
   PAR (PHCompositeNode)/
      FIELD_MAP (PHDataNode)
      PIPE (PHCompositeNode)/
         G4GEO_PIPE (PHDataNode)
      MVTX (PHCompositeNode)/
         G4GEO_MVTX (PHDataNode)
      INTT (PHCompositeNode)/
         G4GEO_INTT (PHDataNode)
         CYLINDERGEOM_INTT (PHDataNode)
         G4CELLGEO_INTT (PHDataNode)
      TPC (PHCompositeNode)/
         G4GEO_TPC (PHDataNode)
         G4CELLPAR_TPC (PHDataNode)
         G4TPCPADPLANEPAR (PHDataNode)
      CEMC_ELECTRONICS (PHCompositeNode)/
         G4GEO_CEMC_ELECTRONICS (PHDataNode)
      CEMC_SPT (PHCompositeNode)/
         G4GEO_CEMC_SPT (PHDataNode)
      CEMC (PHCompositeNode)/
         G4GEO_CEMC (PHDataNode)
         G4CELLGEO_CEMC (PHDataNode)
      G4GDML_CONFIG (PHDataNode)
      HCALIN (PHCompositeNode)/
         G4GEO_HCALIN (PHDataNode)
         G4CELLGEO_HCALIN (PHDataNode)
         TOWERGEO_HCALIN (PHDataNode)
      HCALIN_SPT (PHCompositeNode)/
         G4GEO_HCALIN_SPT (PHDataNode)
      MAGNET (PHCompositeNode)/
         G4GEO_MAGNET (PHDataNode)
      HCALOUT (PHCompositeNode)/
         G4GEO_HCALOUT (PHDataNode)
         G4CELLGEO_HCALOUT (PHDataNode)
         TOWERGEO_HCALOUT (PHDataNode)
      G4GEO_BH_1 (PHDataNode)
      BH_FORWARD_PLUS (PHCompositeNode)/
         G4GEO_BH_FORWARD_PLUS (PHDataNode)
      BH_FORWARD_NEG (PHCompositeNode)/
         G4GEO_BH_FORWARD_NEG (PHDataNode)
      GEOMETRY (PHDataNode)



 --------  PYTHIA Info Listing  ---------------------------------------- 
 
 Beam A: id =   2212, pz =  4.472e+01, e =  4.473e+01, m =  9.383e-01.
 Beam B: id =     11, pz = -4.472e+01, e =  4.472e+01, m =  5.110e-04.

 In 1: id =   -2, x =  5.253e-02, pdf =  1.410e-01 at Q2 =  3.841e+01.
 In 2: id =   11, x =  1.000e+00, pdf =  1.000e+00 at same Q2.

 Subprocess f f' -> f f' (t-channel gamma*/Z0) with code 211 is 2 -> 2.
 It has sHat =  4.203e+02,    tHat = -4.275e+01,    uHat = -3.775e+02,
       pTHat =  6.196e+00,   m3Hat =  3.300e-01,   m4Hat =  5.110e-04,
    thetaHat =  6.492e-01,  phiHat =  1.077e+00.
     alphaEM =  7.588e-03,  alphaS =  2.267e-01    at Q2 =  3.841e+01.

 Impact parameter b =  0.000e+00 gives enhancement factor =  1.000e+00.
 Max pT scale for MPI =  8.945e+01, ISR =  8.945e+01, FSR =  8.945e+01.
 Number of MPI =     1, ISR =     1, FSRproc =     8, FSRreson =     0.

 --------  End PYTHIA Info Listing  ------------------------------------

 --------  PYTHIA Event Listing  (hard process)  -----------------------------------------------------------------------------------
 
    no         id  name            status     mothers   daughters     colours      p_x        p_y        p_z         e          m 
     0         90  (system)           -11     0     0     0     0     0     0      0.000      0.000     79.996    120.000     89.447
     1       2212  (p+)               -12     0     0     3     0     0     0      0.000      0.000     99.996    100.000      0.938
     2         11  (e-)               -12     0     0     4     0     0     0      0.000      0.000    -20.000     20.000      0.001
     3         -2  (ubar)             -21     1     0     5     6     0   101      0.000      0.000      5.253      5.253      0.000
     4         11  (e-)               -21     2     0     5     6     0     0      0.000      0.000    -20.000     20.000      0.000
     5         -2  ubar                23     3     4     0     0     0   101      2.937      5.455      2.679      6.758      0.330
     6         11  e-                  23     3     4     0     0     0     0     -2.937     -5.455    -17.428     18.497      0.001
                                   Charge sum: -1.667           Momentum sum:      0.000      0.000    -14.749     25.255     20.501

 --------  End PYTHIA Event Listing  -----------------------------------------------------------------------------------------------

 --------  PYTHIA Event Listing  (complete event)  ---------------------------------------------------------------------------------
 
    no         id  name            status     mothers   daughters     colours      p_x        p_y        p_z         e          m 
     0         90  (system)           -11     0     0     0     0     0     0     -0.000     -0.000     79.996    120.000     89.447
     1       2212  (p+)               -12     0     0    36     0     0     0      0.000     -0.000     99.996    100.000      0.938
     2         11  (e-)               -12     0     0     8     0     0     0      0.000     -0.000    -20.000     20.000      0.001
     3         -2  (ubar)             -21     7     0     5     6     0   101      0.000     -0.000      5.253      5.253      0.000
     4         11  (e-)               -21     8     8     5     6     0     0     -0.000     -0.000    -20.000     20.000      0.000
     5         -2  (ubar)             -23     3     4     9     9     0   101      2.937      5.455      2.679      6.758      0.330
     6         11  (e-)               -23     3     4    10    10     0     0     -2.937     -5.455    -17.428     18.497      0.001
     7         -2  (ubar)             -41    23    23    11     3     0   102      0.000     -0.000      8.101      8.101      0.000
     8         11  (e-)               -42     2     0     4     4     0     0      0.000     -0.000    -20.000     20.000      0.000
     9         -2  (ubar)             -44     5     5    12    13     0   101      1.702      1.633      5.817      6.286      0.330
    10         11  e-                  44     6     6     0     0     0     0     -3.076     -5.888    -15.420     16.790      0.001
    11         21  (g)                -43     7     0    14    14   101   102      1.374      4.255     -2.298      5.027      0.000
    12         -2  (ubar)             -51     9     0    24    25     0   103      2.595      3.165      2.745      4.940      0.330
    13         21  (g)                -51     9     0    17    17   103   101     -0.550     -0.470      2.498      2.601      0.000
    14         21  (g)                -52    11    11    15    16   101   102      1.031      3.193     -1.724      3.772      0.000
    15         21  (g)                -51    14     0    18    19   104   102      1.681      3.564     -0.550      3.979      0.000
    16         21  (g)                -51    14     0    20    20   101   104     -0.930     -0.610      0.096      1.116      0.000
    17         21  (g)                -52    13    13    26    26   103   101     -0.271     -0.231      1.229      1.279      0.000
    18         21  (g)                -51    15     0    21    22   105   102      1.335      1.918     -1.404      2.726      0.000
    19         21  (g)                -51    15     0    32    32   104   105     -0.004      1.416      0.890      1.673      0.000
    20         21  (g)                -52    16    16    30    31   101   104     -0.579     -0.380      0.060      0.695      0.000
    21         21  (g)                -51    18     0    37    37   105   106      0.316      2.012     -0.853      2.208      0.000
    22         21  (g)                -51    18     0    38    38   106   102      1.019     -0.094     -0.045      1.025      0.000
    23         -2  (ubar)             -53    36    36     7     7     0   102      0.000     -0.000      8.607      8.607      0.000
    24         -2  (ubar)             -51    12     0    35    35     0   107     -0.056      0.822      0.230      0.917      0.330
    25         21  (g)                -51    12     0    29    29   107   103      2.542      2.250      3.008      4.536      0.000
    26         21  (g)                -52    17    17    27    28   103   101     -0.162     -0.138      0.735      0.765      0.000
    27         21  (g)                -51    26     0    39    39   108   101      0.074      0.675      0.307      0.745      0.000
    28         21  (g)                -51    26     0    40    40   103   108      0.691      0.007      1.525      1.674      0.000
    29         21  (g)                -52    25    25    33    34   107   103      1.615      1.430      1.912      2.882      0.000
    30         21  (g)                -51    20     0    41    41   101   109     -0.331      0.680      0.017      0.757      0.000
    31         21  (g)                -51    20     0    42    42   109   104     -0.250     -0.444      0.431      0.667      0.000
    32         21  (g)                -52    19    19    43    43   104   105     -0.002      0.799      0.503      0.944      0.000
    33         21  (g)                -51    29     0    44    44   110   103      0.518      1.486      0.865      1.795      0.000
    34         21  (g)                -51    29     0    45    45   107   110      0.867      0.303      0.965      1.332      0.000
    35         -2  (ubar)             -52    24    24    46    46     0   107      0.175      0.463      0.312      0.672      0.330
    36         -2  (ubar)             -61     1     0    23    23     0   102     -0.548     -0.621      7.884      7.928      0.000
    37         21  (g)                -62    21    21    52    52   105   106      0.104      1.767     -1.019      2.042      0.000
    38         21  (g)                -62    22    22    51    51   106   102      0.943     -0.183     -0.103      0.966      0.000
    39         21  (g)                -62    27    27    49     0   108   101      0.042      0.637      0.250      0.686      0.000
    40         21  (g)                -62    28    28    56    56   103   108      0.672     -0.015      1.473      1.619      0.000
    41         21  (g)                -62    30    30    49     0   101   109     -0.384      0.620     -0.012      0.729      0.000
    42         21  (g)                -62    31    31    54    54   109   104     -0.270     -0.466      0.479      0.721      0.000
    43         21  (g)                -62    32    32    53    53   104   105     -0.035      0.760      0.441      0.880      0.000
    44         21  (g)                -62    33    33    57    57   110   103      0.449      1.404      0.716      1.639      0.000
    45         21  (g)                -62    34    34    58    58   107   110      0.836      0.266      0.882      1.244      0.000
    46         -2  (ubar)             -62    35    35    59    59     0   107      0.148      0.432      0.265      0.622      0.330
    47          2  (u)                -63     1     0    50    50   102     0      0.249     -0.062     29.029     29.032      0.330
    48       2214  (Delta+)           -63     1     0    74    75     0     0      0.322      0.728     63.013     63.030      1.232
    49         21  (g)                -73    39    41    55    55   108   109     -0.341      1.257      0.239      1.415      0.499
    50          2  (u)                -71    47    47    60    73   102     0      0.249     -0.062     29.029     29.032      0.330
    51         21  (g)                -71    38    38    60    73   106   102      0.943     -0.183     -0.103      0.966      0.000
    52         21  (g)                -71    37    37    60    73   105   106      0.104      1.767     -1.019      2.042      0.000
    53         21  (g)                -71    43    43    60    73   104   105     -0.035      0.760      0.441      0.880      0.000
    54         21  (g)                -71    42    42    60    73   109   104     -0.270     -0.466      0.479      0.721      0.000
    55         21  (g)                -71    49    49    60    73   108   109     -0.341      1.257      0.239      1.415      0.499
    56         21  (g)                -71    40    40    60    73   103   108      0.672     -0.015      1.473      1.619      0.000
    57         21  (g)                -71    44    44    60    73   110   103      0.449      1.404      0.716      1.639      0.000
    58         21  (g)                -71    45    45    60    73   107   110      0.836      0.266      0.882      1.244      0.000
    59         -2  (ubar)             -71    46    46    60    73     0   107      0.148      0.432      0.265      0.622      0.330
    60        223  (omega)            -83    50    59    84    85     0     0      0.238     -0.111      8.850      8.889      0.785
    61        111  (pi0)              -83    50    59    86    87     0     0      0.253      0.110      1.518      1.548      0.135
    62        211  pi+                 83    50    59     0     0     0     0     -0.356      0.007     14.498     14.503      0.140
    63       -213  (rho-)             -83    50    59    76    77     0     0      0.596     -0.466      2.876      3.076      0.786
    64        113  (rho0)             -83    50    59    78    79     0     0      0.149      0.381      0.735      1.315      1.010
    65        111  (pi0)              -83    50    59    88    89     0     0     -0.064      0.083      0.699      0.720      0.135
    66        213  (rho+)             -84    50    59    80    81     0     0      0.244      0.856     -0.363      1.265      0.823
    67        221  (eta)              -84    50    59    90    92     0     0      0.090      0.434     -0.265      0.753      0.548
    68       -211  pi-                 84    50    59     0     0     0     0     -0.079      0.201     -0.207      0.330      0.140
    69        213  (rho+)             -84    50    59    82    83     0     0     -0.365      0.200      0.207      1.049      0.940
    70        223  (omega)            -84    50    59    93    95     0     0      0.661      0.721      1.074      1.649      0.781
    71        223  (omega)            -84    50    59    96    98     0     0      0.106      0.807      0.579      1.269      0.783
    72       2112  n0                  84    50    59     0     0     0     0      0.391      1.124      0.693      1.667      0.940
    73      -2212  pbar-               84    50    59     0     0     0     0      0.892      0.813      1.508      2.147      0.938
    74       2212  p+                  91    48     0     0     0     0     0      0.106      0.343     43.105     43.116      0.938
    75        111  (pi0)              -91    48     0    99   100     0     0      0.216      0.386     19.908     19.914      0.135
    76       -211  pi-                 91    63     0     0     0     0     0      0.616     -0.611      2.137      2.310      0.140
    77        111  (pi0)              -91    63     0   101   102     0     0     -0.020      0.145      0.739      0.766      0.135
    78        211  pi+                 91    64     0     0     0     0     0      0.153     -0.247      0.563      0.649      0.140
    79       -211  pi-                 91    64     0     0     0     0     0     -0.004      0.628      0.173      0.666      0.140
    80        211  pi+                 91    66     0     0     0     0     0      0.364      0.928     -0.239      1.034      0.140
    81        111  (pi0)              -91    66     0   103   104     0     0     -0.120     -0.072     -0.124      0.231      0.135
    82        211  pi+                 91    69     0     0     0     0     0      0.117     -0.055      0.409      0.451      0.140
    83        111  (pi0)              -91    69     0   105   106     0     0     -0.482      0.255     -0.203      0.597      0.135
    84        111  (pi0)              -91    60     0   107   108     0     0      0.178      0.178      1.222      1.255      0.135
    85         22  gamma               91    60     0     0     0     0     0      0.060     -0.289      7.628      7.633      0.000
    86         22  gamma               91    61     0     0     0     0     0      0.139      0.129      1.029      1.046      0.000
    87         22  gamma               91    61     0     0     0     0     0      0.113     -0.019      0.489      0.502      0.000
    88         22  gamma               91    65     0     0     0     0     0     -0.044      0.084      0.692      0.698      0.000
    89         22  gamma               91    65     0     0     0     0     0     -0.020     -0.002      0.007      0.021      0.000
    90        211  pi+                 91    67     0     0     0     0     0      0.125      0.093     -0.068      0.220      0.140
    91       -211  pi-                 91    67     0     0     0     0     0     -0.014      0.058     -0.152      0.215      0.140
    92        111  (pi0)              -91    67     0   109   110     0     0     -0.021      0.284     -0.045      0.319      0.135
    93        211  pi+                 91    70     0     0     0     0     0     -0.068      0.341      0.340      0.506      0.140
    94       -211  pi-                 91    70     0     0     0     0     0      0.518      0.242      0.527      0.790      0.140
    95        111  (pi0)              -91    70     0   111   112     0     0      0.212      0.138      0.207      0.353      0.135
    96        211  pi+                 91    71     0     0     0     0     0      0.135      0.060      0.044      0.208      0.140
    97       -211  pi-                 91    71     0     0     0     0     0      0.195      0.359      0.359      0.562      0.140
    98        111  (pi0)              -91    71     0   113   114     0     0     -0.224      0.387      0.176      0.499      0.135
    99         22  gamma               91    75     0     0     0     0     0      0.028     -0.001      0.737      0.738      0.000
   100         22  gamma               91    75     0     0     0     0     0      0.188      0.387     19.171     19.176      0.000
   101         22  gamma               91    77     0     0     0     0     0      0.026     -0.004      0.031      0.041      0.000
   102         22  gamma               91    77     0     0     0     0     0     -0.046      0.149      0.708      0.725      0.000
   103         22  gamma               91    81     0     0     0     0     0     -0.068      0.021     -0.097      0.120      0.000
   104         22  gamma               91    81     0     0     0     0     0     -0.052     -0.094     -0.027      0.111      0.000
   105         22  gamma               91    83     0     0     0     0     0     -0.366      0.253     -0.173      0.478      0.000
   106         22  gamma               91    83     0     0     0     0     0     -0.116      0.002     -0.029      0.120      0.000
   107         22  gamma               91    84     0     0     0     0     0      0.096      0.007      0.402      0.413      0.000
   108         22  gamma               91    84     0     0     0     0     0      0.082      0.171      0.820      0.842      0.000
   109         22  gamma               91    92     0     0     0     0     0      0.032      0.088     -0.065      0.114      0.000
   110         22  gamma               91    92     0     0     0     0     0     -0.054      0.197      0.020      0.205      0.000
   111         22  gamma               91    95     0     0     0     0     0      0.149      0.158      0.133      0.255      0.000
   112         22  gamma               91    95     0     0     0     0     0      0.063     -0.020      0.073      0.099      0.000
   113         22  gamma               91    98     0     0     0     0     0      0.018      0.030      0.020      0.041      0.000
   114         22  gamma               91    98     0     0     0     0     0     -0.242      0.357      0.156      0.459      0.000
                                   Charge sum:  0.000           Momentum sum:     -0.000     -0.000     79.996    120.000     89.447

 --------  End PYTHIA Event Listing  -----------------------------------------------------------------------------------------------
[0;33m[TwoTrackMinimumDistance] comparing track with itself![;0m
[0;33m[TwoTrackMinimumDistance] Computation HelixHelix::CAIR failed.[;0m
[0;33m[TwoTrackMinimumDistance] comparing track with itself![;0m
[0;33m[TwoTrackMinimumDistance] Computation HelixHelix::CAIR failed.[;0m
[0;33m[TwoTrackMinimumDistance] comparing track with itself![;0m
[0;33m[TwoTrackMinimumDistance] Computation HelixHelix::CAIR failed.[;0m
[0;33m[TwoTrackMinimumDistance] comparing track with itself![;0m
[0;33m[TwoTrackMinimumDistance] Computation HelixHelix::CAIR failed.[;0m
[0;33m[TwoTrackMinimumDistance] comparing track with itself![;0m
[0;33m[TwoTrackMinimumDistance] Computation HelixHelix::CAIR failed.[;0m
/home/phnxbld/sPHENIX/new/source/coresoftware/simulation/g4simulation/g4eval/SvtxEvaluator.cc:3145:    **** Oops! No valid solution for tup or tdn, tdn = -0.554 tup = -0.003
   radius 71.688 rbegin 71.688 rend 71.691
   x0 43.137 x1 43.559
   y0 -57.256 y1 -56.940
   z0 -44.850 z1 -44.640
   A 0.278 B 0.155 C 0.000
/home/phnxbld/sPHENIX/new/source/coresoftware/simulation/g4simulation/g4eval/SvtxEvaluator.cc:3145:    **** Oops! No valid solution for tup or tdn, tdn = -0.554 tup = -0.003
   radius 71.688 rbegin 71.688 rend 71.691
   x0 43.137 x1 43.559
   y0 -57.256 y1 -56.940
   z0 -44.850 z1 -44.640
   A 0.278 B 0.155 C 0.000
/home/phnxbld/sPHENIX/new/source/coresoftware/simulation/g4simulation/g4eval/SvtxEvaluator.cc:3145:    **** Oops! No valid solution for tup or tdn, tdn = -0.554 tup = -0.003
   radius 71.688 rbegin 71.688 rend 71.691
   x0 43.137 x1 43.559
   y0 -57.256 y1 -56.940
   z0 -44.850 z1 -44.640
   A 0.278 B 0.155 C 0.000
[0;33m[TwoTrackMinimumDistance] comparing track with itself![;0m
[0;33m[TwoTrackMinimumDistance] Computation HelixHelix::CAIR failed.[;0m
[0;33m[TwoTrackMinimumDistance] comparing track with itself![;0m
[0;33m[TwoTrackMinimumDistance] Computation HelixHelix::CAIR failed.[;0m
MyJetAnalysis::End - Outoput to /global/project/projectdirs/alice/ftorales/eP_MC/eP_10_electrons+jets.root
All done
