LD_LIBRARY_PATH now /global/project/projectdirs/alice/ftorales/Singularity/install/lib:.:/global/project/projectdirs/alice/ftorales/Singularity/cvmfs/sphenix.sdcc.bnl.gov/x8664_sl7/release/release_new/new.4/lib:/global/project/projectdirs/alice/ftorales/Singularity/cvmfs/sphenix.sdcc.bnl.gov/x8664_sl7/opt/sphenix/utils/lib64:/global/project/projectdirs/alice/ftorales/Singularity/cvmfs/sphenix.sdcc.bnl.gov/x8664_sl7/opt/sphenix/utils/lib:/global/project/projectdirs/alice/ftorales/Singularity/cvmfs/sphenix.sdcc.bnl.gov/x8664_sl7/opt/sphenix/core/lib:/global/project/projectdirs/alice/ftorales/Singularity/cvmfs/sphenix.sdcc.bnl.gov/x8664_sl7/opt/sphenix/core/root-6.16.00/lib:/global/project/projectdirs/alice/ftorales/Singularity/cvmfs/sphenix.sdcc.bnl.gov/x8664_sl7/opt/sphenix/core/geant4.10.02.p02/lib64:/global/project/projectdirs/alice/ftorales/Singularity/cvmfs/sphenix.sdcc.bnl.gov/x8664_sl7/opt/sphenix/core/lhapdf-5.9.1/lib:/usr/local/lib64:/usr/lib64
PATH now :.:/global/project/projectdirs/alice/ftorales/Singularity/cvmfs/sphenix.sdcc.bnl.gov/x8664_sl7/release/release_new/new.4/bin:/global/project/projectdirs/alice/ftorales/Singularity/cvmfs/sphenix.sdcc.bnl.gov/x8664_sl7/opt/sphenix/utils/bin:/global/project/projectdirs/alice/ftorales/Singularity/cvmfs/sphenix.sdcc.bnl.gov/x8664_sl7/opt/sphenix/core/bin:/global/project/projectdirs/alice/ftorales/Singularity/cvmfs/sphenix.sdcc.bnl.gov/x8664_sl7/opt/sphenix/core/root-6.16.00/bin:/global/project/projectdirs/alice/ftorales/Singularity/cvmfs/sphenix.sdcc.bnl.gov/x8664_sl7/opt/sphenix/core/geant4.10.02.p02/bin:/usr/local/bin:/usr/bin:/usr/local/sbin:/usr/sbin
   ------------------------------------------------------------
  | Welcome to ROOT 6.16/00                  https://root.cern |
  |                               (c) 1995-2018, The ROOT Team |
  | Built for linuxx8664gcc on Jan 23 2019, 09:06:13           |
  | From tags/v6-16-00@v6-16-00                                |
  | Try '.help', '.demo', '.license', '.credits', '.quit'/'.q' |
   ------------------------------------------------------------


Processing Fun4All_G4_sPHENIX.C(100, "", "/global/project/projectdirs/alice/ftorales/eP_MC/eP_12")...
PHRandomSeed::GetSeed() seed: 935382223

 *------------------------------------------------------------------------------------* 
 |                                                                                    | 
 |  *------------------------------------------------------------------------------*  | 
 |  |                                                                              |  | 
 |  |                                                                              |  | 
 |  |   PPP   Y   Y  TTTTT  H   H  III    A      Welcome to the Lund Monte Carlo!  |  | 
 |  |   P  P   Y Y     T    H   H   I    A A     This is PYTHIA version 8.243      |  | 
 |  |   PPP     Y      T    HHHHH   I   AAAAA    Last date of change:  4 Jul 2019  |  | 
 |  |   P       Y      T    H   H   I   A   A                                      |  | 
 |  |   P       Y      T    H   H  III  A   A    Now is 20 Apr 2020 at 13:58:34    |  | 
 |  |                                                                              |  | 
 |  |   Christian Bierlich;  Department of Astronomy and Theoretical Physics,      |  | 
 |  |      Lund University, Solvegatan 14A, SE-223 62 Lund, Sweden;                |  | 
 |  |      e-mail: christian.bierlich@thep.lu.se                                   |  | 
 |  |   Nishita Desai;  Department of Theoretical Physics, Tata Institute,         |  | 
 |  |      Homi Bhabha Road, Mumbai 400005, India;                                 |  | 
 |  |      e-mail: desai@theory.tifr.res.in                                        |  | 
 |  |   Ilkka Helenius;  Department of Physics, University of Jyvaskyla,           |  | 
 |  |      P.O. Box 35, FI-40014 University of Jyvaskyla, Finland;                 |  | 
 |  |      e-mail: ilkka.m.helenius@jyu.fi                                         |  | 
 |  |   Philip Ilten;  School of Physics and Astronomy,                            |  | 
 |  |      University of Birmingham, Birmingham, B152 2TT, UK;                     |  | 
 |  |      e-mail: philten@cern.ch                                                 |  | 
 |  |   Leif Lonnblad;  Department of Astronomy and Theoretical Physics,           |  | 
 |  |      Lund University, Solvegatan 14A, SE-223 62 Lund, Sweden;                |  | 
 |  |      e-mail: leif.lonnblad@thep.lu.se                                        |  | 
 |  |   Stephen Mrenna;  Computing Division, Simulations Group,                    |  | 
 |  |      Fermi National Accelerator Laboratory, MS 234, Batavia, IL 60510, USA;  |  | 
 |  |      e-mail: mrenna@fnal.gov                                                 |  | 
 |  |   Stefan Prestel;  Department of Astronomy and Theoretical Physics,          |  | 
 |  |      Lund University, Solvegatan 14A, SE-223 62 Lund, Sweden;                |  | 
 |  |      e-mail: stefan.prestel@thep.lu.se                                       |  | 
 |  |   Christine O. Rasmussen;  Department of Astronomy and Theoretical Physics,  |  | 
 |  |      Lund University, Solvegatan 14A, SE-223 62 Lund, Sweden;                |  | 
 |  |      e-mail: christine.rasmussen@thep.lu.se                                  |  | 
 |  |   Torbjorn Sjostrand;  Department of Astronomy and Theoretical Physics,      |  | 
 |  |      Lund University, Solvegatan 14A, SE-223 62 Lund, Sweden;                |  | 
 |  |      e-mail: torbjorn@thep.lu.se                                             |  | 
 |  |   Peter Skands;  School of Physics,                                          |  | 
 |  |      Monash University, PO Box 27, 3800 Melbourne, Australia;                |  | 
 |  |      e-mail: peter.skands@monash.edu                                         |  | 
 |  |                                                                              |  | 
 |  |   The main program reference is 'An Introduction to PYTHIA 8.2',             |  | 
 |  |   T. Sjostrand et al, Comput. Phys. Commun. 191 (2015) 159                   |  | 
 |  |   [arXiv:1410.3012 [hep-ph]]                                                 |  | 
 |  |                                                                              |  | 
 |  |   The main physics reference is the 'PYTHIA 6.4 Physics and Manual',         |  | 
 |  |   T. Sjostrand, S. Mrenna and P. Skands, JHEP05 (2006) 026 [hep-ph/0603175]  |  | 
 |  |                                                                              |  | 
 |  |   An archive of program versions and documentation is found on the web:      |  | 
 |  |   http://www.thep.lu.se/Pythia                                               |  | 
 |  |                                                                              |  | 
 |  |   This program is released under the GNU General Public Licence version 2.   |  | 
 |  |   Please respect the MCnet Guidelines for Event Generator Authors and Users. |  | 
 |  |                                                                              |  | 
 |  |   Disclaimer: this program comes without any guarantees.                     |  | 
 |  |   Beware of errors and use common sense when interpreting results.           |  | 
 |  |                                                                              |  | 
 |  |   Copyright (C) 2019 Torbjorn Sjostrand                                      |  | 
 |  |                                                                              |  | 
 |  |                                                                              |  | 
 |  *------------------------------------------------------------------------------*  | 
 |                                                                                    | 
 *------------------------------------------------------------------------------------* 

PHRandomSeed::GetSeed() seed: 2684756518
PHPythia8 random seed: 884756518

 *-------  PYTHIA Process Initialization  --------------------------*
 |                                                                  |
 | We collide p+ with e- at a CM energy of 8.945e+01 GeV            |
 |                                                                  |
 |------------------------------------------------------------------|
 |                                                    |             |
 | Subprocess                                    Code |   Estimated |
 |                                                    |    max (mb) |
 |                                                    |             |
 |------------------------------------------------------------------|
 |                                                    |             |
 | g g -> g g                                     111 |   0.000e+00 |
 | g g -> q qbar (uds)                            112 |   0.000e+00 |
 | q g -> q g                                     113 |   0.000e+00 |
 | q q(bar)' -> q q(bar)'                         114 |   0.000e+00 |
 | q qbar -> g g                                  115 |   0.000e+00 |
 | q qbar -> q' qbar' (uds)                       116 |   0.000e+00 |
 | g g -> c cbar                                  121 |   0.000e+00 |
 | q qbar -> c cbar                               122 |   0.000e+00 |
 | g g -> b bbar                                  123 |   0.000e+00 |
 | q qbar -> b bbar                               124 |   0.000e+00 |
 | f f' -> f f' (t-channel gamma*/Z0)             211 |   9.265e-05 |
 |                                                                  |
 *-------  End PYTHIA Process Initialization -----------------------*

 *-------  PYTHIA Flag + Mode + Parm + Word + FVec + MVec + PVec + WVec Settings (changes only)  ------------------* 
 |                                                                                                                 | 
 | Name                                          |                      Now |      Default         Min         Max | 
 |                                               |                          |                                      | 
 | Beams:eA                                      |                100.00000 |     7000.000         0.0             | 
 | Beams:eB                                      |                 20.00000 |     7000.000         0.0             | 
 | Beams:frameType                               |                        2 |            1           1           5 | 
 | Beams:idB                                     |                       11 |         2212                         | 
 | HardQCD:all                                   |                       on |          off                         | 
 | Main:timesAllowErrors                         |                   900000 |           10           0             | 
 | PDF:lepton                                    |                      off |           on                         | 
 | PhaseSpace:Q2Min                              |                 16.00000 |          0.0         0.0             | 
 | Random:seed                                   |                884756518 |           -1               900000000 | 
 | Random:setSeed                                |                       on |          off                         | 
 | SpaceShower:pTmaxMatch                        |                        2 |            0           0           2 | 
 | TimeShower:QEDshowerByL                       |                      off |           on                         | 
 | WeakBosonExchange:ff2ff(t:gmZ)                |                       on |          off                         | 
 |                                                                                                                 | 
 *-------  End PYTHIA Flag + Mode + Parm + Word + FVec + MVec + PVec + WVec Settings  -----------------------------* 

 --------  PYTHIA Particle Data Table (changed only)  ------------------------------------------------------------------------------
 
      id   name            antiName         spn chg col      m0        mWidth      mMin       mMax       tau0    res dec ext vis wid
             no onMode   bRatio   meMode     products 

 no particle data has been changed from its default value 

 --------  End PYTHIA Particle Data Table  -----------------------------------------------------------------------------------------

PHRandomSeed::GetSeed() seed: 3423924189
PHRandomSeed::GetSeed() seed: 1093124013
Intt has 4 layers with layer setup:
 Intt layer 0 laddertype -2 nladders 15 sensor radius 9.0 offsetphi 0.0
 Intt layer 1 laddertype -2 nladders 15 sensor radius 9.5 offsetphi 12.0
 Intt layer 2 laddertype -2 nladders 18 sensor radius 10.8 offsetphi 0.0
 Intt layer 3 laddertype -2 nladders 18 sensor radius 11.4 offsetphi 10.0
HCalInner - construct inner HCal absorber with G4_Al
PHRandomSeed::GetSeed() seed: 231534573

*************************************************************
 Geant4 version Name: geant4-10-02-patch-02    (17-June-2016)
                      Copyright : Geant4 Collaboration
                      Reference : NIM A 506 (2003), 250-303
                            WWW : http://cern.ch/geant4
*************************************************************

<<< Geant4 Physics List simulation engine: QGSP_BERT 4.0

PHG4MvtxHitReco: Setting Mvtx timing window defaults to tmin = -5000 and  tmax = 5000 ns
PHG4MvtxHitReco: Set Mvtx timing window parameters from macro for layer = 0 to tmin = -5000.0 tmax = 5000.0
PHG4MvtxHitReco: Set Mvtx timing window parameters from macro for layer = 1 to tmin = -5000.0 tmax = 5000.0
PHG4MvtxHitReco: Set Mvtx timing window parameters from macro for layer = 2 to tmin = -5000.0 tmax = 5000.0
PHRandomSeed::GetSeed() seed: 2842149215
PHRandomSeed::GetSeed() seed: 1730065402
Registering padplane 
padplane registered and parameters updated
PHRandomSeed::GetSeed() seed: 1947067215
PHParameters::ReadFromFile - Reading from File: /global/project/projectdirs/alice/ftorales/Singularity/cvmfs/sphenix.sdcc.bnl.gov/x8664_sl7/release/release_new/new.4/share/calibrations/CEMC/TowerCalib_2017ProjTilted/cemc_geoparams-0-0-4294967295-1499354960.xml ... Received PdbParameterMap with (Hash = 0x883e8cf2a8d53c9f)
BEmcProfile: Loading profile data from file /global/project/projectdirs/alice/ftorales/Singularity/cvmfs/sphenix.sdcc.bnl.gov/x8664_sl7/release/release_new/new.4/share/calibrations/EmcProfile/CEMCprof_Thresh30MeV.root
  8 bin in energy:  0.5,  1.0,  2.0,  4.0, 10.0, 20.0, 40.0, 80.0, 
  4 bin in theta:  0.05, 0.14, 0.25, 0.34, 
PHParameters::ReadFromFile - Reading from File: /global/project/projectdirs/alice/ftorales/Singularity/cvmfs/sphenix.sdcc.bnl.gov/x8664_sl7/release/release_new/new.4/share/calibrations/CEMC/PositionRecalibration_EMCal_9deg_tilt/cemc_recalib_geoparams-0-0-4294967295-1532091513.xml ... Received PdbParameterMap with (Hash = 0x9eda525940469004)
PHParameters::ReadFromFile - Reading from File: /global/project/projectdirs/alice/ftorales/Singularity/cvmfs/sphenix.sdcc.bnl.gov/x8664_sl7/release/release_new/new.4/share/calibrations/CEMC/PositionRecalibration_EMCal_9deg_tilt/cemc_ecore_recalib_geoparams-0-0-4294967295-1532091569.xml ... Received PdbParameterMap with (Hash = 0xe641b18750973639)
PHRandomSeed::GetSeed() seed: 4175973319
Warning from RawClusterBuilderTemplate::Detector(): no detector specific class BEmcRec{Name} defined for detector HCALIN. Default BEmcRec will be used
PHRandomSeed::GetSeed() seed: 3378337679
Warning from RawClusterBuilderTemplate::Detector(): no detector specific class BEmcRec{Name} defined for detector HCALOUT. Default BEmcRec will be used
PHRandomSeed::GetSeed() seed: 4219697354
PHG4MvtxDigitizer random seed: 4219697354
PHRandomSeed::GetSeed() seed: 575198342
PHG4InttDigitizer random seed: 575198342
PHRandomSeed::GetSeed() seed: 3187805782
PHG4TpcDigitizer random seed: 3187805782
 Tpc digitizer: Setting ENC to 670.0 ADC threshold to 2680.0 maps+Intt layers set to 7
PHRandomSeed::GetSeed() seed: 361952931
PHTFileServer::open - opening file /global/project/projectdirs/alice/ftorales/eP_MC/eP_12_electrons+jets.root (RECREATE)
Fun4AllServer: Runnumber forced to 0 by RUNNUMBER IntFlag
Fun4AllServer::setRun(): could not get timestamp for run  0, using tics(0) timestamp: Wed Dec 31 19:00:00 1969
PHFieldUtility::GetFieldConfigNode - field map with configuration from input default: PHFieldConfigv1::identify - Field type of [2D field map expressed in cylindrical coordinates] from file [/global/project/projectdirs/alice/ftorales/Singularity/cvmfs/sphenix.sdcc.bnl.gov/x8664_sl7/release/release_new/new.4/share/calibrations/Field/Map/sPHENIX.2d.root] with a scale factor of -0.9
PHParameters::ReadFromFile - Reading from File: /global/project/projectdirs/alice/ftorales/Singularity/cvmfs/sphenix.sdcc.bnl.gov/x8664_sl7/release/release_new/new.4/share/calibrations/CEMC/Geometry_2018ProjTilted/cemc_geoparams-0-0-4294967295-1536789215.xml ... Received PdbParameterMapContainer Detector Id 0 with (Hash = 0xaf819d10e459ac67)
G4GDML: Reading '/global/project/projectdirs/alice/ftorales/Singularity/cvmfs/sphenix.sdcc.bnl.gov/x8664_sl7/release/release_new/new.4/share/calibrations/Tracking/geometry/mvtx_stave_v1.gdml'...
G4GDML: Reading definitions...
G4GDML: Reading materials...
G4GDML: Reading solids...
G4GDML: Reading structure...
G4GDML: Reading setup...
G4GDML: Reading '/global/project/projectdirs/alice/ftorales/Singularity/cvmfs/sphenix.sdcc.bnl.gov/x8664_sl7/release/release_new/new.4/share/calibrations/Tracking/geometry/mvtx_stave_v1.gdml' done!
Stripping off GDML names of materials, solids and volumes ...
north copy no: 1
south copy no: 2
PHG4FullProjTiltedSpacalDetector::Construct_AzimuthalSeg::CEMC_0 - constructed 192 unique towers
PHG4Reco::InitRun - export geometry to DST via tmp file /tmp/PHGeomUtility_geom_file_20395.gdml
PHG4GDML: Writing '/tmp/PHGeomUtility_geom_file_20395.gdml'...
PHG4GDML: Writing definitions...
G4GDML: Writing materials...
PHG4GDML: Writing solids...
PHG4GDML: Writing structure...
G4GDML: Writing setup...
PHG4GDML: Writing surfaces...
PHG4GDML: Writing '/tmp/PHGeomUtility_geom_file_20395.gdml' done !
PHRandomSeed::GetSeed() seed: 448131408
Infor from RawClusterBuilderTemplate::InitRun(): Init geometry for CEMC: N of geom towers: 24576; ix=0-255 iy=0-95
Infor from RawClusterBuilderTemplate::InitRun(): Init geometry for HCALIN: N of geom towers: 1536; ix=0-63 iy=0-23
Infor from RawClusterBuilderTemplate::InitRun(): Init geometry for HCALOUT: N of geom towers: 1536; ix=0-63 iy=0-23
PHG4InttDigitizer::InitRun: detector = INTT
layer array size: 12
init _nlayers_seeding 12
init _min_layers_seeding 12
init n min layers = 4
GFRaveVertexFactory::setMethod ==> set method to avf-smoothing:1
--------------------------------------

List of Nodes in Fun4AllServer:
Node Tree under TopNode TOP
TOP (PHCompositeNode)/
   DST (PHCompositeNode)/
      PHHepMCGenEventMap (IO,PHHepMCGenEventMap)
      PHG4INEVENT (PHDataNode)
      PIPE (PHCompositeNode)/
         G4HIT_PIPE (IO,PHG4HitContainer)
      MVTX (PHCompositeNode)/
         G4HIT_MVTX (IO,PHG4HitContainer)
      INTT (PHCompositeNode)/
         G4HIT_INTT (IO,PHG4HitContainer)
      TPC (PHCompositeNode)/
         G4HIT_ABSORBER_TPC (IO,PHG4HitContainer)
         G4HIT_TPC (IO,PHG4HitContainer)
      CEMC_ELECTRONICS (PHCompositeNode)/
         G4HIT_CEMC_ELECTRONICS (IO,PHG4HitContainer)
      CEMC_SPT (PHCompositeNode)/
         G4HIT_CEMC_SPT (IO,PHG4HitContainer)
      G4HIT_CEMC (IO,PHG4HitContainer)
      G4HIT_ABSORBER_CEMC (IO,PHG4HitContainer)
      HCALIN (PHCompositeNode)/
         G4HIT_ABSORBER_HCALIN (IO,PHG4HitContainer)
         G4HIT_HCALIN (IO,PHG4HitContainer)
         G4CELL_HCALIN (IO,PHG4CellContainer)
         TOWER_SIM_HCALIN (IO,RawTowerContainer)
         TOWER_RAW_HCALIN (IO,RawTowerContainer)
         TOWER_CALIB_HCALIN (IO,RawTowerContainer)
         CLUSTER_HCALIN (IO,RawClusterContainer)
      HCALIN_SPT (PHCompositeNode)/
         G4HIT_HCALIN_SPT (IO,PHG4HitContainer)
      MAGNET (PHCompositeNode)/
         G4HIT_MAGNET (IO,PHG4HitContainer)
      HCALOUT (PHCompositeNode)/
         G4HIT_ABSORBER_HCALOUT (IO,PHG4HitContainer)
         G4HIT_HCALOUT (IO,PHG4HitContainer)
         G4CELL_HCALOUT (IO,PHG4CellContainer)
         TOWER_SIM_HCALOUT (IO,RawTowerContainer)
         TOWER_RAW_HCALOUT (IO,RawTowerContainer)
         TOWER_CALIB_HCALOUT (IO,RawTowerContainer)
         CLUSTER_HCALOUT (IO,RawClusterContainer)
      G4HIT_BH_1 (IO,PHG4HitContainer)
      BH_FORWARD_PLUS (PHCompositeNode)/
         G4HIT_BH_FORWARD_PLUS (IO,PHG4HitContainer)
      BH_FORWARD_NEG (PHCompositeNode)/
         G4HIT_BH_FORWARD_NEG (IO,PHG4HitContainer)
      G4TruthInfo (IO,PHG4TruthInfoContainer)
      BBC (PHCompositeNode)/
         BbcVertexMap (IO,BbcVertexMapv1)
      TRKR (PHCompositeNode)/
         TRKR_HITSET (IO,TrkrHitSetContainer)
         TRKR_HITTRUTHASSOC (IO,TrkrHitTruthAssoc)
         TRKR_CLUSTER (IO,TrkrClusterContainer)
         TRKR_CLUSTERHITASSOC (IO,TrkrClusterHitAssoc)
      CEMC (PHCompositeNode)/
         G4CELL_CEMC (IO,PHG4CellContainer)
         TOWER_SIM_CEMC (IO,RawTowerContainer)
         TOWER_RAW_CEMC (IO,RawTowerContainer)
         TOWER_CALIB_CEMC (IO,RawTowerContainer)
         CLUSTER_CEMC (IO,RawClusterContainer)
         CLUSTER_POS_COR_CEMC (IO,RawClusterContainer)
      SVTX (PHCompositeNode)/
         SvtxVertexMap (IO,SvtxVertexMap_v1)
         SvtxTrackMap (IO,SvtxTrackMap_v1)
         AssocInfoContainer (IO,AssocInfoContainer)
         SvtxVertexMapRefit (IO,SvtxVertexMap_v1)
      GLOBAL (PHCompositeNode)/
         GlobalVertexMap (IO,GlobalVertexMapv1)
      TRIG (PHCompositeNode)/
         CaloTriggerInfo (IO,CaloTriggerInfov1)
      ANTIKT (PHCompositeNode)/
         TRUTH (PHCompositeNode)/
            AntiKt_Truth_r02 (IO,JetMapv1)
            AntiKt_Truth_r03 (IO,JetMapv1)
            AntiKt_Truth_r04 (IO,JetMapv1)
            AntiKt_Truth_r05 (IO,JetMapv1)
            AntiKt_Truth_r06 (IO,JetMapv1)
            AntiKt_Truth_r07 (IO,JetMapv1)
            AntiKt_Truth_r08 (IO,JetMapv1)
            AntiKt_Truth_r10 (IO,JetMapv1)
         TOWER (PHCompositeNode)/
            AntiKt_Tower_r02 (IO,JetMapv1)
            AntiKt_Tower_r03 (IO,JetMapv1)
            AntiKt_Tower_r04 (IO,JetMapv1)
            AntiKt_Tower_r05 (IO,JetMapv1)
            AntiKt_Tower_r06 (IO,JetMapv1)
            AntiKt_Tower_r07 (IO,JetMapv1)
            AntiKt_Tower_r08 (IO,JetMapv1)
         CLUSTER (PHCompositeNode)/
            AntiKt_Cluster_r02 (IO,JetMapv1)
            AntiKt_Cluster_r03 (IO,JetMapv1)
            AntiKt_Cluster_r04 (IO,JetMapv1)
            AntiKt_Cluster_r05 (IO,JetMapv1)
            AntiKt_Cluster_r06 (IO,JetMapv1)
            AntiKt_Cluster_r07 (IO,JetMapv1)
            AntiKt_Cluster_r08 (IO,JetMapv1)
         TRACK (PHCompositeNode)/
            AntiKt_Track_r02 (IO,JetMapv1)
            AntiKt_Track_r03 (IO,JetMapv1)
            AntiKt_Track_r04 (IO,JetMapv1)
            AntiKt_Track_r05 (IO,JetMapv1)
            AntiKt_Track_r06 (IO,JetMapv1)
            AntiKt_Track_r07 (IO,JetMapv1)
            AntiKt_Track_r08 (IO,JetMapv1)
            AntiKt_Track_r10 (IO,JetMapv1)
   RUN (PHCompositeNode)/
      PHGenIntegral (IO,PHGenIntegralv1)
      FIELD_CONFIG (IO,PHFieldConfigv1)
      PIPE (PHCompositeNode)/
         G4GEOPARAM_PIPE (IO,PdbParameterMapContainer)
         CYLINDERGEOM_PIPE (IO,PHG4CylinderGeomContainer)
      MVTX (PHCompositeNode)/
         G4GEOPARAM_MVTX (IO,PdbParameterMapContainer)
      INTT (PHCompositeNode)/
         G4GEOPARAM_INTT (IO,PdbParameterMapContainer)
         G4CELLPARAM_INTT (IO,PdbParameterMap)
      TPC (PHCompositeNode)/
         G4GEOPARAM_TPC (IO,PdbParameterMapContainer)
         G4CELLPARAM_TPC (IO,PdbParameterMap)
         G4TPCPADPLANE (IO,PdbParameterMap)
      CEMC_ELECTRONICS (PHCompositeNode)/
         G4GEOPARAM_CEMC_ELECTRONICS (IO,PdbParameterMapContainer)
         CYLINDERGEOM_CEMC_ELECTRONICS (IO,PHG4CylinderGeomContainer)
      CEMC_SPT (PHCompositeNode)/
         G4GEOPARAM_CEMC_SPT (IO,PdbParameterMapContainer)
         CYLINDERGEOM_CEMC_SPT (IO,PHG4CylinderGeomContainer)
      CEMC (PHCompositeNode)/
         G4GEOPARAM_CEMC (IO,PdbParameterMapContainer)
         G4CELLPARAM_CEMC (IO,PdbParameterMap)
         TOWERGEOM_CEMC (IO,RawTowerGeomContainer_Cylinderv1)
      HCALIN (PHCompositeNode)/
         G4GEOPARAM_HCALIN (IO,PdbParameterMapContainer)
         G4CELLPARAM_HCALIN (IO,PdbParameterMap)
         TOWERPARAM_HCALIN (IO,PdbParameterMap)
         TOWERGEOM_HCALIN (IO,RawTowerGeomContainer_Cylinderv1)
      HCALIN_SPT (PHCompositeNode)/
         G4GEOPARAM_HCALIN_SPT (IO,PdbParameterMapContainer)
         CYLINDERGEOM_HCALIN_SPT (IO,PHG4CylinderGeomContainer)
      MAGNET (PHCompositeNode)/
         G4GEOPARAM_MAGNET (IO,PdbParameterMapContainer)
         CYLINDERGEOM_MAGNET (IO,PHG4CylinderGeomContainer)
      HCALOUT (PHCompositeNode)/
         G4GEOPARAM_HCALOUT (IO,PdbParameterMapContainer)
         G4CELLPARAM_HCALOUT (IO,PdbParameterMap)
         TOWERPARAM_HCALOUT (IO,PdbParameterMap)
         TOWERGEOM_HCALOUT (IO,RawTowerGeomContainer_Cylinderv1)
      G4GEOPARAM_BH_1 (IO,PdbParameterMapContainer)
      CYLINDERGEOM_BH_1 (IO,PHG4CylinderGeomContainer)
      BH_FORWARD_PLUS (PHCompositeNode)/
         G4GEOPARAM_BH_FORWARD_PLUS (IO,PdbParameterMapContainer)
         CYLINDERGEOM_BH_FORWARD_PLUS (IO,PHG4CylinderGeomContainer)
      BH_FORWARD_NEG (PHCompositeNode)/
         G4GEOPARAM_BH_FORWARD_NEG (IO,PdbParameterMapContainer)
         CYLINDERGEOM_BH_FORWARD_NEG (IO,PHG4CylinderGeomContainer)
      CYLINDERGEOM_MVTX (IO,PHG4CylinderGeomContainer)
      CYLINDERGEOM_INTT (IO,PHG4CylinderGeomContainer)
      CYLINDERGEOM_CEMC (IO,PHG4CylinderGeomContainer)
      CYLINDERGEOM_ABSORBER_CEMC (IO,PHG4CylinderGeomContainer)
      GEOMETRY_IO (IO,PHGeomIOTGeo)
      CYLINDERCELLGEOM_SVTX (IO,PHG4CylinderCellGeomContainer)
      CYLINDERCELLGEOM_CEMC (IO,PHG4CylinderCellGeomContainer)
      eclus_Recalibration_CEMC (IO,PdbParameterMap)
      ecore_Recalibration_CEMC (IO,PdbParameterMap)
   PAR (PHCompositeNode)/
      FIELD_MAP (PHDataNode)
      PIPE (PHCompositeNode)/
         G4GEO_PIPE (PHDataNode)
      MVTX (PHCompositeNode)/
         G4GEO_MVTX (PHDataNode)
      INTT (PHCompositeNode)/
         G4GEO_INTT (PHDataNode)
         CYLINDERGEOM_INTT (PHDataNode)
         G4CELLGEO_INTT (PHDataNode)
      TPC (PHCompositeNode)/
         G4GEO_TPC (PHDataNode)
         G4CELLPAR_TPC (PHDataNode)
         G4TPCPADPLANEPAR (PHDataNode)
      CEMC_ELECTRONICS (PHCompositeNode)/
         G4GEO_CEMC_ELECTRONICS (PHDataNode)
      CEMC_SPT (PHCompositeNode)/
         G4GEO_CEMC_SPT (PHDataNode)
      CEMC (PHCompositeNode)/
         G4GEO_CEMC (PHDataNode)
         G4CELLGEO_CEMC (PHDataNode)
      G4GDML_CONFIG (PHDataNode)
      HCALIN (PHCompositeNode)/
         G4GEO_HCALIN (PHDataNode)
         G4CELLGEO_HCALIN (PHDataNode)
         TOWERGEO_HCALIN (PHDataNode)
      HCALIN_SPT (PHCompositeNode)/
         G4GEO_HCALIN_SPT (PHDataNode)
      MAGNET (PHCompositeNode)/
         G4GEO_MAGNET (PHDataNode)
      HCALOUT (PHCompositeNode)/
         G4GEO_HCALOUT (PHDataNode)
         G4CELLGEO_HCALOUT (PHDataNode)
         TOWERGEO_HCALOUT (PHDataNode)
      G4GEO_BH_1 (PHDataNode)
      BH_FORWARD_PLUS (PHCompositeNode)/
         G4GEO_BH_FORWARD_PLUS (PHDataNode)
      BH_FORWARD_NEG (PHCompositeNode)/
         G4GEO_BH_FORWARD_NEG (PHDataNode)
      GEOMETRY (PHDataNode)



 --------  PYTHIA Info Listing  ---------------------------------------- 
 
 Beam A: id =   2212, pz =  4.472e+01, e =  4.473e+01, m =  9.383e-01.
 Beam B: id =     11, pz = -4.472e+01, e =  4.472e+01, m =  5.110e-04.

 In 1: id =    2, x =  1.522e-02, pdf =  5.401e-01 at Q2 =  2.302e+01.
 In 2: id =   11, x =  1.000e+00, pdf =  1.000e+00 at same Q2.

 Subprocess f f' -> f f' (t-channel gamma*/Z0) with code 211 is 2 -> 2.
 It has sHat =  1.217e+02,    tHat = -3.082e+01,    uHat = -9.092e+01,
       pTHat =  4.794e+00,   m3Hat =  3.300e-01,   m4Hat =  5.110e-04,
    thetaHat =  1.055e+00,  phiHat =  5.382e+00.
     alphaEM =  7.567e-03,  alphaS =  2.440e-01    at Q2 =  2.302e+01.

 Impact parameter b =  0.000e+00 gives enhancement factor =  1.000e+00.
 Max pT scale for MPI =  8.945e+01, ISR =  8.945e+01, FSR =  8.945e+01.
 Number of MPI =     1, ISR =     0, FSRproc =     0, FSRreson =     0.

 --------  End PYTHIA Info Listing  ------------------------------------

 --------  PYTHIA Event Listing  (hard process)  -----------------------------------------------------------------------------------
 
    no         id  name            status     mothers   daughters     colours      p_x        p_y        p_z         e          m 
     0         90  (system)           -11     0     0     0     0     0     0      0.000      0.000     79.996    120.000     89.447
     1       2212  (p+)               -12     0     0     3     0     0     0      0.000      0.000     99.996    100.000      0.938
     2         11  (e-)               -12     0     0     4     0     0     0      0.000      0.000    -20.000     20.000      0.001
     3          2  (u)                -21     1     0     5     6   101     0      0.000      0.000      1.522      1.522      0.000
     4         11  (e-)               -21     2     0     5     6     0     0      0.000      0.000    -20.000     20.000      0.000
     5          2  u                   23     3     4     0     0   101     0      2.975     -3.759     -3.941      6.214      0.330
     6         11  e-                  23     3     4     0     0     0     0     -2.975      3.759    -14.540     15.309      0.001
                                   Charge sum: -0.333           Momentum sum:      0.000      0.000    -18.481     21.524     11.034

 --------  End PYTHIA Event Listing  -----------------------------------------------------------------------------------------------

 --------  PYTHIA Event Listing  (complete event)  ---------------------------------------------------------------------------------
 
    no         id  name            status     mothers   daughters     colours      p_x        p_y        p_z         e          m 
     0         90  (system)           -11     0     0     0     0     0     0     -0.000     -0.000     79.996    120.000     89.447
     1       2212  (p+)               -12     0     0     7     0     0     0     -0.000      0.000     99.996    100.000      0.938
     2         11  (e-)               -12     0     0     4     0     0     0     -0.000     -0.000    -20.000     20.000      0.001
     3          2  (u)                -21     7     7     5     6   101     0      0.000      0.000      1.522      1.522      0.000
     4         11  (e-)               -21     2     0     5     6     0     0     -0.000     -0.000    -20.000     20.000      0.000
     5          2  (u)                -23     3     4     8     8   101     0      2.975     -3.759     -3.941      6.214      0.330
     6         11  e-                  23     3     4     0     0     0     0     -2.975      3.759    -14.540     15.309      0.001
     7          2  (u)                -61     1     0     3     3   101     0      0.580     -0.838      1.841      2.104      0.000
     8          2  (u)                -62     5     5    10    18   101     0      3.469     -4.487     -3.485      6.665      0.330
     9       2101  (ud_0)             -63     1     0    10    18     0   101     -0.494      0.728     98.020     98.026      0.579
    10        223  (omega)            -83     8     9    23    25     0     0      3.402     -3.162     -2.575      5.368      0.783
    11        223  (omega)            -83     8     9    26    28     0     0      0.231     -1.370      0.115      1.606      0.797
    12        111  (pi0)              -83     8     9    29    30     0     0     -0.144      0.307     -0.042      0.368      0.135
    13        223  (omega)            -84     8     9    31    33     0     0     -0.239     -0.049      1.620      1.811      0.772
    14        323  (K*+)              -84     8     9    19    20     0     0     -0.201     -0.328     10.499     10.543      0.885
    15       -321  K-                  84     8     9     0     0     0     0      0.292      0.252      9.207      9.229      0.494
    16        211  pi+                 84     8     9     0     0     0     0     -0.210     -0.275      8.150      8.159      0.140
    17        313  (K*0)              -84     8     9    21    22     0     0      0.147      0.418     15.795     15.826      0.893
    18       3122  (Lambda0)          -84     8     9    34    35     0     0     -0.305      0.448     51.766     51.781      1.116
    19        321  K+                  91    14     0     0     0     0     0     -0.186     -0.249      3.999      4.041      0.494
    20        111  (pi0)              -91    14     0    36    37     0     0     -0.014     -0.079      6.501      6.502      0.135
    21        321  K+                  91    17     0     0     0     0     0      0.026     -0.035      6.722      6.740      0.494
    22       -211  pi-                 91    17     0     0     0     0     0      0.121      0.453      9.073      9.086      0.140
    23        211  pi+                 91    10     0     0     0     0     0      1.232     -0.990     -0.684      1.728      0.140
    24       -211  pi-                 91    10     0     0     0     0     0      0.180     -0.281     -0.237      0.432      0.140
    25        111  (pi0)              -91    10     0    38    39     0     0      1.990     -1.891     -1.654      3.208      0.135
    26        211  pi+                 91    11     0     0     0     0     0     -0.092     -0.695     -0.140      0.728      0.140
    27       -211  pi-                 91    11     0     0     0     0     0      0.118     -0.490      0.097      0.532      0.140
    28        111  (pi0)              -91    11     0    40    41     0     0      0.205     -0.184      0.158      0.345      0.135
    29         22  gamma               91    12     0     0     0     0     0     -0.029      0.083     -0.072      0.113      0.000
    30         22  gamma               91    12     0     0     0     0     0     -0.116      0.225      0.030      0.255      0.000
    31        211  pi+                 91    13     0     0     0     0     0     -0.188     -0.059      0.157      0.288      0.140
    32       -211  pi-                 91    13     0     0     0     0     0     -0.080      0.081      1.230      1.243      0.140
    33        111  (pi0)              -91    13     0    42    43     0     0      0.029     -0.072      0.233      0.280      0.135
    34       2112  n0                  91    18     0     0     0     0     0     -0.326      0.466     47.231     47.243      0.940
    35        111  (pi0)              -91    18     0    44    45     0     0      0.021     -0.018      4.535      4.537      0.135
    36         22  gamma               91    20     0     0     0     0     0      0.022     -0.026      0.368      0.369      0.000
    37         22  gamma               91    20     0     0     0     0     0     -0.036     -0.053      6.133      6.133      0.000
    38         22  gamma               91    25     0     0     0     0     0      1.251     -1.100     -1.019      1.953      0.000
    39         22  gamma               91    25     0     0     0     0     0      0.739     -0.791     -0.636      1.255      0.000
    40         22  gamma               91    28     0     0     0     0     0      0.148     -0.122      0.174      0.259      0.000
    41         22  gamma               91    28     0     0     0     0     0      0.056     -0.062     -0.016      0.086      0.000
    42         22  gamma               91    33     0     0     0     0     0      0.080     -0.034      0.166      0.187      0.000
    43         22  gamma               91    33     0     0     0     0     0     -0.052     -0.038      0.068      0.093      0.000
    44         22  gamma               91    35     0     0     0     0     0      0.018     -0.036      0.398      0.400      0.000
    45         22  gamma               91    35     0     0     0     0     0      0.004      0.019      4.137      4.138      0.000
                                   Charge sum:  0.000           Momentum sum:     -0.000     -0.000     79.996    120.000     89.447

 --------  End PYTHIA Event Listing  -----------------------------------------------------------------------------------------------
genfit::Exception thrown with excString:
RKTrackRep::RKutta ==> Do not get closer to plane!
in line: 1950 in file: /phenix/u/phnxbld/workarea/sPHENIX_SL7.3/need_root_version/root-6.16.00/genfit/trackReps/src/RKTrackRep.cc
with fatal flag 0
genfit::Exception thrown with excString:
RKTrackRep::RKutta ==> Do not get closer to plane!
in line: 1950 in file: /phenix/u/phnxbld/workarea/sPHENIX_SL7.3/need_root_version/root-6.16.00/genfit/trackReps/src/RKTrackRep.cc
with fatal flag 0
genfit::Exception thrown with excString:
RKTrackRep::RKutta ==> Do not get closer to plane!
in line: 1950 in file: /phenix/u/phnxbld/workarea/sPHENIX_SL7.3/need_root_version/root-6.16.00/genfit/trackReps/src/RKTrackRep.cc
with fatal flag 0
genfit::Exception thrown with excString:
RKTrackRep::RKutta ==> Do not get closer to plane!
in line: 1950 in file: /phenix/u/phnxbld/workarea/sPHENIX_SL7.3/need_root_version/root-6.16.00/genfit/trackReps/src/RKTrackRep.cc
with fatal flag 0
genfit::Exception thrown with excString:
RKTrackRep::RKutta ==> Do not get closer to plane!
in line: 1950 in file: /phenix/u/phnxbld/workarea/sPHENIX_SL7.3/need_root_version/root-6.16.00/genfit/trackReps/src/RKTrackRep.cc
with fatal flag 0
genfit::Exception thrown with excString:
RKTrackRep::RKutta ==> Do not get closer to plane!
in line: 1950 in file: /phenix/u/phnxbld/workarea/sPHENIX_SL7.3/need_root_version/root-6.16.00/genfit/trackReps/src/RKTrackRep.cc
with fatal flag 0
genfit::Exception thrown with excString:
RKTrackRep::RKutta ==> Do not get closer to plane!
in line: 1950 in file: /phenix/u/phnxbld/workarea/sPHENIX_SL7.3/need_root_version/root-6.16.00/genfit/trackReps/src/RKTrackRep.cc
with fatal flag 0
genfit::Exception thrown with excString:
RKTrackRep::RKutta ==> Do not get closer to plane!
in line: 1950 in file: /phenix/u/phnxbld/workarea/sPHENIX_SL7.3/need_root_version/root-6.16.00/genfit/trackReps/src/RKTrackRep.cc
with fatal flag 0
genfit::Exception thrown with excString:
RKTrackRep::RKutta ==> Do not get closer to plane!
in line: 1950 in file: /phenix/u/phnxbld/workarea/sPHENIX_SL7.3/need_root_version/root-6.16.00/genfit/trackReps/src/RKTrackRep.cc
with fatal flag 0
genfit::Exception thrown with excString:
RKTrackRep::RKutta ==> Do not get closer to plane!
in line: 1950 in file: /phenix/u/phnxbld/workarea/sPHENIX_SL7.3/need_root_version/root-6.16.00/genfit/trackReps/src/RKTrackRep.cc
with fatal flag 0
genfit::Exception thrown with excString:
RKTrackRep::RKutta ==> Do not get closer to plane!
in line: 1950 in file: /phenix/u/phnxbld/workarea/sPHENIX_SL7.3/need_root_version/root-6.16.00/genfit/trackReps/src/RKTrackRep.cc
with fatal flag 0
genfit::Exception thrown with excString:
RKTrackRep::RKutta ==> Do not get closer to plane!
in line: 1950 in file: /phenix/u/phnxbld/workarea/sPHENIX_SL7.3/need_root_version/root-6.16.00/genfit/trackReps/src/RKTrackRep.cc
with fatal flag 0
genfit::Exception thrown with excString:
RKTrackRep::RKutta ==> Do not get closer to plane!
in line: 1950 in file: /phenix/u/phnxbld/workarea/sPHENIX_SL7.3/need_root_version/root-6.16.00/genfit/trackReps/src/RKTrackRep.cc
with fatal flag 0
genfit::Exception thrown with excString:
RKTrackRep::RKutta ==> Do not get closer to plane!
in line: 1950 in file: /phenix/u/phnxbld/workarea/sPHENIX_SL7.3/need_root_version/root-6.16.00/genfit/trackReps/src/RKTrackRep.cc
with fatal flag 0
genfit::Exception thrown with excString:
RKTrackRep::RKutta ==> Do not get closer to plane!
in line: 1950 in file: /phenix/u/phnxbld/workarea/sPHENIX_SL7.3/need_root_version/root-6.16.00/genfit/trackReps/src/RKTrackRep.cc
with fatal flag 0
genfit::Exception thrown with excString:
RKTrackRep::RKutta ==> Do not get closer to plane!
in line: 1950 in file: /phenix/u/phnxbld/workarea/sPHENIX_SL7.3/need_root_version/root-6.16.00/genfit/trackReps/src/RKTrackRep.cc
with fatal flag 0
genfit::Exception thrown with excString:
RKTrackRep::RKutta ==> Do not get closer to plane!
in line: 1950 in file: /phenix/u/phnxbld/workarea/sPHENIX_SL7.3/need_root_version/root-6.16.00/genfit/trackReps/src/RKTrackRep.cc
with fatal flag 0
genfit::Exception thrown with excString:
RKTrackRep::RKutta ==> Do not get closer to plane!
in line: 1950 in file: /phenix/u/phnxbld/workarea/sPHENIX_SL7.3/need_root_version/root-6.16.00/genfit/trackReps/src/RKTrackRep.cc
with fatal flag 0
genfit::Exception thrown with excString:
RKTrackRep::RKutta ==> Do not get closer to plane!
in line: 1950 in file: /phenix/u/phnxbld/workarea/sPHENIX_SL7.3/need_root_version/root-6.16.00/genfit/trackReps/src/RKTrackRep.cc
with fatal flag 0
genfit::Exception thrown with excString:
RKTrackRep::RKutta ==> Do not get closer to plane!
in line: 1950 in file: /phenix/u/phnxbld/workarea/sPHENIX_SL7.3/need_root_version/root-6.16.00/genfit/trackReps/src/RKTrackRep.cc
with fatal flag 0
genfit::Exception thrown with excString:
RKTrackRep::RKutta ==> Do not get closer to plane!
in line: 1950 in file: /phenix/u/phnxbld/workarea/sPHENIX_SL7.3/need_root_version/root-6.16.00/genfit/trackReps/src/RKTrackRep.cc
with fatal flag 0
genfit::Exception thrown with excString:
RKTrackRep::RKutta ==> Do not get closer to plane!
in line: 1950 in file: /phenix/u/phnxbld/workarea/sPHENIX_SL7.3/need_root_version/root-6.16.00/genfit/trackReps/src/RKTrackRep.cc
with fatal flag 0
genfit::Exception thrown with excString:
RKTrackRep::RKutta ==> Do not get closer to plane!
in line: 1950 in file: /phenix/u/phnxbld/workarea/sPHENIX_SL7.3/need_root_version/root-6.16.00/genfit/trackReps/src/RKTrackRep.cc
with fatal flag 0
genfit::Exception thrown with excString:
RKTrackRep::RKutta ==> Do not get closer to plane!
in line: 1950 in file: /phenix/u/phnxbld/workarea/sPHENIX_SL7.3/need_root_version/root-6.16.00/genfit/trackReps/src/RKTrackRep.cc
with fatal flag 0
genfit::Exception thrown with excString:
RKTrackRep::RKutta ==> Do not get closer to plane!
in line: 1950 in file: /phenix/u/phnxbld/workarea/sPHENIX_SL7.3/need_root_version/root-6.16.00/genfit/trackReps/src/RKTrackRep.cc
with fatal flag 0
genfit::Exception thrown with excString:
RKTrackRep::RKutta ==> Do not get closer to plane!
in line: 1950 in file: /phenix/u/phnxbld/workarea/sPHENIX_SL7.3/need_root_version/root-6.16.00/genfit/trackReps/src/RKTrackRep.cc
with fatal flag 0
genfit::Exception thrown with excString:
RKTrackRep::RKutta ==> Do not get closer to plane!
in line: 1950 in file: /phenix/u/phnxbld/workarea/sPHENIX_SL7.3/need_root_version/root-6.16.00/genfit/trackReps/src/RKTrackRep.cc
with fatal flag 0
genfit::Exception thrown with excString:
RKTrackRep::RKutta ==> Do not get closer to plane!
in line: 1950 in file: /phenix/u/phnxbld/workarea/sPHENIX_SL7.3/need_root_version/root-6.16.00/genfit/trackReps/src/RKTrackRep.cc
with fatal flag 0
genfit::Exception thrown with excString:
RKTrackRep::RKutta ==> Do not get closer to plane!
in line: 1950 in file: /phenix/u/phnxbld/workarea/sPHENIX_SL7.3/need_root_version/root-6.16.00/genfit/trackReps/src/RKTrackRep.cc
with fatal flag 0
genfit::Exception thrown with excString:
RKTrackRep::RKutta ==> Do not get closer to plane!
in line: 1950 in file: /phenix/u/phnxbld/workarea/sPHENIX_SL7.3/need_root_version/root-6.16.00/genfit/trackReps/src/RKTrackRep.cc
with fatal flag 0
genfit::Exception thrown with excString:
RKTrackRep::RKutta ==> Do not get closer to plane!
in line: 1950 in file: /phenix/u/phnxbld/workarea/sPHENIX_SL7.3/need_root_version/root-6.16.00/genfit/trackReps/src/RKTrackRep.cc
with fatal flag 0
genfit::Exception thrown with excString:
RKTrackRep::RKutta ==> Do not get closer to plane!
in line: 1950 in file: /phenix/u/phnxbld/workarea/sPHENIX_SL7.3/need_root_version/root-6.16.00/genfit/trackReps/src/RKTrackRep.cc
with fatal flag 0
[0;33m[TwoTrackMinimumDistance] comparing track with itself![;0m
[0;33m[TwoTrackMinimumDistance] Computation HelixHelix::CAIR failed.[;0m
[0;33m[TwoTrackMinimumDistance] comparing track with itself![;0m
[0;33m[TwoTrackMinimumDistance] Computation HelixHelix::CAIR failed.[;0m
[0;33m[TwoTrackMinimumDistance] comparing track with itself![;0m
[0;33m[TwoTrackMinimumDistance] Computation HelixHelix::CAIR failed.[;0m
[0;33m[TwoTrackMinimumDistance] comparing track with itself![;0m
[0;33m[TwoTrackMinimumDistance] Computation HelixHelix::CAIR failed.[;0m
[0;33m[TwoTrackMinimumDistance] comparing track with itself![;0m
[0;33m[TwoTrackMinimumDistance] Computation HelixHelix::CAIR failed.[;0m
[0;33m[TwoTrackMinimumDistance] comparing track with itself![;0m
[0;33m[TwoTrackMinimumDistance] Computation HelixHelix::CAIR failed.[;0m
[0;33m[TwoTrackMinimumDistance] comparing track with itself![;0m
[0;33m[TwoTrackMinimumDistance] Computation HelixHelix::CAIR failed.[;0m
[0;33m[TwoTrackMinimumDistance] comparing track with itself![;0m
[0;33m[TwoTrackMinimumDistance] Computation HelixHelix::CAIR failed.[;0m
[0;33m[TwoTrackMinimumDistance] comparing track with itself![;0m
[0;33m[TwoTrackMinimumDistance] Computation HelixHelix::CAIR failed.[;0m
[0;33m[TwoTrackMinimumDistance] comparing track with itself![;0m
[0;33m[TwoTrackMinimumDistance] Computation HelixHelix::CAIR failed.[;0m
[0;33m[TwoTrackMinimumDistance] comparing track with itself![;0m
[0;33m[TwoTrackMinimumDistance] Computation HelixHelix::CAIR failed.[;0m
[0;33m[TwoTrackMinimumDistance] comparing track with itself![;0m
[0;33m[TwoTrackMinimumDistance] Computation HelixHelix::CAIR failed.[;0m
[0;33m[TwoTrackMinimumDistance] comparing track with itself![;0m
[0;33m[TwoTrackMinimumDistance] Computation HelixHelix::CAIR failed.[;0m
[0;33m[TwoTrackMinimumDistance] comparing track with itself![;0m
[0;33m[TwoTrackMinimumDistance] Computation HelixHelix::CAIR failed.[;0m
[0;33m[TwoTrackMinimumDistance] comparing track with itself![;0m
[0;33m[TwoTrackMinimumDistance] Computation HelixHelix::CAIR failed.[;0m
[0;33m[TwoTrackMinimumDistance] comparing track with itself![;0m
[0;33m[TwoTrackMinimumDistance] Computation HelixHelix::CAIR failed.[;0m
[0;33m[TwoTrackMinimumDistance] comparing track with itself![;0m
[0;33m[TwoTrackMinimumDistance] Computation HelixHelix::CAIR failed.[;0m
[0;33m[TwoTrackMinimumDistance] comparing track with itself![;0m
[0;33m[TwoTrackMinimumDistance] Computation HelixHelix::CAIR failed.[;0m
[0;33m[TwoTrackMinimumDistance] comparing track with itself![;0m
[0;33m[TwoTrackMinimumDistance] Computation HelixHelix::CAIR failed.[;0m
[0;33m[TwoTrackMinimumDistance] comparing track with itself![;0m
[0;33m[TwoTrackMinimumDistance] Computation HelixHelix::CAIR failed.[;0m
[0;33m[TwoTrackMinimumDistance] comparing track with itself![;0m
[0;33m[TwoTrackMinimumDistance] Computation HelixHelix::CAIR failed.[;0m
[0;33m[TwoTrackMinimumDistance] comparing track with itself![;0m
[0;33m[TwoTrackMinimumDistance] Computation HelixHelix::CAIR failed.[;0m
[0;33m[TwoTrackMinimumDistance] comparing track with itself![;0m
[0;33m[TwoTrackMinimumDistance] Computation HelixHelix::CAIR failed.[;0m
[0;33m[TwoTrackMinimumDistance] comparing track with itself![;0m
[0;33m[TwoTrackMinimumDistance] Computation HelixHelix::CAIR failed.[;0m
[0;33m[TwoTrackMinimumDistance] comparing track with itself![;0m
[0;33m[TwoTrackMinimumDistance] Computation HelixHelix::CAIR failed.[;0m
[0;33m[TwoTrackMinimumDistance] comparing track with itself![;0m
[0;33m[TwoTrackMinimumDistance] Computation HelixHelix::CAIR failed.[;0m
[0;33m[TwoTrackMinimumDistance] comparing track with itself![;0m
[0;33m[TwoTrackMinimumDistance] Computation HelixHelix::CAIR failed.[;0m
[0;33m[TwoTrackMinimumDistance] comparing track with itself![;0m
[0;33m[TwoTrackMinimumDistance] Computation HelixHelix::CAIR failed.[;0m
[0;33m[TwoTrackMinimumDistance] comparing track with itself![;0m
[0;33m[TwoTrackMinimumDistance] Computation HelixHelix::CAIR failed.[;0m
[0;33m[TwoTrackMinimumDistance] comparing track with itself![;0m
[0;33m[TwoTrackMinimumDistance] Computation HelixHelix::CAIR failed.[;0m
[0;33m[TwoTrackMinimumDistance] comparing track with itself![;0m
[0;33m[TwoTrackMinimumDistance] Computation HelixHelix::CAIR failed.[;0m
[0;33m[TwoTrackMinimumDistance] comparing track with itself![;0m
[0;33m[TwoTrackMinimumDistance] Computation HelixHelix::CAIR failed.[;0m
[0;33m[TwoTrackMinimumDistance] comparing track with itself![;0m
[0;33m[TwoTrackMinimumDistance] Computation HelixHelix::CAIR failed.[;0m
[0;33m[TwoTrackMinimumDistance] comparing track with itself![;0m
[0;33m[TwoTrackMinimumDistance] Computation HelixHelix::CAIR failed.[;0m
[0;33m[TwoTrackMinimumDistance] comparing track with itself![;0m
[0;33m[TwoTrackMinimumDistance] Computation HelixHelix::CAIR failed.[;0m
[0;33m[TwoTrackMinimumDistance] comparing track with itself![;0m
[0;33m[TwoTrackMinimumDistance] Computation HelixHelix::CAIR failed.[;0m
[0;33m[TwoTrackMinimumDistance] comparing track with itself![;0m
[0;33m[TwoTrackMinimumDistance] Computation HelixHelix::CAIR failed.[;0m
[0;33m[TwoTrackMinimumDistance] comparing track with itself![;0m
[0;33m[TwoTrackMinimumDistance] Computation HelixHelix::CAIR failed.[;0m
Warning: Conversion of SvtxTrack tracklet 4 to PHGenFitTrack failed, moving to next tracklet 
[0;33m[TwoTrackMinimumDistance] comparing track with itself![;0m
[0;33m[TwoTrackMinimumDistance] Computation HelixHelix::CAIR failed.[;0m
[0;33m[TwoTrackMinimumDistance] comparing track with itself![;0m
[0;33m[TwoTrackMinimumDistance] Computation HelixHelix::CAIR failed.[;0m
[0;33m[TwoTrackMinimumDistance] comparing track with itself![;0m
[0;33m[TwoTrackMinimumDistance] Computation HelixHelix::CAIR failed.[;0m
[0;33m[TwoTrackMinimumDistance] comparing track with itself![;0m
[0;33m[TwoTrackMinimumDistance] Computation HelixHelix::CAIR failed.[;0m
[0;33m[TwoTrackMinimumDistance] comparing track with itself![;0m
[0;33m[TwoTrackMinimumDistance] Computation HelixHelix::CAIR failed.[;0m
[0;33m[TwoTrackMinimumDistance] comparing track with itself![;0m
[0;33m[TwoTrackMinimumDistance] Computation HelixHelix::CAIR failed.[;0m
[0;33m[TwoTrackMinimumDistance] comparing track with itself![;0m
[0;33m[TwoTrackMinimumDistance] Computation HelixHelix::CAIR failed.[;0m
[0;33m[TwoTrackMinimumDistance] comparing track with itself![;0m
[0;33m[TwoTrackMinimumDistance] Computation HelixHelix::CAIR failed.[;0m
[0;33m[TwoTrackMinimumDistance] comparing track with itself![;0m
[0;33m[TwoTrackMinimumDistance] Computation HelixHelix::CAIR failed.[;0m
[0;33m[TwoTrackMinimumDistance] comparing track with itself![;0m
[0;33m[TwoTrackMinimumDistance] Computation HelixHelix::CAIR failed.[;0m
[0;33m[TwoTrackMinimumDistance] comparing track with itself![;0m
[0;33m[TwoTrackMinimumDistance] Computation HelixHelix::CAIR failed.[;0m
[0;33m[TwoTrackMinimumDistance] comparing track with itself![;0m
[0;33m[TwoTrackMinimumDistance] Computation HelixHelix::CAIR failed.[;0m
[0;33m[TwoTrackMinimumDistance] comparing track with itself![;0m
[0;33m[TwoTrackMinimumDistance] Computation HelixHelix::CAIR failed.[;0m
[0;33m[TwoTrackMinimumDistance] comparing track with itself![;0m
[0;33m[TwoTrackMinimumDistance] Computation HelixHelix::CAIR failed.[;0m
[0;33m[TwoTrackMinimumDistance] comparing track with itself![;0m
[0;33m[TwoTrackMinimumDistance] Computation HelixHelix::CAIR failed.[;0m
[0;33m[TwoTrackMinimumDistance] comparing track with itself![;0m
[0;33m[TwoTrackMinimumDistance] Computation HelixHelix::CAIR failed.[;0m
[0;33m[TwoTrackMinimumDistance] comparing track with itself![;0m
[0;33m[TwoTrackMinimumDistance] Computation HelixHelix::CAIR failed.[;0m
[0;33m[TwoTrackMinimumDistance] comparing track with itself![;0m
[0;33m[TwoTrackMinimumDistance] Computation HelixHelix::CAIR failed.[;0m
[0;33m[TwoTrackMinimumDistance] comparing track with itself![;0m
[0;33m[TwoTrackMinimumDistance] Computation HelixHelix::CAIR failed.[;0m
[0;33m[TwoTrackMinimumDistance] comparing track with itself![;0m
[0;33m[TwoTrackMinimumDistance] Computation HelixHelix::CAIR failed.[;0m
[0;33m[TwoTrackMinimumDistance] comparing track with itself![;0m
[0;33m[TwoTrackMinimumDistance] Computation HelixHelix::CAIR failed.[;0m
[0;33m[TwoTrackMinimumDistance] comparing track with itself![;0m
[0;33m[TwoTrackMinimumDistance] Computation HelixHelix::CAIR failed.[;0m
[0;33m[TwoTrackMinimumDistance] comparing track with itself![;0m
[0;33m[TwoTrackMinimumDistance] Computation HelixHelix::CAIR failed.[;0m
[0;33m[TwoTrackMinimumDistance] comparing track with itself![;0m
[0;33m[TwoTrackMinimumDistance] Computation HelixHelix::CAIR failed.[;0m
[0;33m[TwoTrackMinimumDistance] comparing track with itself![;0m
[0;33m[TwoTrackMinimumDistance] Computation HelixHelix::CAIR failed.[;0m
[0;33m[TwoTrackMinimumDistance] comparing track with itself![;0m
[0;33m[TwoTrackMinimumDistance] Computation HelixHelix::CAIR failed.[;0m
[0;33m[TwoTrackMinimumDistance] comparing track with itself![;0m
[0;33m[TwoTrackMinimumDistance] Computation HelixHelix::CAIR failed.[;0m
[0;33m[TwoTrackMinimumDistance] comparing track with itself![;0m
[0;33m[TwoTrackMinimumDistance] Computation HelixHelix::CAIR failed.[;0m
[0;33m[TwoTrackMinimumDistance] comparing track with itself![;0m
[0;33m[TwoTrackMinimumDistance] Computation HelixHelix::CAIR failed.[;0m
[0;33m[TwoTrackMinimumDistance] comparing track with itself![;0m
[0;33m[TwoTrackMinimumDistance] Computation HelixHelix::CAIR failed.[;0m
[0;33m[TwoTrackMinimumDistance] comparing track with itself![;0m
[0;33m[TwoTrackMinimumDistance] Computation HelixHelix::CAIR failed.[;0m
[0;33m[TwoTrackMinimumDistance] comparing track with itself![;0m
[0;33m[TwoTrackMinimumDistance] Computation HelixHelix::CAIR failed.[;0m
[0;33m[TwoTrackMinimumDistance] comparing track with itself![;0m
[0;33m[TwoTrackMinimumDistance] Computation HelixHelix::CAIR failed.[;0m
[0;33m[TwoTrackMinimumDistance] comparing track with itself![;0m
[0;33m[TwoTrackMinimumDistance] Computation HelixHelix::CAIR failed.[;0m
[0;33m[TwoTrackMinimumDistance] comparing track with itself![;0m
[0;33m[TwoTrackMinimumDistance] Computation HelixHelix::CAIR failed.[;0m
[0;33m[TwoTrackMinimumDistance] comparing track with itself![;0m
[0;33m[TwoTrackMinimumDistance] Computation HelixHelix::CAIR failed.[;0m
[0;33m[TwoTrackMinimumDistance] comparing track with itself![;0m
[0;33m[TwoTrackMinimumDistance] Computation HelixHelix::CAIR failed.[;0m
[0;33m[TwoTrackMinimumDistance] comparing track with itself![;0m
[0;33m[TwoTrackMinimumDistance] Computation HelixHelix::CAIR failed.[;0m
[0;33m[TwoTrackMinimumDistance] comparing track with itself![;0m
[0;33m[TwoTrackMinimumDistance] Computation HelixHelix::CAIR failed.[;0m
/home/phnxbld/sPHENIX/new/source/coresoftware/simulation/g4simulation/g4eval/SvtxEvaluator.cc:3145:    **** Oops! No valid solution for tup or tdn, tdn = -140.576 tup = 1.000
   radius 32.500 rbegin 32.496 rend 32.500
   x0 -14.719 x1 -14.757
   y0 28.972 y1 28.957
   z0 -42.328 z1 -42.409
   A 0.002 B 0.232 C -0.234
genfit::Exception thrown with excString:
RKTrackRep::RKutta ==> Do not get closer to plane!
in line: 1950 in file: /phenix/u/phnxbld/workarea/sPHENIX_SL7.3/need_root_version/root-6.16.00/genfit/trackReps/src/RKTrackRep.cc
with fatal flag 0
genfit::Exception thrown with excString:
RKTrackRep::RKutta ==> Do not get closer to plane!
in line: 1950 in file: /phenix/u/phnxbld/workarea/sPHENIX_SL7.3/need_root_version/root-6.16.00/genfit/trackReps/src/RKTrackRep.cc
with fatal flag 0
genfit::Exception thrown with excString:
RKTrackRep::RKutta ==> Do not get closer to plane!
in line: 1950 in file: /phenix/u/phnxbld/workarea/sPHENIX_SL7.3/need_root_version/root-6.16.00/genfit/trackReps/src/RKTrackRep.cc
with fatal flag 0
genfit::Exception thrown with excString:
RKTrackRep::RKutta ==> Do not get closer to plane!
in line: 1950 in file: /phenix/u/phnxbld/workarea/sPHENIX_SL7.3/need_root_version/root-6.16.00/genfit/trackReps/src/RKTrackRep.cc
with fatal flag 0
genfit::Exception thrown with excString:
RKTrackRep::RKutta ==> Do not get closer to plane!
in line: 1950 in file: /phenix/u/phnxbld/workarea/sPHENIX_SL7.3/need_root_version/root-6.16.00/genfit/trackReps/src/RKTrackRep.cc
with fatal flag 0
genfit::Exception thrown with excString:
RKTrackRep::RKutta ==> Do not get closer to plane!
in line: 1950 in file: /phenix/u/phnxbld/workarea/sPHENIX_SL7.3/need_root_version/root-6.16.00/genfit/trackReps/src/RKTrackRep.cc
with fatal flag 0
genfit::Exception thrown with excString:
RKTrackRep::RKutta ==> Do not get closer to plane!
in line: 1950 in file: /phenix/u/phnxbld/workarea/sPHENIX_SL7.3/need_root_version/root-6.16.00/genfit/trackReps/src/RKTrackRep.cc
with fatal flag 0
genfit::Exception thrown with excString:
RKTrackRep::RKutta ==> Do not get closer to plane!
in line: 1950 in file: /phenix/u/phnxbld/workarea/sPHENIX_SL7.3/need_root_version/root-6.16.00/genfit/trackReps/src/RKTrackRep.cc
with fatal flag 0
genfit::Exception thrown with excString:
RKTrackRep::RKutta ==> Do not get closer to plane!
in line: 1950 in file: /phenix/u/phnxbld/workarea/sPHENIX_SL7.3/need_root_version/root-6.16.00/genfit/trackReps/src/RKTrackRep.cc
with fatal flag 0
genfit::Exception thrown with excString:
RKTrackRep::RKutta ==> Do not get closer to plane!
in line: 1950 in file: /phenix/u/phnxbld/workarea/sPHENIX_SL7.3/need_root_version/root-6.16.00/genfit/trackReps/src/RKTrackRep.cc
with fatal flag 0
genfit::Exception thrown with excString:
RKTrackRep::RKutta ==> Do not get closer to plane!
in line: 1950 in file: /phenix/u/phnxbld/workarea/sPHENIX_SL7.3/need_root_version/root-6.16.00/genfit/trackReps/src/RKTrackRep.cc
with fatal flag 0
genfit::Exception thrown with excString:
RKTrackRep::RKutta ==> Do not get closer to plane!
in line: 1950 in file: /phenix/u/phnxbld/workarea/sPHENIX_SL7.3/need_root_version/root-6.16.00/genfit/trackReps/src/RKTrackRep.cc
with fatal flag 0
genfit::Exception thrown with excString:
RKTrackRep::RKutta ==> Do not get closer to plane!
in line: 1950 in file: /phenix/u/phnxbld/workarea/sPHENIX_SL7.3/need_root_version/root-6.16.00/genfit/trackReps/src/RKTrackRep.cc
with fatal flag 0
genfit::Exception thrown with excString:
RKTrackRep::RKutta ==> Do not get closer to plane!
in line: 1950 in file: /phenix/u/phnxbld/workarea/sPHENIX_SL7.3/need_root_version/root-6.16.00/genfit/trackReps/src/RKTrackRep.cc
with fatal flag 0
genfit::Exception thrown with excString:
RKTrackRep::RKutta ==> Do not get closer to plane!
in line: 1950 in file: /phenix/u/phnxbld/workarea/sPHENIX_SL7.3/need_root_version/root-6.16.00/genfit/trackReps/src/RKTrackRep.cc
with fatal flag 0
genfit::Exception thrown with excString:
RKTrackRep::RKutta ==> Do not get closer to plane!
in line: 1950 in file: /phenix/u/phnxbld/workarea/sPHENIX_SL7.3/need_root_version/root-6.16.00/genfit/trackReps/src/RKTrackRep.cc
with fatal flag 0
genfit::Exception thrown with excString:
RKTrackRep::RKutta ==> Do not get closer to plane!
in line: 1950 in file: /phenix/u/phnxbld/workarea/sPHENIX_SL7.3/need_root_version/root-6.16.00/genfit/trackReps/src/RKTrackRep.cc
with fatal flag 0
genfit::Exception thrown with excString:
RKTrackRep::RKutta ==> Do not get closer to plane!
in line: 1950 in file: /phenix/u/phnxbld/workarea/sPHENIX_SL7.3/need_root_version/root-6.16.00/genfit/trackReps/src/RKTrackRep.cc
with fatal flag 0
genfit::Exception thrown with excString:
RKTrackRep::RKutta ==> Do not get closer to plane!
in line: 1950 in file: /phenix/u/phnxbld/workarea/sPHENIX_SL7.3/need_root_version/root-6.16.00/genfit/trackReps/src/RKTrackRep.cc
with fatal flag 0
genfit::Exception thrown with excString:
RKTrackRep::RKutta ==> Do not get closer to plane!
in line: 1950 in file: /phenix/u/phnxbld/workarea/sPHENIX_SL7.3/need_root_version/root-6.16.00/genfit/trackReps/src/RKTrackRep.cc
with fatal flag 0
genfit::Exception thrown with excString:
RKTrackRep::RKutta ==> Do not get closer to plane!
in line: 1950 in file: /phenix/u/phnxbld/workarea/sPHENIX_SL7.3/need_root_version/root-6.16.00/genfit/trackReps/src/RKTrackRep.cc
with fatal flag 0
genfit::Exception thrown with excString:
RKTrackRep::RKutta ==> Do not get closer to plane!
in line: 1950 in file: /phenix/u/phnxbld/workarea/sPHENIX_SL7.3/need_root_version/root-6.16.00/genfit/trackReps/src/RKTrackRep.cc
with fatal flag 0
genfit::Exception thrown with excString:
RKTrackRep::RKutta ==> Do not get closer to plane!
in line: 1950 in file: /phenix/u/phnxbld/workarea/sPHENIX_SL7.3/need_root_version/root-6.16.00/genfit/trackReps/src/RKTrackRep.cc
with fatal flag 0
genfit::Exception thrown with excString:
RKTrackRep::RKutta ==> Do not get closer to plane!
in line: 1950 in file: /phenix/u/phnxbld/workarea/sPHENIX_SL7.3/need_root_version/root-6.16.00/genfit/trackReps/src/RKTrackRep.cc
with fatal flag 0
genfit::Exception thrown with excString:
RKTrackRep::RKutta ==> Do not get closer to plane!
in line: 1950 in file: /phenix/u/phnxbld/workarea/sPHENIX_SL7.3/need_root_version/root-6.16.00/genfit/trackReps/src/RKTrackRep.cc
with fatal flag 0
genfit::Exception thrown with excString:
RKTrackRep::RKutta ==> Do not get closer to plane!
in line: 1950 in file: /phenix/u/phnxbld/workarea/sPHENIX_SL7.3/need_root_version/root-6.16.00/genfit/trackReps/src/RKTrackRep.cc
with fatal flag 0
genfit::Exception thrown with excString:
RKTrackRep::RKutta ==> Do not get closer to plane!
in line: 1950 in file: /phenix/u/phnxbld/workarea/sPHENIX_SL7.3/need_root_version/root-6.16.00/genfit/trackReps/src/RKTrackRep.cc
with fatal flag 0
genfit::Exception thrown with excString:
RKTrackRep::RKutta ==> Do not get closer to plane!
in line: 1950 in file: /phenix/u/phnxbld/workarea/sPHENIX_SL7.3/need_root_version/root-6.16.00/genfit/trackReps/src/RKTrackRep.cc
with fatal flag 0
genfit::Exception thrown with excString:
RKTrackRep::RKutta ==> Do not get closer to plane!
in line: 1950 in file: /phenix/u/phnxbld/workarea/sPHENIX_SL7.3/need_root_version/root-6.16.00/genfit/trackReps/src/RKTrackRep.cc
with fatal flag 0
genfit::Exception thrown with excString:
RKTrackRep::RKutta ==> Do not get closer to plane!
in line: 1950 in file: /phenix/u/phnxbld/workarea/sPHENIX_SL7.3/need_root_version/root-6.16.00/genfit/trackReps/src/RKTrackRep.cc
with fatal flag 0
genfit::Exception thrown with excString:
RKTrackRep::RKutta ==> Do not get closer to plane!
in line: 1950 in file: /phenix/u/phnxbld/workarea/sPHENIX_SL7.3/need_root_version/root-6.16.00/genfit/trackReps/src/RKTrackRep.cc
with fatal flag 0
genfit::Exception thrown with excString:
RKTrackRep::RKutta ==> Do not get closer to plane!
in line: 1950 in file: /phenix/u/phnxbld/workarea/sPHENIX_SL7.3/need_root_version/root-6.16.00/genfit/trackReps/src/RKTrackRep.cc
with fatal flag 0
genfit::Exception thrown with excString:
RKTrackRep::RKutta ==> Do not get closer to plane!
in line: 1950 in file: /phenix/u/phnxbld/workarea/sPHENIX_SL7.3/need_root_version/root-6.16.00/genfit/trackReps/src/RKTrackRep.cc
with fatal flag 0
genfit::Exception thrown with excString:
RKTrackRep::RKutta ==> Do not get closer to plane!
in line: 1950 in file: /phenix/u/phnxbld/workarea/sPHENIX_SL7.3/need_root_version/root-6.16.00/genfit/trackReps/src/RKTrackRep.cc
with fatal flag 0
genfit::Exception thrown with excString:
RKTrackRep::RKutta ==> Do not get closer to plane!
in line: 1950 in file: /phenix/u/phnxbld/workarea/sPHENIX_SL7.3/need_root_version/root-6.16.00/genfit/trackReps/src/RKTrackRep.cc
with fatal flag 0
[0;33m[TwoTrackMinimumDistance] comparing track with itself![;0m
[0;33m[TwoTrackMinimumDistance] Computation HelixHelix::CAIR failed.[;0m
[0;33m[TwoTrackMinimumDistance] comparing track with itself![;0m
[0;33m[TwoTrackMinimumDistance] Computation HelixHelix::CAIR failed.[;0m
[0;33m[TwoTrackMinimumDistance] comparing track with itself![;0m
[0;33m[TwoTrackMinimumDistance] Computation HelixHelix::CAIR failed.[;0m
[0;33m[TwoTrackMinimumDistance] comparing track with itself![;0m
[0;33m[TwoTrackMinimumDistance] Computation HelixHelix::CAIR failed.[;0m
[0;33m[TwoTrackMinimumDistance] comparing track with itself![;0m
[0;33m[TwoTrackMinimumDistance] Computation HelixHelix::CAIR failed.[;0m
[0;33m[TwoTrackMinimumDistance] comparing track with itself![;0m
[0;33m[TwoTrackMinimumDistance] Computation HelixHelix::CAIR failed.[;0m
[0;33m[TwoTrackMinimumDistance] comparing track with itself![;0m
[0;33m[TwoTrackMinimumDistance] Computation HelixHelix::CAIR failed.[;0m
[0;33m[TwoTrackMinimumDistance] comparing track with itself![;0m
[0;33m[TwoTrackMinimumDistance] Computation HelixHelix::CAIR failed.[;0m
[0;33m[TwoTrackMinimumDistance] comparing track with itself![;0m
[0;33m[TwoTrackMinimumDistance] Computation HelixHelix::CAIR failed.[;0m
[0;33m[TwoTrackMinimumDistance] comparing track with itself![;0m
[0;33m[TwoTrackMinimumDistance] Computation HelixHelix::CAIR failed.[;0m
[0;33m[TwoTrackMinimumDistance] comparing track with itself![;0m
[0;33m[TwoTrackMinimumDistance] Computation HelixHelix::CAIR failed.[;0m
[0;33m[TwoTrackMinimumDistance] comparing track with itself![;0m
[0;33m[TwoTrackMinimumDistance] Computation HelixHelix::CAIR failed.[;0m
Warning: Conversion of SvtxTrack tracklet 4 to PHGenFitTrack failed, moving to next tracklet 
genfit::Exception thrown with excString:
RKTrackRep::RKutta ==> Do not get closer to plane!
in line: 1950 in file: /phenix/u/phnxbld/workarea/sPHENIX_SL7.3/need_root_version/root-6.16.00/genfit/trackReps/src/RKTrackRep.cc
with fatal flag 0
genfit::Exception thrown with excString:
RKTrackRep::RKutta ==> Do not get closer to plane!
in line: 1950 in file: /phenix/u/phnxbld/workarea/sPHENIX_SL7.3/need_root_version/root-6.16.00/genfit/trackReps/src/RKTrackRep.cc
with fatal flag 0
genfit::Exception thrown with excString:
RKTrackRep::RKutta ==> Do not get closer to plane!
in line: 1950 in file: /phenix/u/phnxbld/workarea/sPHENIX_SL7.3/need_root_version/root-6.16.00/genfit/trackReps/src/RKTrackRep.cc
with fatal flag 0
genfit::Exception thrown with excString:
RKTrackRep::RKutta ==> Do not get closer to plane!
in line: 1950 in file: /phenix/u/phnxbld/workarea/sPHENIX_SL7.3/need_root_version/root-6.16.00/genfit/trackReps/src/RKTrackRep.cc
with fatal flag 0
genfit::Exception thrown with excString:
RKTrackRep::RKutta ==> Do not get closer to plane!
in line: 1950 in file: /phenix/u/phnxbld/workarea/sPHENIX_SL7.3/need_root_version/root-6.16.00/genfit/trackReps/src/RKTrackRep.cc
with fatal flag 0
genfit::Exception thrown with excString:
RKTrackRep::RKutta ==> Do not get closer to plane!
in line: 1950 in file: /phenix/u/phnxbld/workarea/sPHENIX_SL7.3/need_root_version/root-6.16.00/genfit/trackReps/src/RKTrackRep.cc
with fatal flag 0
genfit::Exception thrown with excString:
RKTrackRep::RKutta ==> Do not get closer to plane!
in line: 1950 in file: /phenix/u/phnxbld/workarea/sPHENIX_SL7.3/need_root_version/root-6.16.00/genfit/trackReps/src/RKTrackRep.cc
with fatal flag 0
genfit::Exception thrown with excString:
RKTrackRep::RKutta ==> Do not get closer to plane!
in line: 1950 in file: /phenix/u/phnxbld/workarea/sPHENIX_SL7.3/need_root_version/root-6.16.00/genfit/trackReps/src/RKTrackRep.cc
with fatal flag 0
genfit::Exception thrown with excString:
RKTrackRep::RKutta ==> Do not get closer to plane!
in line: 1950 in file: /phenix/u/phnxbld/workarea/sPHENIX_SL7.3/need_root_version/root-6.16.00/genfit/trackReps/src/RKTrackRep.cc
with fatal flag 0
genfit::Exception thrown with excString:
RKTrackRep::RKutta ==> Do not get closer to plane!
in line: 1950 in file: /phenix/u/phnxbld/workarea/sPHENIX_SL7.3/need_root_version/root-6.16.00/genfit/trackReps/src/RKTrackRep.cc
with fatal flag 0
genfit::Exception thrown with excString:
RKTrackRep::RKutta ==> Do not get closer to plane!
in line: 1950 in file: /phenix/u/phnxbld/workarea/sPHENIX_SL7.3/need_root_version/root-6.16.00/genfit/trackReps/src/RKTrackRep.cc
with fatal flag 0
genfit::Exception thrown with excString:
RKTrackRep::RKutta ==> Do not get closer to plane!
in line: 1950 in file: /phenix/u/phnxbld/workarea/sPHENIX_SL7.3/need_root_version/root-6.16.00/genfit/trackReps/src/RKTrackRep.cc
with fatal flag 0
genfit::Exception thrown with excString:
RKTrackRep::RKutta ==> Do not get closer to plane!
in line: 1950 in file: /phenix/u/phnxbld/workarea/sPHENIX_SL7.3/need_root_version/root-6.16.00/genfit/trackReps/src/RKTrackRep.cc
with fatal flag 0
genfit::Exception thrown with excString:
RKTrackRep::RKutta ==> Do not get closer to plane!
in line: 1950 in file: /phenix/u/phnxbld/workarea/sPHENIX_SL7.3/need_root_version/root-6.16.00/genfit/trackReps/src/RKTrackRep.cc
with fatal flag 0
genfit::Exception thrown with excString:
RKTrackRep::RKutta ==> Do not get closer to plane!
in line: 1950 in file: /phenix/u/phnxbld/workarea/sPHENIX_SL7.3/need_root_version/root-6.16.00/genfit/trackReps/src/RKTrackRep.cc
with fatal flag 0
genfit::Exception thrown with excString:
RKTrackRep::RKutta ==> Do not get closer to plane!
in line: 1950 in file: /phenix/u/phnxbld/workarea/sPHENIX_SL7.3/need_root_version/root-6.16.00/genfit/trackReps/src/RKTrackRep.cc
with fatal flag 0
genfit::Exception thrown with excString:
RKTrackRep::RKutta ==> Do not get closer to plane!
in line: 1950 in file: /phenix/u/phnxbld/workarea/sPHENIX_SL7.3/need_root_version/root-6.16.00/genfit/trackReps/src/RKTrackRep.cc
with fatal flag 0
genfit::Exception thrown with excString:
RKTrackRep::RKutta ==> Do not get closer to plane!
in line: 1950 in file: /phenix/u/phnxbld/workarea/sPHENIX_SL7.3/need_root_version/root-6.16.00/genfit/trackReps/src/RKTrackRep.cc
with fatal flag 0
genfit::Exception thrown with excString:
RKTrackRep::RKutta ==> Do not get closer to plane!
in line: 1950 in file: /phenix/u/phnxbld/workarea/sPHENIX_SL7.3/need_root_version/root-6.16.00/genfit/trackReps/src/RKTrackRep.cc
with fatal flag 0
genfit::Exception thrown with excString:
RKTrackRep::RKutta ==> Do not get closer to plane!
in line: 1950 in file: /phenix/u/phnxbld/workarea/sPHENIX_SL7.3/need_root_version/root-6.16.00/genfit/trackReps/src/RKTrackRep.cc
with fatal flag 0
genfit::Exception thrown with excString:
RKTrackRep::RKutta ==> Do not get closer to plane!
in line: 1950 in file: /phenix/u/phnxbld/workarea/sPHENIX_SL7.3/need_root_version/root-6.16.00/genfit/trackReps/src/RKTrackRep.cc
with fatal flag 0
genfit::Exception thrown with excString:
RKTrackRep::RKutta ==> Do not get closer to plane!
in line: 1950 in file: /phenix/u/phnxbld/workarea/sPHENIX_SL7.3/need_root_version/root-6.16.00/genfit/trackReps/src/RKTrackRep.cc
with fatal flag 0
genfit::Exception thrown with excString:
RKTrackRep::RKutta ==> Do not get closer to plane!
in line: 1950 in file: /phenix/u/phnxbld/workarea/sPHENIX_SL7.3/need_root_version/root-6.16.00/genfit/trackReps/src/RKTrackRep.cc
with fatal flag 0
genfit::Exception thrown with excString:
RKTrackRep::RKutta ==> Do not get closer to plane!
in line: 1950 in file: /phenix/u/phnxbld/workarea/sPHENIX_SL7.3/need_root_version/root-6.16.00/genfit/trackReps/src/RKTrackRep.cc
with fatal flag 0
genfit::Exception thrown with excString:
RKTrackRep::RKutta ==> Do not get closer to plane!
in line: 1950 in file: /phenix/u/phnxbld/workarea/sPHENIX_SL7.3/need_root_version/root-6.16.00/genfit/trackReps/src/RKTrackRep.cc
with fatal flag 0
genfit::Exception thrown with excString:
RKTrackRep::RKutta ==> Do not get closer to plane!
in line: 1950 in file: /phenix/u/phnxbld/workarea/sPHENIX_SL7.3/need_root_version/root-6.16.00/genfit/trackReps/src/RKTrackRep.cc
with fatal flag 0
genfit::Exception thrown with excString:
RKTrackRep::RKutta ==> Do not get closer to plane!
in line: 1950 in file: /phenix/u/phnxbld/workarea/sPHENIX_SL7.3/need_root_version/root-6.16.00/genfit/trackReps/src/RKTrackRep.cc
with fatal flag 0
genfit::Exception thrown with excString:
RKTrackRep::RKutta ==> Do not get closer to plane!
in line: 1950 in file: /phenix/u/phnxbld/workarea/sPHENIX_SL7.3/need_root_version/root-6.16.00/genfit/trackReps/src/RKTrackRep.cc
with fatal flag 0
genfit::Exception thrown with excString:
RKTrackRep::RKutta ==> Do not get closer to plane!
in line: 1950 in file: /phenix/u/phnxbld/workarea/sPHENIX_SL7.3/need_root_version/root-6.16.00/genfit/trackReps/src/RKTrackRep.cc
with fatal flag 0
genfit::Exception thrown with excString:
RKTrackRep::RKutta ==> Do not get closer to plane!
in line: 1950 in file: /phenix/u/phnxbld/workarea/sPHENIX_SL7.3/need_root_version/root-6.16.00/genfit/trackReps/src/RKTrackRep.cc
with fatal flag 0
genfit::Exception thrown with excString:
RKTrackRep::RKutta ==> Do not get closer to plane!
in line: 1950 in file: /phenix/u/phnxbld/workarea/sPHENIX_SL7.3/need_root_version/root-6.16.00/genfit/trackReps/src/RKTrackRep.cc
with fatal flag 0
genfit::Exception thrown with excString:
RKTrackRep::RKutta ==> Do not get closer to plane!
in line: 1950 in file: /phenix/u/phnxbld/workarea/sPHENIX_SL7.3/need_root_version/root-6.16.00/genfit/trackReps/src/RKTrackRep.cc
with fatal flag 0
genfit::Exception thrown with excString:
RKTrackRep::RKutta ==> Do not get closer to plane!
in line: 1950 in file: /phenix/u/phnxbld/workarea/sPHENIX_SL7.3/need_root_version/root-6.16.00/genfit/trackReps/src/RKTrackRep.cc
with fatal flag 0
genfit::Exception thrown with excString:
RKTrackRep::RKutta ==> Do not get closer to plane!
in line: 1950 in file: /phenix/u/phnxbld/workarea/sPHENIX_SL7.3/need_root_version/root-6.16.00/genfit/trackReps/src/RKTrackRep.cc
with fatal flag 0
genfit::Exception thrown with excString:
RKTrackRep::RKutta ==> Do not get closer to plane!
in line: 1950 in file: /phenix/u/phnxbld/workarea/sPHENIX_SL7.3/need_root_version/root-6.16.00/genfit/trackReps/src/RKTrackRep.cc
with fatal flag 0
Warning: Conversion of SvtxTrack tracklet 14 to PHGenFitTrack failed, moving to next tracklet 
