LD_LIBRARY_PATH now /global/project/projectdirs/alice/ftorales/Singularity/install/lib:.:/global/project/projectdirs/alice/ftorales/Singularity/cvmfs/sphenix.sdcc.bnl.gov/x8664_sl7/release/release_new/new.1/lib:/global/project/projectdirs/alice/ftorales/Singularity/cvmfs/sphenix.sdcc.bnl.gov/x8664_sl7/opt/sphenix/utils/lib64:/global/project/projectdirs/alice/ftorales/Singularity/cvmfs/sphenix.sdcc.bnl.gov/x8664_sl7/opt/sphenix/utils/lib:/global/project/projectdirs/alice/ftorales/Singularity/cvmfs/sphenix.sdcc.bnl.gov/x8664_sl7/opt/sphenix/core/lib:/global/project/projectdirs/alice/ftorales/Singularity/cvmfs/sphenix.sdcc.bnl.gov/x8664_sl7/opt/sphenix/core/root-6.16.00/lib:/global/project/projectdirs/alice/ftorales/Singularity/cvmfs/sphenix.sdcc.bnl.gov/x8664_sl7/opt/sphenix/core/geant4.10.02.p02/lib64:/global/project/projectdirs/alice/ftorales/Singularity/cvmfs/sphenix.sdcc.bnl.gov/x8664_sl7/opt/sphenix/core/lhapdf-5.9.1/lib:/usr/local/lib64:/usr/lib64
PATH now :.:/global/project/projectdirs/alice/ftorales/Singularity/cvmfs/sphenix.sdcc.bnl.gov/x8664_sl7/release/release_new/new.1/bin:/global/project/projectdirs/alice/ftorales/Singularity/cvmfs/sphenix.sdcc.bnl.gov/x8664_sl7/opt/sphenix/utils/bin:/global/project/projectdirs/alice/ftorales/Singularity/cvmfs/sphenix.sdcc.bnl.gov/x8664_sl7/opt/sphenix/core/bin:/global/project/projectdirs/alice/ftorales/Singularity/cvmfs/sphenix.sdcc.bnl.gov/x8664_sl7/opt/sphenix/core/root-6.16.00/bin:/global/project/projectdirs/alice/ftorales/Singularity/cvmfs/sphenix.sdcc.bnl.gov/x8664_sl7/opt/sphenix/core/geant4.10.02.p02/bin:/usr/local/bin:/usr/bin:/usr/local/sbin:/usr/sbin
   ------------------------------------------------------------
  | Welcome to ROOT 6.16/00                  https://root.cern |
  |                               (c) 1995-2018, The ROOT Team |
  | Built for linuxx8664gcc on Jan 23 2019, 09:06:13           |
  | From tags/v6-16-00@v6-16-00                                |
  | Try '.help', '.demo', '.license', '.credits', '.quit'/'.q' |
   ------------------------------------------------------------


Processing Fun4All_G4_sPHENIX.C(100, "", "/global/project/projectdirs/alice/ftorales/eP_MC/eP_7")...
PHRandomSeed::GetSeed() seed: 2645157368

 *------------------------------------------------------------------------------------* 
 |                                                                                    | 
 |  *------------------------------------------------------------------------------*  | 
 |  |                                                                              |  | 
 |  |                                                                              |  | 
 |  |   PPP   Y   Y  TTTTT  H   H  III    A      Welcome to the Lund Monte Carlo!  |  | 
 |  |   P  P   Y Y     T    H   H   I    A A     This is PYTHIA version 8.243      |  | 
 |  |   PPP     Y      T    HHHHH   I   AAAAA    Last date of change:  4 Jul 2019  |  | 
 |  |   P       Y      T    H   H   I   A   A                                      |  | 
 |  |   P       Y      T    H   H  III  A   A    Now is 30 Jun 2020 at 12:14:26    |  | 
 |  |                                                                              |  | 
 |  |   Christian Bierlich;  Department of Astronomy and Theoretical Physics,      |  | 
 |  |      Lund University, Solvegatan 14A, SE-223 62 Lund, Sweden;                |  | 
 |  |      e-mail: christian.bierlich@thep.lu.se                                   |  | 
 |  |   Nishita Desai;  Department of Theoretical Physics, Tata Institute,         |  | 
 |  |      Homi Bhabha Road, Mumbai 400005, India;                                 |  | 
 |  |      e-mail: desai@theory.tifr.res.in                                        |  | 
 |  |   Ilkka Helenius;  Department of Physics, University of Jyvaskyla,           |  | 
 |  |      P.O. Box 35, FI-40014 University of Jyvaskyla, Finland;                 |  | 
 |  |      e-mail: ilkka.m.helenius@jyu.fi                                         |  | 
 |  |   Philip Ilten;  School of Physics and Astronomy,                            |  | 
 |  |      University of Birmingham, Birmingham, B152 2TT, UK;                     |  | 
 |  |      e-mail: philten@cern.ch                                                 |  | 
 |  |   Leif Lonnblad;  Department of Astronomy and Theoretical Physics,           |  | 
 |  |      Lund University, Solvegatan 14A, SE-223 62 Lund, Sweden;                |  | 
 |  |      e-mail: leif.lonnblad@thep.lu.se                                        |  | 
 |  |   Stephen Mrenna;  Computing Division, Simulations Group,                    |  | 
 |  |      Fermi National Accelerator Laboratory, MS 234, Batavia, IL 60510, USA;  |  | 
 |  |      e-mail: mrenna@fnal.gov                                                 |  | 
 |  |   Stefan Prestel;  Department of Astronomy and Theoretical Physics,          |  | 
 |  |      Lund University, Solvegatan 14A, SE-223 62 Lund, Sweden;                |  | 
 |  |      e-mail: stefan.prestel@thep.lu.se                                       |  | 
 |  |   Christine O. Rasmussen;  Department of Astronomy and Theoretical Physics,  |  | 
 |  |      Lund University, Solvegatan 14A, SE-223 62 Lund, Sweden;                |  | 
 |  |      e-mail: christine.rasmussen@thep.lu.se                                  |  | 
 |  |   Torbjorn Sjostrand;  Department of Astronomy and Theoretical Physics,      |  | 
 |  |      Lund University, Solvegatan 14A, SE-223 62 Lund, Sweden;                |  | 
 |  |      e-mail: torbjorn@thep.lu.se                                             |  | 
 |  |   Peter Skands;  School of Physics,                                          |  | 
 |  |      Monash University, PO Box 27, 3800 Melbourne, Australia;                |  | 
 |  |      e-mail: peter.skands@monash.edu                                         |  | 
 |  |                                                                              |  | 
 |  |   The main program reference is 'An Introduction to PYTHIA 8.2',             |  | 
 |  |   T. Sjostrand et al, Comput. Phys. Commun. 191 (2015) 159                   |  | 
 |  |   [arXiv:1410.3012 [hep-ph]]                                                 |  | 
 |  |                                                                              |  | 
 |  |   The main physics reference is the 'PYTHIA 6.4 Physics and Manual',         |  | 
 |  |   T. Sjostrand, S. Mrenna and P. Skands, JHEP05 (2006) 026 [hep-ph/0603175]  |  | 
 |  |                                                                              |  | 
 |  |   An archive of program versions and documentation is found on the web:      |  | 
 |  |   http://www.thep.lu.se/Pythia                                               |  | 
 |  |                                                                              |  | 
 |  |   This program is released under the GNU General Public Licence version 2.   |  | 
 |  |   Please respect the MCnet Guidelines for Event Generator Authors and Users. |  | 
 |  |                                                                              |  | 
 |  |   Disclaimer: this program comes without any guarantees.                     |  | 
 |  |   Beware of errors and use common sense when interpreting results.           |  | 
 |  |                                                                              |  | 
 |  |   Copyright (C) 2019 Torbjorn Sjostrand                                      |  | 
 |  |                                                                              |  | 
 |  |                                                                              |  | 
 |  *------------------------------------------------------------------------------*  | 
 |                                                                                    | 
 *------------------------------------------------------------------------------------* 

PHRandomSeed::GetSeed() seed: 1653070236
PHPythia8 random seed: 753070236

 *-------  PYTHIA Process Initialization  --------------------------*
 |                                                                  |
 | We collide p+ with e- at a CM energy of 8.945e+01 GeV            |
 |                                                                  |
 |------------------------------------------------------------------|
 |                                                    |             |
 | Subprocess                                    Code |   Estimated |
 |                                                    |    max (mb) |
 |                                                    |             |
 |------------------------------------------------------------------|
 |                                                    |             |
 | g g -> g g                                     111 |   0.000e+00 |
 | g g -> q qbar (uds)                            112 |   0.000e+00 |
 | q g -> q g                                     113 |   0.000e+00 |
 | q q(bar)' -> q q(bar)'                         114 |   0.000e+00 |
 | q qbar -> g g                                  115 |   0.000e+00 |
 | q qbar -> q' qbar' (uds)                       116 |   0.000e+00 |
 | g g -> c cbar                                  121 |   0.000e+00 |
 | q qbar -> c cbar                               122 |   0.000e+00 |
 | g g -> b bbar                                  123 |   0.000e+00 |
 | q qbar -> b bbar                               124 |   0.000e+00 |
 | f f' -> f f' (t-channel gamma*/Z0)             211 |   9.265e-05 |
 |                                                                  |
 *-------  End PYTHIA Process Initialization -----------------------*

 *-------  PYTHIA Flag + Mode + Parm + Word + FVec + MVec + PVec + WVec Settings (changes only)  ------------------* 
 |                                                                                                                 | 
 | Name                                          |                      Now |      Default         Min         Max | 
 |                                               |                          |                                      | 
 | Beams:eA                                      |                100.00000 |     7000.000         0.0             | 
 | Beams:eB                                      |                 20.00000 |     7000.000         0.0             | 
 | Beams:frameType                               |                        2 |            1           1           5 | 
 | Beams:idB                                     |                       11 |         2212                         | 
 | HardQCD:all                                   |                       on |          off                         | 
 | Main:timesAllowErrors                         |                   900000 |           10           0             | 
 | PDF:lepton                                    |                      off |           on                         | 
 | PhaseSpace:Q2Min                              |                 16.00000 |          0.0         0.0             | 
 | Random:seed                                   |                753070236 |           -1               900000000 | 
 | Random:setSeed                                |                       on |          off                         | 
 | SpaceShower:pTmaxMatch                        |                        2 |            0           0           2 | 
 | TimeShower:QEDshowerByL                       |                      off |           on                         | 
 | WeakBosonExchange:ff2ff(t:gmZ)                |                       on |          off                         | 
 |                                                                                                                 | 
 *-------  End PYTHIA Flag + Mode + Parm + Word + FVec + MVec + PVec + WVec Settings  -----------------------------* 

 --------  PYTHIA Particle Data Table (changed only)  ------------------------------------------------------------------------------
 
      id   name            antiName         spn chg col      m0        mWidth      mMin       mMax       tau0    res dec ext vis wid
             no onMode   bRatio   meMode     products 

     111  pi0                                 1   0   0    0.13498    0.00000    0.00000    0.00000  2.55313e-05   0   0   0   1   0
              0     1   0.9879900    0       22       22 
              1     1   0.0119800   11       22       11      -11 
              2     1   0.0000300   13       11      -11       11      -11 

 --------  End PYTHIA Particle Data Table  -----------------------------------------------------------------------------------------

PHRandomSeed::GetSeed() seed: 991370123
Intt has 4 layers with layer setup:
 Intt layer 0 laddertype -2 nladders 15 sensor radius 8.9870000 offsetphi 0.0000000
 Intt layer 1 laddertype -2 nladders 15 sensor radius 9.5450000 offsetphi 12.0000000
 Intt layer 2 laddertype -2 nladders 18 sensor radius 10.8350000 offsetphi 0.0000000
 Intt layer 3 laddertype -2 nladders 18 sensor radius 11.3610000 offsetphi 10.0000000
HCalInner - construct inner HCal absorber with G4_Al
PHRandomSeed::GetSeed() seed: 182471866

*************************************************************
 Geant4 version Name: geant4-10-02-patch-02    (17-June-2016)
                      Copyright : Geant4 Collaboration
                      Reference : NIM A 506 (2003), 250-303
                            WWW : http://cern.ch/geant4
*************************************************************

<<< Geant4 Physics List simulation engine: QGSP_BERT 4.0

PHG4MvtxHitReco: Setting Mvtx timing window defaults to tmin = -5000 and  tmax = 5000 ns
PHG4MvtxHitReco: Set Mvtx timing window parameters from macro for layer = 0 to tmin = -5000.0000000 tmax = 5000.0000000
PHG4MvtxHitReco: Set Mvtx timing window parameters from macro for layer = 1 to tmin = -5000.0000000 tmax = 5000.0000000
PHG4MvtxHitReco: Set Mvtx timing window parameters from macro for layer = 2 to tmin = -5000.0000000 tmax = 5000.0000000
PHRandomSeed::GetSeed() seed: 1610931161
PHRandomSeed::GetSeed() seed: 1625178527
Registering padplane 
padplane registered and parameters updated
PHRandomSeed::GetSeed() seed: 1335676425
PHParameters::ReadFromFile - Reading from File: /global/project/projectdirs/alice/ftorales/Singularity/cvmfs/sphenix.sdcc.bnl.gov/x8664_sl7/release/release_new/new.1/share/calibrations/CEMC/TowerCalib_2017ProjTilted/cemc_geoparams-0-0-4294967295-1499354960.xml ... Received PdbParameterMap with (Hash = 0x883e8cf2a8d53c9f)
BEmcProfile: Loading profile data from file /global/project/projectdirs/alice/ftorales/Singularity/cvmfs/sphenix.sdcc.bnl.gov/x8664_sl7/release/release_new/new.1/share/calibrations/EmcProfile/CEMCprof_Thresh30MeV.root
  8 bin in energy:  0.5,  1.0,  2.0,  4.0, 10.0, 20.0, 40.0, 80.0, 
  4 bin in theta:  0.05, 0.14, 0.25, 0.34, 
PHParameters::ReadFromFile - Reading from File: /global/project/projectdirs/alice/ftorales/Singularity/cvmfs/sphenix.sdcc.bnl.gov/x8664_sl7/release/release_new/new.1/share/calibrations/CEMC/PositionRecalibration_EMCal_9deg_tilt/cemc_recalib_geoparams-0-0-4294967295-1532091513.xml ... Received PdbParameterMap with (Hash = 0x9eda525940469004)
PHParameters::ReadFromFile - Reading from File: /global/project/projectdirs/alice/ftorales/Singularity/cvmfs/sphenix.sdcc.bnl.gov/x8664_sl7/release/release_new/new.1/share/calibrations/CEMC/PositionRecalibration_EMCal_9deg_tilt/cemc_ecore_recalib_geoparams-0-0-4294967295-1532091569.xml ... Received PdbParameterMap with (Hash = 0xe641b18750973639)
PHRandomSeed::GetSeed() seed: 2213841835
Warning from RawClusterBuilderTemplate::Detector(): no detector specific class BEmcRec{Name} defined for detector HCALIN. Default BEmcRec will be used
PHRandomSeed::GetSeed() seed: 1237084255
Warning from RawClusterBuilderTemplate::Detector(): no detector specific class BEmcRec{Name} defined for detector HCALOUT. Default BEmcRec will be used
PHRandomSeed::GetSeed() seed: 1248828563
PHG4MvtxDigitizer random seed: 1248828563
PHRandomSeed::GetSeed() seed: 5847491
PHG4InttDigitizer random seed: 5847491
PHRandomSeed::GetSeed() seed: 1840632880
PHG4TpcDigitizer random seed: 1840632880
 Tpc digitizer: Setting ENC to 670.0000000 ADC threshold to 2680.0000000 maps+Intt layers set to 7
PHRandomSeed::GetSeed() seed: 2227431092
PHTFileServer::open - opening file /global/project/projectdirs/alice/ftorales/eP_MC/eP_7_electrons+jets.root (RECREATE)
Fun4AllServer: Runnumber forced to 0 by RUNNUMBER IntFlag
Fun4AllServer::setRun(): could not get timestamp for run  0, using tics(0) timestamp: Wed Dec 31 19:00:00 1969
PHFieldUtility::GetFieldConfigNode - field map with configuration from input default: PHFieldConfigv1::identify - Field type of [2D field map expressed in cylindrical coordinates] from file [/global/project/projectdirs/alice/ftorales/Singularity/cvmfs/sphenix.sdcc.bnl.gov/x8664_sl7/release/release_new/new.1/share/calibrations/Field/Map/sPHENIX.2d.root] with a scale factor of -0.9333333
PHParameters::ReadFromFile - Reading from File: /global/project/projectdirs/alice/ftorales/Singularity/cvmfs/sphenix.sdcc.bnl.gov/x8664_sl7/release/release_new/new.1/share/calibrations/CEMC/Geometry_2018ProjTilted/cemc_geoparams-0-0-4294967295-1536789215.xml ... Received PdbParameterMapContainer Detector Id 0 with (Hash = 0xaf819d10e459ac67)
G4GDML: Reading '/global/project/projectdirs/alice/ftorales/Singularity/cvmfs/sphenix.sdcc.bnl.gov/x8664_sl7/release/release_new/new.1/share/calibrations/Tracking/geometry/mvtx_stave_v1.gdml'...
G4GDML: Reading definitions...
G4GDML: Reading materials...
G4GDML: Reading solids...
G4GDML: Reading structure...
G4GDML: Reading setup...
G4GDML: Reading '/global/project/projectdirs/alice/ftorales/Singularity/cvmfs/sphenix.sdcc.bnl.gov/x8664_sl7/release/release_new/new.1/share/calibrations/Tracking/geometry/mvtx_stave_v1.gdml' done!
Stripping off GDML names of materials, solids and volumes ...
north copy no: 1
south copy no: 2
PHG4FullProjTiltedSpacalDetector::Construct_AzimuthalSeg::CEMC_0 - constructed 192 unique towers
PHG4Reco::InitRun - export geometry to DST via tmp file /tmp/PHGeomUtility_geom_file_13736.gdml
PHG4GDML: Writing '/tmp/PHGeomUtility_geom_file_13736.gdml'...
PHG4GDML: Writing definitions...
G4GDML: Writing materials...
PHG4GDML: Writing solids...
PHG4GDML: Writing structure...
G4GDML: Writing setup...
PHG4GDML: Writing surfaces...
PHG4GDML: Writing '/tmp/PHGeomUtility_geom_file_13736.gdml' done !
PHRandomSeed::GetSeed() seed: 4186176442
Infor from RawClusterBuilderTemplate::InitRun(): Init geometry for CEMC: N of geom towers: 24576; ix=0-255 iy=0-95
Infor from RawClusterBuilderTemplate::InitRun(): Init geometry for HCALIN: N of geom towers: 1536; ix=0-63 iy=0-23
Infor from RawClusterBuilderTemplate::InitRun(): Init geometry for HCALOUT: N of geom towers: 1536; ix=0-63 iy=0-23
PHG4InttDigitizer::InitRun: detector = INTT
layer array size: 12
init _nlayers_seeding 12
init _min_layers_seeding 12
init n min layers = 4
GFRaveVertexFactory::setMethod ==> set method to avf-smoothing:1
--------------------------------------

List of Nodes in Fun4AllServer:
Node Tree under TopNode TOP
TOP (PHCompositeNode)/
   DST (PHCompositeNode)/
      PHHepMCGenEventMap (IO,PHHepMCGenEventMap)
      PHG4INEVENT (PHDataNode)
      PIPE (PHCompositeNode)/
         G4HIT_PIPE (IO,PHG4HitContainer)
      MVTX (PHCompositeNode)/
         G4HIT_MVTX (IO,PHG4HitContainer)
      INTT (PHCompositeNode)/
         G4HIT_INTT (IO,PHG4HitContainer)
      TPC (PHCompositeNode)/
         G4HIT_ABSORBER_TPC (IO,PHG4HitContainer)
         G4HIT_TPC (IO,PHG4HitContainer)
      CEMC_ELECTRONICS (PHCompositeNode)/
         G4HIT_CEMC_ELECTRONICS (IO,PHG4HitContainer)
      CEMC_SPT (PHCompositeNode)/
         G4HIT_CEMC_SPT (IO,PHG4HitContainer)
      G4HIT_CEMC (IO,PHG4HitContainer)
      G4HIT_ABSORBER_CEMC (IO,PHG4HitContainer)
      HCALIN (PHCompositeNode)/
         G4HIT_ABSORBER_HCALIN (IO,PHG4HitContainer)
         G4HIT_HCALIN (IO,PHG4HitContainer)
         G4CELL_HCALIN (IO,PHG4CellContainer)
         TOWER_SIM_HCALIN (IO,RawTowerContainer)
         TOWER_RAW_HCALIN (IO,RawTowerContainer)
         TOWER_CALIB_HCALIN (IO,RawTowerContainer)
         CLUSTER_HCALIN (IO,RawClusterContainer)
      HCALIN_SPT (PHCompositeNode)/
         G4HIT_HCALIN_SPT (IO,PHG4HitContainer)
      MAGNET (PHCompositeNode)/
         G4HIT_MAGNET (IO,PHG4HitContainer)
      HCALOUT (PHCompositeNode)/
         G4HIT_ABSORBER_HCALOUT (IO,PHG4HitContainer)
         G4HIT_HCALOUT (IO,PHG4HitContainer)
         G4CELL_HCALOUT (IO,PHG4CellContainer)
         TOWER_SIM_HCALOUT (IO,RawTowerContainer)
         TOWER_RAW_HCALOUT (IO,RawTowerContainer)
         TOWER_CALIB_HCALOUT (IO,RawTowerContainer)
         CLUSTER_HCALOUT (IO,RawClusterContainer)
      G4HIT_BH_1 (IO,PHG4HitContainer)
      BH_FORWARD_PLUS (PHCompositeNode)/
         G4HIT_BH_FORWARD_PLUS (IO,PHG4HitContainer)
      BH_FORWARD_NEG (PHCompositeNode)/
         G4HIT_BH_FORWARD_NEG (IO,PHG4HitContainer)
      G4TruthInfo (IO,PHG4TruthInfoContainer)
      BBC (PHCompositeNode)/
         BbcVertexMap (IO,BbcVertexMapv1)
      TRKR (PHCompositeNode)/
         TRKR_HITSET (IO,TrkrHitSetContainer)
         TRKR_HITTRUTHASSOC (IO,TrkrHitTruthAssoc)
         TRKR_CLUSTER (IO,TrkrClusterContainer)
         TRKR_CLUSTERHITASSOC (IO,TrkrClusterHitAssoc)
      CEMC (PHCompositeNode)/
         G4CELL_CEMC (IO,PHG4CellContainer)
         TOWER_SIM_CEMC (IO,RawTowerContainer)
         TOWER_RAW_CEMC (IO,RawTowerContainer)
         TOWER_CALIB_CEMC (IO,RawTowerContainer)
         CLUSTER_CEMC (IO,RawClusterContainer)
         CLUSTER_POS_COR_CEMC (IO,RawClusterContainer)
      SVTX (PHCompositeNode)/
         SvtxVertexMap (IO,SvtxVertexMap_v1)
         SvtxTrackMap (IO,SvtxTrackMap_v1)
         AssocInfoContainer (IO,AssocInfoContainer)
         SvtxVertexMapRefit (IO,SvtxVertexMap_v1)
      GLOBAL (PHCompositeNode)/
         GlobalVertexMap (IO,GlobalVertexMapv1)
      TRIG (PHCompositeNode)/
         CaloTriggerInfo (IO,CaloTriggerInfov1)
      ANTIKT (PHCompositeNode)/
         TRUTH (PHCompositeNode)/
            AntiKt_Truth_r02 (IO,JetMapv1)
            AntiKt_Truth_r03 (IO,JetMapv1)
            AntiKt_Truth_r04 (IO,JetMapv1)
            AntiKt_Truth_r05 (IO,JetMapv1)
            AntiKt_Truth_r06 (IO,JetMapv1)
            AntiKt_Truth_r07 (IO,JetMapv1)
            AntiKt_Truth_r08 (IO,JetMapv1)
            AntiKt_Truth_r10 (IO,JetMapv1)
         TOWER (PHCompositeNode)/
            AntiKt_Tower_r02 (IO,JetMapv1)
            AntiKt_Tower_r03 (IO,JetMapv1)
            AntiKt_Tower_r04 (IO,JetMapv1)
            AntiKt_Tower_r05 (IO,JetMapv1)
            AntiKt_Tower_r06 (IO,JetMapv1)
            AntiKt_Tower_r07 (IO,JetMapv1)
            AntiKt_Tower_r08 (IO,JetMapv1)
         CLUSTER (PHCompositeNode)/
            AntiKt_Cluster_r02 (IO,JetMapv1)
            AntiKt_Cluster_r03 (IO,JetMapv1)
            AntiKt_Cluster_r04 (IO,JetMapv1)
            AntiKt_Cluster_r05 (IO,JetMapv1)
            AntiKt_Cluster_r06 (IO,JetMapv1)
            AntiKt_Cluster_r07 (IO,JetMapv1)
            AntiKt_Cluster_r08 (IO,JetMapv1)
         TRACK (PHCompositeNode)/
            AntiKt_Track_r02 (IO,JetMapv1)
            AntiKt_Track_r03 (IO,JetMapv1)
            AntiKt_Track_r04 (IO,JetMapv1)
            AntiKt_Track_r05 (IO,JetMapv1)
            AntiKt_Track_r06 (IO,JetMapv1)
            AntiKt_Track_r07 (IO,JetMapv1)
            AntiKt_Track_r08 (IO,JetMapv1)
            AntiKt_Track_r10 (IO,JetMapv1)
   RUN (PHCompositeNode)/
      PHGenIntegral (IO,PHGenIntegralv1)
      FIELD_CONFIG (IO,PHFieldConfigv1)
      PIPE (PHCompositeNode)/
         G4GEOPARAM_PIPE (IO,PdbParameterMapContainer)
         CYLINDERGEOM_PIPE (IO,PHG4CylinderGeomContainer)
      MVTX (PHCompositeNode)/
         G4GEOPARAM_MVTX (IO,PdbParameterMapContainer)
      INTT (PHCompositeNode)/
         G4GEOPARAM_INTT (IO,PdbParameterMapContainer)
         G4CELLPARAM_INTT (IO,PdbParameterMap)
      TPC (PHCompositeNode)/
         G4GEOPARAM_TPC (IO,PdbParameterMapContainer)
         G4CELLPARAM_TPC (IO,PdbParameterMap)
         G4TPCPADPLANE (IO,PdbParameterMap)
      CEMC_ELECTRONICS (PHCompositeNode)/
         G4GEOPARAM_CEMC_ELECTRONICS (IO,PdbParameterMapContainer)
         CYLINDERGEOM_CEMC_ELECTRONICS (IO,PHG4CylinderGeomContainer)
      CEMC_SPT (PHCompositeNode)/
         G4GEOPARAM_CEMC_SPT (IO,PdbParameterMapContainer)
         CYLINDERGEOM_CEMC_SPT (IO,PHG4CylinderGeomContainer)
      CEMC (PHCompositeNode)/
         G4GEOPARAM_CEMC (IO,PdbParameterMapContainer)
         G4CELLPARAM_CEMC (IO,PdbParameterMap)
         TOWERGEOM_CEMC (IO,RawTowerGeomContainer_Cylinderv1)
      HCALIN (PHCompositeNode)/
         G4GEOPARAM_HCALIN (IO,PdbParameterMapContainer)
         G4CELLPARAM_HCALIN (IO,PdbParameterMap)
         TOWERPARAM_HCALIN (IO,PdbParameterMap)
         TOWERGEOM_HCALIN (IO,RawTowerGeomContainer_Cylinderv1)
      HCALIN_SPT (PHCompositeNode)/
         G4GEOPARAM_HCALIN_SPT (IO,PdbParameterMapContainer)
         CYLINDERGEOM_HCALIN_SPT (IO,PHG4CylinderGeomContainer)
      MAGNET (PHCompositeNode)/
         G4GEOPARAM_MAGNET (IO,PdbParameterMapContainer)
         CYLINDERGEOM_MAGNET (IO,PHG4CylinderGeomContainer)
      HCALOUT (PHCompositeNode)/
         G4GEOPARAM_HCALOUT (IO,PdbParameterMapContainer)
         G4CELLPARAM_HCALOUT (IO,PdbParameterMap)
         TOWERPARAM_HCALOUT (IO,PdbParameterMap)
         TOWERGEOM_HCALOUT (IO,RawTowerGeomContainer_Cylinderv1)
      G4GEOPARAM_BH_1 (IO,PdbParameterMapContainer)
      CYLINDERGEOM_BH_1 (IO,PHG4CylinderGeomContainer)
      BH_FORWARD_PLUS (PHCompositeNode)/
         G4GEOPARAM_BH_FORWARD_PLUS (IO,PdbParameterMapContainer)
         CYLINDERGEOM_BH_FORWARD_PLUS (IO,PHG4CylinderGeomContainer)
      BH_FORWARD_NEG (PHCompositeNode)/
         G4GEOPARAM_BH_FORWARD_NEG (IO,PdbParameterMapContainer)
         CYLINDERGEOM_BH_FORWARD_NEG (IO,PHG4CylinderGeomContainer)
      CYLINDERGEOM_MVTX (IO,PHG4CylinderGeomContainer)
      CYLINDERGEOM_INTT (IO,PHG4CylinderGeomContainer)
      CYLINDERGEOM_CEMC (IO,PHG4CylinderGeomContainer)
      CYLINDERGEOM_ABSORBER_CEMC (IO,PHG4CylinderGeomContainer)
      GEOMETRY_IO (IO,PHGeomIOTGeo)
      CYLINDERCELLGEOM_SVTX (IO,PHG4CylinderCellGeomContainer)
      CYLINDERCELLGEOM_CEMC (IO,PHG4CylinderCellGeomContainer)
      eclus_Recalibration_CEMC (IO,PdbParameterMap)
      ecore_Recalibration_CEMC (IO,PdbParameterMap)
   PAR (PHCompositeNode)/
      FIELD_MAP (PHDataNode)
      PIPE (PHCompositeNode)/
         G4GEO_PIPE (PHDataNode)
      MVTX (PHCompositeNode)/
         G4GEO_MVTX (PHDataNode)
      INTT (PHCompositeNode)/
         G4GEO_INTT (PHDataNode)
         CYLINDERGEOM_INTT (PHDataNode)
         G4CELLGEO_INTT (PHDataNode)
      TPC (PHCompositeNode)/
         G4GEO_TPC (PHDataNode)
         G4CELLPAR_TPC (PHDataNode)
         G4TPCPADPLANEPAR (PHDataNode)
      CEMC_ELECTRONICS (PHCompositeNode)/
         G4GEO_CEMC_ELECTRONICS (PHDataNode)
      CEMC_SPT (PHCompositeNode)/
         G4GEO_CEMC_SPT (PHDataNode)
      CEMC (PHCompositeNode)/
         G4GEO_CEMC (PHDataNode)
         G4CELLGEO_CEMC (PHDataNode)
      G4GDML_CONFIG (PHDataNode)
      HCALIN (PHCompositeNode)/
         G4GEO_HCALIN (PHDataNode)
         G4CELLGEO_HCALIN (PHDataNode)
         TOWERGEO_HCALIN (PHDataNode)
      HCALIN_SPT (PHCompositeNode)/
         G4GEO_HCALIN_SPT (PHDataNode)
      MAGNET (PHCompositeNode)/
         G4GEO_MAGNET (PHDataNode)
      HCALOUT (PHCompositeNode)/
         G4GEO_HCALOUT (PHDataNode)
         G4CELLGEO_HCALOUT (PHDataNode)
         TOWERGEO_HCALOUT (PHDataNode)
      G4GEO_BH_1 (PHDataNode)
      BH_FORWARD_PLUS (PHCompositeNode)/
         G4GEO_BH_FORWARD_PLUS (PHDataNode)
      BH_FORWARD_NEG (PHCompositeNode)/
         G4GEO_BH_FORWARD_NEG (PHDataNode)
      GEOMETRY (PHDataNode)



 --------  PYTHIA Info Listing  ---------------------------------------- 
 
 Beam A: id =   2212, pz =  4.472e+01, e =  4.473e+01, m =  9.383e-01.
 Beam B: id =     11, pz = -4.472e+01, e =  4.472e+01, m =  5.110e-04.

 In 1: id =   -2, x =  1.285e-01, pdf =  5.474e-02 at Q2 =  7.701e+01.
 In 2: id =   11, x =  1.000e+00, pdf =  1.000e+00 at same Q2.

 Subprocess f f' -> f f' (t-channel gamma*/Z0) with code 211 is 2 -> 2.
 It has sHat =  1.028e+03,    tHat = -8.385e+01,    uHat = -9.444e+02,
       pTHat =  8.775e+00,   m3Hat =  3.300e-01,   m4Hat =  5.110e-04,
    thetaHat =  5.792e-01,  phiHat =  6.252e+00.
     alphaEM =  7.616e-03,  alphaS =  2.068e-01    at Q2 =  7.701e+01.

 Impact parameter b =  0.000e+00 gives enhancement factor =  1.000e+00.
 Max pT scale for MPI =  8.945e+01, ISR =  8.945e+01, FSR =  8.945e+01.
 Number of MPI =     1, ISR =     1, FSRproc =     3, FSRreson =     0.

 --------  End PYTHIA Info Listing  ------------------------------------

 --------  PYTHIA Event Listing  (hard process)  -----------------------------------------------------------------------------------
 
    no         id  name            status     mothers   daughters     colours      p_x        p_y        p_z         e          m 
     0         90  (system)           -11     0     0     0     0     0     0      0.000      0.000     79.996    120.000     89.447
     1       2212  (p+)               -12     0     0     3     0     0     0      0.000      0.000     99.996    100.000      0.938
     2         11  (e-)               -12     0     0     4     0     0     0      0.000      0.000    -20.000     20.000      0.001
     3         -2  (ubar)             -21     1     0     5     6     0   101      0.000      0.000     12.851     12.851      0.000
     4         11  (e-)               -21     2     0     5     6     0     0      0.000      0.000    -20.000     20.000      0.000
     5         -2  ubar                23     3     4     0     0     0   101      8.771     -0.274     10.170     13.437      0.330
     6         11  e-                  23     3     4     0     0     0     0     -8.771      0.274    -17.321     19.417      0.001
                                   Charge sum: -1.667           Momentum sum:      0.000      0.000     -7.151     32.854     32.066

 --------  End PYTHIA Event Listing  -----------------------------------------------------------------------------------------------

 --------  PYTHIA Event Listing  (complete event)  ---------------------------------------------------------------------------------
 
    no         id  name            status     mothers   daughters     colours      p_x        p_y        p_z         e          m 
     0         90  (system)           -11     0     0     0     0     0     0      0.000     -0.000     79.996    120.001     89.447
     1       2212  (p+)               -12     0     0    24     0     0     0      0.000     -0.000     99.996    100.001      0.938
     2         11  (e-)               -12     0     0    17     0     0     0      0.000      0.000    -20.000     20.000      0.001
     3         -2  (ubar)             -21     9     9     5     6     0   101     -0.000      0.000     12.851     12.851      0.000
     4         11  (e-)               -21    17    17     5     6     0     0      0.000      0.000    -20.000     20.000      0.000
     5         -2  (ubar)             -23     3     4     7     8     0   101      8.771     -0.274     10.170     13.437      0.330
     6         11  (e-)               -23     3     4    19    19     0     0     -8.771      0.274    -17.321     19.417      0.001
     7         -2  (ubar)             -51     5     0    12    12     0   102      6.882      0.089     10.305     12.396      0.330
     8         21  (g)                -51     5     0    10    11   102   101      1.889     -0.364      0.987      2.162      0.000
     9         -2  (ubar)             -53    16     0     3     3     0   101      0.000     -0.000     13.973     13.973      0.000
    10         21  (g)                -51     8     0    20    20   103   101     -0.084      0.178      0.418      0.462      0.000
    11         21  (g)                -51     8     0    15    15   102   103      5.287     -0.490      5.570      7.695      0.000
    12         -2  (ubar)             -52     7     7    13    14     0   102      3.568      0.038      5.304      6.401      0.330
    13         -2  (ubar)             -51    12     0    18    18     0   104      2.412     -0.503      3.551      4.335      0.330
    14         21  (g)                -51    12     0    22    22   104   102      5.092      0.176      5.899      7.795      0.000
    15         21  (g)                -52    11    11    21    21   102   103      1.350     -0.125      1.423      1.966      0.000
    16         -2  (ubar)             -41    24    24    23     9     0   105     -0.000      0.000     17.040     17.040      0.000
    17         11  (e-)               -42     2     0     4     4     0     0      0.000     -0.000    -20.000     20.000      0.000
    18         -2  (ubar)             -44    13    13    25    25     0   104      2.321     -0.515      3.580      4.310      0.330
    19         11  e-                  44     6     6     0     0     0     0     -8.795      0.271    -17.412     19.509      0.001
    20         21  (g)                -44    10    10    26    26   103   101     -0.094      0.176      0.418      0.463      0.000
    21         21  (g)                -44    15    15    27    27   102   103      1.311     -0.130      1.439      1.951      0.000
    22         21  (g)                -44    14    14    28    28   104   102      4.934      0.155      5.962      7.740      0.000
    23         21  (g)                -43    16     0    29    29   101   105      0.323      0.044      3.051      3.068      0.000
    24         -2  (ubar)             -61     1     0    16    16     0   105      0.987      0.692     19.626     19.663      0.000
    25         -2  (ubar)             -62    18    18    37    37     0   104      2.493     -0.355      4.123      4.842      0.330
    26         21  (g)                -62    20    20    33     0   103   101     -0.077      0.193      0.469      0.513      0.000
    27         21  (g)                -62    21    21    32     0   102   103      1.426     -0.019      1.769      2.273      0.000
    28         21  (g)                -62    22    22    32     0   104   102      5.360      0.541      7.382      9.139      0.000
    29         21  (g)                -62    23    23    33     0   101   105      0.359      0.065      3.264      3.285      0.000
    30          2  (u)                -63     1     0    34    34   105     0     -0.616     -0.193     64.453     64.457      0.330
    31       2212  p+                  63     1     0     0     0     0     0     -0.151     -0.504     15.948     15.984      0.938
    32         21  (g)                -73    27    28    36    36   104   103      6.786      0.522      9.152     11.411      0.385
    33         21  (g)                -73    26    29    35    35   103   105      0.282      0.258      3.733      3.797      0.582
    34          2  (u)                -71    30    30    38    49   105     0     -0.616     -0.193     64.453     64.457      0.330
    35         21  (g)                -71    33    33    38    49   103   105      0.282      0.258      3.733      3.797      0.582
    36         21  (g)                -71    32    32    38    49   104   103      6.786      0.522      9.152     11.411      0.385
    37         -2  (ubar)             -71    25    25    38    49     0   104      2.493     -0.355      4.123      4.842      0.330
    38        223  (omega)            -83    34    37    57    59     0     0     -0.282     -0.178     17.952     17.973      0.789
    39        323  (K*+)              -83    34    37    50    51     0     0      0.295     -0.033     29.685     29.700      0.917
    40       -321  K-                  83    34    37     0     0     0     0     -0.300      0.248      4.632      4.674      0.494
    41        213  (rho+)             -83    34    37    52    53     0     0      0.064     -0.177      5.251      5.343      0.969
    42       -211  pi-                 83    34    37     0     0     0     0      0.066      0.069      1.348      1.359      0.140
    43        213  (rho+)             -83    34    37    54    55     0     0      0.305      0.074      8.608      8.661      0.906
    44        111  pi0                 84    34    37     0     0     0     0      0.657      0.036      0.906      1.127      0.135
    45       -211  pi-                 84    34    37     0     0     0     0      0.973      0.323      1.046      1.471      0.140
    46        211  pi+                 84    34    37     0     0     0     0      0.252     -0.244      0.706      0.801      0.140
    47        221  (eta)              -84    34    37    60    62     0     0      3.736     -0.580      6.698      7.711      0.548
    48        111  pi0                 84    34    37     0     0     0     0      2.342      0.681      3.208      4.032      0.135
    49       -211  pi-                 84    34    37     0     0     0     0      0.839      0.012      1.421      1.656      0.140
    50        311  (K0)               -91    39     0    56    56     0     0     -0.010     -0.251     18.991     18.999      0.498
    51        211  pi+                 91    39     0     0     0     0     0      0.305      0.218     10.694     10.702      0.140
    52        211  pi+                 91    41     0     0     0     0     0     -0.423     -0.046      2.922      2.956      0.140
    53        111  pi0                 91    41     0     0     0     0     0      0.487     -0.131      2.330      2.388      0.135
    54        211  pi+                 91    43     0     0     0     0     0      0.179      0.169      0.767      0.818      0.140
    55        111  pi0                 91    43     0     0     0     0     0      0.126     -0.094      7.840      7.843      0.135
    56        310  (K_S0)             -91    50    50    63    64     0     0     -0.010     -0.251     18.991     18.999      0.498
    57        211  pi+                 91    38     0     0     0     0     0     -0.158      0.196      6.094      6.101      0.140
    58       -211  pi-                 91    38     0     0     0     0     0     -0.114     -0.388      8.209      8.220      0.140
    59        111  pi0                 91    38     0     0     0     0     0     -0.011      0.014      3.650      3.652      0.135
    60        211  pi+                 91    47     0     0     0     0     0      1.495     -0.280      2.433      2.873      0.140
    61       -211  pi-                 91    47     0     0     0     0     0      1.864     -0.158      3.631      4.087      0.140
    62         22  gamma               91    47     0     0     0     0     0      0.377     -0.143      0.634      0.751      0.000
    63        211  pi+                 91    56     0     0     0     0     0      0.175     -0.233     11.774     11.778      0.140
    64       -211  pi-                 91    56     0     0     0     0     0     -0.185     -0.018      7.217      7.221      0.140
                                   Charge sum:  0.000           Momentum sum:      0.000      0.000     79.996    120.001     89.447

 --------  End PYTHIA Event Listing  -----------------------------------------------------------------------------------------------
EVENT NUMBER 0, Jet Number = 0, # Constituents = 7
Constituent Number = 0, PID = 111.000, Parent ID = 0
Constituent Number = 0, PID = 22.000, Parent ID = 0
Constituent Number = 1, PID = -211.000, Parent ID = 0
Constituent Number = 2, PID = 211.000, Parent ID = 0
Constituent Number = 3, PID = -211.000, Parent ID = 0
Constituent Number = 4, PID = 111.000, Parent ID = 0
Constituent Number = 5, PID = -211.000, Parent ID = 0
Constituent Number = 6, PID = 111.000, Parent ID = 0
EVENT NUMBER 1, Jet Number = 0, # Constituents = 4
Constituent Number = 0, PID = 111.000, Parent ID = 0
Constituent Number = 0, PID = 22.000, Parent ID = 0
Constituent Number = 1, PID = -321.000, Parent ID = 0
Constituent Number = 0, PID = -211.000, Parent ID = 0
Constituent Number = 1, PID = 211.000, Parent ID = 0
Constituent Number = 2, PID = 111.000, Parent ID = 0
Constituent Number = 3, PID = 321.000, Parent ID = 0
Constituent Number = 0, PID = -211.000, Parent ID = 0
Constituent Number = 0, PID = 111.000, Parent ID = 0
Constituent Number = 0, PID = 211.000, Parent ID = 0
Constituent Number = 1, PID = -211.000, Parent ID = 0
EVENT NUMBER 3, Jet Number = 0, # Constituents = 3
EVENT NUMBER 3, Jet Number = 1, # Constituents = 7
EVENT NUMBER 3, Jet Number = 2, # Constituents = 1
Constituent Number = 0, PID = 111.000, Parent ID = 0
Constituent Number = 1, PID = -211.000, Parent ID = 0
Constituent Number = 0, PID = -211.000, Parent ID = 0
Constituent Number = 1, PID = 211.000, Parent ID = 0
Constituent Number = 2, PID = 111.000, Parent ID = 0
Constituent Number = 3, PID = -211.000, Parent ID = 0
Constituent Number = 4, PID = 211.000, Parent ID = 0
Constituent Number = 0, PID = 211.000, Parent ID = 0
Constituent Number = 1, PID = 211.000, Parent ID = 0
Constituent Number = 2, PID = -321.000, Parent ID = 0
Constituent Number = 3, PID = 321.000, Parent ID = 0
Constituent Number = 4, PID = 111.000, Parent ID = 0
Constituent Number = 5, PID = 2212.000, Parent ID = 0
Constituent Number = 6, PID = -2112.000, Parent ID = 0
Constituent Number = 0, PID = -321.000, Parent ID = 0
Constituent Number = 0, PID = 111.000, Parent ID = 0
Constituent Number = 1, PID = 321.000, Parent ID = 0
Constituent Number = 2, PID = 130.000, Parent ID = 0
EVENT NUMBER 4, Jet Number = 0, # Constituents = 3
Constituent Number = 0, PID = 211.000, Parent ID = 0
Constituent Number = 1, PID = 111.000, Parent ID = 0
Constituent Number = 0, PID = -211.000, Parent ID = 0
Constituent Number = 0, PID = 211.000, Parent ID = 0
Constituent Number = 1, PID = 22.000, Parent ID = 0
Constituent Number = 0, PID = 211.000, Parent ID = 0
Constituent Number = 1, PID = -211.000, Parent ID = 0
Constituent Number = 2, PID = -211.000, Parent ID = 0
Constituent Number = 0, PID = 111.000, Parent ID = 0
Constituent Number = 0, PID = -211.000, Parent ID = 0
Constituent Number = 1, PID = 211.000, Parent ID = 0
Constituent Number = 0, PID = -211.000, Parent ID = 0
Constituent Number = 1, PID = 2212.000, Parent ID = 0
Constituent Number = 0, PID = 111.000, Parent ID = 0
Constituent Number = 1, PID = 111.000, Parent ID = 0
Constituent Number = 2, PID = 111.000, Parent ID = 0
EVENT NUMBER 6, Jet Number = 0, # Constituents = 5
Constituent Number = 0, PID = -211.000, Parent ID = 0
Constituent Number = 0, PID = 211.000, Parent ID = 0
Constituent Number = 1, PID = 130.000, Parent ID = 0
Constituent Number = 0, PID = 111.000, Parent ID = 0
Constituent Number = 1, PID = 211.000, Parent ID = 0
Constituent Number = 2, PID = -211.000, Parent ID = 0
Constituent Number = 3, PID = 211.000, Parent ID = 0
Constituent Number = 4, PID = 211.000, Parent ID = 0
Constituent Number = 0, PID = 321.000, Parent ID = 0
Constituent Number = 0, PID = 111.000, Parent ID = 0
Constituent Number = 0, PID = -211.000, Parent ID = 0
Constituent Number = 0, PID = 211.000, Parent ID = 0
Constituent Number = 1, PID = 111.000, Parent ID = 0
Constituent Number = 2, PID = -211.000, Parent ID = 0
Constituent Number = 3, PID = 111.000, Parent ID = 0
EVENT NUMBER 8, Jet Number = 0, # Constituents = 3
Constituent Number = 0, PID = 111.000, Parent ID = 0
Constituent Number = 1, PID = 211.000, Parent ID = 0
Constituent Number = 0, PID = 111.000, Parent ID = 0
Constituent Number = 0, PID = 111.000, Parent ID = 0
Constituent Number = 1, PID = -211.000, Parent ID = 0
Constituent Number = 2, PID = 211.000, Parent ID = 0
EVENT NUMBER 9, Jet Number = 0, # Constituents = 6
Constituent Number = 0, PID = -2212.000, Parent ID = 0
Constituent Number = 0, PID = 321.000, Parent ID = 0
Constituent Number = 1, PID = 111.000, Parent ID = 0
Constituent Number = 2, PID = 211.000, Parent ID = 0
Constituent Number = 3, PID = 111.000, Parent ID = 0
Constituent Number = 4, PID = -211.000, Parent ID = 0
Constituent Number = 5, PID = -321.000, Parent ID = 0
EVENT NUMBER 10, Jet Number = 0, # Constituents = 5
Constituent Number = 0, PID = 111.000, Parent ID = 0
Constituent Number = 0, PID = 211.000, Parent ID = 0
Constituent Number = 0, PID = 111.000, Parent ID = 0
Constituent Number = 1, PID = -2212.000, Parent ID = 0
Constituent Number = 2, PID = 211.000, Parent ID = 0
Constituent Number = 0, PID = 111.000, Parent ID = 0
Constituent Number = 1, PID = -211.000, Parent ID = 0
Constituent Number = 2, PID = 211.000, Parent ID = 0
Constituent Number = 3, PID = 2112.000, Parent ID = 0
Constituent Number = 4, PID = 111.000, Parent ID = 0
Constituent Number = 0, PID = 321.000, Parent ID = 0
Constituent Number = 0, PID = 111.000, Parent ID = 0
Constituent Number = 1, PID = -211.000, Parent ID = 0
Constituent Number = 0, PID = -211.000, Parent ID = 0
Constituent Number = 1, PID = 211.000, Parent ID = 0
Constituent Number = 0, PID = -211.000, Parent ID = 0
Constituent Number = 1, PID = 211.000, Parent ID = 0
Constituent Number = 0, PID = 2112.000, Parent ID = 0
Constituent Number = 1, PID = -2212.000, Parent ID = 0
Constituent Number = 2, PID = 211.000, Parent ID = 0
Constituent Number = 0, PID = 211.000, Parent ID = 0
Constituent Number = 1, PID = 211.000, Parent ID = 0
Constituent Number = 0, PID = 111.000, Parent ID = 0
Constituent Number = 1, PID = -211.000, Parent ID = 0
Constituent Number = 2, PID = 111.000, Parent ID = 0
Constituent Number = 3, PID = 211.000, Parent ID = 0
EVENT NUMBER 14, Jet Number = 0, # Constituents = 1
Constituent Number = 0, PID = -211.000, Parent ID = 0
Constituent Number = 1, PID = 111.000, Parent ID = 0
Constituent Number = 0, PID = 111.000, Parent ID = 0
Constituent Number = 1, PID = 2112.000, Parent ID = 0
Constituent Number = 0, PID = 2112.000, Parent ID = 0
Constituent Number = 0, PID = 111.000, Parent ID = 0
Constituent Number = 0, PID = -2212.000, Parent ID = 0
Constituent Number = 0, PID = 2112.000, Parent ID = 0
Constituent Number = 0, PID = -211.000, Parent ID = 0
Constituent Number = 1, PID = 211.000, Parent ID = 0
Constituent Number = 2, PID = 211.000, Parent ID = 0
Constituent Number = 3, PID = 211.000, Parent ID = 0
Constituent Number = 4, PID = -211.000, Parent ID = 0
Constituent Number = 5, PID = 111.000, Parent ID = 0
Constituent Number = 0, PID = 111.000, Parent ID = 0
Constituent Number = 0, PID = 2112.000, Parent ID = 0
Constituent Number = 1, PID = -211.000, Parent ID = 0
Constituent Number = 2, PID = -2112.000, Parent ID = 0
Constituent Number = 3, PID = 22.000, Parent ID = 0
EVENT NUMBER 17, Jet Number = 0, # Constituents = 3
EVENT NUMBER 17, Jet Number = 1, # Constituents = 3
Constituent Number = 0, PID = 211.000, Parent ID = 0
Constituent Number = 0, PID = 211.000, Parent ID = 0
Constituent Number = 0, PID = -211.000, Parent ID = 0
Constituent Number = 0, PID = 211.000, Parent ID = 0
Constituent Number = 1, PID = 321.000, Parent ID = 0
Constituent Number = 0, PID = -211.000, Parent ID = 0
Constituent Number = 1, PID = 211.000, Parent ID = 0
Constituent Number = 2, PID = -211.000, Parent ID = 0
Constituent Number = 0, PID = -321.000, Parent ID = 0
Constituent Number = 1, PID = -211.000, Parent ID = 0
Constituent Number = 2, PID = 211.000, Parent ID = 0
Constituent Number = 0, PID = 211.000, Parent ID = 0
Constituent Number = 0, PID = -211.000, Parent ID = 0
Constituent Number = 1, PID = 111.000, Parent ID = 0
Constituent Number = 0, PID = 211.000, Parent ID = 0
Constituent Number = 1, PID = -321.000, Parent ID = 0
Constituent Number = 2, PID = 111.000, Parent ID = 0
Constituent Number = 3, PID = -211.000, Parent ID = 0
Constituent Number = 4, PID = 211.000, Parent ID = 0
EVENT NUMBER 20, Jet Number = 0, # Constituents = 1
EVENT NUMBER 20, Jet Number = 1, # Constituents = 4
Constituent Number = 0, PID = 211.000, Parent ID = 0
Constituent Number = 0, PID = -211.000, Parent ID = 0
Constituent Number = 1, PID = 111.000, Parent ID = 0
Constituent Number = 0, PID = 130.000, Parent ID = 0
Constituent Number = 0, PID = 22.000, Parent ID = 0
Constituent Number = 1, PID = 111.000, Parent ID = 0
Constituent Number = 2, PID = 321.000, Parent ID = 0
Constituent Number = 3, PID = 22.000, Parent ID = 0
EVENT NUMBER 21, Jet Number = 0, # Constituents = 7
EVENT NUMBER 21, Jet Number = 1, # Constituents = 7
Constituent Number = 0, PID = -211.000, Parent ID = 0
Constituent Number = 0, PID = 211.000, Parent ID = 0
Constituent Number = 0, PID = 111.000, Parent ID = 0
Constituent Number = 0, PID = 211.000, Parent ID = 0
Constituent Number = 0, PID = 211.000, Parent ID = 0
Constituent Number = 1, PID = -211.000, Parent ID = 0
Constituent Number = 2, PID = 130.000, Parent ID = 0
Constituent Number = 3, PID = 111.000, Parent ID = 0
Constituent Number = 4, PID = -211.000, Parent ID = 0
Constituent Number = 5, PID = -211.000, Parent ID = 0
Constituent Number = 6, PID = 211.000, Parent ID = 0
Constituent Number = 0, PID = 211.000, Parent ID = 0
Constituent Number = 1, PID = 111.000, Parent ID = 0
Constituent Number = 2, PID = 111.000, Parent ID = 0
Constituent Number = 3, PID = 111.000, Parent ID = 0
Constituent Number = 4, PID = -211.000, Parent ID = 0
Constituent Number = 5, PID = 2212.000, Parent ID = 0
Constituent Number = 6, PID = 211.000, Parent ID = 0
EVENT NUMBER 22, Jet Number = 0, # Constituents = 1
Constituent Number = 0, PID = -211.000, Parent ID = 0
Constituent Number = 0, PID = 211.000, Parent ID = 0
Constituent Number = 0, PID = -321.000, Parent ID = 0
Constituent Number = 0, PID = 2212.000, Parent ID = 0
Constituent Number = 0, PID = 211.000, Parent ID = 0
Constituent Number = 1, PID = 211.000, Parent ID = 0
Constituent Number = 2, PID = -211.000, Parent ID = 0
Constituent Number = 0, PID = 321.000, Parent ID = 0
Constituent Number = 1, PID = 111.000, Parent ID = 0
Constituent Number = 2, PID = 211.000, Parent ID = 0
Constituent Number = 3, PID = -211.000, Parent ID = 0
Constituent Number = 4, PID = 211.000, Parent ID = 0
Constituent Number = 5, PID = -211.000, Parent ID = 0
EVENT NUMBER 23, Jet Number = 0, # Constituents = 3
Constituent Number = 0, PID = -211.000, Parent ID = 0
Constituent Number = 0, PID = -211.000, Parent ID = 0
Constituent Number = 0, PID = 211.000, Parent ID = 0
Constituent Number = 1, PID = -211.000, Parent ID = 0
Constituent Number = 2, PID = 111.000, Parent ID = 0
Constituent Number = 0, PID = 130.000, Parent ID = 0
Constituent Number = 1, PID = 211.000, Parent ID = 0
Constituent Number = 2, PID = -321.000, Parent ID = 0
Constituent Number = 0, PID = 111.000, Parent ID = 0
Constituent Number = 1, PID = 211.000, Parent ID = 0
Constituent Number = 2, PID = 111.000, Parent ID = 0
Constituent Number = 0, PID = -2112.000, Parent ID = 0
Constituent Number = 1, PID = 2112.000, Parent ID = 0
Constituent Number = 2, PID = -211.000, Parent ID = 0
EVENT NUMBER 24, Jet Number = 0, # Constituents = 5
Constituent Number = 0, PID = 2212.000, Parent ID = 0
Constituent Number = 0, PID = -211.000, Parent ID = 0
Constituent Number = 1, PID = 211.000, Parent ID = 0
Constituent Number = 2, PID = 211.000, Parent ID = 0
Constituent Number = 3, PID = 111.000, Parent ID = 0
Constituent Number = 4, PID = -211.000, Parent ID = 0
Constituent Number = 0, PID = 211.000, Parent ID = 0
Constituent Number = 0, PID = 211.000, Parent ID = 0
Constituent Number = 1, PID = 211.000, Parent ID = 0
Constituent Number = 2, PID = 211.000, Parent ID = 0
Constituent Number = 3, PID = -321.000, Parent ID = 0
EVENT NUMBER 26, Jet Number = 0, # Constituents = 3
Constituent Number = 0, PID = 321.000, Parent ID = 0
Constituent Number = 1, PID = -321.000, Parent ID = 0
Constituent Number = 0, PID = 321.000, Parent ID = 0
Constituent Number = 1, PID = 321.000, Parent ID = 0
Constituent Number = 2, PID = -321.000, Parent ID = 0
EVENT NUMBER 27, Jet Number = 1, # Constituents = 4
EVENT NUMBER 27, Jet Number = 2, # Constituents = 5
Constituent Number = 0, PID = -211.000, Parent ID = 0
Constituent Number = 1, PID = 111.000, Parent ID = 0
Constituent Number = 0, PID = -2212.000, Parent ID = 0
Constituent Number = 0, PID = -211.000, Parent ID = 0
Constituent Number = 0, PID = 111.000, Parent ID = 0
Constituent Number = 1, PID = 111.000, Parent ID = 0
Constituent Number = 2, PID = 211.000, Parent ID = 0
Constituent Number = 3, PID = -211.000, Parent ID = 0
Constituent Number = 0, PID = -211.000, Parent ID = 0
Constituent Number = 1, PID = 211.000, Parent ID = 0
Constituent Number = 2, PID = 111.000, Parent ID = 0
Constituent Number = 3, PID = 111.000, Parent ID = 0
Constituent Number = 4, PID = 211.000, Parent ID = 0
EVENT NUMBER 28, Jet Number = 0, # Constituents = 8
Constituent Number = 0, PID = -211.000, Parent ID = 0
Constituent Number = 1, PID = 211.000, Parent ID = 0
Constituent Number = 2, PID = -321.000, Parent ID = 0
Constituent Number = 3, PID = 211.000, Parent ID = 0
Constituent Number = 4, PID = 111.000, Parent ID = 0
Constituent Number = 0, PID = 111.000, Parent ID = 0
Constituent Number = 1, PID = -211.000, Parent ID = 0
Constituent Number = 2, PID = 130.000, Parent ID = 0
Constituent Number = 3, PID = 111.000, Parent ID = 0
Constituent Number = 4, PID = 211.000, Parent ID = 0
Constituent Number = 5, PID = -211.000, Parent ID = 0
Constituent Number = 6, PID = -211.000, Parent ID = 0
Constituent Number = 7, PID = 211.000, Parent ID = 0
EVENT NUMBER 29, Jet Number = 0, # Constituents = 2
EVENT NUMBER 29, Jet Number = 1, # Constituents = 1
EVENT NUMBER 29, Jet Number = 2, # Constituents = 1
Constituent Number = 0, PID = -211.000, Parent ID = 0
Constituent Number = 0, PID = -211.000, Parent ID = 0
Constituent Number = 1, PID = 111.000, Parent ID = 0
Constituent Number = 0, PID = 2212.000, Parent ID = 0
Constituent Number = 0, PID = 321.000, Parent ID = 0
Constituent Number = 0, PID = 321.000, Parent ID = 0
Constituent Number = 0, PID = 211.000, Parent ID = 0
Constituent Number = 1, PID = 211.000, Parent ID = 0
Constituent Number = 2, PID = -211.000, Parent ID = 0
Constituent Number = 3, PID = 111.000, Parent ID = 0
Constituent Number = 4, PID = 111.000, Parent ID = 0
Constituent Number = 0, PID = 111.000, Parent ID = 0
Constituent Number = 1, PID = -211.000, Parent ID = 0
Constituent Number = 0, PID = 211.000, Parent ID = 0
Constituent Number = 0, PID = 130.000, Parent ID = 0
Constituent Number = 1, PID = -211.000, Parent ID = 0
Constituent Number = 0, PID = -211.000, Parent ID = 0
Constituent Number = 0, PID = -2212.000, Parent ID = 0
Constituent Number = 1, PID = -211.000, Parent ID = 0
Constituent Number = 2, PID = 2212.000, Parent ID = 0
Constituent Number = 3, PID = 111.000, Parent ID = 0
Constituent Number = 0, PID = -211.000, Parent ID = 0
Constituent Number = 1, PID = 211.000, Parent ID = 0
Constituent Number = 0, PID = 111.000, Parent ID = 0
Constituent Number = 0, PID = 111.000, Parent ID = 0
Constituent Number = 0, PID = -211.000, Parent ID = 0
Constituent Number = 1, PID = 111.000, Parent ID = 0
Constituent Number = 2, PID = 111.000, Parent ID = 0
Constituent Number = 0, PID = -211.000, Parent ID = 0
Constituent Number = 1, PID = 22.000, Parent ID = 0
Constituent Number = 0, PID = -211.000, Parent ID = 0
Constituent Number = 1, PID = 111.000, Parent ID = 0
Constituent Number = 2, PID = -211.000, Parent ID = 0
Constituent Number = 3, PID = 111.000, Parent ID = 0
Constituent Number = 4, PID = -2112.000, Parent ID = 0
Constituent Number = 0, PID = 130.000, Parent ID = 0
Constituent Number = 1, PID = -211.000, Parent ID = 0
Constituent Number = 2, PID = 211.000, Parent ID = 0
Constituent Number = 0, PID = 211.000, Parent ID = 0
Constituent Number = 1, PID = 321.000, Parent ID = 0
EVENT NUMBER 33, Jet Number = 0, # Constituents = 3
Constituent Number = 0, PID = 211.000, Parent ID = 0
Constituent Number = 0, PID = 22.000, Parent ID = 0
Constituent Number = 0, PID = -211.000, Parent ID = 0
Constituent Number = 0, PID = 111.000, Parent ID = 0
Constituent Number = 0, PID = -211.000, Parent ID = 0
Constituent Number = 1, PID = -211.000, Parent ID = 0
Constituent Number = 0, PID = 321.000, Parent ID = 0
Constituent Number = 1, PID = 130.000, Parent ID = 0
Constituent Number = 2, PID = 22.000, Parent ID = 0
Constituent Number = 3, PID = 321.000, Parent ID = 0
Constituent Number = 0, PID = 111.000, Parent ID = 0
Constituent Number = 1, PID = 111.000, Parent ID = 0
Constituent Number = 2, PID = 211.000, Parent ID = 0
EVENT NUMBER 34, Jet Number = 0, # Constituents = 7
Constituent Number = 0, PID = 211.000, Parent ID = 0
Constituent Number = 0, PID = -2112.000, Parent ID = 0
Constituent Number = 0, PID = 211.000, Parent ID = 0
Constituent Number = 0, PID = -211.000, Parent ID = 0
Constituent Number = 0, PID = 211.000, Parent ID = 0
Constituent Number = 1, PID = 2112.000, Parent ID = 0
Constituent Number = 2, PID = 211.000, Parent ID = 0
Constituent Number = 3, PID = -211.000, Parent ID = 0
Constituent Number = 4, PID = -211.000, Parent ID = 0
Constituent Number = 5, PID = 111.000, Parent ID = 0
Constituent Number = 6, PID = 111.000, Parent ID = 0
EVENT NUMBER 35, Jet Number = 0, # Constituents = 6
EVENT NUMBER 35, Jet Number = 1, # Constituents = 3
EVENT NUMBER 35, Jet Number = 2, # Constituents = 5
EVENT NUMBER 35, Jet Number = 3, # Constituents = 3
Constituent Number = 0, PID = 211.000, Parent ID = 0
Constituent Number = 1, PID = -321.000, Parent ID = 0
Constituent Number = 0, PID = 130.000, Parent ID = 0
Constituent Number = 0, PID = -211.000, Parent ID = 0
Constituent Number = 1, PID = 211.000, Parent ID = 0
Constituent Number = 2, PID = -211.000, Parent ID = 0
Constituent Number = 0, PID = 211.000, Parent ID = 0
Constituent Number = 1, PID = 211.000, Parent ID = 0
Constituent Number = 2, PID = 211.000, Parent ID = 0
Constituent Number = 3, PID = 111.000, Parent ID = 0
Constituent Number = 4, PID = -211.000, Parent ID = 0
Constituent Number = 5, PID = 211.000, Parent ID = 0
Constituent Number = 0, PID = -211.000, Parent ID = 0
Constituent Number = 1, PID = 211.000, Parent ID = 0
Constituent Number = 0, PID = 130.000, Parent ID = 0
Constituent Number = 1, PID = -211.000, Parent ID = 0
Constituent Number = 2, PID = -211.000, Parent ID = 0
Constituent Number = 0, PID = -211.000, Parent ID = 0
Constituent Number = 1, PID = 211.000, Parent ID = 0
Constituent Number = 0, PID = 2112.000, Parent ID = 0
Constituent Number = 1, PID = 111.000, Parent ID = 0
Constituent Number = 2, PID = -211.000, Parent ID = 0
Constituent Number = 3, PID = 111.000, Parent ID = 0
Constituent Number = 4, PID = 211.000, Parent ID = 0
EVENT NUMBER 36, Jet Number = 0, # Constituents = 5
Constituent Number = 0, PID = -211.000, Parent ID = 0
Constituent Number = 0, PID = -211.000, Parent ID = 0
Constituent Number = 1, PID = -211.000, Parent ID = 0
Constituent Number = 0, PID = 211.000, Parent ID = 0
Constituent Number = 1, PID = 211.000, Parent ID = 0
Constituent Number = 2, PID = 111.000, Parent ID = 0
Constituent Number = 0, PID = 211.000, Parent ID = 0
Constituent Number = 1, PID = 111.000, Parent ID = 0
Constituent Number = 0, PID = -211.000, Parent ID = 0
Constituent Number = 1, PID = -211.000, Parent ID = 0
Constituent Number = 2, PID = 211.000, Parent ID = 0
Constituent Number = 0, PID = 111.000, Parent ID = 0
Constituent Number = 1, PID = -321.000, Parent ID = 0
Constituent Number = 2, PID = 211.000, Parent ID = 0
Constituent Number = 3, PID = 111.000, Parent ID = 0
Constituent Number = 4, PID = 211.000, Parent ID = 0
EVENT NUMBER 37, Jet Number = 0, # Constituents = 2
EVENT NUMBER 37, Jet Number = 1, # Constituents = 3
Constituent Number = 0, PID = -2112.000, Parent ID = 0
Constituent Number = 1, PID = -211.000, Parent ID = 0
Constituent Number = 0, PID = 211.000, Parent ID = 0
Constituent Number = 0, PID = 111.000, Parent ID = 0
Constituent Number = 0, PID = 2112.000, Parent ID = 0
Constituent Number = 0, PID = -211.000, Parent ID = 0
Constituent Number = 1, PID = 211.000, Parent ID = 0
Constituent Number = 0, PID = -211.000, Parent ID = 0
Constituent Number = 1, PID = 321.000, Parent ID = 0
Constituent Number = 2, PID = 2212.000, Parent ID = 0
EVENT NUMBER 38, Jet Number = 0, # Constituents = 6
Constituent Number = 0, PID = -211.000, Parent ID = 0
Constituent Number = 0, PID = 111.000, Parent ID = 0
Constituent Number = 1, PID = 321.000, Parent ID = 0
Constituent Number = 2, PID = -211.000, Parent ID = 0
Constituent Number = 3, PID = -211.000, Parent ID = 0
Constituent Number = 4, PID = 111.000, Parent ID = 0
Constituent Number = 5, PID = -211.000, Parent ID = 0
EVENT NUMBER 39, Jet Number = 0, # Constituents = 1
EVENT NUMBER 39, Jet Number = 1, # Constituents = 2
Constituent Number = 0, PID = 111.000, Parent ID = 0
Constituent Number = 0, PID = 22.000, Parent ID = 0
Constituent Number = 1, PID = 111.000, Parent ID = 0
Constituent Number = 2, PID = 111.000, Parent ID = 0
Constituent Number = 0, PID = 111.000, Parent ID = 0
Constituent Number = 0, PID = 321.000, Parent ID = 0
Constituent Number = 0, PID = 211.000, Parent ID = 0
Constituent Number = 0, PID = 211.000, Parent ID = 0
Constituent Number = 0, PID = -211.000, Parent ID = 0
Constituent Number = 1, PID = 111.000, Parent ID = 0
Constituent Number = 0, PID = 111.000, Parent ID = 0
Constituent Number = 1, PID = 211.000, Parent ID = 0
Constituent Number = 0, PID = -211.000, Parent ID = 0
Constituent Number = 1, PID = 111.000, Parent ID = 0
Constituent Number = 2, PID = 211.000, Parent ID = 0
Constituent Number = 3, PID = 211.000, Parent ID = 0
Constituent Number = 4, PID = 111.000, Parent ID = 0
Constituent Number = 5, PID = -211.000, Parent ID = 0
EVENT NUMBER 40, Jet Number = 0, # Constituents = 1
EVENT NUMBER 40, Jet Number = 1, # Constituents = 3
Constituent Number = 0, PID = -321.000, Parent ID = 0
Constituent Number = 0, PID = 22.000, Parent ID = 0
Constituent Number = 1, PID = -211.000, Parent ID = 0
Constituent Number = 0, PID = 2212.000, Parent ID = 0
Constituent Number = 0, PID = -211.000, Parent ID = 0
Constituent Number = 1, PID = 211.000, Parent ID = 0
Constituent Number = 2, PID = 211.000, Parent ID = 0
Constituent Number = 0, PID = -211.000, Parent ID = 0
Constituent Number = 1, PID = 111.000, Parent ID = 0
Constituent Number = 2, PID = 211.000, Parent ID = 0
Constituent Number = 0, PID = -211.000, Parent ID = 0
Constituent Number = 0, PID = 211.000, Parent ID = 0
Constituent Number = 1, PID = 130.000, Parent ID = 0
Constituent Number = 0, PID = -211.000, Parent ID = 0
Constituent Number = 1, PID = -2212.000, Parent ID = 0
Constituent Number = 2, PID = 111.000, Parent ID = 0
Constituent Number = 3, PID = 211.000, Parent ID = 0
EVENT NUMBER 42, Jet Number = 0, # Constituents = 3
Constituent Number = 0, PID = 111.000, Parent ID = 0
Constituent Number = 1, PID = -211.000, Parent ID = 0
Constituent Number = 0, PID = -211.000, Parent ID = 0
Constituent Number = 0, PID = 111.000, Parent ID = 0
Constituent Number = 0, PID = 211.000, Parent ID = 0
Constituent Number = 1, PID = 111.000, Parent ID = 0
Constituent Number = 0, PID = 111.000, Parent ID = 0
Constituent Number = 1, PID = -211.000, Parent ID = 0
Constituent Number = 2, PID = 211.000, Parent ID = 0
EVENT NUMBER 43, Jet Number = 0, # Constituents = 4
Constituent Number = 0, PID = 111.000, Parent ID = 0
Constituent Number = 0, PID = 22.000, Parent ID = 0
Constituent Number = 0, PID = 111.000, Parent ID = 0
Constituent Number = 1, PID = 211.000, Parent ID = 0
Constituent Number = 2, PID = -211.000, Parent ID = 0
Constituent Number = 3, PID = 111.000, Parent ID = 0
EVENT NUMBER 44, Jet Number = 0, # Constituents = 8
Constituent Number = 0, PID = 111.000, Parent ID = 0
Constituent Number = 1, PID = -211.000, Parent ID = 0
Constituent Number = 0, PID = 111.000, Parent ID = 0
Constituent Number = 1, PID = -211.000, Parent ID = 0
Constituent Number = 0, PID = -321.000, Parent ID = 0
Constituent Number = 0, PID = -211.000, Parent ID = 0
Constituent Number = 1, PID = 111.000, Parent ID = 0
Constituent Number = 2, PID = 211.000, Parent ID = 0
Constituent Number = 3, PID = 2212.000, Parent ID = 0
Constituent Number = 0, PID = -211.000, Parent ID = 0
Constituent Number = 1, PID = -2112.000, Parent ID = 0
Constituent Number = 2, PID = -211.000, Parent ID = 0
Constituent Number = 3, PID = 111.000, Parent ID = 0
Constituent Number = 0, PID = 211.000, Parent ID = 0
Constituent Number = 1, PID = 2212.000, Parent ID = 0
Constituent Number = 2, PID = 111.000, Parent ID = 0
Constituent Number = 3, PID = -211.000, Parent ID = 0
Constituent Number = 4, PID = 111.000, Parent ID = 0
Constituent Number = 5, PID = 111.000, Parent ID = 0
Constituent Number = 6, PID = 111.000, Parent ID = 0
Constituent Number = 7, PID = 211.000, Parent ID = 0
EVENT NUMBER 45, Jet Number = 0, # Constituents = 3
Constituent Number = 0, PID = 111.000, Parent ID = 0
Constituent Number = 0, PID = 130.000, Parent ID = 0
Constituent Number = 0, PID = -211.000, Parent ID = 0
Constituent Number = 1, PID = 111.000, Parent ID = 0
Constituent Number = 0, PID = 211.000, Parent ID = 0
Constituent Number = 1, PID = -211.000, Parent ID = 0
Constituent Number = 0, PID = -211.000, Parent ID = 0
Constituent Number = 1, PID = 211.000, Parent ID = 0
Constituent Number = 2, PID = 211.000, Parent ID = 0
Constituent Number = 0, PID = 2212.000, Parent ID = 0
Constituent Number = 1, PID = 211.000, Parent ID = 0
Constituent Number = 2, PID = -211.000, Parent ID = 0
Constituent Number = 0, PID = 211.000, Parent ID = 0
Constituent Number = 1, PID = -211.000, Parent ID = 0
Constituent Number = 0, PID = 111.000, Parent ID = 0
Constituent Number = 1, PID = 111.000, Parent ID = 0
Constituent Number = 2, PID = 211.000, Parent ID = 0
Constituent Number = 0, PID = -211.000, Parent ID = 0
Constituent Number = 1, PID = 211.000, Parent ID = 0
EVENT NUMBER 47, Jet Number = 0, # Constituents = 1
EVENT NUMBER 47, Jet Number = 1, # Constituents = 4
Constituent Number = 0, PID = 211.000, Parent ID = 0
Constituent Number = 0, PID = -211.000, Parent ID = 0
Constituent Number = 0, PID = -211.000, Parent ID = 0
Constituent Number = 0, PID = 211.000, Parent ID = 0
Constituent Number = 0, PID = -211.000, Parent ID = 0
Constituent Number = 1, PID = -2112.000, Parent ID = 0
Constituent Number = 0, PID = -211.000, Parent ID = 0
Constituent Number = 1, PID = 211.000, Parent ID = 0
Constituent Number = 2, PID = -211.000, Parent ID = 0
Constituent Number = 3, PID = 211.000, Parent ID = 0
Constituent Number = 0, PID = 211.000, Parent ID = 0
Constituent Number = 0, PID = 211.000, Parent ID = 0
Constituent Number = 1, PID = 211.000, Parent ID = 0
Constituent Number = 2, PID = -211.000, Parent ID = 0
Constituent Number = 3, PID = 111.000, Parent ID = 0
Constituent Number = 0, PID = 2112.000, Parent ID = 0
Constituent Number = 1, PID = 111.000, Parent ID = 0
Constituent Number = 0, PID = 111.000, Parent ID = 0
Constituent Number = 1, PID = -211.000, Parent ID = 0
Constituent Number = 2, PID = 211.000, Parent ID = 0
Constituent Number = 3, PID = 111.000, Parent ID = 0
Constituent Number = 4, PID = 211.000, Parent ID = 0
EVENT NUMBER 50, Jet Number = 0, # Constituents = 4
EVENT NUMBER 50, Jet Number = 1, # Constituents = 2
Constituent Number = 0, PID = 22.000, Parent ID = 0
Constituent Number = 1, PID = 111.000, Parent ID = 0
Constituent Number = 2, PID = 211.000, Parent ID = 0
Constituent Number = 3, PID = 22.000, Parent ID = 0
Constituent Number = 4, PID = 211.000, Parent ID = 0
Constituent Number = 0, PID = 2112.000, Parent ID = 0
Constituent Number = 1, PID = 111.000, Parent ID = 0
Constituent Number = 0, PID = 22.000, Parent ID = 0
Constituent Number = 1, PID = 22.000, Parent ID = 0
Constituent Number = 0, PID = -211.000, Parent ID = 0
Constituent Number = 1, PID = -211.000, Parent ID = 0
Constituent Number = 2, PID = -2212.000, Parent ID = 0
Constituent Number = 0, PID = 211.000, Parent ID = 0
Constituent Number = 1, PID = 211.000, Parent ID = 0
Constituent Number = 0, PID = 2212.000, Parent ID = 0
Constituent Number = 1, PID = -211.000, Parent ID = 0
Constituent Number = 2, PID = 111.000, Parent ID = 0
Constituent Number = 3, PID = 211.000, Parent ID = 0
Constituent Number = 0, PID = 321.000, Parent ID = 0
Constituent Number = 1, PID = 111.000, Parent ID = 0
Constituent Number = 2, PID = -321.000, Parent ID = 0
Constituent Number = 3, PID = 111.000, Parent ID = 0
EVENT NUMBER 51, Jet Number = 0, # Constituents = 1
EVENT NUMBER 51, Jet Number = 1, # Constituents = 1
Constituent Number = 0, PID = 111.000, Parent ID = 0
Constituent Number = 1, PID = 211.000, Parent ID = 0
Constituent Number = 2, PID = 211.000, Parent ID = 0
Constituent Number = 0, PID = -211.000, Parent ID = 0
Constituent Number = 0, PID = -211.000, Parent ID = 0
Constituent Number = 1, PID = -2112.000, Parent ID = 0
Constituent Number = 0, PID = 2212.000, Parent ID = 0
Constituent Number = 0, PID = 111.000, Parent ID = 0
Constituent Number = 1, PID = 111.000, Parent ID = 0
Constituent Number = 2, PID = 211.000, Parent ID = 0
Constituent Number = 3, PID = 111.000, Parent ID = 0
Constituent Number = 4, PID = 111.000, Parent ID = 0
EVENT NUMBER 52, Jet Number = 0, # Constituents = 3
EVENT NUMBER 52, Jet Number = 1, # Constituents = 3
Constituent Number = 0, PID = -211.000, Parent ID = 0
Constituent Number = 0, PID = 211.000, Parent ID = 0
Constituent Number = 1, PID = 211.000, Parent ID = 0
Constituent Number = 0, PID = 111.000, Parent ID = 0
Constituent Number = 1, PID = -211.000, Parent ID = 0
Constituent Number = 2, PID = 111.000, Parent ID = 0
Constituent Number = 0, PID = 111.000, Parent ID = 0
Constituent Number = 0, PID = -211.000, Parent ID = 0
Constituent Number = 1, PID = -321.000, Parent ID = 0
Constituent Number = 2, PID = 211.000, Parent ID = 0
EVENT NUMBER 53, Jet Number = 0, # Constituents = 1
EVENT NUMBER 53, Jet Number = 2, # Constituents = 1
EVENT NUMBER 53, Jet Number = 3, # Constituents = 5
Constituent Number = 0, PID = 111.000, Parent ID = 0
Constituent Number = 1, PID = 321.000, Parent ID = 0
Constituent Number = 0, PID = 111.000, Parent ID = 0
Constituent Number = 1, PID = 2212.000, Parent ID = 0
Constituent Number = 0, PID = 111.000, Parent ID = 0
Constituent Number = 1, PID = -211.000, Parent ID = 0
Constituent Number = 0, PID = -321.000, Parent ID = 0
Constituent Number = 0, PID = -211.000, Parent ID = 0
Constituent Number = 0, PID = 11.000, Parent ID = 0
Constituent Number = 1, PID = 211.000, Parent ID = 0
Constituent Number = 2, PID = -211.000, Parent ID = 0
Constituent Number = 0, PID = -211.000, Parent ID = 0
Constituent Number = 0, PID = 211.000, Parent ID = 0
Constituent Number = 1, PID = 211.000, Parent ID = 0
Constituent Number = 2, PID = 111.000, Parent ID = 0
Constituent Number = 3, PID = 321.000, Parent ID = 0
Constituent Number = 4, PID = 211.000, Parent ID = 0
Constituent Number = 0, PID = 2212.000, Parent ID = 0
Constituent Number = 0, PID = 111.000, Parent ID = 0
Constituent Number = 1, PID = -211.000, Parent ID = 0
Constituent Number = 2, PID = 211.000, Parent ID = 0
EVENT NUMBER 55, Jet Number = 0, # Constituents = 3
Constituent Number = 0, PID = 111.000, Parent ID = 0
Constituent Number = 1, PID = -2112.000, Parent ID = 0
Constituent Number = 0, PID = -211.000, Parent ID = 0
Constituent Number = 0, PID = 321.000, Parent ID = 0
Constituent Number = 0, PID = -321.000, Parent ID = 0
Constituent Number = 1, PID = 111.000, Parent ID = 0
Constituent Number = 0, PID = -211.000, Parent ID = 0
Constituent Number = 1, PID = -211.000, Parent ID = 0
Constituent Number = 2, PID = 211.000, Parent ID = 0
Constituent Number = 0, PID = 130.000, Parent ID = 0
Constituent Number = 1, PID = 211.000, Parent ID = 0
Constituent Number = 2, PID = -211.000, Parent ID = 0
Constituent Number = 3, PID = 2212.000, Parent ID = 0
Constituent Number = 4, PID = 111.000, Parent ID = 0
Constituent Number = 0, PID = 111.000, Parent ID = 0
Constituent Number = 1, PID = -211.000, Parent ID = 0
Constituent Number = 0, PID = 211.000, Parent ID = 0
Constituent Number = 0, PID = 211.000, Parent ID = 0
Constituent Number = 1, PID = 111.000, Parent ID = 0
Constituent Number = 0, PID = 211.000, Parent ID = 0
Constituent Number = 1, PID = -211.000, Parent ID = 0
Constituent Number = 0, PID = 211.000, Parent ID = 0
Constituent Number = 1, PID = 211.000, Parent ID = 0
Constituent Number = 0, PID = 2212.000, Parent ID = 0
Constituent Number = 0, PID = -2212.000, Parent ID = 0
EVENT NUMBER 57, Jet Number = 0, # Constituents = 4
Constituent Number = 0, PID = 111.000, Parent ID = 0
Constituent Number = 0, PID = 211.000, Parent ID = 0
Constituent Number = 1, PID = 111.000, Parent ID = 0
Constituent Number = 0, PID = 111.000, Parent ID = 0
Constituent Number = 1, PID = 321.000, Parent ID = 0
Constituent Number = 2, PID = 211.000, Parent ID = 0
Constituent Number = 3, PID = -321.000, Parent ID = 0
EVENT NUMBER 58, Jet Number = 0, # Constituents = 4
Constituent Number = 0, PID = 211.000, Parent ID = 0
Constituent Number = 1, PID = -211.000, Parent ID = 0
Constituent Number = 0, PID = -211.000, Parent ID = 0
Constituent Number = 1, PID = 111.000, Parent ID = 0
Constituent Number = 0, PID = 211.000, Parent ID = 0
Constituent Number = 1, PID = 2112.000, Parent ID = 0
Constituent Number = 0, PID = -211.000, Parent ID = 0
Constituent Number = 1, PID = -211.000, Parent ID = 0
Constituent Number = 2, PID = 321.000, Parent ID = 0
Constituent Number = 3, PID = 130.000, Parent ID = 0
Constituent Number = 0, PID = 211.000, Parent ID = 0
Constituent Number = 1, PID = 111.000, Parent ID = 0
Constituent Number = 2, PID = 111.000, Parent ID = 0
Constituent Number = 3, PID = 111.000, Parent ID = 0
EVENT NUMBER 59, Jet Number = 0, # Constituents = 7
Constituent Number = 0, PID = 111.000, Parent ID = 0
Constituent Number = 0, PID = -211.000, Parent ID = 0
Constituent Number = 1, PID = -211.000, Parent ID = 0
Constituent Number = 2, PID = 111.000, Parent ID = 0
Constituent Number = 3, PID = 111.000, Parent ID = 0
Constituent Number = 4, PID = 211.000, Parent ID = 0
Constituent Number = 5, PID = 211.000, Parent ID = 0
Constituent Number = 6, PID = 111.000, Parent ID = 0
EVENT NUMBER 60, Jet Number = 0, # Constituents = 3
Constituent Number = 0, PID = 111.000, Parent ID = 0
Constituent Number = 0, PID = 2212.000, Parent ID = 0
Constituent Number = 1, PID = -2112.000, Parent ID = 0
Constituent Number = 2, PID = 211.000, Parent ID = 0
EVENT NUMBER 61, Jet Number = 0, # Constituents = 5
EVENT NUMBER 61, Jet Number = 1, # Constituents = 1
Constituent Number = 0, PID = -211.000, Parent ID = 0
Constituent Number = 0, PID = 130.000, Parent ID = 0
Constituent Number = 1, PID = 211.000, Parent ID = 0
Constituent Number = 0, PID = 111.000, Parent ID = 0
Constituent Number = 0, PID = -211.000, Parent ID = 0
Constituent Number = 1, PID = -211.000, Parent ID = 0
Constituent Number = 0, PID = 211.000, Parent ID = 0
Constituent Number = 0, PID = 211.000, Parent ID = 0
Constituent Number = 0, PID = 2212.000, Parent ID = 0
Constituent Number = 0, PID = 111.000, Parent ID = 0
Constituent Number = 1, PID = 111.000, Parent ID = 0
Constituent Number = 2, PID = 211.000, Parent ID = 0
Constituent Number = 3, PID = 111.000, Parent ID = 0
Constituent Number = 4, PID = 321.000, Parent ID = 0
Constituent Number = 0, PID = 2212.000, Parent ID = 0
Constituent Number = 0, PID = 211.000, Parent ID = 0
Constituent Number = 1, PID = 111.000, Parent ID = 0
Constituent Number = 2, PID = 211.000, Parent ID = 0
Constituent Number = 3, PID = 22.000, Parent ID = 0
EVENT NUMBER 63, Jet Number = 0, # Constituents = 2
EVENT NUMBER 63, Jet Number = 1, # Constituents = 1
EVENT NUMBER 63, Jet Number = 2, # Constituents = 3
Constituent Number = 0, PID = -2212.000, Parent ID = 0
Constituent Number = 0, PID = 211.000, Parent ID = 0
Constituent Number = 1, PID = 211.000, Parent ID = 0
Constituent Number = 0, PID = -211.000, Parent ID = 0
Constituent Number = 0, PID = 111.000, Parent ID = 0
Constituent Number = 1, PID = -211.000, Parent ID = 0
Constituent Number = 0, PID = 211.000, Parent ID = 0
Constituent Number = 0, PID = 111.000, Parent ID = 0
Constituent Number = 1, PID = 2112.000, Parent ID = 0
Constituent Number = 2, PID = -211.000, Parent ID = 0
Constituent Number = 0, PID = 111.000, Parent ID = 0
Constituent Number = 1, PID = 111.000, Parent ID = 0
Constituent Number = 2, PID = 111.000, Parent ID = 0
Constituent Number = 3, PID = 111.000, Parent ID = 0
Constituent Number = 4, PID = -211.000, Parent ID = 0
Constituent Number = 5, PID = 111.000, Parent ID = 0
EVENT NUMBER 64, Jet Number = 0, # Constituents = 5
Constituent Number = 0, PID = 211.000, Parent ID = 0
Constituent Number = 0, PID = 111.000, Parent ID = 0
Constituent Number = 1, PID = -211.000, Parent ID = 0
Constituent Number = 2, PID = 211.000, Parent ID = 0
Constituent Number = 3, PID = 211.000, Parent ID = 0
Constituent Number = 4, PID = 211.000, Parent ID = 0
Constituent Number = 0, PID = -211.000, Parent ID = 0
Constituent Number = 0, PID = 111.000, Parent ID = 0
Constituent Number = 0, PID = 2112.000, Parent ID = 0
Constituent Number = 1, PID = -211.000, Parent ID = 0
Constituent Number = 2, PID = 211.000, Parent ID = 0
Constituent Number = 3, PID = -2112.000, Parent ID = 0
EVENT NUMBER 66, Jet Number = 0, # Constituents = 2
EVENT NUMBER 66, Jet Number = 1, # Constituents = 4
Constituent Number = 0, PID = -211.000, Parent ID = 0
Constituent Number = 0, PID = -211.000, Parent ID = 0
Constituent Number = 0, PID = 111.000, Parent ID = 0
Constituent Number = 1, PID = 211.000, Parent ID = 0
Constituent Number = 0, PID = -211.000, Parent ID = 0
Constituent Number = 1, PID = 211.000, Parent ID = 0
Constituent Number = 2, PID = -211.000, Parent ID = 0
Constituent Number = 3, PID = 111.000, Parent ID = 0
Constituent Number = 0, PID = 111.000, Parent ID = 0
Constituent Number = 0, PID = -211.000, Parent ID = 0
Constituent Number = 0, PID = 111.000, Parent ID = 0
Constituent Number = 1, PID = 211.000, Parent ID = 0
Constituent Number = 2, PID = 111.000, Parent ID = 0
EVENT NUMBER 68, Jet Number = 0, # Constituents = 2
Constituent Number = 0, PID = 211.000, Parent ID = 0
Constituent Number = 1, PID = -211.000, Parent ID = 0
Constituent Number = 0, PID = -211.000, Parent ID = 0
Constituent Number = 1, PID = -211.000, Parent ID = 0
Constituent Number = 0, PID = 2212.000, Parent ID = 0
Constituent Number = 1, PID = 211.000, Parent ID = 0
Constituent Number = 2, PID = -211.000, Parent ID = 0
EVENT NUMBER 69, Jet Number = 0, # Constituents = 3
Constituent Number = 0, PID = -211.000, Parent ID = 0
Constituent Number = 1, PID = 111.000, Parent ID = 0
Constituent Number = 0, PID = -211.000, Parent ID = 0
Constituent Number = 1, PID = 211.000, Parent ID = 0
Constituent Number = 2, PID = -211.000, Parent ID = 0
Constituent Number = 0, PID = 211.000, Parent ID = 0
Constituent Number = 1, PID = 211.000, Parent ID = 0
Constituent Number = 2, PID = 111.000, Parent ID = 0
Constituent Number = 0, PID = 111.000, Parent ID = 0
Constituent Number = 1, PID = 111.000, Parent ID = 0
Constituent Number = 2, PID = 2212.000, Parent ID = 0
Constituent Number = 3, PID = 111.000, Parent ID = 0
EVENT NUMBER 71, Jet Number = 0, # Constituents = 1
EVENT NUMBER 71, Jet Number = 1, # Constituents = 2
Constituent Number = 0, PID = 211.000, Parent ID = 0
Constituent Number = 0, PID = -211.000, Parent ID = 0
Constituent Number = 1, PID = 111.000, Parent ID = 0
Constituent Number = 0, PID = -211.000, Parent ID = 0
Constituent Number = 1, PID = -2212.000, Parent ID = 0
Constituent Number = 0, PID = 211.000, Parent ID = 0
Constituent Number = 1, PID = 2112.000, Parent ID = 0
EVENT NUMBER 72, Jet Number = 0, # Constituents = 2
Constituent Number = 0, PID = -211.000, Parent ID = 0
Constituent Number = 0, PID = 211.000, Parent ID = 0
Constituent Number = 1, PID = 111.000, Parent ID = 0
Constituent Number = 0, PID = -211.000, Parent ID = 0
Constituent Number = 1, PID = 211.000, Parent ID = 0
Constituent Number = 0, PID = 111.000, Parent ID = 0
Constituent Number = 1, PID = 211.000, Parent ID = 0
Constituent Number = 0, PID = 111.000, Parent ID = 0
Constituent Number = 1, PID = 211.000, Parent ID = 0
Constituent Number = 0, PID = 211.000, Parent ID = 0
Constituent Number = 0, PID = 111.000, Parent ID = 0
Constituent Number = 1, PID = -211.000, Parent ID = 0
Constituent Number = 0, PID = 211.000, Parent ID = 0
Constituent Number = 1, PID = 111.000, Parent ID = 0
Constituent Number = 0, PID = 130.000, Parent ID = 0
Constituent Number = 1, PID = -211.000, Parent ID = 0
Constituent Number = 2, PID = -321.000, Parent ID = 0
Constituent Number = 3, PID = 211.000, Parent ID = 0
Constituent Number = 4, PID = 22.000, Parent ID = 0
EVENT NUMBER 74, Jet Number = 0, # Constituents = 1
EVENT NUMBER 74, Jet Number = 1, # Constituents = 5
Constituent Number = 0, PID = 211.000, Parent ID = 0
Constituent Number = 1, PID = 321.000, Parent ID = 0
Constituent Number = 0, PID = -211.000, Parent ID = 0
Constituent Number = 0, PID = -321.000, Parent ID = 0
Constituent Number = 0, PID = -211.000, Parent ID = 0
Constituent Number = 1, PID = -211.000, Parent ID = 0
Constituent Number = 2, PID = 211.000, Parent ID = 0
Constituent Number = 3, PID = -211.000, Parent ID = 0
Constituent Number = 4, PID = 211.000, Parent ID = 0
EVENT NUMBER 75, Jet Number = 0, # Constituents = 4
Constituent Number = 0, PID = 211.000, Parent ID = 0
Constituent Number = 0, PID = 321.000, Parent ID = 0
Constituent Number = 1, PID = 111.000, Parent ID = 0
Constituent Number = 0, PID = 211.000, Parent ID = 0
Constituent Number = 1, PID = 111.000, Parent ID = 0
Constituent Number = 2, PID = -211.000, Parent ID = 0
Constituent Number = 3, PID = 111.000, Parent ID = 0
EVENT NUMBER 76, Jet Number = 0, # Constituents = 3
EVENT NUMBER 76, Jet Number = 1, # Constituents = 6
Constituent Number = 0, PID = 211.000, Parent ID = 0
Constituent Number = 1, PID = -211.000, Parent ID = 0
Constituent Number = 0, PID = 211.000, Parent ID = 0
Constituent Number = 1, PID = -211.000, Parent ID = 0
Constituent Number = 0, PID = 111.000, Parent ID = 0
Constituent Number = 1, PID = -211.000, Parent ID = 0
Constituent Number = 2, PID = 211.000, Parent ID = 0
Constituent Number = 0, PID = 211.000, Parent ID = 0
Constituent Number = 1, PID = 111.000, Parent ID = 0
Constituent Number = 2, PID = 111.000, Parent ID = 0
Constituent Number = 3, PID = 111.000, Parent ID = 0
Constituent Number = 4, PID = 111.000, Parent ID = 0
Constituent Number = 5, PID = 111.000, Parent ID = 0
EVENT NUMBER 77, Jet Number = 0, # Constituents = 1
EVENT NUMBER 77, Jet Number = 1, # Constituents = 5
Constituent Number = 0, PID = 111.000, Parent ID = 0
Constituent Number = 0, PID = 211.000, Parent ID = 0
Constituent Number = 0, PID = 211.000, Parent ID = 0
Constituent Number = 1, PID = -2112.000, Parent ID = 0
Constituent Number = 2, PID = -211.000, Parent ID = 0
Constituent Number = 3, PID = -321.000, Parent ID = 0
Constituent Number = 4, PID = 2112.000, Parent ID = 0
EVENT NUMBER 78, Jet Number = 0, # Constituents = 9
Constituent Number = 0, PID = 211.000, Parent ID = 0
Constituent Number = 0, PID = 211.000, Parent ID = 0
Constituent Number = 0, PID = 130.000, Parent ID = 0
Constituent Number = 1, PID = 111.000, Parent ID = 0
Constituent Number = 0, PID = 111.000, Parent ID = 0
Constituent Number = 0, PID = -211.000, Parent ID = 0
Constituent Number = 1, PID = 111.000, Parent ID = 0
Constituent Number = 2, PID = 2212.000, Parent ID = 0
Constituent Number = 0, PID = 111.000, Parent ID = 0
Constituent Number = 1, PID = -211.000, Parent ID = 0
Constituent Number = 2, PID = 130.000, Parent ID = 0
Constituent Number = 3, PID = 111.000, Parent ID = 0
Constituent Number = 4, PID = -211.000, Parent ID = 0
Constituent Number = 5, PID = 211.000, Parent ID = 0
Constituent Number = 6, PID = 111.000, Parent ID = 0
Constituent Number = 7, PID = 111.000, Parent ID = 0
Constituent Number = 8, PID = 111.000, Parent ID = 0
EVENT NUMBER 79, Jet Number = 0, # Constituents = 6
EVENT NUMBER 79, Jet Number = 1, # Constituents = 4
Constituent Number = 0, PID = -321.000, Parent ID = 0
Constituent Number = 1, PID = 111.000, Parent ID = 0
Constituent Number = 2, PID = 111.000, Parent ID = 0
Constituent Number = 0, PID = 211.000, Parent ID = 0
Constituent Number = 1, PID = 321.000, Parent ID = 0
Constituent Number = 2, PID = 111.000, Parent ID = 0
Constituent Number = 3, PID = 111.000, Parent ID = 0
Constituent Number = 4, PID = 211.000, Parent ID = 0
Constituent Number = 5, PID = 130.000, Parent ID = 0
Constituent Number = 0, PID = 2212.000, Parent ID = 0
Constituent Number = 1, PID = -211.000, Parent ID = 0
Constituent Number = 2, PID = -211.000, Parent ID = 0
Constituent Number = 3, PID = 111.000, Parent ID = 0
Constituent Number = 0, PID = 111.000, Parent ID = 0
Constituent Number = 1, PID = -211.000, Parent ID = 0
Constituent Number = 0, PID = 111.000, Parent ID = 0
Constituent Number = 0, PID = 211.000, Parent ID = 0
Constituent Number = 1, PID = 211.000, Parent ID = 0
Constituent Number = 0, PID = 111.000, Parent ID = 0
Constituent Number = 1, PID = 211.000, Parent ID = 0
Constituent Number = 2, PID = -211.000, Parent ID = 0
Constituent Number = 3, PID = 111.000, Parent ID = 0
Constituent Number = 0, PID = 111.000, Parent ID = 0
Constituent Number = 1, PID = 211.000, Parent ID = 0
Constituent Number = 0, PID = -211.000, Parent ID = 0
Constituent Number = 1, PID = 211.000, Parent ID = 0
Constituent Number = 2, PID = -211.000, Parent ID = 0
Constituent Number = 3, PID = 111.000, Parent ID = 0
Constituent Number = 4, PID = 111.000, Parent ID = 0
EVENT NUMBER 82, Jet Number = 0, # Constituents = 6
Constituent Number = 0, PID = -211.000, Parent ID = 0
Constituent Number = 0, PID = -211.000, Parent ID = 0
Constituent Number = 1, PID = 111.000, Parent ID = 0
Constituent Number = 0, PID = 211.000, Parent ID = 0
Constituent Number = 1, PID = 111.000, Parent ID = 0
Constituent Number = 2, PID = 111.000, Parent ID = 0
Constituent Number = 3, PID = -211.000, Parent ID = 0
Constituent Number = 4, PID = -2212.000, Parent ID = 0
Constituent Number = 5, PID = 2212.000, Parent ID = 0
Constituent Number = 0, PID = 111.000, Parent ID = 0
Constituent Number = 0, PID = 111.000, Parent ID = 0
Constituent Number = 0, PID = -211.000, Parent ID = 0
Constituent Number = 0, PID = 111.000, Parent ID = 0
Constituent Number = 1, PID = 111.000, Parent ID = 0
EVENT NUMBER 84, Jet Number = 0, # Constituents = 3
EVENT NUMBER 84, Jet Number = 1, # Constituents = 14
Constituent Number = 0, PID = 130.000, Parent ID = 0
Constituent Number = 0, PID = 111.000, Parent ID = 0
Constituent Number = 1, PID = -211.000, Parent ID = 0
Constituent Number = 2, PID = 111.000, Parent ID = 0
Constituent Number = 0, PID = 211.000, Parent ID = 0
Constituent Number = 1, PID = 111.000, Parent ID = 0
Constituent Number = 2, PID = 111.000, Parent ID = 0
Constituent Number = 0, PID = 111.000, Parent ID = 0
Constituent Number = 1, PID = 111.000, Parent ID = 0
Constituent Number = 2, PID = 111.000, Parent ID = 0
Constituent Number = 0, PID = 111.000, Parent ID = 0
Constituent Number = 0, PID = 111.000, Parent ID = 0
Constituent Number = 1, PID = 111.000, Parent ID = 0
Constituent Number = 2, PID = 111.000, Parent ID = 0
Constituent Number = 3, PID = 111.000, Parent ID = 0
Constituent Number = 4, PID = 111.000, Parent ID = 0
Constituent Number = 0, PID = 111.000, Parent ID = 0
Constituent Number = 1, PID = 111.000, Parent ID = 0
Constituent Number = 2, PID = 321.000, Parent ID = 0
Constituent Number = 0, PID = 2212.000, Parent ID = 0
Constituent Number = 1, PID = -211.000, Parent ID = 0
Constituent Number = 2, PID = 111.000, Parent ID = 0
Constituent Number = 0, PID = 211.000, Parent ID = 0
Constituent Number = 1, PID = -321.000, Parent ID = 0
Constituent Number = 2, PID = 321.000, Parent ID = 0
Constituent Number = 3, PID = 111.000, Parent ID = 0
Constituent Number = 4, PID = 111.000, Parent ID = 0
Constituent Number = 5, PID = 111.000, Parent ID = 0
Constituent Number = 6, PID = 111.000, Parent ID = 0
Constituent Number = 7, PID = -211.000, Parent ID = 0
Constituent Number = 8, PID = -211.000, Parent ID = 0
Constituent Number = 9, PID = 111.000, Parent ID = 0
Constituent Number = 10, PID = -211.000, Parent ID = 0
Constituent Number = 11, PID = 211.000, Parent ID = 0
Constituent Number = 12, PID = 211.000, Parent ID = 0
Constituent Number = 13, PID = 111.000, Parent ID = 0
Constituent Number = 0, PID = 111.000, Parent ID = 0
Constituent Number = 0, PID = 211.000, Parent ID = 0
Constituent Number = 0, PID = 211.000, Parent ID = 0
Constituent Number = 1, PID = 22.000, Parent ID = 0
Constituent Number = 2, PID = -211.000, Parent ID = 0
Constituent Number = 3, PID = 211.000, Parent ID = 0
Constituent Number = 4, PID = 211.000, Parent ID = 0
Constituent Number = 5, PID = -211.000, Parent ID = 0
Constituent Number = 6, PID = 111.000, Parent ID = 0
Constituent Number = 7, PID = 111.000, Parent ID = 0
Constituent Number = 0, PID = 111.000, Parent ID = 0
Constituent Number = 0, PID = 211.000, Parent ID = 0
Constituent Number = 1, PID = -211.000, Parent ID = 0
Constituent Number = 2, PID = 211.000, Parent ID = 0
Constituent Number = 3, PID = -211.000, Parent ID = 0
Constituent Number = 4, PID = 111.000, Parent ID = 0
Constituent Number = 0, PID = 211.000, Parent ID = 0
Constituent Number = 1, PID = 111.000, Parent ID = 0
Constituent Number = 2, PID = -211.000, Parent ID = 0
EVENT NUMBER 88, Jet Number = 0, # Constituents = 10
Constituent Number = 0, PID = 211.000, Parent ID = 0
Constituent Number = 1, PID = 211.000, Parent ID = 0
Constituent Number = 0, PID = 111.000, Parent ID = 0
Constituent Number = 1, PID = 211.000, Parent ID = 0
Constituent Number = 0, PID = -2212.000, Parent ID = 0
Constituent Number = 0, PID = -321.000, Parent ID = 0
Constituent Number = 1, PID = 2212.000, Parent ID = 0
Constituent Number = 0, PID = 2212.000, Parent ID = 0
Constituent Number = 1, PID = -211.000, Parent ID = 0
Constituent Number = 0, PID = 321.000, Parent ID = 0
Constituent Number = 1, PID = 211.000, Parent ID = 0
Constituent Number = 2, PID = -211.000, Parent ID = 0
Constituent Number = 3, PID = -211.000, Parent ID = 0
Constituent Number = 4, PID = 111.000, Parent ID = 0
Constituent Number = 5, PID = -211.000, Parent ID = 0
Constituent Number = 6, PID = -211.000, Parent ID = 0
Constituent Number = 7, PID = 211.000, Parent ID = 0
Constituent Number = 8, PID = 111.000, Parent ID = 0
Constituent Number = 9, PID = 211.000, Parent ID = 0
Constituent Number = 0, PID = -211.000, Parent ID = 0
Constituent Number = 0, PID = 111.000, Parent ID = 0
Constituent Number = 0, PID = 211.000, Parent ID = 0
Constituent Number = 0, PID = 111.000, Parent ID = 0
Constituent Number = 1, PID = -211.000, Parent ID = 0
Constituent Number = 2, PID = -211.000, Parent ID = 0
Constituent Number = 0, PID = 111.000, Parent ID = 0
Constituent Number = 0, PID = 211.000, Parent ID = 0
Constituent Number = 0, PID = -211.000, Parent ID = 0
Constituent Number = 1, PID = -211.000, Parent ID = 0
Constituent Number = 0, PID = 111.000, Parent ID = 0
Constituent Number = 1, PID = -211.000, Parent ID = 0
Constituent Number = 0, PID = 111.000, Parent ID = 0
Constituent Number = 0, PID = -321.000, Parent ID = 0
Constituent Number = 1, PID = 111.000, Parent ID = 0
Constituent Number = 2, PID = -211.000, Parent ID = 0
Constituent Number = 3, PID = 211.000, Parent ID = 0
Constituent Number = 4, PID = 111.000, Parent ID = 0
EVENT NUMBER 91, Jet Number = 0, # Constituents = 5
Constituent Number = 0, PID = 211.000, Parent ID = 0
Constituent Number = 1, PID = 111.000, Parent ID = 0
Constituent Number = 0, PID = 111.000, Parent ID = 0
Constituent Number = 0, PID = 211.000, Parent ID = 0
Constituent Number = 1, PID = -211.000, Parent ID = 0
Constituent Number = 0, PID = 211.000, Parent ID = 0
Constituent Number = 1, PID = 111.000, Parent ID = 0
Constituent Number = 2, PID = 211.000, Parent ID = 0
Constituent Number = 0, PID = -211.000, Parent ID = 0
Constituent Number = 1, PID = -2212.000, Parent ID = 0
Constituent Number = 2, PID = 111.000, Parent ID = 0
Constituent Number = 3, PID = 2212.000, Parent ID = 0
Constituent Number = 4, PID = 111.000, Parent ID = 0
Constituent Number = 0, PID = -2112.000, Parent ID = 0
Constituent Number = 1, PID = -211.000, Parent ID = 0
Constituent Number = 0, PID = 111.000, Parent ID = 0
Constituent Number = 1, PID = 111.000, Parent ID = 0
Constituent Number = 0, PID = 2112.000, Parent ID = 0
Constituent Number = 1, PID = 211.000, Parent ID = 0
Constituent Number = 0, PID = 211.000, Parent ID = 0
Constituent Number = 0, PID = 22.000, Parent ID = 0
Constituent Number = 0, PID = 211.000, Parent ID = 0
Constituent Number = 1, PID = -2212.000, Parent ID = 0
Constituent Number = 2, PID = -2212.000, Parent ID = 0
Constituent Number = 3, PID = 2212.000, Parent ID = 0
EVENT NUMBER 94, Jet Number = 0, # Constituents = 1
EVENT NUMBER 94, Jet Number = 1, # Constituents = 2
Constituent Number = 0, PID = 111.000, Parent ID = 0
Constituent Number = 0, PID = 111.000, Parent ID = 0
Constituent Number = 0, PID = 211.000, Parent ID = 0
Constituent Number = 0, PID = 2112.000, Parent ID = 0
Constituent Number = 1, PID = 211.000, Parent ID = 0
Constituent Number = 0, PID = 211.000, Parent ID = 0
Constituent Number = 1, PID = -2212.000, Parent ID = 0
EVENT NUMBER 95, Jet Number = 0, # Constituents = 1
EVENT NUMBER 95, Jet Number = 1, # Constituents = 1
EVENT NUMBER 95, Jet Number = 2, # Constituents = 5
Constituent Number = 0, PID = -211.000, Parent ID = 0
Constituent Number = 1, PID = 211.000, Parent ID = 0
Constituent Number = 2, PID = 111.000, Parent ID = 0
Constituent Number = 0, PID = -211.000, Parent ID = 0
Constituent Number = 0, PID = 211.000, Parent ID = 0
Constituent Number = 1, PID = -211.000, Parent ID = 0
Constituent Number = 0, PID = 211.000, Parent ID = 0
Constituent Number = 0, PID = 22.000, Parent ID = 0
Constituent Number = 0, PID = -211.000, Parent ID = 0
Constituent Number = 0, PID = 111.000, Parent ID = 0
Constituent Number = 1, PID = 211.000, Parent ID = 0
Constituent Number = 2, PID = 111.000, Parent ID = 0
Constituent Number = 3, PID = 111.000, Parent ID = 0
Constituent Number = 4, PID = 211.000, Parent ID = 0
Constituent Number = 0, PID = -211.000, Parent ID = 0
Constituent Number = 0, PID = 111.000, Parent ID = 0
Constituent Number = 0, PID = -211.000, Parent ID = 0
Constituent Number = 0, PID = 111.000, Parent ID = 0
Constituent Number = 1, PID = 211.000, Parent ID = 0
Constituent Number = 2, PID = 211.000, Parent ID = 0
EVENT NUMBER 97, Jet Number = 0, # Constituents = 1
EVENT NUMBER 97, Jet Number = 1, # Constituents = 2
Constituent Number = 0, PID = -211.000, Parent ID = 0
Constituent Number = 1, PID = 111.000, Parent ID = 0
Constituent Number = 0, PID = -211.000, Parent ID = 0
Constituent Number = 0, PID = 211.000, Parent ID = 0
Constituent Number = 1, PID = 2112.000, Parent ID = 0
Constituent Number = 0, PID = -211.000, Parent ID = 0
Constituent Number = 0, PID = 211.000, Parent ID = 0
Constituent Number = 1, PID = 321.000, Parent ID = 0
Constituent Number = 0, PID = -321.000, Parent ID = 0
Constituent Number = 1, PID = 111.000, Parent ID = 0
Constituent Number = 0, PID = -211.000, Parent ID = 0
Constituent Number = 1, PID = 111.000, Parent ID = 0
Constituent Number = 2, PID = 211.000, Parent ID = 0
Constituent Number = 0, PID = 321.000, Parent ID = 0
Constituent Number = 1, PID = -211.000, Parent ID = 0
EVENT NUMBER 98, Jet Number = 0, # Constituents = 1
Constituent Number = 0, PID = -211.000, Parent ID = 0
Constituent Number = 0, PID = -211.000, Parent ID = 0
Constituent Number = 0, PID = -211.000, Parent ID = 0
Constituent Number = 0, PID = 2212.000, Parent ID = 0
Constituent Number = 1, PID = 111.000, Parent ID = 0
Constituent Number = 0, PID = 111.000, Parent ID = 0
Constituent Number = 1, PID = -2112.000, Parent ID = 0
Constituent Number = 0, PID = 111.000, Parent ID = 0
Constituent Number = 1, PID = 211.000, Parent ID = 0
Constituent Number = 0, PID = 111.000, Parent ID = 0
Constituent Number = 1, PID = 211.000, Parent ID = 0
Constituent Number = 2, PID = 211.000, Parent ID = 0
Constituent Number = 3, PID = 111.000, Parent ID = 0
EVENT NUMBER 99, Jet Number = 0, # Constituents = 13
Constituent Number = 0, PID = -2212.000, Parent ID = 0
Constituent Number = 1, PID = 211.000, Parent ID = 0
Constituent Number = 0, PID = 11.000, Parent ID = 0
Constituent Number = 1, PID = 211.000, Parent ID = 0
Constituent Number = 0, PID = 2212.000, Parent ID = 0
Constituent Number = 0, PID = 211.000, Parent ID = 0
Constituent Number = 1, PID = 22.000, Parent ID = 0
Constituent Number = 2, PID = -211.000, Parent ID = 0
Constituent Number = 3, PID = 211.000, Parent ID = 0
Constituent Number = 4, PID = 321.000, Parent ID = 0
Constituent Number = 5, PID = -211.000, Parent ID = 0
Constituent Number = 0, PID = 111.000, Parent ID = 0
Constituent Number = 1, PID = -211.000, Parent ID = 0
Constituent Number = 2, PID = -211.000, Parent ID = 0
Constituent Number = 3, PID = 211.000, Parent ID = 0
Constituent Number = 4, PID = 111.000, Parent ID = 0
Constituent Number = 5, PID = 111.000, Parent ID = 0
Constituent Number = 6, PID = 211.000, Parent ID = 0
Constituent Number = 7, PID = 111.000, Parent ID = 0
Constituent Number = 8, PID = 111.000, Parent ID = 0
Constituent Number = 9, PID = 211.000, Parent ID = 0
Constituent Number = 10, PID = -211.000, Parent ID = 0
Constituent Number = 11, PID = -211.000, Parent ID = 0
Constituent Number = 12, PID = 321.000, Parent ID = 0
MyJetAnalysis::End - Output to /global/project/projectdirs/alice/ftorales/eP_MC/eP_7_electrons+jets.root
All done
