LD_LIBRARY_PATH now /global/project/projectdirs/alice/ftorales/Singularity/install/lib:.:/global/project/projectdirs/alice/ftorales/Singularity/cvmfs/sphenix.sdcc.bnl.gov/x8664_sl7/release/release_new/new.4/lib:/global/project/projectdirs/alice/ftorales/Singularity/cvmfs/sphenix.sdcc.bnl.gov/x8664_sl7/opt/sphenix/utils/lib64:/global/project/projectdirs/alice/ftorales/Singularity/cvmfs/sphenix.sdcc.bnl.gov/x8664_sl7/opt/sphenix/utils/lib:/global/project/projectdirs/alice/ftorales/Singularity/cvmfs/sphenix.sdcc.bnl.gov/x8664_sl7/opt/sphenix/core/lib:/global/project/projectdirs/alice/ftorales/Singularity/cvmfs/sphenix.sdcc.bnl.gov/x8664_sl7/opt/sphenix/core/root-6.16.00/lib:/global/project/projectdirs/alice/ftorales/Singularity/cvmfs/sphenix.sdcc.bnl.gov/x8664_sl7/opt/sphenix/core/geant4.10.02.p02/lib64:/global/project/projectdirs/alice/ftorales/Singularity/cvmfs/sphenix.sdcc.bnl.gov/x8664_sl7/opt/sphenix/core/lhapdf-5.9.1/lib:/usr/local/lib64:/usr/lib64
PATH now :.:/global/project/projectdirs/alice/ftorales/Singularity/cvmfs/sphenix.sdcc.bnl.gov/x8664_sl7/release/release_new/new.4/bin:/global/project/projectdirs/alice/ftorales/Singularity/cvmfs/sphenix.sdcc.bnl.gov/x8664_sl7/opt/sphenix/utils/bin:/global/project/projectdirs/alice/ftorales/Singularity/cvmfs/sphenix.sdcc.bnl.gov/x8664_sl7/opt/sphenix/core/bin:/global/project/projectdirs/alice/ftorales/Singularity/cvmfs/sphenix.sdcc.bnl.gov/x8664_sl7/opt/sphenix/core/root-6.16.00/bin:/global/project/projectdirs/alice/ftorales/Singularity/cvmfs/sphenix.sdcc.bnl.gov/x8664_sl7/opt/sphenix/core/geant4.10.02.p02/bin:/usr/local/bin:/usr/bin:/usr/local/sbin:/usr/sbin
   ------------------------------------------------------------
  | Welcome to ROOT 6.16/00                  https://root.cern |
  |                               (c) 1995-2018, The ROOT Team |
  | Built for linuxx8664gcc on Jan 23 2019, 09:06:13           |
  | From tags/v6-16-00@v6-16-00                                |
  | Try '.help', '.demo', '.license', '.credits', '.quit'/'.q' |
   ------------------------------------------------------------


Processing Fun4All_G4_sPHENIX.C(2, "", "/global/project/projectdirs/alice/ftorales/eP_MC/eP_6")...
PHRandomSeed::GetSeed() seed: 2524472361

 *------------------------------------------------------------------------------------* 
 |                                                                                    | 
 |  *------------------------------------------------------------------------------*  | 
 |  |                                                                              |  | 
 |  |                                                                              |  | 
 |  |   PPP   Y   Y  TTTTT  H   H  III    A      Welcome to the Lund Monte Carlo!  |  | 
 |  |   P  P   Y Y     T    H   H   I    A A     This is PYTHIA version 8.243      |  | 
 |  |   PPP     Y      T    HHHHH   I   AAAAA    Last date of change:  4 Jul 2019  |  | 
 |  |   P       Y      T    H   H   I   A   A                                      |  | 
 |  |   P       Y      T    H   H  III  A   A    Now is 02 Apr 2020 at 17:05:10    |  | 
 |  |                                                                              |  | 
 |  |   Christian Bierlich;  Department of Astronomy and Theoretical Physics,      |  | 
 |  |      Lund University, Solvegatan 14A, SE-223 62 Lund, Sweden;                |  | 
 |  |      e-mail: christian.bierlich@thep.lu.se                                   |  | 
 |  |   Nishita Desai;  Department of Theoretical Physics, Tata Institute,         |  | 
 |  |      Homi Bhabha Road, Mumbai 400005, India;                                 |  | 
 |  |      e-mail: desai@theory.tifr.res.in                                        |  | 
 |  |   Ilkka Helenius;  Department of Physics, University of Jyvaskyla,           |  | 
 |  |      P.O. Box 35, FI-40014 University of Jyvaskyla, Finland;                 |  | 
 |  |      e-mail: ilkka.m.helenius@jyu.fi                                         |  | 
 |  |   Philip Ilten;  School of Physics and Astronomy,                            |  | 
 |  |      University of Birmingham, Birmingham, B152 2TT, UK;                     |  | 
 |  |      e-mail: philten@cern.ch                                                 |  | 
 |  |   Leif Lonnblad;  Department of Astronomy and Theoretical Physics,           |  | 
 |  |      Lund University, Solvegatan 14A, SE-223 62 Lund, Sweden;                |  | 
 |  |      e-mail: leif.lonnblad@thep.lu.se                                        |  | 
 |  |   Stephen Mrenna;  Computing Division, Simulations Group,                    |  | 
 |  |      Fermi National Accelerator Laboratory, MS 234, Batavia, IL 60510, USA;  |  | 
 |  |      e-mail: mrenna@fnal.gov                                                 |  | 
 |  |   Stefan Prestel;  Department of Astronomy and Theoretical Physics,          |  | 
 |  |      Lund University, Solvegatan 14A, SE-223 62 Lund, Sweden;                |  | 
 |  |      e-mail: stefan.prestel@thep.lu.se                                       |  | 
 |  |   Christine O. Rasmussen;  Department of Astronomy and Theoretical Physics,  |  | 
 |  |      Lund University, Solvegatan 14A, SE-223 62 Lund, Sweden;                |  | 
 |  |      e-mail: christine.rasmussen@thep.lu.se                                  |  | 
 |  |   Torbjorn Sjostrand;  Department of Astronomy and Theoretical Physics,      |  | 
 |  |      Lund University, Solvegatan 14A, SE-223 62 Lund, Sweden;                |  | 
 |  |      e-mail: torbjorn@thep.lu.se                                             |  | 
 |  |   Peter Skands;  School of Physics,                                          |  | 
 |  |      Monash University, PO Box 27, 3800 Melbourne, Australia;                |  | 
 |  |      e-mail: peter.skands@monash.edu                                         |  | 
 |  |                                                                              |  | 
 |  |   The main program reference is 'An Introduction to PYTHIA 8.2',             |  | 
 |  |   T. Sjostrand et al, Comput. Phys. Commun. 191 (2015) 159                   |  | 
 |  |   [arXiv:1410.3012 [hep-ph]]                                                 |  | 
 |  |                                                                              |  | 
 |  |   The main physics reference is the 'PYTHIA 6.4 Physics and Manual',         |  | 
 |  |   T. Sjostrand, S. Mrenna and P. Skands, JHEP05 (2006) 026 [hep-ph/0603175]  |  | 
 |  |                                                                              |  | 
 |  |   An archive of program versions and documentation is found on the web:      |  | 
 |  |   http://www.thep.lu.se/Pythia                                               |  | 
 |  |                                                                              |  | 
 |  |   This program is released under the GNU General Public Licence version 2.   |  | 
 |  |   Please respect the MCnet Guidelines for Event Generator Authors and Users. |  | 
 |  |                                                                              |  | 
 |  |   Disclaimer: this program comes without any guarantees.                     |  | 
 |  |   Beware of errors and use common sense when interpreting results.           |  | 
 |  |                                                                              |  | 
 |  |   Copyright (C) 2019 Torbjorn Sjostrand                                      |  | 
 |  |                                                                              |  | 
 |  |                                                                              |  | 
 |  *------------------------------------------------------------------------------*  | 
 |                                                                                    | 
 *------------------------------------------------------------------------------------* 

PHRandomSeed::GetSeed() seed: 1296443398
PHPythia8 random seed: 396443398

 *-------  PYTHIA Process Initialization  --------------------------*
 |                                                                  |
 | We collide p+ with e- at a CM energy of 8.945e+01 GeV            |
 |                                                                  |
 |------------------------------------------------------------------|
 |                                                    |             |
 | Subprocess                                    Code |   Estimated |
 |                                                    |    max (mb) |
 |                                                    |             |
 |------------------------------------------------------------------|
 |                                                    |             |
 | g g -> g g                                     111 |   0.000e+00 |
 | g g -> q qbar (uds)                            112 |   0.000e+00 |
 | q g -> q g                                     113 |   0.000e+00 |
 | q q(bar)' -> q q(bar)'                         114 |   0.000e+00 |
 | q qbar -> g g                                  115 |   0.000e+00 |
 | q qbar -> q' qbar' (uds)                       116 |   0.000e+00 |
 | g g -> c cbar                                  121 |   0.000e+00 |
 | q qbar -> c cbar                               122 |   0.000e+00 |
 | g g -> b bbar                                  123 |   0.000e+00 |
 | q qbar -> b bbar                               124 |   0.000e+00 |
 | f f' -> f f' (t-channel gamma*/Z0)             211 |   9.265e-05 |
 |                                                                  |
 *-------  End PYTHIA Process Initialization -----------------------*

 *-------  PYTHIA Flag + Mode + Parm + Word + FVec + MVec + PVec + WVec Settings (changes only)  ------------------* 
 |                                                                                                                 | 
 | Name                                          |                      Now |      Default         Min         Max | 
 |                                               |                          |                                      | 
 | Beams:eA                                      |                100.00000 |     7000.000         0.0             | 
 | Beams:eB                                      |                 20.00000 |     7000.000         0.0             | 
 | Beams:frameType                               |                        2 |            1           1           5 | 
 | Beams:idB                                     |                       11 |         2212                         | 
 | HardQCD:all                                   |                       on |          off                         | 
 | Main:timesAllowErrors                         |                   900000 |           10           0             | 
 | PDF:lepton                                    |                      off |           on                         | 
 | PhaseSpace:Q2Min                              |                 16.00000 |          0.0         0.0             | 
 | Random:seed                                   |                396443398 |           -1               900000000 | 
 | Random:setSeed                                |                       on |          off                         | 
 | SpaceShower:pTmaxMatch                        |                        2 |            0           0           2 | 
 | TimeShower:QEDshowerByL                       |                      off |           on                         | 
 | WeakBosonExchange:ff2ff(t:gmZ)                |                       on |          off                         | 
 |                                                                                                                 | 
 *-------  End PYTHIA Flag + Mode + Parm + Word + FVec + MVec + PVec + WVec Settings  -----------------------------* 

 --------  PYTHIA Particle Data Table (changed only)  ------------------------------------------------------------------------------
 
      id   name            antiName         spn chg col      m0        mWidth      mMin       mMax       tau0    res dec ext vis wid
             no onMode   bRatio   meMode     products 

 no particle data has been changed from its default value 

 --------  End PYTHIA Particle Data Table  -----------------------------------------------------------------------------------------

PHRandomSeed::GetSeed() seed: 1808457093
PHRandomSeed::GetSeed() seed: 3048569130
Intt has 4 layers with layer setup:
 Intt layer 0 laddertype -2 nladders 15 sensor radius 9.0 offsetphi 0.0
 Intt layer 1 laddertype -2 nladders 15 sensor radius 9.5 offsetphi 12.0
 Intt layer 2 laddertype -2 nladders 18 sensor radius 10.8 offsetphi 0.0
 Intt layer 3 laddertype -2 nladders 18 sensor radius 11.4 offsetphi 10.0
HCalInner - construct inner HCal absorber with G4_Al
PHRandomSeed::GetSeed() seed: 1162676844

*************************************************************
 Geant4 version Name: geant4-10-02-patch-02    (17-June-2016)
                      Copyright : Geant4 Collaboration
                      Reference : NIM A 506 (2003), 250-303
                            WWW : http://cern.ch/geant4
*************************************************************

<<< Geant4 Physics List simulation engine: QGSP_BERT 4.0

PHG4MvtxHitReco: Setting Mvtx timing window defaults to tmin = -5000 and  tmax = 5000 ns
PHG4MvtxHitReco: Set Mvtx timing window parameters from macro for layer = 0 to tmin = -5000.0 tmax = 5000.0
PHG4MvtxHitReco: Set Mvtx timing window parameters from macro for layer = 1 to tmin = -5000.0 tmax = 5000.0
PHG4MvtxHitReco: Set Mvtx timing window parameters from macro for layer = 2 to tmin = -5000.0 tmax = 5000.0
PHRandomSeed::GetSeed() seed: 3858210688
PHRandomSeed::GetSeed() seed: 3256927304
Registering padplane 
padplane registered and parameters updated
PHRandomSeed::GetSeed() seed: 3596344138
PHParameters::ReadFromFile - Reading from File: /global/project/projectdirs/alice/ftorales/Singularity/cvmfs/sphenix.sdcc.bnl.gov/x8664_sl7/release/release_new/new.4/share/calibrations/CEMC/TowerCalib_2017ProjTilted/cemc_geoparams-0-0-4294967295-1499354960.xml ... Received PdbParameterMap with (Hash = 0x883e8cf2a8d53c9f)
BEmcProfile: Loading profile data from file /global/project/projectdirs/alice/ftorales/Singularity/cvmfs/sphenix.sdcc.bnl.gov/x8664_sl7/release/release_new/new.4/share/calibrations/EmcProfile/CEMCprof_Thresh30MeV.root
  8 bin in energy:  0.5,  1.0,  2.0,  4.0, 10.0, 20.0, 40.0, 80.0, 
  4 bin in theta:  0.05, 0.14, 0.25, 0.34, 
PHParameters::ReadFromFile - Reading from File: /global/project/projectdirs/alice/ftorales/Singularity/cvmfs/sphenix.sdcc.bnl.gov/x8664_sl7/release/release_new/new.4/share/calibrations/CEMC/PositionRecalibration_EMCal_9deg_tilt/cemc_recalib_geoparams-0-0-4294967295-1532091513.xml ... Received PdbParameterMap with (Hash = 0x9eda525940469004)
PHParameters::ReadFromFile - Reading from File: /global/project/projectdirs/alice/ftorales/Singularity/cvmfs/sphenix.sdcc.bnl.gov/x8664_sl7/release/release_new/new.4/share/calibrations/CEMC/PositionRecalibration_EMCal_9deg_tilt/cemc_ecore_recalib_geoparams-0-0-4294967295-1532091569.xml ... Received PdbParameterMap with (Hash = 0xe641b18750973639)
PHRandomSeed::GetSeed() seed: 1472503675
Warning from RawClusterBuilderTemplate::Detector(): no detector specific class BEmcRec{Name} defined for detector HCALIN. Default BEmcRec will be used
PHRandomSeed::GetSeed() seed: 1318132259
Warning from RawClusterBuilderTemplate::Detector(): no detector specific class BEmcRec{Name} defined for detector HCALOUT. Default BEmcRec will be used
PHRandomSeed::GetSeed() seed: 271044763
PHG4MvtxDigitizer random seed: 271044763
PHRandomSeed::GetSeed() seed: 2987645313
PHG4InttDigitizer random seed: 2987645313
PHRandomSeed::GetSeed() seed: 4230087909
PHG4TpcDigitizer random seed: 4230087909
 Tpc digitizer: Setting ENC to 670.0 ADC threshold to 2680.0 maps+Intt layers set to 7
PHRandomSeed::GetSeed() seed: 1760598198
PHTFileServer::open - opening file /global/project/projectdirs/alice/ftorales/eP_MC/eP_6_electrons+jets.root (RECREATE)
Fun4AllServer: Runnumber forced to 0 by RUNNUMBER IntFlag
Fun4AllServer::setRun(): could not get timestamp for run  0, using tics(0) timestamp: Wed Dec 31 19:00:00 1969
PHFieldUtility::GetFieldConfigNode - field map with configuration from input default: PHFieldConfigv1::identify - Field type of [2D field map expressed in cylindrical coordinates] from file [/global/project/projectdirs/alice/ftorales/Singularity/cvmfs/sphenix.sdcc.bnl.gov/x8664_sl7/release/release_new/new.4/share/calibrations/Field/Map/sPHENIX.2d.root] with a scale factor of -0.9
PHParameters::ReadFromFile - Reading from File: /global/project/projectdirs/alice/ftorales/Singularity/cvmfs/sphenix.sdcc.bnl.gov/x8664_sl7/release/release_new/new.4/share/calibrations/CEMC/Geometry_2018ProjTilted/cemc_geoparams-0-0-4294967295-1536789215.xml ... Received PdbParameterMapContainer Detector Id 0 with (Hash = 0xaf819d10e459ac67)
G4GDML: Reading '/global/project/projectdirs/alice/ftorales/Singularity/cvmfs/sphenix.sdcc.bnl.gov/x8664_sl7/release/release_new/new.4/share/calibrations/Tracking/geometry/mvtx_stave_v1.gdml'...
G4GDML: Reading definitions...
G4GDML: Reading materials...
G4GDML: Reading solids...
G4GDML: Reading structure...
G4GDML: Reading setup...
G4GDML: Reading '/global/project/projectdirs/alice/ftorales/Singularity/cvmfs/sphenix.sdcc.bnl.gov/x8664_sl7/release/release_new/new.4/share/calibrations/Tracking/geometry/mvtx_stave_v1.gdml' done!
Stripping off GDML names of materials, solids and volumes ...
north copy no: 1
south copy no: 2
PHG4FullProjTiltedSpacalDetector::Construct_AzimuthalSeg::CEMC_0 - constructed 192 unique towers
PHG4Reco::InitRun - export geometry to DST via tmp file /tmp/PHGeomUtility_geom_file_44890.gdml
PHG4GDML: Writing '/tmp/PHGeomUtility_geom_file_44890.gdml'...
PHG4GDML: Writing definitions...
G4GDML: Writing materials...
PHG4GDML: Writing solids...
PHG4GDML: Writing structure...
G4GDML: Writing setup...
PHG4GDML: Writing surfaces...
PHG4GDML: Writing '/tmp/PHGeomUtility_geom_file_44890.gdml' done !
PHRandomSeed::GetSeed() seed: 2347923432
Infor from RawClusterBuilderTemplate::InitRun(): Init geometry for CEMC: N of geom towers: 24576; ix=0-255 iy=0-95
Infor from RawClusterBuilderTemplate::InitRun(): Init geometry for HCALIN: N of geom towers: 1536; ix=0-63 iy=0-23
Infor from RawClusterBuilderTemplate::InitRun(): Init geometry for HCALOUT: N of geom towers: 1536; ix=0-63 iy=0-23
PHG4InttDigitizer::InitRun: detector = INTT
layer array size: 12
init _nlayers_seeding 12
init _min_layers_seeding 12
init n min layers = 4
GFRaveVertexFactory::setMethod ==> set method to avf-smoothing:1
--------------------------------------

List of Nodes in Fun4AllServer:
Node Tree under TopNode TOP
TOP (PHCompositeNode)/
   DST (PHCompositeNode)/
      PHHepMCGenEventMap (IO,PHHepMCGenEventMap)
      PHG4INEVENT (PHDataNode)
      PIPE (PHCompositeNode)/
         G4HIT_PIPE (IO,PHG4HitContainer)
      MVTX (PHCompositeNode)/
         G4HIT_MVTX (IO,PHG4HitContainer)
      INTT (PHCompositeNode)/
         G4HIT_INTT (IO,PHG4HitContainer)
      TPC (PHCompositeNode)/
         G4HIT_ABSORBER_TPC (IO,PHG4HitContainer)
         G4HIT_TPC (IO,PHG4HitContainer)
      CEMC_ELECTRONICS (PHCompositeNode)/
         G4HIT_CEMC_ELECTRONICS (IO,PHG4HitContainer)
      CEMC_SPT (PHCompositeNode)/
         G4HIT_CEMC_SPT (IO,PHG4HitContainer)
      G4HIT_CEMC (IO,PHG4HitContainer)
      G4HIT_ABSORBER_CEMC (IO,PHG4HitContainer)
      HCALIN (PHCompositeNode)/
         G4HIT_ABSORBER_HCALIN (IO,PHG4HitContainer)
         G4HIT_HCALIN (IO,PHG4HitContainer)
         G4CELL_HCALIN (IO,PHG4CellContainer)
         TOWER_SIM_HCALIN (IO,RawTowerContainer)
         TOWER_RAW_HCALIN (IO,RawTowerContainer)
         TOWER_CALIB_HCALIN (IO,RawTowerContainer)
         CLUSTER_HCALIN (IO,RawClusterContainer)
      HCALIN_SPT (PHCompositeNode)/
         G4HIT_HCALIN_SPT (IO,PHG4HitContainer)
      MAGNET (PHCompositeNode)/
         G4HIT_MAGNET (IO,PHG4HitContainer)
      HCALOUT (PHCompositeNode)/
         G4HIT_ABSORBER_HCALOUT (IO,PHG4HitContainer)
         G4HIT_HCALOUT (IO,PHG4HitContainer)
         G4CELL_HCALOUT (IO,PHG4CellContainer)
         TOWER_SIM_HCALOUT (IO,RawTowerContainer)
         TOWER_RAW_HCALOUT (IO,RawTowerContainer)
         TOWER_CALIB_HCALOUT (IO,RawTowerContainer)
         CLUSTER_HCALOUT (IO,RawClusterContainer)
      G4HIT_BH_1 (IO,PHG4HitContainer)
      BH_FORWARD_PLUS (PHCompositeNode)/
         G4HIT_BH_FORWARD_PLUS (IO,PHG4HitContainer)
      BH_FORWARD_NEG (PHCompositeNode)/
         G4HIT_BH_FORWARD_NEG (IO,PHG4HitContainer)
      G4TruthInfo (IO,PHG4TruthInfoContainer)
      BBC (PHCompositeNode)/
         BbcVertexMap (IO,BbcVertexMapv1)
      TRKR (PHCompositeNode)/
         TRKR_HITSET (IO,TrkrHitSetContainer)
         TRKR_HITTRUTHASSOC (IO,TrkrHitTruthAssoc)
         TRKR_CLUSTER (IO,TrkrClusterContainer)
         TRKR_CLUSTERHITASSOC (IO,TrkrClusterHitAssoc)
      CEMC (PHCompositeNode)/
         G4CELL_CEMC (IO,PHG4CellContainer)
         TOWER_SIM_CEMC (IO,RawTowerContainer)
         TOWER_RAW_CEMC (IO,RawTowerContainer)
         TOWER_CALIB_CEMC (IO,RawTowerContainer)
         CLUSTER_CEMC (IO,RawClusterContainer)
         CLUSTER_POS_COR_CEMC (IO,RawClusterContainer)
      SVTX (PHCompositeNode)/
         SvtxVertexMap (IO,SvtxVertexMap_v1)
         SvtxTrackMap (IO,SvtxTrackMap_v1)
         AssocInfoContainer (IO,AssocInfoContainer)
         SvtxVertexMapRefit (IO,SvtxVertexMap_v1)
      GLOBAL (PHCompositeNode)/
         GlobalVertexMap (IO,GlobalVertexMapv1)
      TRIG (PHCompositeNode)/
         CaloTriggerInfo (IO,CaloTriggerInfov1)
      ANTIKT (PHCompositeNode)/
         TRUTH (PHCompositeNode)/
            AntiKt_Truth_r02 (IO,JetMapv1)
            AntiKt_Truth_r03 (IO,JetMapv1)
            AntiKt_Truth_r04 (IO,JetMapv1)
            AntiKt_Truth_r05 (IO,JetMapv1)
            AntiKt_Truth_r06 (IO,JetMapv1)
            AntiKt_Truth_r07 (IO,JetMapv1)
            AntiKt_Truth_r08 (IO,JetMapv1)
            AntiKt_Truth_r10 (IO,JetMapv1)
         TOWER (PHCompositeNode)/
            AntiKt_Tower_r02 (IO,JetMapv1)
            AntiKt_Tower_r03 (IO,JetMapv1)
            AntiKt_Tower_r04 (IO,JetMapv1)
            AntiKt_Tower_r05 (IO,JetMapv1)
            AntiKt_Tower_r06 (IO,JetMapv1)
            AntiKt_Tower_r07 (IO,JetMapv1)
            AntiKt_Tower_r08 (IO,JetMapv1)
         CLUSTER (PHCompositeNode)/
            AntiKt_Cluster_r02 (IO,JetMapv1)
            AntiKt_Cluster_r03 (IO,JetMapv1)
            AntiKt_Cluster_r04 (IO,JetMapv1)
            AntiKt_Cluster_r05 (IO,JetMapv1)
            AntiKt_Cluster_r06 (IO,JetMapv1)
            AntiKt_Cluster_r07 (IO,JetMapv1)
            AntiKt_Cluster_r08 (IO,JetMapv1)
         TRACK (PHCompositeNode)/
            AntiKt_Track_r02 (IO,JetMapv1)
            AntiKt_Track_r03 (IO,JetMapv1)
            AntiKt_Track_r04 (IO,JetMapv1)
            AntiKt_Track_r05 (IO,JetMapv1)
            AntiKt_Track_r06 (IO,JetMapv1)
            AntiKt_Track_r07 (IO,JetMapv1)
            AntiKt_Track_r08 (IO,JetMapv1)
            AntiKt_Track_r10 (IO,JetMapv1)
   RUN (PHCompositeNode)/
      PHGenIntegral (IO,PHGenIntegralv1)
      FIELD_CONFIG (IO,PHFieldConfigv1)
      PIPE (PHCompositeNode)/
         G4GEOPARAM_PIPE (IO,PdbParameterMapContainer)
         CYLINDERGEOM_PIPE (IO,PHG4CylinderGeomContainer)
      MVTX (PHCompositeNode)/
         G4GEOPARAM_MVTX (IO,PdbParameterMapContainer)
      INTT (PHCompositeNode)/
         G4GEOPARAM_INTT (IO,PdbParameterMapContainer)
         G4CELLPARAM_INTT (IO,PdbParameterMap)
      TPC (PHCompositeNode)/
         G4GEOPARAM_TPC (IO,PdbParameterMapContainer)
         G4CELLPARAM_TPC (IO,PdbParameterMap)
         G4TPCPADPLANE (IO,PdbParameterMap)
      CEMC_ELECTRONICS (PHCompositeNode)/
         G4GEOPARAM_CEMC_ELECTRONICS (IO,PdbParameterMapContainer)
         CYLINDERGEOM_CEMC_ELECTRONICS (IO,PHG4CylinderGeomContainer)
      CEMC_SPT (PHCompositeNode)/
         G4GEOPARAM_CEMC_SPT (IO,PdbParameterMapContainer)
         CYLINDERGEOM_CEMC_SPT (IO,PHG4CylinderGeomContainer)
      CEMC (PHCompositeNode)/
         G4GEOPARAM_CEMC (IO,PdbParameterMapContainer)
         G4CELLPARAM_CEMC (IO,PdbParameterMap)
         TOWERGEOM_CEMC (IO,RawTowerGeomContainer_Cylinderv1)
      HCALIN (PHCompositeNode)/
         G4GEOPARAM_HCALIN (IO,PdbParameterMapContainer)
         G4CELLPARAM_HCALIN (IO,PdbParameterMap)
         TOWERPARAM_HCALIN (IO,PdbParameterMap)
         TOWERGEOM_HCALIN (IO,RawTowerGeomContainer_Cylinderv1)
      HCALIN_SPT (PHCompositeNode)/
         G4GEOPARAM_HCALIN_SPT (IO,PdbParameterMapContainer)
         CYLINDERGEOM_HCALIN_SPT (IO,PHG4CylinderGeomContainer)
      MAGNET (PHCompositeNode)/
         G4GEOPARAM_MAGNET (IO,PdbParameterMapContainer)
         CYLINDERGEOM_MAGNET (IO,PHG4CylinderGeomContainer)
      HCALOUT (PHCompositeNode)/
         G4GEOPARAM_HCALOUT (IO,PdbParameterMapContainer)
         G4CELLPARAM_HCALOUT (IO,PdbParameterMap)
         TOWERPARAM_HCALOUT (IO,PdbParameterMap)
         TOWERGEOM_HCALOUT (IO,RawTowerGeomContainer_Cylinderv1)
      G4GEOPARAM_BH_1 (IO,PdbParameterMapContainer)
      CYLINDERGEOM_BH_1 (IO,PHG4CylinderGeomContainer)
      BH_FORWARD_PLUS (PHCompositeNode)/
         G4GEOPARAM_BH_FORWARD_PLUS (IO,PdbParameterMapContainer)
         CYLINDERGEOM_BH_FORWARD_PLUS (IO,PHG4CylinderGeomContainer)
      BH_FORWARD_NEG (PHCompositeNode)/
         G4GEOPARAM_BH_FORWARD_NEG (IO,PdbParameterMapContainer)
         CYLINDERGEOM_BH_FORWARD_NEG (IO,PHG4CylinderGeomContainer)
      CYLINDERGEOM_MVTX (IO,PHG4CylinderGeomContainer)
      CYLINDERGEOM_INTT (IO,PHG4CylinderGeomContainer)
      CYLINDERGEOM_CEMC (IO,PHG4CylinderGeomContainer)
      CYLINDERGEOM_ABSORBER_CEMC (IO,PHG4CylinderGeomContainer)
      GEOMETRY_IO (IO,PHGeomIOTGeo)
      CYLINDERCELLGEOM_SVTX (IO,PHG4CylinderCellGeomContainer)
      CYLINDERCELLGEOM_CEMC (IO,PHG4CylinderCellGeomContainer)
      eclus_Recalibration_CEMC (IO,PdbParameterMap)
      ecore_Recalibration_CEMC (IO,PdbParameterMap)
   PAR (PHCompositeNode)/
      FIELD_MAP (PHDataNode)
      PIPE (PHCompositeNode)/
         G4GEO_PIPE (PHDataNode)
      MVTX (PHCompositeNode)/
         G4GEO_MVTX (PHDataNode)
      INTT (PHCompositeNode)/
         G4GEO_INTT (PHDataNode)
         CYLINDERGEOM_INTT (PHDataNode)
         G4CELLGEO_INTT (PHDataNode)
      TPC (PHCompositeNode)/
         G4GEO_TPC (PHDataNode)
         G4CELLPAR_TPC (PHDataNode)
         G4TPCPADPLANEPAR (PHDataNode)
      CEMC_ELECTRONICS (PHCompositeNode)/
         G4GEO_CEMC_ELECTRONICS (PHDataNode)
      CEMC_SPT (PHCompositeNode)/
         G4GEO_CEMC_SPT (PHDataNode)
      CEMC (PHCompositeNode)/
         G4GEO_CEMC (PHDataNode)
         G4CELLGEO_CEMC (PHDataNode)
      G4GDML_CONFIG (PHDataNode)
      HCALIN (PHCompositeNode)/
         G4GEO_HCALIN (PHDataNode)
         G4CELLGEO_HCALIN (PHDataNode)
         TOWERGEO_HCALIN (PHDataNode)
      HCALIN_SPT (PHCompositeNode)/
         G4GEO_HCALIN_SPT (PHDataNode)
      MAGNET (PHCompositeNode)/
         G4GEO_MAGNET (PHDataNode)
      HCALOUT (PHCompositeNode)/
         G4GEO_HCALOUT (PHDataNode)
         G4CELLGEO_HCALOUT (PHDataNode)
         TOWERGEO_HCALOUT (PHDataNode)
      G4GEO_BH_1 (PHDataNode)
      BH_FORWARD_PLUS (PHCompositeNode)/
         G4GEO_BH_FORWARD_PLUS (PHDataNode)
      BH_FORWARD_NEG (PHCompositeNode)/
         G4GEO_BH_FORWARD_NEG (PHDataNode)
      GEOMETRY (PHDataNode)



 --------  PYTHIA Info Listing  ---------------------------------------- 
 
 Beam A: id =   2212, pz =  4.472e+01, e =  4.473e+01, m =  9.383e-01.
 Beam B: id =     11, pz = -4.472e+01, e =  4.472e+01, m =  5.110e-04.

 In 1: id =   -4, x =  1.913e-02, pdf =  7.282e-02 at Q2 =  1.910e+01.
 In 2: id =   11, x =  1.000e+00, pdf =  1.000e+00 at same Q2.

 Subprocess f f' -> f f' (t-channel gamma*/Z0) with code 211 is 2 -> 2.
 It has sHat =  1.530e+02,    tHat = -2.236e+01,    uHat = -1.307e+02,
       pTHat =  4.306e+00,   m3Hat =  1.500e+00,   m4Hat =  5.110e-04,
    thetaHat =  7.845e-01,  phiHat =  1.744e+00.
     alphaEM =  7.559e-03,  alphaS =  2.516e-01    at Q2 =  1.910e+01.

 Impact parameter b =  0.000e+00 gives enhancement factor =  1.000e+00.
 Max pT scale for MPI =  8.945e+01, ISR =  8.945e+01, FSR =  8.945e+01.
 Number of MPI =     1, ISR =     3, FSRproc =     1, FSRreson =     0.

 --------  End PYTHIA Info Listing  ------------------------------------

 --------  PYTHIA Event Listing  (hard process)  -----------------------------------------------------------------------------------
 
    no         id  name            status     mothers   daughters     colours      p_x        p_y        p_z         e          m 
     0         90  (system)           -11     0     0     0     0     0     0      0.000      0.000     79.996    120.000     89.447
     1       2212  (p+)               -12     0     0     3     0     0     0      0.000      0.000     99.996    100.000      0.938
     2         11  (e-)               -12     0     0     4     0     0     0      0.000      0.000    -20.000     20.000      0.001
     3         -4  (cbar)             -21     1     0     5     6     0   101      0.000      0.000      1.913      1.913      0.000
     4         11  (e-)               -21     2     0     5     6     0     0      0.000      0.000    -20.000     20.000      0.000
     5         -4  cbar                23     3     4     0     0     0   101     -0.744      4.241     -1.537      4.811      1.500
     6         11  e-                  23     3     4     0     0     0     0      0.744     -4.241    -16.553     17.103      0.001
                                   Charge sum: -1.667           Momentum sum:      0.000      0.000    -18.090     21.915     12.370

 --------  End PYTHIA Event Listing  -----------------------------------------------------------------------------------------------

 --------  PYTHIA Event Listing  (complete event)  ---------------------------------------------------------------------------------
 
    no         id  name            status     mothers   daughters     colours      p_x        p_y        p_z         e          m 
     0         90  (system)           -11     0     0     0     0     0     0      0.000      0.000     79.996    120.000     89.447
     1       2212  (p+)               -12     0     0    29     0     0     0      0.000      0.000     99.996    100.000      0.938
     2         11  (e-)               -12     0     0    22     0     0     0     -0.000      0.000    -20.000     20.000      0.001
     3         -4  (cbar)             -21     7     0     5     6     0   101      0.000      0.000      1.913      1.913      0.000
     4         11  (e-)               -21     8     8     5     6     0     0     -0.000      0.000    -20.000     20.000      0.000
     5         -4  (cbar)             -23     3     4     9     9     0   101     -0.744      4.241     -1.537      4.811      1.500
     6         11  (e-)               -23     3     4    10    10     0     0      0.744     -4.241    -16.553     17.103      0.001
     7         21  (g)                -41    12     0    11     3   102   101      0.000      0.000      7.212      7.212      0.000
     8         11  (e-)               -42    13    13     4     4     0     0     -0.000      0.000    -20.000     20.000      0.000
     9         -4  (cbar)             -44     5     5    14    14     0   101     -0.657      3.916     -1.085      4.381      1.500
    10         11  (e-)               -44     6     6    15    15     0     0      0.759     -4.295    -16.878     17.433      0.001
    11          4  (c)                -43     7     0    16    16   102     0     -0.101      0.379      5.173      5.400      1.500
    12         21  (g)                -41    20    20    17     7   103   101     -0.000      0.000     13.490     13.490      0.000
    13         11  (e-)               -42    22    22     8     8     0     0     -0.000      0.000    -20.000     20.000      0.000
    14         -4  (cbar)             -44     9     9    18    19     0   101     -0.962      3.768     -0.952      4.276      1.500
    15         11  (e-)               -44    10    10    24    24     0     0      0.707     -4.320    -16.860     17.419      0.001
    16          4  (c)                -44    11    11    25    25   102     0     -1.080     -0.097      5.169      5.491      1.500
    17         21  (g)                -43    12     0    26    26   103   102      1.336      0.649      6.130      6.308      0.000
    18         -4  (cbar)             -51    14     0    23    23     0   104      0.209      3.506     -0.604      3.867      1.500
    19         21  (g)                -51    14     0    27    27   104   101     -1.171      0.262      0.574      1.330      0.000
    20         21  (g)                -53    21     0    12    12   103   101     -0.000      0.000     14.412     14.412      0.000
    21          2  (u)                -41    29    29    28    20   103     0      0.000      0.000     33.000     33.000      0.000
    22         11  (e-)               -42     2     0    13    13     0     0     -0.000      0.000    -20.000     20.000      0.000
    23         -4  (cbar)             -44    18    18    30    30     0   104      0.191      3.485     -0.580      3.843      1.500
    24         11  e-                  44    15    15     0     0     0     0      0.704     -4.324    -16.881     17.440      0.001
    25          4  (c)                -44    16    16    31    31   102     0     -1.139     -0.165      5.163      5.499      1.500
    26         21  (g)                -44    17    17    32    32   103   102      1.268      0.569      6.142      6.298      0.000
    27         21  (g)                -44    19    19    33    33   104   101     -1.182      0.250      0.570      1.335      0.000
    28          2  (u)                -43    21     0    34    34   101     0      0.157      0.185     18.584     18.588      0.330
    29          2  (u)                -61     1     0    21    21   103     0     -0.339      0.611     33.501     33.509      0.000
    30         -4  (cbar)             -62    23    23    46    46     0   104     -0.008      3.839     -0.285      4.132      1.500
    31          4  (c)                -62    25    25    36    36   102     0     -1.168     -0.112      5.233      5.568      1.500
    32         21  (g)                -62    26    26    37    37   103   102      1.245      0.608      6.165      6.319      0.000
    33         21  (g)                -62    27    27    45    45   104   101     -1.218      0.316      0.651      1.417      0.000
    34          2  (u)                -62    28    28    44    44   101     0      0.109      0.273     18.693     18.699      0.330
    35       2101  (ud_0)             -63     1     0    38    38     0   103      0.337     -0.601     66.419     66.425      0.579
    36          4  (c)                -71    31    31    39    43   102     0     -1.168     -0.112      5.233      5.568      1.500
    37         21  (g)                -71    32    32    39    43   103   102      1.245      0.608      6.165      6.319      0.000
    38       2101  (ud_0)             -71    35    35    39    43     0   103      0.337     -0.601     66.419     66.425      0.579
    39        431  (D_s+)             -83    36    38    61    62     0     0      0.139      0.430      7.031      7.315      1.968
    40       -321  K-                  83    36    38     0     0     0     0     -0.614     -0.435      3.996      4.096      0.494
    41        323  (K*+)              -83    36    38    54    55     0     0      0.125      0.095      5.249      5.317      0.829
    42        333  (phi)              -84    36    38    63    64     0     0      0.180     -0.246     28.692     28.712      1.020
    43       3122  (Lambda0)          -84    36    38    65    66     0     0      0.583      0.052     32.849     32.873      1.116
    44          2  (u)                -71    34    34    47    53   101     0      0.109      0.273     18.693     18.699      0.330
    45         21  (g)                -71    33    33    47    53   104   101     -1.218      0.316      0.651      1.417      0.000
    46         -4  (cbar)             -71    30    30    47    53     0   104     -0.008      3.839     -0.285      4.132      1.500
    47        223  (omega)            -83    44    46    67    69     0     0      0.227     -0.315      6.612      6.669      0.778
    48       2214  (Delta+)           -83    44    46    56    57     0     0     -0.677      0.584      2.626      3.036      1.232
    49        223  (omega)            -84    44    46    70    72     0     0     -0.073      0.277      5.606      5.664      0.761
    50      -2212  pbar-               84    44    46     0     0     0     0     -0.157      0.225      2.794      2.960      0.938
    51        323  (K*+)              -84    44    46    58    59     0     0      0.090     -0.158      0.742      1.184      0.905
    52       -321  K-                  84    44    46     0     0     0     0     -0.670      1.437      0.226      1.676      0.494
    53       -421  (Dbar0)            -84    44    46    73    74     0     0      0.141      2.377      0.454      3.058      1.865
    54        311  (K0)               -91    41     0    60    60     0     0      0.040     -0.111      4.343      4.373      0.498
    55        211  pi+                 91    41     0     0     0     0     0      0.085      0.206      0.907      0.944      0.140
    56       2212  p+                  91    48     0     0     0     0     0     -0.751      0.497      2.008      2.392      0.938
    57        111  (pi0)              -91    48     0    75    76     0     0      0.074      0.088      0.619      0.644      0.135
    58        321  K+                  91    51     0     0     0     0     0      0.065      0.136      0.202      0.554      0.494
    59        111  (pi0)              -91    51     0    77    78     0     0      0.025     -0.295      0.540      0.630      0.135
    60        310  (K_S0)             -91    54    54    79    80     0     0      0.040     -0.111      4.343      4.373      0.498
    61        221  (eta)              -91    39     0    81    83     0     0     -0.061     -0.450      1.808      1.943      0.548
    62        213  (rho+)             -91    39     0    84    85     0     0      0.200      0.880      5.222      5.372      0.877
    63        130  K_L0                91    42     0     0     0     0     0      0.052     -0.037     15.347     15.355      0.498
    64        310  (K_S0)             -91    42     0    86    87     0     0      0.129     -0.210     13.345     13.357      0.498
    65       2212  p+                  91    43     0     0     0     0     0      0.470      0.117     25.856     25.877      0.938
    66       -211  pi-                 91    43     0     0     0     0     0      0.113     -0.064      6.993      6.996      0.140
    67        211  pi+                 91    47     0     0     0     0     0     -0.033     -0.131      4.213      4.217      0.140
    68       -211  pi-                 91    47     0     0     0     0     0      0.278     -0.053      1.443      1.477      0.140
    69        111  (pi0)              -91    47     0    88    89     0     0     -0.018     -0.130      0.957      0.975      0.135
    70        211  pi+                 91    49     0     0     0     0     0     -0.186      0.364      3.295      3.323      0.140
    71       -211  pi-                 91    49     0     0     0     0     0      0.160     -0.022      1.126      1.146      0.140
    72        111  (pi0)              -91    49     0    90    91     0     0     -0.047     -0.065      1.185      1.195      0.135
    73        313  (K*0)              -91    53     0    92    93     0     0     -0.290      1.713      0.488      2.095      1.065
    74        221  (eta)              -91    53     0    94    96     0     0      0.431      0.664     -0.034      0.963      0.548
    75         22  gamma               91    57     0     0     0     0     0      0.037      0.062      0.103      0.125      0.000
    76         22  gamma               91    57     0     0     0     0     0      0.037      0.025      0.516      0.518      0.000
    77         22  gamma               91    59     0     0     0     0     0      0.008     -0.287      0.540      0.612      0.000
    78         22  gamma               91    59     0     0     0     0     0      0.017     -0.008     -0.000      0.018      0.000
    79        211  pi+                 91    60     0     0     0     0     0      0.133      0.118      1.757      1.771      0.140
    80       -211  pi-                 91    60     0     0     0     0     0     -0.093     -0.229      2.586      2.601      0.140
    81        211  pi+                 91    61     0     0     0     0     0     -0.134      0.014      0.423      0.466      0.140
    82       -211  pi-                 91    61     0     0     0     0     0      0.037     -0.213      0.789      0.830      0.140
    83         22  gamma               91    61     0     0     0     0     0      0.037     -0.251      0.596      0.647      0.000
    84        211  pi+                 91    62     0     0     0     0     0     -0.026     -0.093      0.278      0.326      0.140
    85        111  (pi0)              -91    62     0    97    98     0     0      0.226      0.973      4.944      5.046      0.135
    86        111  (pi0)              -91    64     0    99   100     0     0     -0.026      0.108      4.664      4.667      0.135
    87        111  (pi0)              -91    64     0   101   102     0     0      0.155     -0.318      8.681      8.689      0.135
    88         22  gamma               91    69     0     0     0     0     0      0.017      0.024      0.118      0.121      0.000
    89         22  gamma               91    69     0     0     0     0     0     -0.035     -0.154      0.839      0.853      0.000
    90         22  gamma               91    72     0     0     0     0     0     -0.079     -0.008      0.877      0.881      0.000
    91         22  gamma               91    72     0     0     0     0     0      0.032     -0.057      0.308      0.314      0.000
    92        321  K+                  91    73     0     0     0     0     0     -0.481      0.764      0.430      1.116      0.494
    93       -211  pi-                 91    73     0     0     0     0     0      0.192      0.949      0.058      0.980      0.140
    94        211  pi+                 91    74     0     0     0     0     0      0.294      0.418     -0.131      0.546      0.140
    95       -211  pi-                 91    74     0     0     0     0     0      0.064      0.175      0.085      0.248      0.140
    96        111  (pi0)              -91    74     0   103   104     0     0      0.074      0.071      0.013      0.170      0.135
    97         22  gamma               91    85     0     0     0     0     0      0.014      0.082      0.640      0.645      0.000
    98         22  gamma               91    85     0     0     0     0     0      0.212      0.890      4.305      4.401      0.000
    99         22  gamma               91    86     0     0     0     0     0      0.053      0.056      1.709      1.711      0.000
   100         22  gamma               91    86     0     0     0     0     0     -0.079      0.052      2.955      2.957      0.000
   101         22  gamma               91    87     0     0     0     0     0      0.109     -0.187      6.637      6.641      0.000
   102         22  gamma               91    87     0     0     0     0     0      0.046     -0.131      2.044      2.049      0.000
   103         22  gamma               91    96     0     0     0     0     0      0.012      0.100      0.002      0.101      0.000
   104         22  gamma               91    96     0     0     0     0     0      0.061     -0.029      0.010      0.069      0.000
                                   Charge sum:  0.000           Momentum sum:     -0.000     -0.000     79.996    120.000     89.447

 --------  End PYTHIA Event Listing  -----------------------------------------------------------------------------------------------
[0;33m[TwoTrackMinimumDistance] comparing track with itself![;0m
[0;33m[TwoTrackMinimumDistance] Computation HelixHelix::CAIR failed.[;0m
[0;33m[TwoTrackMinimumDistance] comparing track with itself![;0m
[0;33m[TwoTrackMinimumDistance] Computation HelixHelix::CAIR failed.[;0m
[0;33m[TwoTrackMinimumDistance] comparing track with itself![;0m
[0;33m[TwoTrackMinimumDistance] Computation HelixHelix::CAIR failed.[;0m
[0;33m[TwoTrackMinimumDistance] comparing track with itself![;0m
[0;33m[TwoTrackMinimumDistance] Computation HelixHelix::CAIR failed.[;0m
[0;33m[TwoTrackMinimumDistance] comparing track with itself![;0m
[0;33m[TwoTrackMinimumDistance] Computation HelixHelix::CAIR failed.[;0m
[0;33m[TwoTrackMinimumDistance] comparing track with itself![;0m
[0;33m[TwoTrackMinimumDistance] Computation HelixHelix::CAIR failed.[;0m
[0;33m[TwoTrackMinimumDistance] comparing track with itself![;0m
[0;33m[TwoTrackMinimumDistance] Computation HelixHelix::CAIR failed.[;0m
MyJetAnalysis::End - Outoput to /global/project/projectdirs/alice/ftorales/eP_MC/eP_6_electrons+jets.root
All done
