LD_LIBRARY_PATH now /global/project/projectdirs/alice/ftorales/Singularity/install/lib:.:/global/project/projectdirs/alice/ftorales/Singularity/cvmfs/sphenix.sdcc.bnl.gov/x8664_sl7/release/release_new/new.4/lib:/global/project/projectdirs/alice/ftorales/Singularity/cvmfs/sphenix.sdcc.bnl.gov/x8664_sl7/opt/sphenix/utils/lib64:/global/project/projectdirs/alice/ftorales/Singularity/cvmfs/sphenix.sdcc.bnl.gov/x8664_sl7/opt/sphenix/utils/lib:/global/project/projectdirs/alice/ftorales/Singularity/cvmfs/sphenix.sdcc.bnl.gov/x8664_sl7/opt/sphenix/core/lib:/global/project/projectdirs/alice/ftorales/Singularity/cvmfs/sphenix.sdcc.bnl.gov/x8664_sl7/opt/sphenix/core/root-6.16.00/lib:/global/project/projectdirs/alice/ftorales/Singularity/cvmfs/sphenix.sdcc.bnl.gov/x8664_sl7/opt/sphenix/core/geant4.10.02.p02/lib64:/global/project/projectdirs/alice/ftorales/Singularity/cvmfs/sphenix.sdcc.bnl.gov/x8664_sl7/opt/sphenix/core/lhapdf-5.9.1/lib:/usr/local/lib64:/usr/lib64
PATH now :.:/global/project/projectdirs/alice/ftorales/Singularity/cvmfs/sphenix.sdcc.bnl.gov/x8664_sl7/release/release_new/new.4/bin:/global/project/projectdirs/alice/ftorales/Singularity/cvmfs/sphenix.sdcc.bnl.gov/x8664_sl7/opt/sphenix/utils/bin:/global/project/projectdirs/alice/ftorales/Singularity/cvmfs/sphenix.sdcc.bnl.gov/x8664_sl7/opt/sphenix/core/bin:/global/project/projectdirs/alice/ftorales/Singularity/cvmfs/sphenix.sdcc.bnl.gov/x8664_sl7/opt/sphenix/core/root-6.16.00/bin:/global/project/projectdirs/alice/ftorales/Singularity/cvmfs/sphenix.sdcc.bnl.gov/x8664_sl7/opt/sphenix/core/geant4.10.02.p02/bin:/usr/local/bin:/usr/bin:/usr/local/sbin:/usr/sbin
   ------------------------------------------------------------
  | Welcome to ROOT 6.16/00                  https://root.cern |
  |                               (c) 1995-2018, The ROOT Team |
  | Built for linuxx8664gcc on Jan 23 2019, 09:06:13           |
  | From tags/v6-16-00@v6-16-00                                |
  | Try '.help', '.demo', '.license', '.credits', '.quit'/'.q' |
   ------------------------------------------------------------


Processing Fun4All_G4_sPHENIX.C(100, "", "/global/project/projectdirs/alice/ftorales/eP_MC/eP_17")...
PHRandomSeed::GetSeed() seed: 1122335273

 *------------------------------------------------------------------------------------* 
 |                                                                                    | 
 |  *------------------------------------------------------------------------------*  | 
 |  |                                                                              |  | 
 |  |                                                                              |  | 
 |  |   PPP   Y   Y  TTTTT  H   H  III    A      Welcome to the Lund Monte Carlo!  |  | 
 |  |   P  P   Y Y     T    H   H   I    A A     This is PYTHIA version 8.243      |  | 
 |  |   PPP     Y      T    HHHHH   I   AAAAA    Last date of change:  4 Jul 2019  |  | 
 |  |   P       Y      T    H   H   I   A   A                                      |  | 
 |  |   P       Y      T    H   H  III  A   A    Now is 20 Apr 2020 at 14:13:38    |  | 
 |  |                                                                              |  | 
 |  |   Christian Bierlich;  Department of Astronomy and Theoretical Physics,      |  | 
 |  |      Lund University, Solvegatan 14A, SE-223 62 Lund, Sweden;                |  | 
 |  |      e-mail: christian.bierlich@thep.lu.se                                   |  | 
 |  |   Nishita Desai;  Department of Theoretical Physics, Tata Institute,         |  | 
 |  |      Homi Bhabha Road, Mumbai 400005, India;                                 |  | 
 |  |      e-mail: desai@theory.tifr.res.in                                        |  | 
 |  |   Ilkka Helenius;  Department of Physics, University of Jyvaskyla,           |  | 
 |  |      P.O. Box 35, FI-40014 University of Jyvaskyla, Finland;                 |  | 
 |  |      e-mail: ilkka.m.helenius@jyu.fi                                         |  | 
 |  |   Philip Ilten;  School of Physics and Astronomy,                            |  | 
 |  |      University of Birmingham, Birmingham, B152 2TT, UK;                     |  | 
 |  |      e-mail: philten@cern.ch                                                 |  | 
 |  |   Leif Lonnblad;  Department of Astronomy and Theoretical Physics,           |  | 
 |  |      Lund University, Solvegatan 14A, SE-223 62 Lund, Sweden;                |  | 
 |  |      e-mail: leif.lonnblad@thep.lu.se                                        |  | 
 |  |   Stephen Mrenna;  Computing Division, Simulations Group,                    |  | 
 |  |      Fermi National Accelerator Laboratory, MS 234, Batavia, IL 60510, USA;  |  | 
 |  |      e-mail: mrenna@fnal.gov                                                 |  | 
 |  |   Stefan Prestel;  Department of Astronomy and Theoretical Physics,          |  | 
 |  |      Lund University, Solvegatan 14A, SE-223 62 Lund, Sweden;                |  | 
 |  |      e-mail: stefan.prestel@thep.lu.se                                       |  | 
 |  |   Christine O. Rasmussen;  Department of Astronomy and Theoretical Physics,  |  | 
 |  |      Lund University, Solvegatan 14A, SE-223 62 Lund, Sweden;                |  | 
 |  |      e-mail: christine.rasmussen@thep.lu.se                                  |  | 
 |  |   Torbjorn Sjostrand;  Department of Astronomy and Theoretical Physics,      |  | 
 |  |      Lund University, Solvegatan 14A, SE-223 62 Lund, Sweden;                |  | 
 |  |      e-mail: torbjorn@thep.lu.se                                             |  | 
 |  |   Peter Skands;  School of Physics,                                          |  | 
 |  |      Monash University, PO Box 27, 3800 Melbourne, Australia;                |  | 
 |  |      e-mail: peter.skands@monash.edu                                         |  | 
 |  |                                                                              |  | 
 |  |   The main program reference is 'An Introduction to PYTHIA 8.2',             |  | 
 |  |   T. Sjostrand et al, Comput. Phys. Commun. 191 (2015) 159                   |  | 
 |  |   [arXiv:1410.3012 [hep-ph]]                                                 |  | 
 |  |                                                                              |  | 
 |  |   The main physics reference is the 'PYTHIA 6.4 Physics and Manual',         |  | 
 |  |   T. Sjostrand, S. Mrenna and P. Skands, JHEP05 (2006) 026 [hep-ph/0603175]  |  | 
 |  |                                                                              |  | 
 |  |   An archive of program versions and documentation is found on the web:      |  | 
 |  |   http://www.thep.lu.se/Pythia                                               |  | 
 |  |                                                                              |  | 
 |  |   This program is released under the GNU General Public Licence version 2.   |  | 
 |  |   Please respect the MCnet Guidelines for Event Generator Authors and Users. |  | 
 |  |                                                                              |  | 
 |  |   Disclaimer: this program comes without any guarantees.                     |  | 
 |  |   Beware of errors and use common sense when interpreting results.           |  | 
 |  |                                                                              |  | 
 |  |   Copyright (C) 2019 Torbjorn Sjostrand                                      |  | 
 |  |                                                                              |  | 
 |  |                                                                              |  | 
 |  *------------------------------------------------------------------------------*  | 
 |                                                                                    | 
 *------------------------------------------------------------------------------------* 

PHRandomSeed::GetSeed() seed: 875479751
PHPythia8 random seed: 875479751

 *-------  PYTHIA Process Initialization  --------------------------*
 |                                                                  |
 | We collide p+ with e- at a CM energy of 8.945e+01 GeV            |
 |                                                                  |
 |------------------------------------------------------------------|
 |                                                    |             |
 | Subprocess                                    Code |   Estimated |
 |                                                    |    max (mb) |
 |                                                    |             |
 |------------------------------------------------------------------|
 |                                                    |             |
 | g g -> g g                                     111 |   0.000e+00 |
 | g g -> q qbar (uds)                            112 |   0.000e+00 |
 | q g -> q g                                     113 |   0.000e+00 |
 | q q(bar)' -> q q(bar)'                         114 |   0.000e+00 |
 | q qbar -> g g                                  115 |   0.000e+00 |
 | q qbar -> q' qbar' (uds)                       116 |   0.000e+00 |
 | g g -> c cbar                                  121 |   0.000e+00 |
 | q qbar -> c cbar                               122 |   0.000e+00 |
 | g g -> b bbar                                  123 |   0.000e+00 |
 | q qbar -> b bbar                               124 |   0.000e+00 |
 | f f' -> f f' (t-channel gamma*/Z0)             211 |   9.265e-05 |
 |                                                                  |
 *-------  End PYTHIA Process Initialization -----------------------*

 *-------  PYTHIA Flag + Mode + Parm + Word + FVec + MVec + PVec + WVec Settings (changes only)  ------------------* 
 |                                                                                                                 | 
 | Name                                          |                      Now |      Default         Min         Max | 
 |                                               |                          |                                      | 
 | Beams:eA                                      |                100.00000 |     7000.000         0.0             | 
 | Beams:eB                                      |                 20.00000 |     7000.000         0.0             | 
 | Beams:frameType                               |                        2 |            1           1           5 | 
 | Beams:idB                                     |                       11 |         2212                         | 
 | HardQCD:all                                   |                       on |          off                         | 
 | Main:timesAllowErrors                         |                   900000 |           10           0             | 
 | PDF:lepton                                    |                      off |           on                         | 
 | PhaseSpace:Q2Min                              |                 16.00000 |          0.0         0.0             | 
 | Random:seed                                   |                875479751 |           -1               900000000 | 
 | Random:setSeed                                |                       on |          off                         | 
 | SpaceShower:pTmaxMatch                        |                        2 |            0           0           2 | 
 | TimeShower:QEDshowerByL                       |                      off |           on                         | 
 | WeakBosonExchange:ff2ff(t:gmZ)                |                       on |          off                         | 
 |                                                                                                                 | 
 *-------  End PYTHIA Flag + Mode + Parm + Word + FVec + MVec + PVec + WVec Settings  -----------------------------* 

 --------  PYTHIA Particle Data Table (changed only)  ------------------------------------------------------------------------------
 
      id   name            antiName         spn chg col      m0        mWidth      mMin       mMax       tau0    res dec ext vis wid
             no onMode   bRatio   meMode     products 

 no particle data has been changed from its default value 

 --------  End PYTHIA Particle Data Table  -----------------------------------------------------------------------------------------

PHRandomSeed::GetSeed() seed: 3172878688
PHRandomSeed::GetSeed() seed: 625013727
Intt has 4 layers with layer setup:
 Intt layer 0 laddertype -2 nladders 15 sensor radius 9.0 offsetphi 0.0
 Intt layer 1 laddertype -2 nladders 15 sensor radius 9.5 offsetphi 12.0
 Intt layer 2 laddertype -2 nladders 18 sensor radius 10.8 offsetphi 0.0
 Intt layer 3 laddertype -2 nladders 18 sensor radius 11.4 offsetphi 10.0
HCalInner - construct inner HCal absorber with G4_Al
PHRandomSeed::GetSeed() seed: 1572578676

*************************************************************
 Geant4 version Name: geant4-10-02-patch-02    (17-June-2016)
                      Copyright : Geant4 Collaboration
                      Reference : NIM A 506 (2003), 250-303
                            WWW : http://cern.ch/geant4
*************************************************************

<<< Geant4 Physics List simulation engine: QGSP_BERT 4.0

PHG4MvtxHitReco: Setting Mvtx timing window defaults to tmin = -5000 and  tmax = 5000 ns
PHG4MvtxHitReco: Set Mvtx timing window parameters from macro for layer = 0 to tmin = -5000.0 tmax = 5000.0
PHG4MvtxHitReco: Set Mvtx timing window parameters from macro for layer = 1 to tmin = -5000.0 tmax = 5000.0
PHG4MvtxHitReco: Set Mvtx timing window parameters from macro for layer = 2 to tmin = -5000.0 tmax = 5000.0
PHRandomSeed::GetSeed() seed: 3862775241
PHRandomSeed::GetSeed() seed: 709257045
Registering padplane 
padplane registered and parameters updated
PHRandomSeed::GetSeed() seed: 4259282589
PHParameters::ReadFromFile - Reading from File: /global/project/projectdirs/alice/ftorales/Singularity/cvmfs/sphenix.sdcc.bnl.gov/x8664_sl7/release/release_new/new.4/share/calibrations/CEMC/TowerCalib_2017ProjTilted/cemc_geoparams-0-0-4294967295-1499354960.xml ... Received PdbParameterMap with (Hash = 0x883e8cf2a8d53c9f)
BEmcProfile: Loading profile data from file /global/project/projectdirs/alice/ftorales/Singularity/cvmfs/sphenix.sdcc.bnl.gov/x8664_sl7/release/release_new/new.4/share/calibrations/EmcProfile/CEMCprof_Thresh30MeV.root
  8 bin in energy:  0.5,  1.0,  2.0,  4.0, 10.0, 20.0, 40.0, 80.0, 
  4 bin in theta:  0.05, 0.14, 0.25, 0.34, 
PHParameters::ReadFromFile - Reading from File: /global/project/projectdirs/alice/ftorales/Singularity/cvmfs/sphenix.sdcc.bnl.gov/x8664_sl7/release/release_new/new.4/share/calibrations/CEMC/PositionRecalibration_EMCal_9deg_tilt/cemc_recalib_geoparams-0-0-4294967295-1532091513.xml ... Received PdbParameterMap with (Hash = 0x9eda525940469004)
PHParameters::ReadFromFile - Reading from File: /global/project/projectdirs/alice/ftorales/Singularity/cvmfs/sphenix.sdcc.bnl.gov/x8664_sl7/release/release_new/new.4/share/calibrations/CEMC/PositionRecalibration_EMCal_9deg_tilt/cemc_ecore_recalib_geoparams-0-0-4294967295-1532091569.xml ... Received PdbParameterMap with (Hash = 0xe641b18750973639)
PHRandomSeed::GetSeed() seed: 577851595
Warning from RawClusterBuilderTemplate::Detector(): no detector specific class BEmcRec{Name} defined for detector HCALIN. Default BEmcRec will be used
PHRandomSeed::GetSeed() seed: 2548361770
Warning from RawClusterBuilderTemplate::Detector(): no detector specific class BEmcRec{Name} defined for detector HCALOUT. Default BEmcRec will be used
PHRandomSeed::GetSeed() seed: 2610639778
PHG4MvtxDigitizer random seed: 2610639778
PHRandomSeed::GetSeed() seed: 1402414140
PHG4InttDigitizer random seed: 1402414140
PHRandomSeed::GetSeed() seed: 693130644
PHG4TpcDigitizer random seed: 693130644
 Tpc digitizer: Setting ENC to 670.0 ADC threshold to 2680.0 maps+Intt layers set to 7
PHRandomSeed::GetSeed() seed: 129054961
PHTFileServer::open - opening file /global/project/projectdirs/alice/ftorales/eP_MC/eP_17_electrons+jets.root (RECREATE)
Fun4AllServer: Runnumber forced to 0 by RUNNUMBER IntFlag
Fun4AllServer::setRun(): could not get timestamp for run  0, using tics(0) timestamp: Wed Dec 31 19:00:00 1969
PHFieldUtility::GetFieldConfigNode - field map with configuration from input default: PHFieldConfigv1::identify - Field type of [2D field map expressed in cylindrical coordinates] from file [/global/project/projectdirs/alice/ftorales/Singularity/cvmfs/sphenix.sdcc.bnl.gov/x8664_sl7/release/release_new/new.4/share/calibrations/Field/Map/sPHENIX.2d.root] with a scale factor of -0.9
PHParameters::ReadFromFile - Reading from File: /global/project/projectdirs/alice/ftorales/Singularity/cvmfs/sphenix.sdcc.bnl.gov/x8664_sl7/release/release_new/new.4/share/calibrations/CEMC/Geometry_2018ProjTilted/cemc_geoparams-0-0-4294967295-1536789215.xml ... Received PdbParameterMapContainer Detector Id 0 with (Hash = 0xaf819d10e459ac67)
G4GDML: Reading '/global/project/projectdirs/alice/ftorales/Singularity/cvmfs/sphenix.sdcc.bnl.gov/x8664_sl7/release/release_new/new.4/share/calibrations/Tracking/geometry/mvtx_stave_v1.gdml'...
G4GDML: Reading definitions...
G4GDML: Reading materials...
G4GDML: Reading solids...
G4GDML: Reading structure...
G4GDML: Reading setup...
G4GDML: Reading '/global/project/projectdirs/alice/ftorales/Singularity/cvmfs/sphenix.sdcc.bnl.gov/x8664_sl7/release/release_new/new.4/share/calibrations/Tracking/geometry/mvtx_stave_v1.gdml' done!
Stripping off GDML names of materials, solids and volumes ...
north copy no: 1
south copy no: 2
PHG4FullProjTiltedSpacalDetector::Construct_AzimuthalSeg::CEMC_0 - constructed 192 unique towers
PHG4Reco::InitRun - export geometry to DST via tmp file /tmp/PHGeomUtility_geom_file_16978.gdml
PHG4GDML: Writing '/tmp/PHGeomUtility_geom_file_16978.gdml'...
PHG4GDML: Writing definitions...
G4GDML: Writing materials...
PHG4GDML: Writing solids...
PHG4GDML: Writing structure...
G4GDML: Writing setup...
PHG4GDML: Writing surfaces...
PHG4GDML: Writing '/tmp/PHGeomUtility_geom_file_16978.gdml' done !
PHRandomSeed::GetSeed() seed: 2823491468
Infor from RawClusterBuilderTemplate::InitRun(): Init geometry for CEMC: N of geom towers: 24576; ix=0-255 iy=0-95
Infor from RawClusterBuilderTemplate::InitRun(): Init geometry for HCALIN: N of geom towers: 1536; ix=0-63 iy=0-23
Infor from RawClusterBuilderTemplate::InitRun(): Init geometry for HCALOUT: N of geom towers: 1536; ix=0-63 iy=0-23
PHG4InttDigitizer::InitRun: detector = INTT
layer array size: 12
init _nlayers_seeding 12
init _min_layers_seeding 12
init n min layers = 4
GFRaveVertexFactory::setMethod ==> set method to avf-smoothing:1
--------------------------------------

List of Nodes in Fun4AllServer:
Node Tree under TopNode TOP
TOP (PHCompositeNode)/
   DST (PHCompositeNode)/
      PHHepMCGenEventMap (IO,PHHepMCGenEventMap)
      PHG4INEVENT (PHDataNode)
      PIPE (PHCompositeNode)/
         G4HIT_PIPE (IO,PHG4HitContainer)
      MVTX (PHCompositeNode)/
         G4HIT_MVTX (IO,PHG4HitContainer)
      INTT (PHCompositeNode)/
         G4HIT_INTT (IO,PHG4HitContainer)
      TPC (PHCompositeNode)/
         G4HIT_ABSORBER_TPC (IO,PHG4HitContainer)
         G4HIT_TPC (IO,PHG4HitContainer)
      CEMC_ELECTRONICS (PHCompositeNode)/
         G4HIT_CEMC_ELECTRONICS (IO,PHG4HitContainer)
      CEMC_SPT (PHCompositeNode)/
         G4HIT_CEMC_SPT (IO,PHG4HitContainer)
      G4HIT_CEMC (IO,PHG4HitContainer)
      G4HIT_ABSORBER_CEMC (IO,PHG4HitContainer)
      HCALIN (PHCompositeNode)/
         G4HIT_ABSORBER_HCALIN (IO,PHG4HitContainer)
         G4HIT_HCALIN (IO,PHG4HitContainer)
         G4CELL_HCALIN (IO,PHG4CellContainer)
         TOWER_SIM_HCALIN (IO,RawTowerContainer)
         TOWER_RAW_HCALIN (IO,RawTowerContainer)
         TOWER_CALIB_HCALIN (IO,RawTowerContainer)
         CLUSTER_HCALIN (IO,RawClusterContainer)
      HCALIN_SPT (PHCompositeNode)/
         G4HIT_HCALIN_SPT (IO,PHG4HitContainer)
      MAGNET (PHCompositeNode)/
         G4HIT_MAGNET (IO,PHG4HitContainer)
      HCALOUT (PHCompositeNode)/
         G4HIT_ABSORBER_HCALOUT (IO,PHG4HitContainer)
         G4HIT_HCALOUT (IO,PHG4HitContainer)
         G4CELL_HCALOUT (IO,PHG4CellContainer)
         TOWER_SIM_HCALOUT (IO,RawTowerContainer)
         TOWER_RAW_HCALOUT (IO,RawTowerContainer)
         TOWER_CALIB_HCALOUT (IO,RawTowerContainer)
         CLUSTER_HCALOUT (IO,RawClusterContainer)
      G4HIT_BH_1 (IO,PHG4HitContainer)
      BH_FORWARD_PLUS (PHCompositeNode)/
         G4HIT_BH_FORWARD_PLUS (IO,PHG4HitContainer)
      BH_FORWARD_NEG (PHCompositeNode)/
         G4HIT_BH_FORWARD_NEG (IO,PHG4HitContainer)
      G4TruthInfo (IO,PHG4TruthInfoContainer)
      BBC (PHCompositeNode)/
         BbcVertexMap (IO,BbcVertexMapv1)
      TRKR (PHCompositeNode)/
         TRKR_HITSET (IO,TrkrHitSetContainer)
         TRKR_HITTRUTHASSOC (IO,TrkrHitTruthAssoc)
         TRKR_CLUSTER (IO,TrkrClusterContainer)
         TRKR_CLUSTERHITASSOC (IO,TrkrClusterHitAssoc)
      CEMC (PHCompositeNode)/
         G4CELL_CEMC (IO,PHG4CellContainer)
         TOWER_SIM_CEMC (IO,RawTowerContainer)
         TOWER_RAW_CEMC (IO,RawTowerContainer)
         TOWER_CALIB_CEMC (IO,RawTowerContainer)
         CLUSTER_CEMC (IO,RawClusterContainer)
         CLUSTER_POS_COR_CEMC (IO,RawClusterContainer)
      SVTX (PHCompositeNode)/
         SvtxVertexMap (IO,SvtxVertexMap_v1)
         SvtxTrackMap (IO,SvtxTrackMap_v1)
         AssocInfoContainer (IO,AssocInfoContainer)
         SvtxVertexMapRefit (IO,SvtxVertexMap_v1)
      GLOBAL (PHCompositeNode)/
         GlobalVertexMap (IO,GlobalVertexMapv1)
      TRIG (PHCompositeNode)/
         CaloTriggerInfo (IO,CaloTriggerInfov1)
      ANTIKT (PHCompositeNode)/
         TRUTH (PHCompositeNode)/
            AntiKt_Truth_r02 (IO,JetMapv1)
            AntiKt_Truth_r03 (IO,JetMapv1)
            AntiKt_Truth_r04 (IO,JetMapv1)
            AntiKt_Truth_r05 (IO,JetMapv1)
            AntiKt_Truth_r06 (IO,JetMapv1)
            AntiKt_Truth_r07 (IO,JetMapv1)
            AntiKt_Truth_r08 (IO,JetMapv1)
            AntiKt_Truth_r10 (IO,JetMapv1)
         TOWER (PHCompositeNode)/
            AntiKt_Tower_r02 (IO,JetMapv1)
            AntiKt_Tower_r03 (IO,JetMapv1)
            AntiKt_Tower_r04 (IO,JetMapv1)
            AntiKt_Tower_r05 (IO,JetMapv1)
            AntiKt_Tower_r06 (IO,JetMapv1)
            AntiKt_Tower_r07 (IO,JetMapv1)
            AntiKt_Tower_r08 (IO,JetMapv1)
         CLUSTER (PHCompositeNode)/
            AntiKt_Cluster_r02 (IO,JetMapv1)
            AntiKt_Cluster_r03 (IO,JetMapv1)
            AntiKt_Cluster_r04 (IO,JetMapv1)
            AntiKt_Cluster_r05 (IO,JetMapv1)
            AntiKt_Cluster_r06 (IO,JetMapv1)
            AntiKt_Cluster_r07 (IO,JetMapv1)
            AntiKt_Cluster_r08 (IO,JetMapv1)
         TRACK (PHCompositeNode)/
            AntiKt_Track_r02 (IO,JetMapv1)
            AntiKt_Track_r03 (IO,JetMapv1)
            AntiKt_Track_r04 (IO,JetMapv1)
            AntiKt_Track_r05 (IO,JetMapv1)
            AntiKt_Track_r06 (IO,JetMapv1)
            AntiKt_Track_r07 (IO,JetMapv1)
            AntiKt_Track_r08 (IO,JetMapv1)
            AntiKt_Track_r10 (IO,JetMapv1)
   RUN (PHCompositeNode)/
      PHGenIntegral (IO,PHGenIntegralv1)
      FIELD_CONFIG (IO,PHFieldConfigv1)
      PIPE (PHCompositeNode)/
         G4GEOPARAM_PIPE (IO,PdbParameterMapContainer)
         CYLINDERGEOM_PIPE (IO,PHG4CylinderGeomContainer)
      MVTX (PHCompositeNode)/
         G4GEOPARAM_MVTX (IO,PdbParameterMapContainer)
      INTT (PHCompositeNode)/
         G4GEOPARAM_INTT (IO,PdbParameterMapContainer)
         G4CELLPARAM_INTT (IO,PdbParameterMap)
      TPC (PHCompositeNode)/
         G4GEOPARAM_TPC (IO,PdbParameterMapContainer)
         G4CELLPARAM_TPC (IO,PdbParameterMap)
         G4TPCPADPLANE (IO,PdbParameterMap)
      CEMC_ELECTRONICS (PHCompositeNode)/
         G4GEOPARAM_CEMC_ELECTRONICS (IO,PdbParameterMapContainer)
         CYLINDERGEOM_CEMC_ELECTRONICS (IO,PHG4CylinderGeomContainer)
      CEMC_SPT (PHCompositeNode)/
         G4GEOPARAM_CEMC_SPT (IO,PdbParameterMapContainer)
         CYLINDERGEOM_CEMC_SPT (IO,PHG4CylinderGeomContainer)
      CEMC (PHCompositeNode)/
         G4GEOPARAM_CEMC (IO,PdbParameterMapContainer)
         G4CELLPARAM_CEMC (IO,PdbParameterMap)
         TOWERGEOM_CEMC (IO,RawTowerGeomContainer_Cylinderv1)
      HCALIN (PHCompositeNode)/
         G4GEOPARAM_HCALIN (IO,PdbParameterMapContainer)
         G4CELLPARAM_HCALIN (IO,PdbParameterMap)
         TOWERPARAM_HCALIN (IO,PdbParameterMap)
         TOWERGEOM_HCALIN (IO,RawTowerGeomContainer_Cylinderv1)
      HCALIN_SPT (PHCompositeNode)/
         G4GEOPARAM_HCALIN_SPT (IO,PdbParameterMapContainer)
         CYLINDERGEOM_HCALIN_SPT (IO,PHG4CylinderGeomContainer)
      MAGNET (PHCompositeNode)/
         G4GEOPARAM_MAGNET (IO,PdbParameterMapContainer)
         CYLINDERGEOM_MAGNET (IO,PHG4CylinderGeomContainer)
      HCALOUT (PHCompositeNode)/
         G4GEOPARAM_HCALOUT (IO,PdbParameterMapContainer)
         G4CELLPARAM_HCALOUT (IO,PdbParameterMap)
         TOWERPARAM_HCALOUT (IO,PdbParameterMap)
         TOWERGEOM_HCALOUT (IO,RawTowerGeomContainer_Cylinderv1)
      G4GEOPARAM_BH_1 (IO,PdbParameterMapContainer)
      CYLINDERGEOM_BH_1 (IO,PHG4CylinderGeomContainer)
      BH_FORWARD_PLUS (PHCompositeNode)/
         G4GEOPARAM_BH_FORWARD_PLUS (IO,PdbParameterMapContainer)
         CYLINDERGEOM_BH_FORWARD_PLUS (IO,PHG4CylinderGeomContainer)
      BH_FORWARD_NEG (PHCompositeNode)/
         G4GEOPARAM_BH_FORWARD_NEG (IO,PdbParameterMapContainer)
         CYLINDERGEOM_BH_FORWARD_NEG (IO,PHG4CylinderGeomContainer)
      CYLINDERGEOM_MVTX (IO,PHG4CylinderGeomContainer)
      CYLINDERGEOM_INTT (IO,PHG4CylinderGeomContainer)
      CYLINDERGEOM_CEMC (IO,PHG4CylinderGeomContainer)
      CYLINDERGEOM_ABSORBER_CEMC (IO,PHG4CylinderGeomContainer)
      GEOMETRY_IO (IO,PHGeomIOTGeo)
      CYLINDERCELLGEOM_SVTX (IO,PHG4CylinderCellGeomContainer)
      CYLINDERCELLGEOM_CEMC (IO,PHG4CylinderCellGeomContainer)
      eclus_Recalibration_CEMC (IO,PdbParameterMap)
      ecore_Recalibration_CEMC (IO,PdbParameterMap)
   PAR (PHCompositeNode)/
      FIELD_MAP (PHDataNode)
      PIPE (PHCompositeNode)/
         G4GEO_PIPE (PHDataNode)
      MVTX (PHCompositeNode)/
         G4GEO_MVTX (PHDataNode)
      INTT (PHCompositeNode)/
         G4GEO_INTT (PHDataNode)
         CYLINDERGEOM_INTT (PHDataNode)
         G4CELLGEO_INTT (PHDataNode)
      TPC (PHCompositeNode)/
         G4GEO_TPC (PHDataNode)
         G4CELLPAR_TPC (PHDataNode)
         G4TPCPADPLANEPAR (PHDataNode)
      CEMC_ELECTRONICS (PHCompositeNode)/
         G4GEO_CEMC_ELECTRONICS (PHDataNode)
      CEMC_SPT (PHCompositeNode)/
         G4GEO_CEMC_SPT (PHDataNode)
      CEMC (PHCompositeNode)/
         G4GEO_CEMC (PHDataNode)
         G4CELLGEO_CEMC (PHDataNode)
      G4GDML_CONFIG (PHDataNode)
      HCALIN (PHCompositeNode)/
         G4GEO_HCALIN (PHDataNode)
         G4CELLGEO_HCALIN (PHDataNode)
         TOWERGEO_HCALIN (PHDataNode)
      HCALIN_SPT (PHCompositeNode)/
         G4GEO_HCALIN_SPT (PHDataNode)
      MAGNET (PHCompositeNode)/
         G4GEO_MAGNET (PHDataNode)
      HCALOUT (PHCompositeNode)/
         G4GEO_HCALOUT (PHDataNode)
         G4CELLGEO_HCALOUT (PHDataNode)
         TOWERGEO_HCALOUT (PHDataNode)
      G4GEO_BH_1 (PHDataNode)
      BH_FORWARD_PLUS (PHCompositeNode)/
         G4GEO_BH_FORWARD_PLUS (PHDataNode)
      BH_FORWARD_NEG (PHCompositeNode)/
         G4GEO_BH_FORWARD_NEG (PHDataNode)
      GEOMETRY (PHDataNode)



 --------  PYTHIA Info Listing  ---------------------------------------- 
 
 Beam A: id =   2212, pz =  4.472e+01, e =  4.473e+01, m =  9.383e-01.
 Beam B: id =     11, pz = -4.472e+01, e =  4.472e+01, m =  5.110e-04.

 In 1: id =    2, x =  1.126e-01, pdf =  6.179e-01 at Q2 =  1.256e+02.
 In 2: id =   11, x =  1.000e+00, pdf =  1.000e+00 at same Q2.

 Subprocess f f' -> f f' (t-channel gamma*/Z0) with code 211 is 2 -> 2.
 It has sHat =  9.013e+02,    tHat = -1.508e+02,    uHat = -7.505e+02,
       pTHat =  1.120e+01,   m3Hat =  3.300e-01,   m4Hat =  5.110e-04,
    thetaHat =  8.428e-01,  phiHat =  4.148e+00.
     alphaEM =  7.636e-03,  alphaS =  1.948e-01    at Q2 =  1.256e+02.

 Impact parameter b =  0.000e+00 gives enhancement factor =  1.000e+00.
 Max pT scale for MPI =  8.945e+01, ISR =  8.945e+01, FSR =  8.945e+01.
 Number of MPI =     1, ISR =     1, FSRproc =     4, FSRreson =     0.

 --------  End PYTHIA Info Listing  ------------------------------------

 --------  PYTHIA Event Listing  (hard process)  -----------------------------------------------------------------------------------
 
    no         id  name            status     mothers   daughters     colours      p_x        p_y        p_z         e          m 
     0         90  (system)           -11     0     0     0     0     0     0      0.000      0.000     79.996    120.000     89.447
     1       2212  (p+)               -12     0     0     3     0     0     0      0.000      0.000     99.996    100.000      0.938
     2         11  (e-)               -12     0     0     4     0     0     0      0.000      0.000    -20.000     20.000      0.001
     3          2  (u)                -21     1     0     5     6   101     0      0.000      0.000     11.265     11.265      0.000
     4         11  (e-)               -21     2     0     5     6     0     0      0.000      0.000    -20.000     20.000      0.000
     5          2  u                   23     3     4     0     0   101     0     -5.997     -9.464      6.031     12.729      0.330
     6         11  e-                  23     3     4     0     0     0     0      5.997      9.464    -14.769     18.538      0.001
                                   Charge sum: -0.333           Momentum sum:      0.000      0.000     -8.738     31.267     30.021

 --------  End PYTHIA Event Listing  -----------------------------------------------------------------------------------------------

 --------  PYTHIA Event Listing  (complete event)  ---------------------------------------------------------------------------------
 
    no         id  name            status     mothers   daughters     colours      p_x        p_y        p_z         e          m 
     0         90  (system)           -11     0     0     0     0     0     0     -0.000     -0.000     79.996    120.000     89.447
     1       2212  (p+)               -12     0     0    24     0     0     0     -0.000     -0.000     99.996    100.001      0.938
     2         11  (e-)               -12     0     0     8     0     0     0      0.000     -0.000    -20.000     20.000      0.001
     3          2  (u)                -21     7     0     5     6   101     0     -0.000     -0.000     11.265     11.265      0.000
     4         11  (e-)               -21     8     8     5     6     0     0     -0.000      0.000    -20.000     20.000      0.000
     5          2  (u)                -23     3     4     9     9   101     0     -5.997     -9.464      6.031     12.729      0.330
     6         11  (e-)               -23     3     4    10    10     0     0      5.997      9.464    -14.769     18.538      0.001
     7          2  (u)                -41    14    14    11     3   102     0     -0.000     -0.000     23.837     23.837      0.000
     8         11  (e-)               -42     2     0     4     4     0     0      0.000      0.000    -20.000     20.000      0.000
     9          2  (u)                -44     5     5    15    16   101     0     -1.923     -4.883     18.269     19.011      0.330
    10         11  e-                  44     6     6     0     0     0     0      6.816     10.385     -6.555     14.045      0.001
    11         21  (g)                -43     7     0    12    13   102   101     -4.893     -5.502     -7.878     10.783      0.000
    12         21  (g)                -51    11     0    17    17   103   101     -5.098     -5.868     -7.192     10.590      0.000
    13         21  (g)                -51    11     0    25    25   102   103      0.205      0.366     -0.339      0.539      0.000
    14          2  (u)                -53    24    24     7     7   102     0     -0.000      0.000     24.184     24.184      0.000
    15          2  (u)                -51     9     0    26    26   104     0     -1.531     -5.256     17.448     18.290      0.330
    16         21  (g)                -51     9     0    18    19   101   104     -0.475      0.278      0.704      0.893      0.000
    17         21  (g)                -52    12    12    20    20   103   101     -5.015     -5.772     -7.075     10.417      0.000
    18         21  (g)                -51    16     0    27    27   105   104     -0.154      0.547      0.016      0.568      0.000
    19         21  (g)                -51    16     0    21    22   101   105     -0.588     -0.577      0.311      0.880      0.000
    20         21  (g)                -52    17    17    23    23   103   101     -4.747     -5.464     -6.698      9.862      0.000
    21         -2  (ubar)             -51    19     0    28    28     0   105     -0.041     -0.528     -0.094      0.631      0.330
    22          2  (u)                -51    19     0    29    29   101     0     -1.072     -0.654     -0.337      1.342      0.330
    23         21  (g)                -52    20    20    30    30   103   101     -4.222     -4.859     -5.956      8.770      0.000
    24          2  (u)                -61     1     0    14    14   102     0     -0.121     -0.960     24.727     24.746      0.000
    25         21  (g)                -62    13    13    39    39   102   103      0.203      0.329     -0.350      0.521      0.000
    26          2  (u)                -62    15    15    32    36   104     0     -1.566     -5.444     17.747     18.632      0.330
    27         21  (g)                -62    18    18    32    36   105   104     -0.155      0.523      0.000      0.545      0.000
    28         -2  (ubar)             -62    21    21    32    36     0   105     -0.045     -0.559     -0.071      0.655      0.330
    29          2  (u)                -62    22    22    37    37   101     0     -1.080     -0.724     -0.302      1.375      0.330
    30         21  (g)                -62    23    23    38    38   103   101     -4.284     -5.455     -5.710      8.984      0.000
    31       2101  (ud_0)             -63     1     0    40    40     0   102      0.112      0.946     75.235     75.243      0.579
    32        213  (rho+)             -83    26    28    53    54     0     0     -1.293     -2.832      9.841     10.365      0.941
    33        111  (pi0)              -83    26    28    69    70     0     0      0.306     -2.044      4.867      5.290      0.135
    34       2214  (Delta+)           -84    26    28    55    56     0     0     -0.218     -0.221      1.757      2.168      1.230
    35      -2224  (Deltabar--)       -84    26    28    57    58     0     0     -0.413     -0.148      0.965      1.615      1.218
    36        111  (pi0)              -84    26    28    71    72     0     0     -0.148     -0.236      0.246      0.396      0.135
    37          2  (u)                -71    29    29    41    52   101     0     -1.080     -0.724     -0.302      1.375      0.330
    38         21  (g)                -71    30    30    41    52   103   101     -4.284     -5.455     -5.710      8.984      0.000
    39         21  (g)                -71    25    25    41    52   102   103      0.203      0.329     -0.350      0.521      0.000
    40       2101  (ud_0)             -71    31    31    41    52     0   102      0.112      0.946     75.235     75.243      0.579
    41        213  (rho+)             -83    37    40    59    60     0     0     -1.554     -1.808     -1.998      3.213      0.803
    42       -211  pi-                 83    37    40     0     0     0     0     -0.256      0.086     -0.174      0.351      0.140
    43        211  pi+                 83    37    40     0     0     0     0     -1.086     -1.638     -1.077      2.246      0.140
    44       -213  (rho-)             -83    37    40    61    62     0     0     -0.844     -0.637     -0.650      1.497      0.836
    45        211  pi+                 83    37    40     0     0     0     0     -0.874     -1.076     -1.181      1.826      0.140
    46       -213  (rho-)             -84    37    40    63    64     0     0     -0.203     -1.313     -0.902      1.781      0.770
    47        111  (pi0)              -84    37    40    73    74     0     0     -0.364      0.653      1.152      1.380      0.135
    48        321  K+                  84    37    40     0     0     0     0     -0.047     -0.159      6.788      6.808      0.494
    49       -323  (K*-)              -84    37    40    65    66     0     0      0.182      0.156     13.551     13.582      0.888
    50        211  pi+                 84    37    40     0     0     0     0      0.357      0.535     10.138     10.159      0.140
    51       2112  n0                  84    37    40     0     0     0     0     -0.227      0.271     19.106     19.132      0.940
    52        113  (rho0)             -84    37    40    67    68     0     0     -0.131      0.026     24.123     24.148      1.097
    53        211  pi+                 91    32     0     0     0     0     0     -1.147     -1.492      5.314      5.639      0.140
    54        111  (pi0)              -91    32     0    75    76     0     0     -0.146     -1.340      4.527      4.726      0.135
    55       2112  n0                  91    34     0     0     0     0     0     -0.121     -0.007      1.578      1.841      0.940
    56        211  pi+                 91    34     0     0     0     0     0     -0.097     -0.214      0.179      0.327      0.140
    57      -2212  pbar-               91    35     0     0     0     0     0     -0.353     -0.186      1.026      1.447      0.938
    58       -211  pi-                 91    35     0     0     0     0     0     -0.060      0.038     -0.061      0.168      0.140
    59        211  pi+                 91    41     0     0     0     0     0     -0.180      0.006     -0.261      0.347      0.140
    60        111  (pi0)              -91    41     0    77    78     0     0     -1.374     -1.814     -1.737      2.866      0.135
    61       -211  pi-                 91    44     0     0     0     0     0      0.072      0.081     -0.091      0.199      0.140
    62        111  (pi0)              -91    44     0    79    80     0     0     -0.916     -0.718     -0.559      1.298      0.135
    63       -211  pi-                 91    46     0     0     0     0     0      0.213     -0.311     -0.433      0.591      0.140
    64        111  (pi0)              -91    46     0    81    82     0     0     -0.417     -1.001     -0.469      1.189      0.135
    65       -321  K-                  91    49     0     0     0     0     0      0.229     -0.114     10.795     10.809      0.494
    66        111  (pi0)              -91    49     0    83    84     0     0     -0.047      0.270      2.756      2.773      0.135
    67        211  pi+                 91    52     0     0     0     0     0      0.436     -0.110      7.780      7.794      0.140
    68       -211  pi-                 91    52     0     0     0     0     0     -0.568      0.136     16.343     16.354      0.140
    69         22  gamma               91    33     0     0     0     0     0      0.177     -1.551      3.719      4.034      0.000
    70         22  gamma               91    33     0     0     0     0     0      0.129     -0.493      1.148      1.256      0.000
    71         22  gamma               91    36     0     0     0     0     0     -0.138     -0.247      0.253      0.379      0.000
    72         22  gamma               91    36     0     0     0     0     0     -0.010      0.010     -0.007      0.016      0.000
    73         22  gamma               91    47     0     0     0     0     0     -0.088      0.098      0.132      0.187      0.000
    74         22  gamma               91    47     0     0     0     0     0     -0.276      0.554      1.020      1.193      0.000
    75         22  gamma               91    54     0     0     0     0     0     -0.167     -1.062      3.530      3.690      0.000
    76         22  gamma               91    54     0     0     0     0     0      0.021     -0.278      0.998      1.036      0.000
    77         22  gamma               91    60     0     0     0     0     0     -0.406     -0.463     -0.420      0.746      0.000
    78         22  gamma               91    60     0     0     0     0     0     -0.968     -1.351     -1.317      2.120      0.000
    79         22  gamma               91    62     0     0     0     0     0     -0.572     -0.426     -0.412      0.824      0.000
    80         22  gamma               91    62     0     0     0     0     0     -0.344     -0.292     -0.147      0.474      0.000
    81         22  gamma               91    64     0     0     0     0     0     -0.264     -0.597     -0.352      0.741      0.000
    82         22  gamma               91    64     0     0     0     0     0     -0.153     -0.405     -0.117      0.448      0.000
    83         22  gamma               91    66     0     0     0     0     0      0.027      0.097      0.572      0.581      0.000
    84         22  gamma               91    66     0     0     0     0     0     -0.074      0.173      2.184      2.192      0.000
                                   Charge sum:  0.000           Momentum sum:      0.000      0.000     79.996    120.001     89.447

 --------  End PYTHIA Event Listing  -----------------------------------------------------------------------------------------------
genfit::Exception thrown with excString:
RKTrackRep::RKutta ==> Do not get to an active plane! Already extrapolated 363.966°.
in line: 1940 in file: /phenix/u/phnxbld/workarea/sPHENIX_SL7.3/need_root_version/root-6.16.00/genfit/trackReps/src/RKTrackRep.cc
with fatal flag 0
genfit::Exception thrown with excString:
RKTrackRep::RKutta ==> Do not get to an active plane! Already extrapolated 364.167°.
in line: 1940 in file: /phenix/u/phnxbld/workarea/sPHENIX_SL7.3/need_root_version/root-6.16.00/genfit/trackReps/src/RKTrackRep.cc
with fatal flag 0
genfit::Exception thrown with excString:
RKTrackRep::RKutta ==> Do not get to an active plane! Already extrapolated 363.659°.
in line: 1940 in file: /phenix/u/phnxbld/workarea/sPHENIX_SL7.3/need_root_version/root-6.16.00/genfit/trackReps/src/RKTrackRep.cc
with fatal flag 0
genfit::Exception thrown with excString:
RKTrackRep::RKutta ==> Do not get to an active plane! Already extrapolated 363.157°.
in line: 1940 in file: /phenix/u/phnxbld/workarea/sPHENIX_SL7.3/need_root_version/root-6.16.00/genfit/trackReps/src/RKTrackRep.cc
with fatal flag 0
genfit::Exception thrown with excString:
RKTrackRep::RKutta ==> Do not get to an active plane! Already extrapolated 361.45°.
in line: 1940 in file: /phenix/u/phnxbld/workarea/sPHENIX_SL7.3/need_root_version/root-6.16.00/genfit/trackReps/src/RKTrackRep.cc
with fatal flag 0
genfit::Exception thrown with excString:
RKTrackRep::RKutta ==> Do not get to an active plane! Already extrapolated 361.45°.
in line: 1940 in file: /phenix/u/phnxbld/workarea/sPHENIX_SL7.3/need_root_version/root-6.16.00/genfit/trackReps/src/RKTrackRep.cc
with fatal flag 0
genfit::Exception thrown with excString:
RKTrackRep::RKutta ==> Do not get to an active plane! Already extrapolated 363.157°.
in line: 1940 in file: /phenix/u/phnxbld/workarea/sPHENIX_SL7.3/need_root_version/root-6.16.00/genfit/trackReps/src/RKTrackRep.cc
with fatal flag 0
genfit::Exception thrown with excString:
RKTrackRep::RKutta ==> Do not get to an active plane! Already extrapolated 363.659°.
in line: 1940 in file: /phenix/u/phnxbld/workarea/sPHENIX_SL7.3/need_root_version/root-6.16.00/genfit/trackReps/src/RKTrackRep.cc
with fatal flag 0
genfit::Exception thrown with excString:
RKTrackRep::RKutta ==> Do not get to an active plane! Already extrapolated 364.167°.
in line: 1940 in file: /phenix/u/phnxbld/workarea/sPHENIX_SL7.3/need_root_version/root-6.16.00/genfit/trackReps/src/RKTrackRep.cc
with fatal flag 0
genfit::Exception thrown with excString:
RKTrackRep::RKutta ==> Do not get to an active plane! Already extrapolated 363.966°.
in line: 1940 in file: /phenix/u/phnxbld/workarea/sPHENIX_SL7.3/need_root_version/root-6.16.00/genfit/trackReps/src/RKTrackRep.cc
with fatal flag 0
genfit::Exception thrown with excString:
RKTrackRep::RKutta ==> Do not get to an active plane! Already extrapolated 363.966°.
in line: 1940 in file: /phenix/u/phnxbld/workarea/sPHENIX_SL7.3/need_root_version/root-6.16.00/genfit/trackReps/src/RKTrackRep.cc
with fatal flag 0
genfit::Exception thrown with excString:
RKTrackRep::RKutta ==> Do not get to an active plane! Already extrapolated 364.167°.
in line: 1940 in file: /phenix/u/phnxbld/workarea/sPHENIX_SL7.3/need_root_version/root-6.16.00/genfit/trackReps/src/RKTrackRep.cc
with fatal flag 0
genfit::Exception thrown with excString:
RKTrackRep::RKutta ==> Do not get to an active plane! Already extrapolated 363.659°.
in line: 1940 in file: /phenix/u/phnxbld/workarea/sPHENIX_SL7.3/need_root_version/root-6.16.00/genfit/trackReps/src/RKTrackRep.cc
with fatal flag 0
genfit::Exception thrown with excString:
RKTrackRep::RKutta ==> Do not get to an active plane! Already extrapolated 363.157°.
in line: 1940 in file: /phenix/u/phnxbld/workarea/sPHENIX_SL7.3/need_root_version/root-6.16.00/genfit/trackReps/src/RKTrackRep.cc
with fatal flag 0
genfit::Exception thrown with excString:
RKTrackRep::RKutta ==> Do not get to an active plane! Already extrapolated 361.45°.
in line: 1940 in file: /phenix/u/phnxbld/workarea/sPHENIX_SL7.3/need_root_version/root-6.16.00/genfit/trackReps/src/RKTrackRep.cc
with fatal flag 0
genfit::Exception thrown with excString:
RKTrackRep::RKutta ==> Do not get to an active plane! Already extrapolated 361.45°.
in line: 1940 in file: /phenix/u/phnxbld/workarea/sPHENIX_SL7.3/need_root_version/root-6.16.00/genfit/trackReps/src/RKTrackRep.cc
with fatal flag 0
genfit::Exception thrown with excString:
RKTrackRep::RKutta ==> Do not get to an active plane! Already extrapolated 363.157°.
in line: 1940 in file: /phenix/u/phnxbld/workarea/sPHENIX_SL7.3/need_root_version/root-6.16.00/genfit/trackReps/src/RKTrackRep.cc
with fatal flag 0
genfit::Exception thrown with excString:
RKTrackRep::RKutta ==> Do not get to an active plane! Already extrapolated 363.659°.
in line: 1940 in file: /phenix/u/phnxbld/workarea/sPHENIX_SL7.3/need_root_version/root-6.16.00/genfit/trackReps/src/RKTrackRep.cc
with fatal flag 0
genfit::Exception thrown with excString:
RKTrackRep::RKutta ==> Do not get to an active plane! Already extrapolated 364.167°.
in line: 1940 in file: /phenix/u/phnxbld/workarea/sPHENIX_SL7.3/need_root_version/root-6.16.00/genfit/trackReps/src/RKTrackRep.cc
with fatal flag 0
genfit::Exception thrown with excString:
RKTrackRep::RKutta ==> Do not get to an active plane! Already extrapolated 363.966°.
in line: 1940 in file: /phenix/u/phnxbld/workarea/sPHENIX_SL7.3/need_root_version/root-6.16.00/genfit/trackReps/src/RKTrackRep.cc
with fatal flag 0
genfit::Exception thrown with excString:
RKTrackRep::RKutta ==> Do not get to an active plane! Already extrapolated 363.966°.
in line: 1940 in file: /phenix/u/phnxbld/workarea/sPHENIX_SL7.3/need_root_version/root-6.16.00/genfit/trackReps/src/RKTrackRep.cc
with fatal flag 0
genfit::Exception thrown with excString:
RKTrackRep::RKutta ==> Do not get to an active plane! Already extrapolated 364.167°.
in line: 1940 in file: /phenix/u/phnxbld/workarea/sPHENIX_SL7.3/need_root_version/root-6.16.00/genfit/trackReps/src/RKTrackRep.cc
with fatal flag 0
genfit::Exception thrown with excString:
RKTrackRep::RKutta ==> Do not get to an active plane! Already extrapolated 363.659°.
in line: 1940 in file: /phenix/u/phnxbld/workarea/sPHENIX_SL7.3/need_root_version/root-6.16.00/genfit/trackReps/src/RKTrackRep.cc
with fatal flag 0
genfit::Exception thrown with excString:
RKTrackRep::RKutta ==> Do not get to an active plane! Already extrapolated 363.157°.
in line: 1940 in file: /phenix/u/phnxbld/workarea/sPHENIX_SL7.3/need_root_version/root-6.16.00/genfit/trackReps/src/RKTrackRep.cc
with fatal flag 0
genfit::Exception thrown with excString:
RKTrackRep::RKutta ==> Do not get to an active plane! Already extrapolated 361.45°.
in line: 1940 in file: /phenix/u/phnxbld/workarea/sPHENIX_SL7.3/need_root_version/root-6.16.00/genfit/trackReps/src/RKTrackRep.cc
with fatal flag 0
genfit::Exception thrown with excString:
RKTrackRep::RKutta ==> Do not get to an active plane! Already extrapolated 361.45°.
in line: 1940 in file: /phenix/u/phnxbld/workarea/sPHENIX_SL7.3/need_root_version/root-6.16.00/genfit/trackReps/src/RKTrackRep.cc
with fatal flag 0
genfit::Exception thrown with excString:
RKTrackRep::RKutta ==> Do not get to an active plane! Already extrapolated 363.157°.
in line: 1940 in file: /phenix/u/phnxbld/workarea/sPHENIX_SL7.3/need_root_version/root-6.16.00/genfit/trackReps/src/RKTrackRep.cc
with fatal flag 0
genfit::Exception thrown with excString:
RKTrackRep::RKutta ==> Do not get to an active plane! Already extrapolated 363.659°.
in line: 1940 in file: /phenix/u/phnxbld/workarea/sPHENIX_SL7.3/need_root_version/root-6.16.00/genfit/trackReps/src/RKTrackRep.cc
with fatal flag 0
genfit::Exception thrown with excString:
RKTrackRep::RKutta ==> Do not get to an active plane! Already extrapolated 364.167°.
in line: 1940 in file: /phenix/u/phnxbld/workarea/sPHENIX_SL7.3/need_root_version/root-6.16.00/genfit/trackReps/src/RKTrackRep.cc
with fatal flag 0
genfit::Exception thrown with excString:
RKTrackRep::RKutta ==> Do not get to an active plane! Already extrapolated 363.966°.
in line: 1940 in file: /phenix/u/phnxbld/workarea/sPHENIX_SL7.3/need_root_version/root-6.16.00/genfit/trackReps/src/RKTrackRep.cc
with fatal flag 0
genfit::Exception thrown with excString:
RKTrackRep::RKutta ==> Do not get to an active plane! Already extrapolated 363.966°.
in line: 1940 in file: /phenix/u/phnxbld/workarea/sPHENIX_SL7.3/need_root_version/root-6.16.00/genfit/trackReps/src/RKTrackRep.cc
with fatal flag 0
genfit::Exception thrown with excString:
RKTrackRep::RKutta ==> Do not get to an active plane! Already extrapolated 364.167°.
in line: 1940 in file: /phenix/u/phnxbld/workarea/sPHENIX_SL7.3/need_root_version/root-6.16.00/genfit/trackReps/src/RKTrackRep.cc
with fatal flag 0
genfit::Exception thrown with excString:
RKTrackRep::RKutta ==> Do not get to an active plane! Already extrapolated 363.659°.
in line: 1940 in file: /phenix/u/phnxbld/workarea/sPHENIX_SL7.3/need_root_version/root-6.16.00/genfit/trackReps/src/RKTrackRep.cc
with fatal flag 0
genfit::Exception thrown with excString:
RKTrackRep::RKutta ==> Do not get to an active plane! Already extrapolated 363.157°.
in line: 1940 in file: /phenix/u/phnxbld/workarea/sPHENIX_SL7.3/need_root_version/root-6.16.00/genfit/trackReps/src/RKTrackRep.cc
with fatal flag 0
genfit::Exception thrown with excString:
RKTrackRep::RKutta ==> Do not get to an active plane! Already extrapolated 361.45°.
in line: 1940 in file: /phenix/u/phnxbld/workarea/sPHENIX_SL7.3/need_root_version/root-6.16.00/genfit/trackReps/src/RKTrackRep.cc
with fatal flag 0
genfit::Exception thrown with excString:
RKTrackRep::RKutta ==> Do not get to an active plane! Already extrapolated 361.45°.
in line: 1940 in file: /phenix/u/phnxbld/workarea/sPHENIX_SL7.3/need_root_version/root-6.16.00/genfit/trackReps/src/RKTrackRep.cc
with fatal flag 0
genfit::Exception thrown with excString:
RKTrackRep::RKutta ==> Do not get to an active plane! Already extrapolated 363.157°.
in line: 1940 in file: /phenix/u/phnxbld/workarea/sPHENIX_SL7.3/need_root_version/root-6.16.00/genfit/trackReps/src/RKTrackRep.cc
with fatal flag 0
genfit::Exception thrown with excString:
RKTrackRep::RKutta ==> Do not get to an active plane! Already extrapolated 363.659°.
in line: 1940 in file: /phenix/u/phnxbld/workarea/sPHENIX_SL7.3/need_root_version/root-6.16.00/genfit/trackReps/src/RKTrackRep.cc
with fatal flag 0
genfit::Exception thrown with excString:
RKTrackRep::RKutta ==> Do not get to an active plane! Already extrapolated 364.167°.
in line: 1940 in file: /phenix/u/phnxbld/workarea/sPHENIX_SL7.3/need_root_version/root-6.16.00/genfit/trackReps/src/RKTrackRep.cc
with fatal flag 0
genfit::Exception thrown with excString:
RKTrackRep::RKutta ==> Do not get to an active plane! Already extrapolated 363.966°.
in line: 1940 in file: /phenix/u/phnxbld/workarea/sPHENIX_SL7.3/need_root_version/root-6.16.00/genfit/trackReps/src/RKTrackRep.cc
with fatal flag 0
[0;33m[TwoTrackMinimumDistance] comparing track with itself![;0m
[0;33m[TwoTrackMinimumDistance] Computation HelixHelix::CAIR failed.[;0m
[0;33m[TwoTrackMinimumDistance] comparing track with itself![;0m
[0;33m[TwoTrackMinimumDistance] Computation HelixHelix::CAIR failed.[;0m
[0;33m[TwoTrackMinimumDistance] comparing track with itself![;0m
[0;33m[TwoTrackMinimumDistance] Computation HelixHelix::CAIR failed.[;0m
[0;33m[TwoTrackMinimumDistance] comparing track with itself![;0m
[0;33m[TwoTrackMinimumDistance] Computation HelixHelix::CAIR failed.[;0m
[0;33m[TwoTrackMinimumDistance] comparing track with itself![;0m
[0;33m[TwoTrackMinimumDistance] Computation HelixHelix::CAIR failed.[;0m
[0;33m[TwoTrackMinimumDistance] comparing track with itself![;0m
[0;33m[TwoTrackMinimumDistance] Computation HelixHelix::CAIR failed.[;0m
[0;33m[TwoTrackMinimumDistance] comparing track with itself![;0m
[0;33m[TwoTrackMinimumDistance] Computation HelixHelix::CAIR failed.[;0m
[0;33m[TwoTrackMinimumDistance] comparing track with itself![;0m
[0;33m[TwoTrackMinimumDistance] Computation HelixHelix::CAIR failed.[;0m
[0;33m[TwoTrackMinimumDistance] comparing track with itself![;0m
[0;33m[TwoTrackMinimumDistance] Computation HelixHelix::CAIR failed.[;0m
[0;33m[TwoTrackMinimumDistance] comparing track with itself![;0m
[0;33m[TwoTrackMinimumDistance] Computation HelixHelix::CAIR failed.[;0m
[0;33m[TwoTrackMinimumDistance] comparing track with itself![;0m
[0;33m[TwoTrackMinimumDistance] Computation HelixHelix::CAIR failed.[;0m
[0;33m[TwoTrackMinimumDistance] comparing track with itself![;0m
[0;33m[TwoTrackMinimumDistance] Computation HelixHelix::CAIR failed.[;0m
[0;33m[TwoTrackMinimumDistance] comparing track with itself![;0m
[0;33m[TwoTrackMinimumDistance] Computation HelixHelix::CAIR failed.[;0m
[0;33m[TwoTrackMinimumDistance] comparing track with itself![;0m
[0;33m[TwoTrackMinimumDistance] Computation HelixHelix::CAIR failed.[;0m
[0;33m[TwoTrackMinimumDistance] comparing track with itself![;0m
[0;33m[TwoTrackMinimumDistance] Computation HelixHelix::CAIR failed.[;0m
[0;33m[TwoTrackMinimumDistance] comparing track with itself![;0m
[0;33m[TwoTrackMinimumDistance] Computation HelixHelix::CAIR failed.[;0m
[0;33m[TwoTrackMinimumDistance] comparing track with itself![;0m
[0;33m[TwoTrackMinimumDistance] Computation HelixHelix::CAIR failed.[;0m
[0;33m[TwoTrackMinimumDistance] comparing track with itself![;0m
[0;33m[TwoTrackMinimumDistance] Computation HelixHelix::CAIR failed.[;0m
[0;33m[TwoTrackMinimumDistance] comparing track with itself![;0m
[0;33m[TwoTrackMinimumDistance] Computation HelixHelix::CAIR failed.[;0m
Warning: Conversion of SvtxTrack tracklet 18 to PHGenFitTrack failed, moving to next tracklet 
