LD_LIBRARY_PATH now /global/project/projectdirs/alice/ftorales/Singularity/install/lib:.:/global/project/projectdirs/alice/ftorales/Singularity/cvmfs/sphenix.sdcc.bnl.gov/x8664_sl7/release/release_new/new.4/lib:/global/project/projectdirs/alice/ftorales/Singularity/cvmfs/sphenix.sdcc.bnl.gov/x8664_sl7/opt/sphenix/utils/lib64:/global/project/projectdirs/alice/ftorales/Singularity/cvmfs/sphenix.sdcc.bnl.gov/x8664_sl7/opt/sphenix/utils/lib:/global/project/projectdirs/alice/ftorales/Singularity/cvmfs/sphenix.sdcc.bnl.gov/x8664_sl7/opt/sphenix/core/lib:/global/project/projectdirs/alice/ftorales/Singularity/cvmfs/sphenix.sdcc.bnl.gov/x8664_sl7/opt/sphenix/core/root-6.16.00/lib:/global/project/projectdirs/alice/ftorales/Singularity/cvmfs/sphenix.sdcc.bnl.gov/x8664_sl7/opt/sphenix/core/geant4.10.02.p02/lib64:/global/project/projectdirs/alice/ftorales/Singularity/cvmfs/sphenix.sdcc.bnl.gov/x8664_sl7/opt/sphenix/core/lhapdf-5.9.1/lib:/usr/local/lib64:/usr/lib64
PATH now :.:/global/project/projectdirs/alice/ftorales/Singularity/cvmfs/sphenix.sdcc.bnl.gov/x8664_sl7/release/release_new/new.4/bin:/global/project/projectdirs/alice/ftorales/Singularity/cvmfs/sphenix.sdcc.bnl.gov/x8664_sl7/opt/sphenix/utils/bin:/global/project/projectdirs/alice/ftorales/Singularity/cvmfs/sphenix.sdcc.bnl.gov/x8664_sl7/opt/sphenix/core/bin:/global/project/projectdirs/alice/ftorales/Singularity/cvmfs/sphenix.sdcc.bnl.gov/x8664_sl7/opt/sphenix/core/root-6.16.00/bin:/global/project/projectdirs/alice/ftorales/Singularity/cvmfs/sphenix.sdcc.bnl.gov/x8664_sl7/opt/sphenix/core/geant4.10.02.p02/bin:/usr/local/bin:/usr/bin:/usr/local/sbin:/usr/sbin
   ------------------------------------------------------------
  | Welcome to ROOT 6.16/00                  https://root.cern |
  |                               (c) 1995-2018, The ROOT Team |
  | Built for linuxx8664gcc on Jan 23 2019, 09:06:13           |
  | From tags/v6-16-00@v6-16-00                                |
  | Try '.help', '.demo', '.license', '.credits', '.quit'/'.q' |
   ------------------------------------------------------------


Processing Fun4All_G4_sPHENIX.C(2, "", "/global/project/projectdirs/alice/ftorales/eP_MC/eP_7")...
PHRandomSeed::GetSeed() seed: 797126649

 *------------------------------------------------------------------------------------* 
 |                                                                                    | 
 |  *------------------------------------------------------------------------------*  | 
 |  |                                                                              |  | 
 |  |                                                                              |  | 
 |  |   PPP   Y   Y  TTTTT  H   H  III    A      Welcome to the Lund Monte Carlo!  |  | 
 |  |   P  P   Y Y     T    H   H   I    A A     This is PYTHIA version 8.243      |  | 
 |  |   PPP     Y      T    HHHHH   I   AAAAA    Last date of change:  4 Jul 2019  |  | 
 |  |   P       Y      T    H   H   I   A   A                                      |  | 
 |  |   P       Y      T    H   H  III  A   A    Now is 02 Apr 2020 at 17:14:15    |  | 
 |  |                                                                              |  | 
 |  |   Christian Bierlich;  Department of Astronomy and Theoretical Physics,      |  | 
 |  |      Lund University, Solvegatan 14A, SE-223 62 Lund, Sweden;                |  | 
 |  |      e-mail: christian.bierlich@thep.lu.se                                   |  | 
 |  |   Nishita Desai;  Department of Theoretical Physics, Tata Institute,         |  | 
 |  |      Homi Bhabha Road, Mumbai 400005, India;                                 |  | 
 |  |      e-mail: desai@theory.tifr.res.in                                        |  | 
 |  |   Ilkka Helenius;  Department of Physics, University of Jyvaskyla,           |  | 
 |  |      P.O. Box 35, FI-40014 University of Jyvaskyla, Finland;                 |  | 
 |  |      e-mail: ilkka.m.helenius@jyu.fi                                         |  | 
 |  |   Philip Ilten;  School of Physics and Astronomy,                            |  | 
 |  |      University of Birmingham, Birmingham, B152 2TT, UK;                     |  | 
 |  |      e-mail: philten@cern.ch                                                 |  | 
 |  |   Leif Lonnblad;  Department of Astronomy and Theoretical Physics,           |  | 
 |  |      Lund University, Solvegatan 14A, SE-223 62 Lund, Sweden;                |  | 
 |  |      e-mail: leif.lonnblad@thep.lu.se                                        |  | 
 |  |   Stephen Mrenna;  Computing Division, Simulations Group,                    |  | 
 |  |      Fermi National Accelerator Laboratory, MS 234, Batavia, IL 60510, USA;  |  | 
 |  |      e-mail: mrenna@fnal.gov                                                 |  | 
 |  |   Stefan Prestel;  Department of Astronomy and Theoretical Physics,          |  | 
 |  |      Lund University, Solvegatan 14A, SE-223 62 Lund, Sweden;                |  | 
 |  |      e-mail: stefan.prestel@thep.lu.se                                       |  | 
 |  |   Christine O. Rasmussen;  Department of Astronomy and Theoretical Physics,  |  | 
 |  |      Lund University, Solvegatan 14A, SE-223 62 Lund, Sweden;                |  | 
 |  |      e-mail: christine.rasmussen@thep.lu.se                                  |  | 
 |  |   Torbjorn Sjostrand;  Department of Astronomy and Theoretical Physics,      |  | 
 |  |      Lund University, Solvegatan 14A, SE-223 62 Lund, Sweden;                |  | 
 |  |      e-mail: torbjorn@thep.lu.se                                             |  | 
 |  |   Peter Skands;  School of Physics,                                          |  | 
 |  |      Monash University, PO Box 27, 3800 Melbourne, Australia;                |  | 
 |  |      e-mail: peter.skands@monash.edu                                         |  | 
 |  |                                                                              |  | 
 |  |   The main program reference is 'An Introduction to PYTHIA 8.2',             |  | 
 |  |   T. Sjostrand et al, Comput. Phys. Commun. 191 (2015) 159                   |  | 
 |  |   [arXiv:1410.3012 [hep-ph]]                                                 |  | 
 |  |                                                                              |  | 
 |  |   The main physics reference is the 'PYTHIA 6.4 Physics and Manual',         |  | 
 |  |   T. Sjostrand, S. Mrenna and P. Skands, JHEP05 (2006) 026 [hep-ph/0603175]  |  | 
 |  |                                                                              |  | 
 |  |   An archive of program versions and documentation is found on the web:      |  | 
 |  |   http://www.thep.lu.se/Pythia                                               |  | 
 |  |                                                                              |  | 
 |  |   This program is released under the GNU General Public Licence version 2.   |  | 
 |  |   Please respect the MCnet Guidelines for Event Generator Authors and Users. |  | 
 |  |                                                                              |  | 
 |  |   Disclaimer: this program comes without any guarantees.                     |  | 
 |  |   Beware of errors and use common sense when interpreting results.           |  | 
 |  |                                                                              |  | 
 |  |   Copyright (C) 2019 Torbjorn Sjostrand                                      |  | 
 |  |                                                                              |  | 
 |  |                                                                              |  | 
 |  *------------------------------------------------------------------------------*  | 
 |                                                                                    | 
 *------------------------------------------------------------------------------------* 

PHRandomSeed::GetSeed() seed: 2455886414
PHPythia8 random seed: 655886414

 *-------  PYTHIA Process Initialization  --------------------------*
 |                                                                  |
 | We collide p+ with e- at a CM energy of 8.945e+01 GeV            |
 |                                                                  |
 |------------------------------------------------------------------|
 |                                                    |             |
 | Subprocess                                    Code |   Estimated |
 |                                                    |    max (mb) |
 |                                                    |             |
 |------------------------------------------------------------------|
 |                                                    |             |
 | g g -> g g                                     111 |   0.000e+00 |
 | g g -> q qbar (uds)                            112 |   0.000e+00 |
 | q g -> q g                                     113 |   0.000e+00 |
 | q q(bar)' -> q q(bar)'                         114 |   0.000e+00 |
 | q qbar -> g g                                  115 |   0.000e+00 |
 | q qbar -> q' qbar' (uds)                       116 |   0.000e+00 |
 | g g -> c cbar                                  121 |   0.000e+00 |
 | q qbar -> c cbar                               122 |   0.000e+00 |
 | g g -> b bbar                                  123 |   0.000e+00 |
 | q qbar -> b bbar                               124 |   0.000e+00 |
 | f f' -> f f' (t-channel gamma*/Z0)             211 |   9.265e-05 |
 |                                                                  |
 *-------  End PYTHIA Process Initialization -----------------------*

 *-------  PYTHIA Flag + Mode + Parm + Word + FVec + MVec + PVec + WVec Settings (changes only)  ------------------* 
 |                                                                                                                 | 
 | Name                                          |                      Now |      Default         Min         Max | 
 |                                               |                          |                                      | 
 | Beams:eA                                      |                100.00000 |     7000.000         0.0             | 
 | Beams:eB                                      |                 20.00000 |     7000.000         0.0             | 
 | Beams:frameType                               |                        2 |            1           1           5 | 
 | Beams:idB                                     |                       11 |         2212                         | 
 | HardQCD:all                                   |                       on |          off                         | 
 | Main:timesAllowErrors                         |                   900000 |           10           0             | 
 | PDF:lepton                                    |                      off |           on                         | 
 | PhaseSpace:Q2Min                              |                 16.00000 |          0.0         0.0             | 
 | Random:seed                                   |                655886414 |           -1               900000000 | 
 | Random:setSeed                                |                       on |          off                         | 
 | SpaceShower:pTmaxMatch                        |                        2 |            0           0           2 | 
 | TimeShower:QEDshowerByL                       |                      off |           on                         | 
 | WeakBosonExchange:ff2ff(t:gmZ)                |                       on |          off                         | 
 |                                                                                                                 | 
 *-------  End PYTHIA Flag + Mode + Parm + Word + FVec + MVec + PVec + WVec Settings  -----------------------------* 

 --------  PYTHIA Particle Data Table (changed only)  ------------------------------------------------------------------------------
 
      id   name            antiName         spn chg col      m0        mWidth      mMin       mMax       tau0    res dec ext vis wid
             no onMode   bRatio   meMode     products 

 no particle data has been changed from its default value 

 --------  End PYTHIA Particle Data Table  -----------------------------------------------------------------------------------------

PHRandomSeed::GetSeed() seed: 2893443563
PHRandomSeed::GetSeed() seed: 3455007166
Intt has 4 layers with layer setup:
 Intt layer 0 laddertype -2 nladders 15 sensor radius 9.0 offsetphi 0.0
 Intt layer 1 laddertype -2 nladders 15 sensor radius 9.5 offsetphi 12.0
 Intt layer 2 laddertype -2 nladders 18 sensor radius 10.8 offsetphi 0.0
 Intt layer 3 laddertype -2 nladders 18 sensor radius 11.4 offsetphi 10.0
HCalInner - construct inner HCal absorber with G4_Al
PHRandomSeed::GetSeed() seed: 1063934657

*************************************************************
 Geant4 version Name: geant4-10-02-patch-02    (17-June-2016)
                      Copyright : Geant4 Collaboration
                      Reference : NIM A 506 (2003), 250-303
                            WWW : http://cern.ch/geant4
*************************************************************

<<< Geant4 Physics List simulation engine: QGSP_BERT 4.0

PHG4MvtxHitReco: Setting Mvtx timing window defaults to tmin = -5000 and  tmax = 5000 ns
PHG4MvtxHitReco: Set Mvtx timing window parameters from macro for layer = 0 to tmin = -5000.0 tmax = 5000.0
PHG4MvtxHitReco: Set Mvtx timing window parameters from macro for layer = 1 to tmin = -5000.0 tmax = 5000.0
PHG4MvtxHitReco: Set Mvtx timing window parameters from macro for layer = 2 to tmin = -5000.0 tmax = 5000.0
PHRandomSeed::GetSeed() seed: 4103411262
PHRandomSeed::GetSeed() seed: 2325489436
Registering padplane 
padplane registered and parameters updated
PHRandomSeed::GetSeed() seed: 1434780895
PHParameters::ReadFromFile - Reading from File: /global/project/projectdirs/alice/ftorales/Singularity/cvmfs/sphenix.sdcc.bnl.gov/x8664_sl7/release/release_new/new.4/share/calibrations/CEMC/TowerCalib_2017ProjTilted/cemc_geoparams-0-0-4294967295-1499354960.xml ... Received PdbParameterMap with (Hash = 0x883e8cf2a8d53c9f)
BEmcProfile: Loading profile data from file /global/project/projectdirs/alice/ftorales/Singularity/cvmfs/sphenix.sdcc.bnl.gov/x8664_sl7/release/release_new/new.4/share/calibrations/EmcProfile/CEMCprof_Thresh30MeV.root
  8 bin in energy:  0.5,  1.0,  2.0,  4.0, 10.0, 20.0, 40.0, 80.0, 
  4 bin in theta:  0.05, 0.14, 0.25, 0.34, 
PHParameters::ReadFromFile - Reading from File: /global/project/projectdirs/alice/ftorales/Singularity/cvmfs/sphenix.sdcc.bnl.gov/x8664_sl7/release/release_new/new.4/share/calibrations/CEMC/PositionRecalibration_EMCal_9deg_tilt/cemc_recalib_geoparams-0-0-4294967295-1532091513.xml ... Received PdbParameterMap with (Hash = 0x9eda525940469004)
PHParameters::ReadFromFile - Reading from File: /global/project/projectdirs/alice/ftorales/Singularity/cvmfs/sphenix.sdcc.bnl.gov/x8664_sl7/release/release_new/new.4/share/calibrations/CEMC/PositionRecalibration_EMCal_9deg_tilt/cemc_ecore_recalib_geoparams-0-0-4294967295-1532091569.xml ... Received PdbParameterMap with (Hash = 0xe641b18750973639)
PHRandomSeed::GetSeed() seed: 2529566629
Warning from RawClusterBuilderTemplate::Detector(): no detector specific class BEmcRec{Name} defined for detector HCALIN. Default BEmcRec will be used
PHRandomSeed::GetSeed() seed: 1906424076
Warning from RawClusterBuilderTemplate::Detector(): no detector specific class BEmcRec{Name} defined for detector HCALOUT. Default BEmcRec will be used
PHRandomSeed::GetSeed() seed: 4141309393
PHG4MvtxDigitizer random seed: 4141309393
PHRandomSeed::GetSeed() seed: 865074926
PHG4InttDigitizer random seed: 865074926
PHRandomSeed::GetSeed() seed: 914085622
PHG4TpcDigitizer random seed: 914085622
 Tpc digitizer: Setting ENC to 670.0 ADC threshold to 2680.0 maps+Intt layers set to 7
PHRandomSeed::GetSeed() seed: 3925408589
PHTFileServer::open - opening file /global/project/projectdirs/alice/ftorales/eP_MC/eP_7_electrons+jets.root (RECREATE)
Fun4AllServer: Runnumber forced to 0 by RUNNUMBER IntFlag
Fun4AllServer::setRun(): could not get timestamp for run  0, using tics(0) timestamp: Wed Dec 31 19:00:00 1969
PHFieldUtility::GetFieldConfigNode - field map with configuration from input default: PHFieldConfigv1::identify - Field type of [2D field map expressed in cylindrical coordinates] from file [/global/project/projectdirs/alice/ftorales/Singularity/cvmfs/sphenix.sdcc.bnl.gov/x8664_sl7/release/release_new/new.4/share/calibrations/Field/Map/sPHENIX.2d.root] with a scale factor of -0.9
PHParameters::ReadFromFile - Reading from File: /global/project/projectdirs/alice/ftorales/Singularity/cvmfs/sphenix.sdcc.bnl.gov/x8664_sl7/release/release_new/new.4/share/calibrations/CEMC/Geometry_2018ProjTilted/cemc_geoparams-0-0-4294967295-1536789215.xml ... Received PdbParameterMapContainer Detector Id 0 with (Hash = 0xaf819d10e459ac67)
G4GDML: Reading '/global/project/projectdirs/alice/ftorales/Singularity/cvmfs/sphenix.sdcc.bnl.gov/x8664_sl7/release/release_new/new.4/share/calibrations/Tracking/geometry/mvtx_stave_v1.gdml'...
G4GDML: Reading definitions...
G4GDML: Reading materials...
G4GDML: Reading solids...
G4GDML: Reading structure...
G4GDML: Reading setup...
G4GDML: Reading '/global/project/projectdirs/alice/ftorales/Singularity/cvmfs/sphenix.sdcc.bnl.gov/x8664_sl7/release/release_new/new.4/share/calibrations/Tracking/geometry/mvtx_stave_v1.gdml' done!
Stripping off GDML names of materials, solids and volumes ...
north copy no: 1
south copy no: 2
PHG4FullProjTiltedSpacalDetector::Construct_AzimuthalSeg::CEMC_0 - constructed 192 unique towers
PHG4Reco::InitRun - export geometry to DST via tmp file /tmp/PHGeomUtility_geom_file_20418.gdml
PHG4GDML: Writing '/tmp/PHGeomUtility_geom_file_20418.gdml'...
PHG4GDML: Writing definitions...
G4GDML: Writing materials...
PHG4GDML: Writing solids...
PHG4GDML: Writing structure...
G4GDML: Writing setup...
PHG4GDML: Writing surfaces...
PHG4GDML: Writing '/tmp/PHGeomUtility_geom_file_20418.gdml' done !
PHRandomSeed::GetSeed() seed: 3386842788
Infor from RawClusterBuilderTemplate::InitRun(): Init geometry for CEMC: N of geom towers: 24576; ix=0-255 iy=0-95
Infor from RawClusterBuilderTemplate::InitRun(): Init geometry for HCALIN: N of geom towers: 1536; ix=0-63 iy=0-23
Infor from RawClusterBuilderTemplate::InitRun(): Init geometry for HCALOUT: N of geom towers: 1536; ix=0-63 iy=0-23
PHG4InttDigitizer::InitRun: detector = INTT
layer array size: 12
init _nlayers_seeding 12
init _min_layers_seeding 12
init n min layers = 4
GFRaveVertexFactory::setMethod ==> set method to avf-smoothing:1
--------------------------------------

List of Nodes in Fun4AllServer:
Node Tree under TopNode TOP
TOP (PHCompositeNode)/
   DST (PHCompositeNode)/
      PHHepMCGenEventMap (IO,PHHepMCGenEventMap)
      PHG4INEVENT (PHDataNode)
      PIPE (PHCompositeNode)/
         G4HIT_PIPE (IO,PHG4HitContainer)
      MVTX (PHCompositeNode)/
         G4HIT_MVTX (IO,PHG4HitContainer)
      INTT (PHCompositeNode)/
         G4HIT_INTT (IO,PHG4HitContainer)
      TPC (PHCompositeNode)/
         G4HIT_ABSORBER_TPC (IO,PHG4HitContainer)
         G4HIT_TPC (IO,PHG4HitContainer)
      CEMC_ELECTRONICS (PHCompositeNode)/
         G4HIT_CEMC_ELECTRONICS (IO,PHG4HitContainer)
      CEMC_SPT (PHCompositeNode)/
         G4HIT_CEMC_SPT (IO,PHG4HitContainer)
      G4HIT_CEMC (IO,PHG4HitContainer)
      G4HIT_ABSORBER_CEMC (IO,PHG4HitContainer)
      HCALIN (PHCompositeNode)/
         G4HIT_ABSORBER_HCALIN (IO,PHG4HitContainer)
         G4HIT_HCALIN (IO,PHG4HitContainer)
         G4CELL_HCALIN (IO,PHG4CellContainer)
         TOWER_SIM_HCALIN (IO,RawTowerContainer)
         TOWER_RAW_HCALIN (IO,RawTowerContainer)
         TOWER_CALIB_HCALIN (IO,RawTowerContainer)
         CLUSTER_HCALIN (IO,RawClusterContainer)
      HCALIN_SPT (PHCompositeNode)/
         G4HIT_HCALIN_SPT (IO,PHG4HitContainer)
      MAGNET (PHCompositeNode)/
         G4HIT_MAGNET (IO,PHG4HitContainer)
      HCALOUT (PHCompositeNode)/
         G4HIT_ABSORBER_HCALOUT (IO,PHG4HitContainer)
         G4HIT_HCALOUT (IO,PHG4HitContainer)
         G4CELL_HCALOUT (IO,PHG4CellContainer)
         TOWER_SIM_HCALOUT (IO,RawTowerContainer)
         TOWER_RAW_HCALOUT (IO,RawTowerContainer)
         TOWER_CALIB_HCALOUT (IO,RawTowerContainer)
         CLUSTER_HCALOUT (IO,RawClusterContainer)
      G4HIT_BH_1 (IO,PHG4HitContainer)
      BH_FORWARD_PLUS (PHCompositeNode)/
         G4HIT_BH_FORWARD_PLUS (IO,PHG4HitContainer)
      BH_FORWARD_NEG (PHCompositeNode)/
         G4HIT_BH_FORWARD_NEG (IO,PHG4HitContainer)
      G4TruthInfo (IO,PHG4TruthInfoContainer)
      BBC (PHCompositeNode)/
         BbcVertexMap (IO,BbcVertexMapv1)
      TRKR (PHCompositeNode)/
         TRKR_HITSET (IO,TrkrHitSetContainer)
         TRKR_HITTRUTHASSOC (IO,TrkrHitTruthAssoc)
         TRKR_CLUSTER (IO,TrkrClusterContainer)
         TRKR_CLUSTERHITASSOC (IO,TrkrClusterHitAssoc)
      CEMC (PHCompositeNode)/
         G4CELL_CEMC (IO,PHG4CellContainer)
         TOWER_SIM_CEMC (IO,RawTowerContainer)
         TOWER_RAW_CEMC (IO,RawTowerContainer)
         TOWER_CALIB_CEMC (IO,RawTowerContainer)
         CLUSTER_CEMC (IO,RawClusterContainer)
         CLUSTER_POS_COR_CEMC (IO,RawClusterContainer)
      SVTX (PHCompositeNode)/
         SvtxVertexMap (IO,SvtxVertexMap_v1)
         SvtxTrackMap (IO,SvtxTrackMap_v1)
         AssocInfoContainer (IO,AssocInfoContainer)
         SvtxVertexMapRefit (IO,SvtxVertexMap_v1)
      GLOBAL (PHCompositeNode)/
         GlobalVertexMap (IO,GlobalVertexMapv1)
      TRIG (PHCompositeNode)/
         CaloTriggerInfo (IO,CaloTriggerInfov1)
      ANTIKT (PHCompositeNode)/
         TRUTH (PHCompositeNode)/
            AntiKt_Truth_r02 (IO,JetMapv1)
            AntiKt_Truth_r03 (IO,JetMapv1)
            AntiKt_Truth_r04 (IO,JetMapv1)
            AntiKt_Truth_r05 (IO,JetMapv1)
            AntiKt_Truth_r06 (IO,JetMapv1)
            AntiKt_Truth_r07 (IO,JetMapv1)
            AntiKt_Truth_r08 (IO,JetMapv1)
            AntiKt_Truth_r10 (IO,JetMapv1)
         TOWER (PHCompositeNode)/
            AntiKt_Tower_r02 (IO,JetMapv1)
            AntiKt_Tower_r03 (IO,JetMapv1)
            AntiKt_Tower_r04 (IO,JetMapv1)
            AntiKt_Tower_r05 (IO,JetMapv1)
            AntiKt_Tower_r06 (IO,JetMapv1)
            AntiKt_Tower_r07 (IO,JetMapv1)
            AntiKt_Tower_r08 (IO,JetMapv1)
         CLUSTER (PHCompositeNode)/
            AntiKt_Cluster_r02 (IO,JetMapv1)
            AntiKt_Cluster_r03 (IO,JetMapv1)
            AntiKt_Cluster_r04 (IO,JetMapv1)
            AntiKt_Cluster_r05 (IO,JetMapv1)
            AntiKt_Cluster_r06 (IO,JetMapv1)
            AntiKt_Cluster_r07 (IO,JetMapv1)
            AntiKt_Cluster_r08 (IO,JetMapv1)
         TRACK (PHCompositeNode)/
            AntiKt_Track_r02 (IO,JetMapv1)
            AntiKt_Track_r03 (IO,JetMapv1)
            AntiKt_Track_r04 (IO,JetMapv1)
            AntiKt_Track_r05 (IO,JetMapv1)
            AntiKt_Track_r06 (IO,JetMapv1)
            AntiKt_Track_r07 (IO,JetMapv1)
            AntiKt_Track_r08 (IO,JetMapv1)
            AntiKt_Track_r10 (IO,JetMapv1)
   RUN (PHCompositeNode)/
      PHGenIntegral (IO,PHGenIntegralv1)
      FIELD_CONFIG (IO,PHFieldConfigv1)
      PIPE (PHCompositeNode)/
         G4GEOPARAM_PIPE (IO,PdbParameterMapContainer)
         CYLINDERGEOM_PIPE (IO,PHG4CylinderGeomContainer)
      MVTX (PHCompositeNode)/
         G4GEOPARAM_MVTX (IO,PdbParameterMapContainer)
      INTT (PHCompositeNode)/
         G4GEOPARAM_INTT (IO,PdbParameterMapContainer)
         G4CELLPARAM_INTT (IO,PdbParameterMap)
      TPC (PHCompositeNode)/
         G4GEOPARAM_TPC (IO,PdbParameterMapContainer)
         G4CELLPARAM_TPC (IO,PdbParameterMap)
         G4TPCPADPLANE (IO,PdbParameterMap)
      CEMC_ELECTRONICS (PHCompositeNode)/
         G4GEOPARAM_CEMC_ELECTRONICS (IO,PdbParameterMapContainer)
         CYLINDERGEOM_CEMC_ELECTRONICS (IO,PHG4CylinderGeomContainer)
      CEMC_SPT (PHCompositeNode)/
         G4GEOPARAM_CEMC_SPT (IO,PdbParameterMapContainer)
         CYLINDERGEOM_CEMC_SPT (IO,PHG4CylinderGeomContainer)
      CEMC (PHCompositeNode)/
         G4GEOPARAM_CEMC (IO,PdbParameterMapContainer)
         G4CELLPARAM_CEMC (IO,PdbParameterMap)
         TOWERGEOM_CEMC (IO,RawTowerGeomContainer_Cylinderv1)
      HCALIN (PHCompositeNode)/
         G4GEOPARAM_HCALIN (IO,PdbParameterMapContainer)
         G4CELLPARAM_HCALIN (IO,PdbParameterMap)
         TOWERPARAM_HCALIN (IO,PdbParameterMap)
         TOWERGEOM_HCALIN (IO,RawTowerGeomContainer_Cylinderv1)
      HCALIN_SPT (PHCompositeNode)/
         G4GEOPARAM_HCALIN_SPT (IO,PdbParameterMapContainer)
         CYLINDERGEOM_HCALIN_SPT (IO,PHG4CylinderGeomContainer)
      MAGNET (PHCompositeNode)/
         G4GEOPARAM_MAGNET (IO,PdbParameterMapContainer)
         CYLINDERGEOM_MAGNET (IO,PHG4CylinderGeomContainer)
      HCALOUT (PHCompositeNode)/
         G4GEOPARAM_HCALOUT (IO,PdbParameterMapContainer)
         G4CELLPARAM_HCALOUT (IO,PdbParameterMap)
         TOWERPARAM_HCALOUT (IO,PdbParameterMap)
         TOWERGEOM_HCALOUT (IO,RawTowerGeomContainer_Cylinderv1)
      G4GEOPARAM_BH_1 (IO,PdbParameterMapContainer)
      CYLINDERGEOM_BH_1 (IO,PHG4CylinderGeomContainer)
      BH_FORWARD_PLUS (PHCompositeNode)/
         G4GEOPARAM_BH_FORWARD_PLUS (IO,PdbParameterMapContainer)
         CYLINDERGEOM_BH_FORWARD_PLUS (IO,PHG4CylinderGeomContainer)
      BH_FORWARD_NEG (PHCompositeNode)/
         G4GEOPARAM_BH_FORWARD_NEG (IO,PdbParameterMapContainer)
         CYLINDERGEOM_BH_FORWARD_NEG (IO,PHG4CylinderGeomContainer)
      CYLINDERGEOM_MVTX (IO,PHG4CylinderGeomContainer)
      CYLINDERGEOM_INTT (IO,PHG4CylinderGeomContainer)
      CYLINDERGEOM_CEMC (IO,PHG4CylinderGeomContainer)
      CYLINDERGEOM_ABSORBER_CEMC (IO,PHG4CylinderGeomContainer)
      GEOMETRY_IO (IO,PHGeomIOTGeo)
      CYLINDERCELLGEOM_SVTX (IO,PHG4CylinderCellGeomContainer)
      CYLINDERCELLGEOM_CEMC (IO,PHG4CylinderCellGeomContainer)
      eclus_Recalibration_CEMC (IO,PdbParameterMap)
      ecore_Recalibration_CEMC (IO,PdbParameterMap)
   PAR (PHCompositeNode)/
      FIELD_MAP (PHDataNode)
      PIPE (PHCompositeNode)/
         G4GEO_PIPE (PHDataNode)
      MVTX (PHCompositeNode)/
         G4GEO_MVTX (PHDataNode)
      INTT (PHCompositeNode)/
         G4GEO_INTT (PHDataNode)
         CYLINDERGEOM_INTT (PHDataNode)
         G4CELLGEO_INTT (PHDataNode)
      TPC (PHCompositeNode)/
         G4GEO_TPC (PHDataNode)
         G4CELLPAR_TPC (PHDataNode)
         G4TPCPADPLANEPAR (PHDataNode)
      CEMC_ELECTRONICS (PHCompositeNode)/
         G4GEO_CEMC_ELECTRONICS (PHDataNode)
      CEMC_SPT (PHCompositeNode)/
         G4GEO_CEMC_SPT (PHDataNode)
      CEMC (PHCompositeNode)/
         G4GEO_CEMC (PHDataNode)
         G4CELLGEO_CEMC (PHDataNode)
      G4GDML_CONFIG (PHDataNode)
      HCALIN (PHCompositeNode)/
         G4GEO_HCALIN (PHDataNode)
         G4CELLGEO_HCALIN (PHDataNode)
         TOWERGEO_HCALIN (PHDataNode)
      HCALIN_SPT (PHCompositeNode)/
         G4GEO_HCALIN_SPT (PHDataNode)
      MAGNET (PHCompositeNode)/
         G4GEO_MAGNET (PHDataNode)
      HCALOUT (PHCompositeNode)/
         G4GEO_HCALOUT (PHDataNode)
         G4CELLGEO_HCALOUT (PHDataNode)
         TOWERGEO_HCALOUT (PHDataNode)
      G4GEO_BH_1 (PHDataNode)
      BH_FORWARD_PLUS (PHCompositeNode)/
         G4GEO_BH_FORWARD_PLUS (PHDataNode)
      BH_FORWARD_NEG (PHCompositeNode)/
         G4GEO_BH_FORWARD_NEG (PHDataNode)
      GEOMETRY (PHDataNode)



 --------  PYTHIA Info Listing  ---------------------------------------- 
 
 Beam A: id =   2212, pz =  4.472e+01, e =  4.473e+01, m =  9.383e-01.
 Beam B: id =     11, pz = -4.472e+01, e =  4.472e+01, m =  5.110e-04.

 In 1: id =   -2, x =  2.384e-02, pdf =  2.338e-01 at Q2 =  1.777e+01.
 In 2: id =   11, x =  1.000e+00, pdf =  1.000e+00 at same Q2.

 Subprocess f f' -> f f' (t-channel gamma*/Z0) with code 211 is 2 -> 2.
 It has sHat =  1.907e+02,    tHat = -1.983e+01,    uHat = -1.709e+02,
       pTHat =  4.213e+00,   m3Hat =  3.300e-01,   m4Hat =  5.110e-04,
    thetaHat =  6.566e-01,  phiHat =  5.185e-02.
     alphaEM =  7.557e-03,  alphaS =  2.546e-01    at Q2 =  1.777e+01.

 Impact parameter b =  0.000e+00 gives enhancement factor =  1.000e+00.
 Max pT scale for MPI =  8.945e+01, ISR =  8.945e+01, FSR =  8.945e+01.
 Number of MPI =     1, ISR =     0, FSRproc =     0, FSRreson =     0.

 --------  End PYTHIA Info Listing  ------------------------------------

 --------  PYTHIA Event Listing  (hard process)  -----------------------------------------------------------------------------------
 
    no         id  name            status     mothers   daughters     colours      p_x        p_y        p_z         e          m 
     0         90  (system)           -11     0     0     0     0     0     0      0.000      0.000     79.996    120.000     89.447
     1       2212  (p+)               -12     0     0     3     0     0     0      0.000      0.000     99.996    100.000      0.938
     2         11  (e-)               -12     0     0     4     0     0     0      0.000      0.000    -20.000     20.000      0.001
     3         -2  (ubar)             -21     1     0     5     6     0   101      0.000      0.000      2.384      2.384      0.000
     4         11  (e-)               -21     2     0     5     6     0     0      0.000      0.000    -20.000     20.000      0.000
     5         -2  ubar                23     3     4     0     0     0   101      4.207      0.218      0.046      4.226      0.330
     6         11  e-                  23     3     4     0     0     0     0     -4.207     -0.218    -17.665     18.160      0.001
                                   Charge sum: -1.667           Momentum sum:      0.000      0.000    -17.619     22.386     13.810

 --------  End PYTHIA Event Listing  -----------------------------------------------------------------------------------------------

 --------  PYTHIA Event Listing  (complete event)  ---------------------------------------------------------------------------------
 
    no         id  name            status     mothers   daughters     colours      p_x        p_y        p_z         e          m 
     0         90  (system)           -11     0     0     0     0     0     0      0.000      0.000     79.996    120.000     89.447
     1       2212  (p+)               -12     0     0     7     0     0     0      0.000     -0.000     99.996    100.000      0.938
     2         11  (e-)               -12     0     0     4     0     0     0      0.000     -0.000    -20.000     20.000      0.001
     3         -2  (ubar)             -21     7     7     5     6     0   101     -0.000     -0.000      2.384      2.384      0.000
     4         11  (e-)               -21     2     0     5     6     0     0      0.000     -0.000    -20.000     20.000      0.000
     5         -2  (ubar)             -23     3     4     8     8     0   101      4.207      0.218      0.046      4.226      0.330
     6         11  e-                  23     3     4     0     0     0     0     -4.207     -0.218    -17.665     18.160      0.001
     7         -2  (ubar)             -61     1     0     3     3     0   101      1.289      0.963      3.363      3.729      0.000
     8         -2  (ubar)             -62     5     5    12    12     0   101      4.881      1.137      1.222      5.169      0.330
     9       2212  p+                  63     1     0     0     0     0     0     -0.224     -0.103      1.945      2.173      0.938
    10          2  (u)                -63     1     0    11    11   101     0     -0.450     -0.816     94.493     94.498      0.330
    11          2  (u)                -71    10    10    13    21   101     0     -0.450     -0.816     94.493     94.498      0.330
    12         -2  (ubar)             -71     8     8    13    21     0   101      4.881      1.137      1.222      5.169      0.330
    13        211  pi+                 83    11    12     0     0     0     0      0.284     -0.116     30.966     30.968      0.140
    14       -211  pi-                 83    11    12     0     0     0     0     -0.921     -0.369     36.638     36.652      0.140
    15        113  (rho0)             -83    11    12    22    23     0     0      0.565     -0.409     16.184     16.224      0.887
    16        113  (rho0)             -83    11    12    24    25     0     0      0.015      0.178      4.930      4.990      0.750
    17        321  K+                  83    11    12     0     0     0     0     -0.165     -0.033      1.109      1.225      0.494
    18        331  (eta')             -83    11    12    26    28     0     0      0.048      0.040      2.526      2.703      0.958
    19       3312  (Xi-)              -84    11    12    29    30     0     0      0.999      0.332      1.619      2.340      1.322
    20        211  pi+                 84    11    12     0     0     0     0      0.764      0.354      1.113      1.403      0.140
    21      -3222  (Sigmabar-)        -84    11    12    31    32     0     0      2.842      0.344      0.630      3.163      1.189
    22        211  pi+                 91    15     0     0     0     0     0      0.027     -0.068      0.469      0.495      0.140
    23       -211  pi-                 91    15     0     0     0     0     0      0.538     -0.341     15.715     15.729      0.140
    24        211  pi+                 91    16     0     0     0     0     0     -0.098      0.379      1.757      1.806      0.140
    25       -211  pi-                 91    16     0     0     0     0     0      0.113     -0.201      3.173      3.184      0.140
    26        211  pi+                 91    18     0     0     0     0     0      0.027      0.050      1.161      1.171      0.140
    27       -211  pi-                 91    18     0     0     0     0     0      0.014      0.035      0.263      0.300      0.140
    28        221  (eta)              -91    18     0    33    34     0     0      0.006     -0.045      1.102      1.231      0.548
    29       3122  (Lambda0)          -91    19     0    35    36     0     0      0.925      0.358      1.285      1.970      1.116
    30       -211  pi-                 91    19     0     0     0     0     0      0.074     -0.026      0.334      0.370      0.140
    31      -2212  pbar-               91    21     0     0     0     0     0      2.481      0.169      0.420      2.691      0.938
    32        111  (pi0)              -91    21     0    37    38     0     0      0.361      0.175      0.210      0.472      0.135
    33         22  gamma               91    28     0     0     0     0     0     -0.065     -0.155      1.087      1.099      0.000
    34         22  gamma               91    28     0     0     0     0     0      0.071      0.110      0.015      0.132      0.000
    35       2112  n0                  91    29     0     0     0     0     0      0.754      0.400      1.127      1.697      0.940
    36        111  (pi0)              -91    29     0    39    40     0     0      0.171     -0.041      0.158      0.273      0.135
    37         22  gamma               91    32     0     0     0     0     0      0.330      0.184      0.222      0.438      0.000
    38         22  gamma               91    32     0     0     0     0     0      0.031     -0.009     -0.011      0.034      0.000
    39         22  gamma               91    36     0     0     0     0     0      0.086      0.002      0.154      0.177      0.000
    40         22  gamma               91    36     0     0     0     0     0      0.085     -0.044      0.004      0.096      0.000
                                   Charge sum:  0.000           Momentum sum:     -0.000     -0.000     79.996    120.000     89.447

 --------  End PYTHIA Event Listing  -----------------------------------------------------------------------------------------------
[0;33m[TwoTrackMinimumDistance] comparing track with itself![;0m
[0;33m[TwoTrackMinimumDistance] Computation HelixHelix::CAIR failed.[;0m
[0;33m[TwoTrackMinimumDistance] comparing track with itself![;0m
[0;33m[TwoTrackMinimumDistance] Computation HelixHelix::CAIR failed.[;0m
[0;33m[TwoTrackMinimumDistance] comparing track with itself![;0m
[0;33m[TwoTrackMinimumDistance] Computation HelixHelix::CAIR failed.[;0m
[0;33m[TwoTrackMinimumDistance] comparing track with itself![;0m
[0;33m[TwoTrackMinimumDistance] Computation HelixHelix::CAIR failed.[;0m
[0;33m[TwoTrackMinimumDistance] comparing track with itself![;0m
[0;33m[TwoTrackMinimumDistance] Computation HelixHelix::CAIR failed.[;0m
MyJetAnalysis::End - Outoput to /global/project/projectdirs/alice/ftorales/eP_MC/eP_7_electrons+jets.root
All done
