LD_LIBRARY_PATH now /global/project/projectdirs/alice/ftorales/Singularity/install/lib:.:/global/project/projectdirs/alice/ftorales/Singularity/cvmfs/sphenix.sdcc.bnl.gov/x8664_sl7/release/release_new/new.4/lib:/global/project/projectdirs/alice/ftorales/Singularity/cvmfs/sphenix.sdcc.bnl.gov/x8664_sl7/opt/sphenix/utils/lib64:/global/project/projectdirs/alice/ftorales/Singularity/cvmfs/sphenix.sdcc.bnl.gov/x8664_sl7/opt/sphenix/utils/lib:/global/project/projectdirs/alice/ftorales/Singularity/cvmfs/sphenix.sdcc.bnl.gov/x8664_sl7/opt/sphenix/core/lib:/global/project/projectdirs/alice/ftorales/Singularity/cvmfs/sphenix.sdcc.bnl.gov/x8664_sl7/opt/sphenix/core/root-6.16.00/lib:/global/project/projectdirs/alice/ftorales/Singularity/cvmfs/sphenix.sdcc.bnl.gov/x8664_sl7/opt/sphenix/core/geant4.10.02.p02/lib64:/global/project/projectdirs/alice/ftorales/Singularity/cvmfs/sphenix.sdcc.bnl.gov/x8664_sl7/opt/sphenix/core/lhapdf-5.9.1/lib:/usr/local/lib64:/usr/lib64
PATH now :.:/global/project/projectdirs/alice/ftorales/Singularity/cvmfs/sphenix.sdcc.bnl.gov/x8664_sl7/release/release_new/new.4/bin:/global/project/projectdirs/alice/ftorales/Singularity/cvmfs/sphenix.sdcc.bnl.gov/x8664_sl7/opt/sphenix/utils/bin:/global/project/projectdirs/alice/ftorales/Singularity/cvmfs/sphenix.sdcc.bnl.gov/x8664_sl7/opt/sphenix/core/bin:/global/project/projectdirs/alice/ftorales/Singularity/cvmfs/sphenix.sdcc.bnl.gov/x8664_sl7/opt/sphenix/core/root-6.16.00/bin:/global/project/projectdirs/alice/ftorales/Singularity/cvmfs/sphenix.sdcc.bnl.gov/x8664_sl7/opt/sphenix/core/geant4.10.02.p02/bin:/usr/local/bin:/usr/bin:/usr/local/sbin:/usr/sbin
   ------------------------------------------------------------
  | Welcome to ROOT 6.16/00                  https://root.cern |
  |                               (c) 1995-2018, The ROOT Team |
  | Built for linuxx8664gcc on Jan 23 2019, 09:06:13           |
  | From tags/v6-16-00@v6-16-00                                |
  | Try '.help', '.demo', '.license', '.credits', '.quit'/'.q' |
   ------------------------------------------------------------


Processing Fun4All_G4_sPHENIX.C(2, "", "/global/project/projectdirs/alice/ftorales/eP_MC/eP_4")...
PHRandomSeed::GetSeed() seed: 186521597

 *------------------------------------------------------------------------------------* 
 |                                                                                    | 
 |  *------------------------------------------------------------------------------*  | 
 |  |                                                                              |  | 
 |  |                                                                              |  | 
 |  |   PPP   Y   Y  TTTTT  H   H  III    A      Welcome to the Lund Monte Carlo!  |  | 
 |  |   P  P   Y Y     T    H   H   I    A A     This is PYTHIA version 8.243      |  | 
 |  |   PPP     Y      T    HHHHH   I   AAAAA    Last date of change:  4 Jul 2019  |  | 
 |  |   P       Y      T    H   H   I   A   A                                      |  | 
 |  |   P       Y      T    H   H  III  A   A    Now is 02 Apr 2020 at 16:30:31    |  | 
 |  |                                                                              |  | 
 |  |   Christian Bierlich;  Department of Astronomy and Theoretical Physics,      |  | 
 |  |      Lund University, Solvegatan 14A, SE-223 62 Lund, Sweden;                |  | 
 |  |      e-mail: christian.bierlich@thep.lu.se                                   |  | 
 |  |   Nishita Desai;  Department of Theoretical Physics, Tata Institute,         |  | 
 |  |      Homi Bhabha Road, Mumbai 400005, India;                                 |  | 
 |  |      e-mail: desai@theory.tifr.res.in                                        |  | 
 |  |   Ilkka Helenius;  Department of Physics, University of Jyvaskyla,           |  | 
 |  |      P.O. Box 35, FI-40014 University of Jyvaskyla, Finland;                 |  | 
 |  |      e-mail: ilkka.m.helenius@jyu.fi                                         |  | 
 |  |   Philip Ilten;  School of Physics and Astronomy,                            |  | 
 |  |      University of Birmingham, Birmingham, B152 2TT, UK;                     |  | 
 |  |      e-mail: philten@cern.ch                                                 |  | 
 |  |   Leif Lonnblad;  Department of Astronomy and Theoretical Physics,           |  | 
 |  |      Lund University, Solvegatan 14A, SE-223 62 Lund, Sweden;                |  | 
 |  |      e-mail: leif.lonnblad@thep.lu.se                                        |  | 
 |  |   Stephen Mrenna;  Computing Division, Simulations Group,                    |  | 
 |  |      Fermi National Accelerator Laboratory, MS 234, Batavia, IL 60510, USA;  |  | 
 |  |      e-mail: mrenna@fnal.gov                                                 |  | 
 |  |   Stefan Prestel;  Department of Astronomy and Theoretical Physics,          |  | 
 |  |      Lund University, Solvegatan 14A, SE-223 62 Lund, Sweden;                |  | 
 |  |      e-mail: stefan.prestel@thep.lu.se                                       |  | 
 |  |   Christine O. Rasmussen;  Department of Astronomy and Theoretical Physics,  |  | 
 |  |      Lund University, Solvegatan 14A, SE-223 62 Lund, Sweden;                |  | 
 |  |      e-mail: christine.rasmussen@thep.lu.se                                  |  | 
 |  |   Torbjorn Sjostrand;  Department of Astronomy and Theoretical Physics,      |  | 
 |  |      Lund University, Solvegatan 14A, SE-223 62 Lund, Sweden;                |  | 
 |  |      e-mail: torbjorn@thep.lu.se                                             |  | 
 |  |   Peter Skands;  School of Physics,                                          |  | 
 |  |      Monash University, PO Box 27, 3800 Melbourne, Australia;                |  | 
 |  |      e-mail: peter.skands@monash.edu                                         |  | 
 |  |                                                                              |  | 
 |  |   The main program reference is 'An Introduction to PYTHIA 8.2',             |  | 
 |  |   T. Sjostrand et al, Comput. Phys. Commun. 191 (2015) 159                   |  | 
 |  |   [arXiv:1410.3012 [hep-ph]]                                                 |  | 
 |  |                                                                              |  | 
 |  |   The main physics reference is the 'PYTHIA 6.4 Physics and Manual',         |  | 
 |  |   T. Sjostrand, S. Mrenna and P. Skands, JHEP05 (2006) 026 [hep-ph/0603175]  |  | 
 |  |                                                                              |  | 
 |  |   An archive of program versions and documentation is found on the web:      |  | 
 |  |   http://www.thep.lu.se/Pythia                                               |  | 
 |  |                                                                              |  | 
 |  |   This program is released under the GNU General Public Licence version 2.   |  | 
 |  |   Please respect the MCnet Guidelines for Event Generator Authors and Users. |  | 
 |  |                                                                              |  | 
 |  |   Disclaimer: this program comes without any guarantees.                     |  | 
 |  |   Beware of errors and use common sense when interpreting results.           |  | 
 |  |                                                                              |  | 
 |  |   Copyright (C) 2019 Torbjorn Sjostrand                                      |  | 
 |  |                                                                              |  | 
 |  |                                                                              |  | 
 |  *------------------------------------------------------------------------------*  | 
 |                                                                                    | 
 *------------------------------------------------------------------------------------* 

PHRandomSeed::GetSeed() seed: 3873117861
PHPythia8 random seed: 273117861

 *-------  PYTHIA Process Initialization  --------------------------*
 |                                                                  |
 | We collide p+ with e- at a CM energy of 8.945e+01 GeV            |
 |                                                                  |
 |------------------------------------------------------------------|
 |                                                    |             |
 | Subprocess                                    Code |   Estimated |
 |                                                    |    max (mb) |
 |                                                    |             |
 |------------------------------------------------------------------|
 |                                                    |             |
 | g g -> g g                                     111 |   0.000e+00 |
 | g g -> q qbar (uds)                            112 |   0.000e+00 |
 | q g -> q g                                     113 |   0.000e+00 |
 | q q(bar)' -> q q(bar)'                         114 |   0.000e+00 |
 | q qbar -> g g                                  115 |   0.000e+00 |
 | q qbar -> q' qbar' (uds)                       116 |   0.000e+00 |
 | g g -> c cbar                                  121 |   0.000e+00 |
 | q qbar -> c cbar                               122 |   0.000e+00 |
 | g g -> b bbar                                  123 |   0.000e+00 |
 | q qbar -> b bbar                               124 |   0.000e+00 |
 | f f' -> f f' (t-channel gamma*/Z0)             211 |   9.265e-05 |
 |                                                                  |
 *-------  End PYTHIA Process Initialization -----------------------*

 *-------  PYTHIA Flag + Mode + Parm + Word + FVec + MVec + PVec + WVec Settings (changes only)  ------------------* 
 |                                                                                                                 | 
 | Name                                          |                      Now |      Default         Min         Max | 
 |                                               |                          |                                      | 
 | Beams:eA                                      |                100.00000 |     7000.000         0.0             | 
 | Beams:eB                                      |                 20.00000 |     7000.000         0.0             | 
 | Beams:frameType                               |                        2 |            1           1           5 | 
 | Beams:idB                                     |                       11 |         2212                         | 
 | HardQCD:all                                   |                       on |          off                         | 
 | Main:timesAllowErrors                         |                   900000 |           10           0             | 
 | PDF:lepton                                    |                      off |           on                         | 
 | PhaseSpace:Q2Min                              |                 16.00000 |          0.0         0.0             | 
 | Random:seed                                   |                273117861 |           -1               900000000 | 
 | Random:setSeed                                |                       on |          off                         | 
 | SpaceShower:pTmaxMatch                        |                        2 |            0           0           2 | 
 | TimeShower:QEDshowerByL                       |                      off |           on                         | 
 | WeakBosonExchange:ff2ff(t:gmZ)                |                       on |          off                         | 
 |                                                                                                                 | 
 *-------  End PYTHIA Flag + Mode + Parm + Word + FVec + MVec + PVec + WVec Settings  -----------------------------* 

 --------  PYTHIA Particle Data Table (changed only)  ------------------------------------------------------------------------------
 
      id   name            antiName         spn chg col      m0        mWidth      mMin       mMax       tau0    res dec ext vis wid
             no onMode   bRatio   meMode     products 

 no particle data has been changed from its default value 

 --------  End PYTHIA Particle Data Table  -----------------------------------------------------------------------------------------

PHRandomSeed::GetSeed() seed: 576107528
PHRandomSeed::GetSeed() seed: 2366745033
Intt has 4 layers with layer setup:
 Intt layer 0 laddertype -2 nladders 15 sensor radius 9.0 offsetphi 0.0
 Intt layer 1 laddertype -2 nladders 15 sensor radius 9.5 offsetphi 12.0
 Intt layer 2 laddertype -2 nladders 18 sensor radius 10.8 offsetphi 0.0
 Intt layer 3 laddertype -2 nladders 18 sensor radius 11.4 offsetphi 10.0
HCalInner - construct inner HCal absorber with G4_Al
PHRandomSeed::GetSeed() seed: 796242683

*************************************************************
 Geant4 version Name: geant4-10-02-patch-02    (17-June-2016)
                      Copyright : Geant4 Collaboration
                      Reference : NIM A 506 (2003), 250-303
                            WWW : http://cern.ch/geant4
*************************************************************

<<< Geant4 Physics List simulation engine: QGSP_BERT 4.0

PHG4MvtxHitReco: Setting Mvtx timing window defaults to tmin = -5000 and  tmax = 5000 ns
PHG4MvtxHitReco: Set Mvtx timing window parameters from macro for layer = 0 to tmin = -5000.0 tmax = 5000.0
PHG4MvtxHitReco: Set Mvtx timing window parameters from macro for layer = 1 to tmin = -5000.0 tmax = 5000.0
PHG4MvtxHitReco: Set Mvtx timing window parameters from macro for layer = 2 to tmin = -5000.0 tmax = 5000.0
PHRandomSeed::GetSeed() seed: 3903877784
PHRandomSeed::GetSeed() seed: 1077537218
Registering padplane 
padplane registered and parameters updated
PHRandomSeed::GetSeed() seed: 3985484999
PHParameters::ReadFromFile - Reading from File: /global/project/projectdirs/alice/ftorales/Singularity/cvmfs/sphenix.sdcc.bnl.gov/x8664_sl7/release/release_new/new.4/share/calibrations/CEMC/TowerCalib_2017ProjTilted/cemc_geoparams-0-0-4294967295-1499354960.xml ... Received PdbParameterMap with (Hash = 0x883e8cf2a8d53c9f)
BEmcProfile: Loading profile data from file /global/project/projectdirs/alice/ftorales/Singularity/cvmfs/sphenix.sdcc.bnl.gov/x8664_sl7/release/release_new/new.4/share/calibrations/EmcProfile/CEMCprof_Thresh30MeV.root
  8 bin in energy:  0.5,  1.0,  2.0,  4.0, 10.0, 20.0, 40.0, 80.0, 
  4 bin in theta:  0.05, 0.14, 0.25, 0.34, 
PHParameters::ReadFromFile - Reading from File: /global/project/projectdirs/alice/ftorales/Singularity/cvmfs/sphenix.sdcc.bnl.gov/x8664_sl7/release/release_new/new.4/share/calibrations/CEMC/PositionRecalibration_EMCal_9deg_tilt/cemc_recalib_geoparams-0-0-4294967295-1532091513.xml ... Received PdbParameterMap with (Hash = 0x9eda525940469004)
PHParameters::ReadFromFile - Reading from File: /global/project/projectdirs/alice/ftorales/Singularity/cvmfs/sphenix.sdcc.bnl.gov/x8664_sl7/release/release_new/new.4/share/calibrations/CEMC/PositionRecalibration_EMCal_9deg_tilt/cemc_ecore_recalib_geoparams-0-0-4294967295-1532091569.xml ... Received PdbParameterMap with (Hash = 0xe641b18750973639)
PHRandomSeed::GetSeed() seed: 4079315725
Warning from RawClusterBuilderTemplate::Detector(): no detector specific class BEmcRec{Name} defined for detector HCALIN. Default BEmcRec will be used
PHRandomSeed::GetSeed() seed: 1356500849
Warning from RawClusterBuilderTemplate::Detector(): no detector specific class BEmcRec{Name} defined for detector HCALOUT. Default BEmcRec will be used
PHRandomSeed::GetSeed() seed: 1742407894
PHG4MvtxDigitizer random seed: 1742407894
PHRandomSeed::GetSeed() seed: 2998748959
PHG4InttDigitizer random seed: 2998748959
PHRandomSeed::GetSeed() seed: 1390849409
PHG4TpcDigitizer random seed: 1390849409
 Tpc digitizer: Setting ENC to 670.0 ADC threshold to 2680.0 maps+Intt layers set to 7
PHRandomSeed::GetSeed() seed: 504278339
PHTFileServer::open - opening file /global/project/projectdirs/alice/ftorales/eP_MC/eP_4_electrons+jets.root (RECREATE)
Fun4AllServer: Runnumber forced to 0 by RUNNUMBER IntFlag
Fun4AllServer::setRun(): could not get timestamp for run  0, using tics(0) timestamp: Wed Dec 31 19:00:00 1969
PHFieldUtility::GetFieldConfigNode - field map with configuration from input default: PHFieldConfigv1::identify - Field type of [2D field map expressed in cylindrical coordinates] from file [/global/project/projectdirs/alice/ftorales/Singularity/cvmfs/sphenix.sdcc.bnl.gov/x8664_sl7/release/release_new/new.4/share/calibrations/Field/Map/sPHENIX.2d.root] with a scale factor of -0.9
PHParameters::ReadFromFile - Reading from File: /global/project/projectdirs/alice/ftorales/Singularity/cvmfs/sphenix.sdcc.bnl.gov/x8664_sl7/release/release_new/new.4/share/calibrations/CEMC/Geometry_2018ProjTilted/cemc_geoparams-0-0-4294967295-1536789215.xml ... Received PdbParameterMapContainer Detector Id 0 with (Hash = 0xaf819d10e459ac67)
G4GDML: Reading '/global/project/projectdirs/alice/ftorales/Singularity/cvmfs/sphenix.sdcc.bnl.gov/x8664_sl7/release/release_new/new.4/share/calibrations/Tracking/geometry/mvtx_stave_v1.gdml'...
G4GDML: Reading definitions...
G4GDML: Reading materials...
G4GDML: Reading solids...
G4GDML: Reading structure...
G4GDML: Reading setup...
G4GDML: Reading '/global/project/projectdirs/alice/ftorales/Singularity/cvmfs/sphenix.sdcc.bnl.gov/x8664_sl7/release/release_new/new.4/share/calibrations/Tracking/geometry/mvtx_stave_v1.gdml' done!
Stripping off GDML names of materials, solids and volumes ...
north copy no: 1
south copy no: 2
PHG4FullProjTiltedSpacalDetector::Construct_AzimuthalSeg::CEMC_0 - constructed 192 unique towers
PHG4Reco::InitRun - export geometry to DST via tmp file /tmp/PHGeomUtility_geom_file_7275.gdml
PHG4GDML: Writing '/tmp/PHGeomUtility_geom_file_7275.gdml'...
PHG4GDML: Writing definitions...
G4GDML: Writing materials...
PHG4GDML: Writing solids...
PHG4GDML: Writing structure...
G4GDML: Writing setup...
PHG4GDML: Writing surfaces...
PHG4GDML: Writing '/tmp/PHGeomUtility_geom_file_7275.gdml' done !
PHRandomSeed::GetSeed() seed: 1291247785
Infor from RawClusterBuilderTemplate::InitRun(): Init geometry for CEMC: N of geom towers: 24576; ix=0-255 iy=0-95
Infor from RawClusterBuilderTemplate::InitRun(): Init geometry for HCALIN: N of geom towers: 1536; ix=0-63 iy=0-23
Infor from RawClusterBuilderTemplate::InitRun(): Init geometry for HCALOUT: N of geom towers: 1536; ix=0-63 iy=0-23
PHG4InttDigitizer::InitRun: detector = INTT
layer array size: 12
init _nlayers_seeding 12
init _min_layers_seeding 12
init n min layers = 4
GFRaveVertexFactory::setMethod ==> set method to avf-smoothing:1
--------------------------------------

List of Nodes in Fun4AllServer:
Node Tree under TopNode TOP
TOP (PHCompositeNode)/
   DST (PHCompositeNode)/
      PHHepMCGenEventMap (IO,PHHepMCGenEventMap)
      PHG4INEVENT (PHDataNode)
      PIPE (PHCompositeNode)/
         G4HIT_PIPE (IO,PHG4HitContainer)
      MVTX (PHCompositeNode)/
         G4HIT_MVTX (IO,PHG4HitContainer)
      INTT (PHCompositeNode)/
         G4HIT_INTT (IO,PHG4HitContainer)
      TPC (PHCompositeNode)/
         G4HIT_ABSORBER_TPC (IO,PHG4HitContainer)
         G4HIT_TPC (IO,PHG4HitContainer)
      CEMC_ELECTRONICS (PHCompositeNode)/
         G4HIT_CEMC_ELECTRONICS (IO,PHG4HitContainer)
      CEMC_SPT (PHCompositeNode)/
         G4HIT_CEMC_SPT (IO,PHG4HitContainer)
      G4HIT_CEMC (IO,PHG4HitContainer)
      G4HIT_ABSORBER_CEMC (IO,PHG4HitContainer)
      HCALIN (PHCompositeNode)/
         G4HIT_ABSORBER_HCALIN (IO,PHG4HitContainer)
         G4HIT_HCALIN (IO,PHG4HitContainer)
         G4CELL_HCALIN (IO,PHG4CellContainer)
         TOWER_SIM_HCALIN (IO,RawTowerContainer)
         TOWER_RAW_HCALIN (IO,RawTowerContainer)
         TOWER_CALIB_HCALIN (IO,RawTowerContainer)
         CLUSTER_HCALIN (IO,RawClusterContainer)
      HCALIN_SPT (PHCompositeNode)/
         G4HIT_HCALIN_SPT (IO,PHG4HitContainer)
      MAGNET (PHCompositeNode)/
         G4HIT_MAGNET (IO,PHG4HitContainer)
      HCALOUT (PHCompositeNode)/
         G4HIT_ABSORBER_HCALOUT (IO,PHG4HitContainer)
         G4HIT_HCALOUT (IO,PHG4HitContainer)
         G4CELL_HCALOUT (IO,PHG4CellContainer)
         TOWER_SIM_HCALOUT (IO,RawTowerContainer)
         TOWER_RAW_HCALOUT (IO,RawTowerContainer)
         TOWER_CALIB_HCALOUT (IO,RawTowerContainer)
         CLUSTER_HCALOUT (IO,RawClusterContainer)
      G4HIT_BH_1 (IO,PHG4HitContainer)
      BH_FORWARD_PLUS (PHCompositeNode)/
         G4HIT_BH_FORWARD_PLUS (IO,PHG4HitContainer)
      BH_FORWARD_NEG (PHCompositeNode)/
         G4HIT_BH_FORWARD_NEG (IO,PHG4HitContainer)
      G4TruthInfo (IO,PHG4TruthInfoContainer)
      BBC (PHCompositeNode)/
         BbcVertexMap (IO,BbcVertexMapv1)
      TRKR (PHCompositeNode)/
         TRKR_HITSET (IO,TrkrHitSetContainer)
         TRKR_HITTRUTHASSOC (IO,TrkrHitTruthAssoc)
         TRKR_CLUSTER (IO,TrkrClusterContainer)
         TRKR_CLUSTERHITASSOC (IO,TrkrClusterHitAssoc)
      CEMC (PHCompositeNode)/
         G4CELL_CEMC (IO,PHG4CellContainer)
         TOWER_SIM_CEMC (IO,RawTowerContainer)
         TOWER_RAW_CEMC (IO,RawTowerContainer)
         TOWER_CALIB_CEMC (IO,RawTowerContainer)
         CLUSTER_CEMC (IO,RawClusterContainer)
         CLUSTER_POS_COR_CEMC (IO,RawClusterContainer)
      SVTX (PHCompositeNode)/
         SvtxVertexMap (IO,SvtxVertexMap_v1)
         SvtxTrackMap (IO,SvtxTrackMap_v1)
         AssocInfoContainer (IO,AssocInfoContainer)
         SvtxVertexMapRefit (IO,SvtxVertexMap_v1)
      GLOBAL (PHCompositeNode)/
         GlobalVertexMap (IO,GlobalVertexMapv1)
      TRIG (PHCompositeNode)/
         CaloTriggerInfo (IO,CaloTriggerInfov1)
      ANTIKT (PHCompositeNode)/
         TRUTH (PHCompositeNode)/
            AntiKt_Truth_r02 (IO,JetMapv1)
            AntiKt_Truth_r03 (IO,JetMapv1)
            AntiKt_Truth_r04 (IO,JetMapv1)
            AntiKt_Truth_r05 (IO,JetMapv1)
            AntiKt_Truth_r06 (IO,JetMapv1)
            AntiKt_Truth_r07 (IO,JetMapv1)
            AntiKt_Truth_r08 (IO,JetMapv1)
            AntiKt_Truth_r10 (IO,JetMapv1)
         TOWER (PHCompositeNode)/
            AntiKt_Tower_r02 (IO,JetMapv1)
            AntiKt_Tower_r03 (IO,JetMapv1)
            AntiKt_Tower_r04 (IO,JetMapv1)
            AntiKt_Tower_r05 (IO,JetMapv1)
            AntiKt_Tower_r06 (IO,JetMapv1)
            AntiKt_Tower_r07 (IO,JetMapv1)
            AntiKt_Tower_r08 (IO,JetMapv1)
         CLUSTER (PHCompositeNode)/
            AntiKt_Cluster_r02 (IO,JetMapv1)
            AntiKt_Cluster_r03 (IO,JetMapv1)
            AntiKt_Cluster_r04 (IO,JetMapv1)
            AntiKt_Cluster_r05 (IO,JetMapv1)
            AntiKt_Cluster_r06 (IO,JetMapv1)
            AntiKt_Cluster_r07 (IO,JetMapv1)
            AntiKt_Cluster_r08 (IO,JetMapv1)
         TRACK (PHCompositeNode)/
            AntiKt_Track_r02 (IO,JetMapv1)
            AntiKt_Track_r03 (IO,JetMapv1)
            AntiKt_Track_r04 (IO,JetMapv1)
            AntiKt_Track_r05 (IO,JetMapv1)
            AntiKt_Track_r06 (IO,JetMapv1)
            AntiKt_Track_r07 (IO,JetMapv1)
            AntiKt_Track_r08 (IO,JetMapv1)
            AntiKt_Track_r10 (IO,JetMapv1)
   RUN (PHCompositeNode)/
      PHGenIntegral (IO,PHGenIntegralv1)
      FIELD_CONFIG (IO,PHFieldConfigv1)
      PIPE (PHCompositeNode)/
         G4GEOPARAM_PIPE (IO,PdbParameterMapContainer)
         CYLINDERGEOM_PIPE (IO,PHG4CylinderGeomContainer)
      MVTX (PHCompositeNode)/
         G4GEOPARAM_MVTX (IO,PdbParameterMapContainer)
      INTT (PHCompositeNode)/
         G4GEOPARAM_INTT (IO,PdbParameterMapContainer)
         G4CELLPARAM_INTT (IO,PdbParameterMap)
      TPC (PHCompositeNode)/
         G4GEOPARAM_TPC (IO,PdbParameterMapContainer)
         G4CELLPARAM_TPC (IO,PdbParameterMap)
         G4TPCPADPLANE (IO,PdbParameterMap)
      CEMC_ELECTRONICS (PHCompositeNode)/
         G4GEOPARAM_CEMC_ELECTRONICS (IO,PdbParameterMapContainer)
         CYLINDERGEOM_CEMC_ELECTRONICS (IO,PHG4CylinderGeomContainer)
      CEMC_SPT (PHCompositeNode)/
         G4GEOPARAM_CEMC_SPT (IO,PdbParameterMapContainer)
         CYLINDERGEOM_CEMC_SPT (IO,PHG4CylinderGeomContainer)
      CEMC (PHCompositeNode)/
         G4GEOPARAM_CEMC (IO,PdbParameterMapContainer)
         G4CELLPARAM_CEMC (IO,PdbParameterMap)
         TOWERGEOM_CEMC (IO,RawTowerGeomContainer_Cylinderv1)
      HCALIN (PHCompositeNode)/
         G4GEOPARAM_HCALIN (IO,PdbParameterMapContainer)
         G4CELLPARAM_HCALIN (IO,PdbParameterMap)
         TOWERPARAM_HCALIN (IO,PdbParameterMap)
         TOWERGEOM_HCALIN (IO,RawTowerGeomContainer_Cylinderv1)
      HCALIN_SPT (PHCompositeNode)/
         G4GEOPARAM_HCALIN_SPT (IO,PdbParameterMapContainer)
         CYLINDERGEOM_HCALIN_SPT (IO,PHG4CylinderGeomContainer)
      MAGNET (PHCompositeNode)/
         G4GEOPARAM_MAGNET (IO,PdbParameterMapContainer)
         CYLINDERGEOM_MAGNET (IO,PHG4CylinderGeomContainer)
      HCALOUT (PHCompositeNode)/
         G4GEOPARAM_HCALOUT (IO,PdbParameterMapContainer)
         G4CELLPARAM_HCALOUT (IO,PdbParameterMap)
         TOWERPARAM_HCALOUT (IO,PdbParameterMap)
         TOWERGEOM_HCALOUT (IO,RawTowerGeomContainer_Cylinderv1)
      G4GEOPARAM_BH_1 (IO,PdbParameterMapContainer)
      CYLINDERGEOM_BH_1 (IO,PHG4CylinderGeomContainer)
      BH_FORWARD_PLUS (PHCompositeNode)/
         G4GEOPARAM_BH_FORWARD_PLUS (IO,PdbParameterMapContainer)
         CYLINDERGEOM_BH_FORWARD_PLUS (IO,PHG4CylinderGeomContainer)
      BH_FORWARD_NEG (PHCompositeNode)/
         G4GEOPARAM_BH_FORWARD_NEG (IO,PdbParameterMapContainer)
         CYLINDERGEOM_BH_FORWARD_NEG (IO,PHG4CylinderGeomContainer)
      CYLINDERGEOM_MVTX (IO,PHG4CylinderGeomContainer)
      CYLINDERGEOM_INTT (IO,PHG4CylinderGeomContainer)
      CYLINDERGEOM_CEMC (IO,PHG4CylinderGeomContainer)
      CYLINDERGEOM_ABSORBER_CEMC (IO,PHG4CylinderGeomContainer)
      GEOMETRY_IO (IO,PHGeomIOTGeo)
      CYLINDERCELLGEOM_SVTX (IO,PHG4CylinderCellGeomContainer)
      CYLINDERCELLGEOM_CEMC (IO,PHG4CylinderCellGeomContainer)
      eclus_Recalibration_CEMC (IO,PdbParameterMap)
      ecore_Recalibration_CEMC (IO,PdbParameterMap)
   PAR (PHCompositeNode)/
      FIELD_MAP (PHDataNode)
      PIPE (PHCompositeNode)/
         G4GEO_PIPE (PHDataNode)
      MVTX (PHCompositeNode)/
         G4GEO_MVTX (PHDataNode)
      INTT (PHCompositeNode)/
         G4GEO_INTT (PHDataNode)
         CYLINDERGEOM_INTT (PHDataNode)
         G4CELLGEO_INTT (PHDataNode)
      TPC (PHCompositeNode)/
         G4GEO_TPC (PHDataNode)
         G4CELLPAR_TPC (PHDataNode)
         G4TPCPADPLANEPAR (PHDataNode)
      CEMC_ELECTRONICS (PHCompositeNode)/
         G4GEO_CEMC_ELECTRONICS (PHDataNode)
      CEMC_SPT (PHCompositeNode)/
         G4GEO_CEMC_SPT (PHDataNode)
      CEMC (PHCompositeNode)/
         G4GEO_CEMC (PHDataNode)
         G4CELLGEO_CEMC (PHDataNode)
      G4GDML_CONFIG (PHDataNode)
      HCALIN (PHCompositeNode)/
         G4GEO_HCALIN (PHDataNode)
         G4CELLGEO_HCALIN (PHDataNode)
         TOWERGEO_HCALIN (PHDataNode)
      HCALIN_SPT (PHCompositeNode)/
         G4GEO_HCALIN_SPT (PHDataNode)
      MAGNET (PHCompositeNode)/
         G4GEO_MAGNET (PHDataNode)
      HCALOUT (PHCompositeNode)/
         G4GEO_HCALOUT (PHDataNode)
         G4CELLGEO_HCALOUT (PHDataNode)
         TOWERGEO_HCALOUT (PHDataNode)
      G4GEO_BH_1 (PHDataNode)
      BH_FORWARD_PLUS (PHCompositeNode)/
         G4GEO_BH_FORWARD_PLUS (PHDataNode)
      BH_FORWARD_NEG (PHCompositeNode)/
         G4GEO_BH_FORWARD_NEG (PHDataNode)
      GEOMETRY (PHDataNode)



 --------  PYTHIA Info Listing  ---------------------------------------- 
 
 Beam A: id =   2212, pz =  4.472e+01, e =  4.473e+01, m =  9.383e-01.
 Beam B: id =     11, pz = -4.472e+01, e =  4.472e+01, m =  5.110e-04.

 In 1: id =    2, x =  6.847e-02, pdf =  6.107e-01 at Q2 =  4.293e+01.
 In 2: id =   11, x =  1.000e+00, pdf =  1.000e+00 at same Q2.

 Subprocess f f' -> f f' (t-channel gamma*/Z0) with code 211 is 2 -> 2.
 It has sHat =  5.478e+02,    tHat = -4.696e+01,    uHat = -5.008e+02,
       pTHat =  6.551e+00,   m3Hat =  3.300e-01,   m4Hat =  5.110e-04,
    thetaHat =  5.943e-01,  phiHat =  1.389e+00.
     alphaEM =  7.592e-03,  alphaS =  2.232e-01    at Q2 =  4.293e+01.

 Impact parameter b =  0.000e+00 gives enhancement factor =  1.000e+00.
 Max pT scale for MPI =  8.945e+01, ISR =  8.945e+01, FSR =  8.945e+01.
 Number of MPI =     1, ISR =     2, FSRproc =     3, FSRreson =     0.

 --------  End PYTHIA Info Listing  ------------------------------------

 --------  PYTHIA Event Listing  (hard process)  -----------------------------------------------------------------------------------
 
    no         id  name            status     mothers   daughters     colours      p_x        p_y        p_z         e          m 
     0         90  (system)           -11     0     0     0     0     0     0      0.000      0.000     79.996    120.000     89.447
     1       2212  (p+)               -12     0     0     3     0     0     0      0.000      0.000     99.996    100.000      0.938
     2         11  (e-)               -12     0     0     4     0     0     0      0.000      0.000    -20.000     20.000      0.001
     3          2  (u)                -21     1     0     5     6   101     0      0.000      0.000      6.846      6.846      0.000
     4         11  (e-)               -21     2     0     5     6     0     0      0.000      0.000    -20.000     20.000      0.000
     5          2  u                   23     3     4     0     0   101     0      1.183      6.443      4.541      7.978      0.330
     6         11  e-                  23     3     4     0     0     0     0     -1.183     -6.443    -17.697     18.871      0.001
                                   Charge sum: -0.333           Momentum sum:      0.000      0.000    -13.156     26.849     23.405

 --------  End PYTHIA Event Listing  -----------------------------------------------------------------------------------------------

 --------  PYTHIA Event Listing  (complete event)  ---------------------------------------------------------------------------------
 
    no         id  name            status     mothers   daughters     colours      p_x        p_y        p_z         e          m 
     0         90  (system)           -11     0     0     0     0     0     0      0.000      0.000     79.996    120.000     89.447
     1       2212  (p+)               -12     0     0    27     0     0     0      0.000      0.000     99.996    100.000      0.938
     2         11  (e-)               -12     0     0    13     0     0     0      0.000      0.000    -20.000     20.000      0.001
     3          2  (u)                -21     7     0     5     6   101     0      0.000      0.000      6.846      6.846      0.000
     4         11  (e-)               -21     8     8     5     6     0     0      0.000      0.000    -20.000     20.000      0.000
     5          2  (u)                -23     3     4     9     9   101     0      1.183      6.443      4.541      7.978      0.330
     6         11  (e-)               -23     3     4    10    10     0     0     -1.183     -6.443    -17.697     18.871      0.001
     7          2  (u)                -41    12     0    11     3   102     0      0.000      0.000      8.234      8.234      0.000
     8         11  (e-)               -42    13    13     4     4     0     0      0.000      0.000    -20.000     20.000      0.000
     9          2  (u)                -44     5     5    14    14   101     0      0.539      5.755      6.327      8.576      0.330
    10         11  (e-)               -44     6     6    15    15     0     0     -1.243     -6.508    -15.013     16.410      0.001
    11         21  (g)                -43     7     0    16    16   102   101      0.704      0.753     -3.082      3.250      0.000
    12          2  (u)                -41    27    27    17     7   103     0     -0.000     -0.000      9.602      9.602      0.000
    13         11  (e-)               -42     2     0     8     8     0     0      0.000      0.000    -20.000     20.000      0.000
    14          2  (u)                -44     9     9    18    19   101     0     -0.155      4.141      7.655      8.711      0.330
    15         11  e-                  44    10    10     0     0     0     0     -1.308     -6.659    -14.243     15.777      0.001
    16         21  (g)                -44    11    11    20    20   102   101      0.696      0.735     -2.688      2.872      0.000
    17         21  (g)                -43    12     0    28    28   103   102      0.768      1.784     -1.125      2.244      0.000
    18          2  (u)                -51    14     0    21    22   104     0     -0.902      4.418      6.165      7.645      0.330
    19         21  (g)                -51    14     0    23    23   101   104      0.835     -0.184      1.148      1.431      0.000
    20         21  (g)                -52    16    16    24    25   102   101      0.607      0.641     -2.346      2.506      0.000
    21          2  (u)                -51    18     0    29    29   105     0      0.069      1.583      0.835      1.821      0.330
    22         21  (g)                -51    18     0    30    30   104   105     -0.563      2.746      5.890      6.523      0.000
    23         21  (g)                -52    19    19    26    26   101   104      0.427     -0.094      0.587      0.733      0.000
    24         21  (g)                -51    20     0    31    31   102   106     -0.312     -0.224     -1.254      1.312      0.000
    25         21  (g)                -51    20     0    32    32   106   101      1.159      0.812     -0.761      1.607      0.000
    26         21  (g)                -52    23    23    33    33   101   104      0.187     -0.041      0.257      0.320      0.000
    27          2  (u)                -61     1     0    12    12   103     0     -0.490      1.111     10.227     10.298      0.000
    28         21  (g)                -62    17    17    40    40   103   102      0.609      2.113     -0.960      2.399      0.000
    29          2  (u)                -62    21    21    35    35   105     0      0.021      1.693      0.998      1.993      0.330
    30         21  (g)                -62    22    22    36    36   104   105     -0.613      2.876      6.228      6.887      0.000
    31         21  (g)                -62    24    24    39    39   102   106     -0.437      0.025     -1.236      1.311      0.000
    32         21  (g)                -62    25    25    38    38   106   101      1.046      1.040     -0.715      1.639      0.000
    33         21  (g)                -62    26    26    37    37   101   104      0.182     -0.033      0.247      0.309      0.000
    34       2103  (ud_1)             -63     1     0    41    41     0   103      0.500     -1.054     89.675     89.686      0.771
    35          2  (u)                -71    29    29    42    57   105     0      0.021      1.693      0.998      1.993      0.330
    36         21  (g)                -71    30    30    42    57   104   105     -0.613      2.876      6.228      6.887      0.000
    37         21  (g)                -71    33    33    42    57   101   104      0.182     -0.033      0.247      0.309      0.000
    38         21  (g)                -71    32    32    42    57   106   101      1.046      1.040     -0.715      1.639      0.000
    39         21  (g)                -71    31    31    42    57   102   106     -0.437      0.025     -1.236      1.311      0.000
    40         21  (g)                -71    28    28    42    57   103   102      0.609      2.113     -0.960      2.399      0.000
    41       2103  (ud_1)             -71    34    34    42    57     0   103      0.500     -1.054     89.675     89.686      0.771
    42        211  pi+                 83    35    41     0     0     0     0      0.081      0.555      1.425      1.538      0.140
    43        113  (rho0)             -83    35    41    58    59     0     0     -0.451      1.508      1.933      2.706      1.051
    44        221  (eta)              -83    35    41    65    67     0     0      0.150      1.686      1.276      2.189      0.548
    45        111  (pi0)              -83    35    41    68    69     0     0     -0.145      0.492      1.582      1.668      0.135
    46       -213  (rho-)             -83    35    41    60    61     0     0     -0.253      0.658      0.583      1.178      0.742
    47        223  (omega)            -83    35    41    70    72     0     0      0.568      0.122     -0.227      0.999      0.780
    48        211  pi+                 83    35    41     0     0     0     0      0.439      1.161     -0.959      1.575      0.140
    49       -211  pi-                 84    35    41     0     0     0     0      0.338      0.246      0.320      0.545      0.140
    50        111  (pi0)              -84    35    41    73    74     0     0     -0.260     -0.116     -0.615      0.691      0.135
    51        211  pi+                 84    35    41     0     0     0     0      0.216      1.365     -0.549      1.493      0.140
    52        313  (K*0)              -84    35    41    62    63     0     0      0.104     -0.127      4.874      4.957      0.887
    53       -311  (Kbar0)            -84    35    41    64    64     0     0      0.186      0.311      4.855      4.894      0.498
    54        223  (omega)            -84    35    41    75    77     0     0      0.132     -0.934     35.435     35.456      0.781
    55        111  (pi0)              -84    35    41    78    79     0     0     -0.013     -0.265      8.518      8.523      0.135
    56       2112  n0                  84    35    41     0     0     0     0      0.169      0.319     25.138     25.158      0.940
    57        111  (pi0)              -84    35    41    80    81     0     0      0.047     -0.322     10.648     10.653      0.135
    58        211  pi+                 91    43     0     0     0     0     0     -0.746      0.896      1.422      1.844      0.140
    59       -211  pi-                 91    43     0     0     0     0     0      0.295      0.612      0.512      0.862      0.140
    60       -211  pi-                 91    46     0     0     0     0     0     -0.010      0.211      0.600      0.651      0.140
    61        111  (pi0)              -91    46     0    82    83     0     0     -0.243      0.447     -0.017      0.527      0.135
    62        321  K+                  91    52     0     0     0     0     0     -0.046     -0.035      4.444      4.471      0.494
    63       -211  pi-                 91    52     0     0     0     0     0      0.150     -0.093      0.431      0.486      0.140
    64        130  K_L0                91    53    53     0     0     0     0      0.186      0.311      4.855      4.894      0.498
    65        111  (pi0)              -91    44     0    84    85     0     0      0.140      0.437      0.388      0.616      0.135
    66        111  (pi0)              -91    44     0    86    87     0     0     -0.030      0.718      0.374      0.821      0.135
    67        111  (pi0)              -91    44     0    88    89     0     0      0.040      0.531      0.514      0.752      0.135
    68         22  gamma               91    45     0     0     0     0     0     -0.007      0.049      0.324      0.328      0.000
    69         22  gamma               91    45     0     0     0     0     0     -0.138      0.442      1.258      1.340      0.000
    70        211  pi+                 91    47     0     0     0     0     0      0.156      0.163     -0.113      0.288      0.140
    71       -211  pi-                 91    47     0     0     0     0     0      0.034     -0.219     -0.034      0.264      0.140
    72        111  (pi0)              -91    47     0    90    91     0     0      0.378      0.178     -0.080      0.447      0.135
    73         22  gamma               91    50     0     0     0     0     0     -0.272     -0.091     -0.558      0.627      0.000
    74         22  gamma               91    50     0     0     0     0     0      0.012     -0.026     -0.057      0.064      0.000
    75        211  pi+                 91    54     0     0     0     0     0     -0.096     -0.233     10.224     10.228      0.140
    76       -211  pi-                 91    54     0     0     0     0     0      0.177     -0.159     14.331     14.334      0.140
    77        111  (pi0)              -91    54     0    92    93     0     0      0.051     -0.542     10.880     10.895      0.135
    78         22  gamma               91    55     0     0     0     0     0      0.028     -0.232      7.667      7.671      0.000
    79         22  gamma               91    55     0     0     0     0     0     -0.041     -0.033      0.851      0.853      0.000
    80         22  gamma               91    57     0     0     0     0     0     -0.009     -0.279      7.964      7.969      0.000
    81         22  gamma               91    57     0     0     0     0     0      0.056     -0.043      2.684      2.685      0.000
    82         22  gamma               91    61     0     0     0     0     0     -0.220      0.451     -0.007      0.502      0.000
    83         22  gamma               91    61     0     0     0     0     0     -0.023     -0.004     -0.009      0.025      0.000
    84         22  gamma               91    65     0     0     0     0     0      0.091      0.145      0.207      0.269      0.000
    85         22  gamma               91    65     0     0     0     0     0      0.048      0.292      0.181      0.347      0.000
    86         22  gamma               91    66     0     0     0     0     0     -0.004      0.164      0.153      0.224      0.000
    87         22  gamma               91    66     0     0     0     0     0     -0.025      0.554      0.221      0.597      0.000
    88         22  gamma               91    67     0     0     0     0     0     -0.015      0.213      0.287      0.358      0.000
    89         22  gamma               91    67     0     0     0     0     0      0.055      0.318      0.227      0.395      0.000
    90         22  gamma               91    72     0     0     0     0     0      0.257      0.142     -0.115      0.315      0.000
    91         22  gamma               91    72     0     0     0     0     0      0.121      0.037      0.035      0.131      0.000
    92         22  gamma               91    77     0     0     0     0     0      0.007      0.002      0.033      0.034      0.000
    93         22  gamma               91    77     0     0     0     0     0      0.044     -0.543     10.847     10.861      0.000
                                   Charge sum:  0.000           Momentum sum:      0.000      0.000     79.996    120.000     89.447

 --------  End PYTHIA Event Listing  -----------------------------------------------------------------------------------------------
genfit::Exception thrown with excString:
RKTrackRep::RKutta ==> Do not get closer to plane!
in line: 1950 in file: /phenix/u/phnxbld/workarea/sPHENIX_SL7.3/need_root_version/root-6.16.00/genfit/trackReps/src/RKTrackRep.cc
with fatal flag 0
genfit::Exception thrown with excString:
RKTrackRep::RKutta ==> Do not get closer to plane!
in line: 1950 in file: /phenix/u/phnxbld/workarea/sPHENIX_SL7.3/need_root_version/root-6.16.00/genfit/trackReps/src/RKTrackRep.cc
with fatal flag 0
genfit::Exception thrown with excString:
RKTrackRep::RKutta ==> Do not get closer to plane!
in line: 1950 in file: /phenix/u/phnxbld/workarea/sPHENIX_SL7.3/need_root_version/root-6.16.00/genfit/trackReps/src/RKTrackRep.cc
with fatal flag 0
genfit::Exception thrown with excString:
RKTrackRep::RKutta ==> Do not get closer to plane!
in line: 1950 in file: /phenix/u/phnxbld/workarea/sPHENIX_SL7.3/need_root_version/root-6.16.00/genfit/trackReps/src/RKTrackRep.cc
with fatal flag 0
genfit::Exception thrown with excString:
RKTrackRep::RKutta ==> Do not get closer to plane!
in line: 1950 in file: /phenix/u/phnxbld/workarea/sPHENIX_SL7.3/need_root_version/root-6.16.00/genfit/trackReps/src/RKTrackRep.cc
with fatal flag 0
genfit::Exception thrown with excString:
RKTrackRep::RKutta ==> Do not get closer to plane!
in line: 1950 in file: /phenix/u/phnxbld/workarea/sPHENIX_SL7.3/need_root_version/root-6.16.00/genfit/trackReps/src/RKTrackRep.cc
with fatal flag 0
genfit::Exception thrown with excString:
RKTrackRep::RKutta ==> Do not get closer to plane!
in line: 1950 in file: /phenix/u/phnxbld/workarea/sPHENIX_SL7.3/need_root_version/root-6.16.00/genfit/trackReps/src/RKTrackRep.cc
with fatal flag 0
genfit::Exception thrown with excString:
RKTrackRep::RKutta ==> Do not get closer to plane!
in line: 1950 in file: /phenix/u/phnxbld/workarea/sPHENIX_SL7.3/need_root_version/root-6.16.00/genfit/trackReps/src/RKTrackRep.cc
with fatal flag 0
genfit::Exception thrown with excString:
RKTrackRep::RKutta ==> Do not get closer to plane!
in line: 1950 in file: /phenix/u/phnxbld/workarea/sPHENIX_SL7.3/need_root_version/root-6.16.00/genfit/trackReps/src/RKTrackRep.cc
with fatal flag 0
genfit::Exception thrown with excString:
RKTrackRep::RKutta ==> Do not get closer to plane!
in line: 1950 in file: /phenix/u/phnxbld/workarea/sPHENIX_SL7.3/need_root_version/root-6.16.00/genfit/trackReps/src/RKTrackRep.cc
with fatal flag 0
genfit::Exception thrown with excString:
RKTrackRep::RKutta ==> Do not get closer to plane!
in line: 1950 in file: /phenix/u/phnxbld/workarea/sPHENIX_SL7.3/need_root_version/root-6.16.00/genfit/trackReps/src/RKTrackRep.cc
with fatal flag 0
genfit::Exception thrown with excString:
RKTrackRep::RKutta ==> Do not get closer to plane!
in line: 1950 in file: /phenix/u/phnxbld/workarea/sPHENIX_SL7.3/need_root_version/root-6.16.00/genfit/trackReps/src/RKTrackRep.cc
with fatal flag 0
genfit::Exception thrown with excString:
RKTrackRep::RKutta ==> Do not get closer to plane!
in line: 1950 in file: /phenix/u/phnxbld/workarea/sPHENIX_SL7.3/need_root_version/root-6.16.00/genfit/trackReps/src/RKTrackRep.cc
with fatal flag 0
genfit::Exception thrown with excString:
RKTrackRep::RKutta ==> Do not get closer to plane!
in line: 1950 in file: /phenix/u/phnxbld/workarea/sPHENIX_SL7.3/need_root_version/root-6.16.00/genfit/trackReps/src/RKTrackRep.cc
with fatal flag 0
genfit::Exception thrown with excString:
RKTrackRep::RKutta ==> Do not get closer to plane!
in line: 1950 in file: /phenix/u/phnxbld/workarea/sPHENIX_SL7.3/need_root_version/root-6.16.00/genfit/trackReps/src/RKTrackRep.cc
with fatal flag 0
genfit::Exception thrown with excString:
RKTrackRep::RKutta ==> Do not get closer to plane!
in line: 1950 in file: /phenix/u/phnxbld/workarea/sPHENIX_SL7.3/need_root_version/root-6.16.00/genfit/trackReps/src/RKTrackRep.cc
with fatal flag 0
genfit::Exception thrown with excString:
RKTrackRep::RKutta ==> Do not get closer to plane!
in line: 1950 in file: /phenix/u/phnxbld/workarea/sPHENIX_SL7.3/need_root_version/root-6.16.00/genfit/trackReps/src/RKTrackRep.cc
with fatal flag 0
genfit::Exception thrown with excString:
RKTrackRep::RKutta ==> Do not get closer to plane!
in line: 1950 in file: /phenix/u/phnxbld/workarea/sPHENIX_SL7.3/need_root_version/root-6.16.00/genfit/trackReps/src/RKTrackRep.cc
with fatal flag 0
genfit::Exception thrown with excString:
RKTrackRep::RKutta ==> Do not get closer to plane!
in line: 1950 in file: /phenix/u/phnxbld/workarea/sPHENIX_SL7.3/need_root_version/root-6.16.00/genfit/trackReps/src/RKTrackRep.cc
with fatal flag 0
genfit::Exception thrown with excString:
RKTrackRep::RKutta ==> Do not get closer to plane!
in line: 1950 in file: /phenix/u/phnxbld/workarea/sPHENIX_SL7.3/need_root_version/root-6.16.00/genfit/trackReps/src/RKTrackRep.cc
with fatal flag 0
genfit::Exception thrown with excString:
RKTrackRep::RKutta ==> Do not get closer to plane!
in line: 1950 in file: /phenix/u/phnxbld/workarea/sPHENIX_SL7.3/need_root_version/root-6.16.00/genfit/trackReps/src/RKTrackRep.cc
with fatal flag 0
Warning: Conversion of SvtxTrack tracklet 8 to PHGenFitTrack failed, moving to next tracklet 
genfit::Exception thrown with excString:
RKTrackRep::RKutta ==> Do not get closer to plane!
in line: 1950 in file: /phenix/u/phnxbld/workarea/sPHENIX_SL7.3/need_root_version/root-6.16.00/genfit/trackReps/src/RKTrackRep.cc
with fatal flag 0
genfit::Exception thrown with excString:
RKTrackRep::RKutta ==> Do not get closer to plane!
in line: 1950 in file: /phenix/u/phnxbld/workarea/sPHENIX_SL7.3/need_root_version/root-6.16.00/genfit/trackReps/src/RKTrackRep.cc
with fatal flag 0
genfit::Exception thrown with excString:
RKTrackRep::RKutta ==> Do not get closer to plane!
in line: 1950 in file: /phenix/u/phnxbld/workarea/sPHENIX_SL7.3/need_root_version/root-6.16.00/genfit/trackReps/src/RKTrackRep.cc
with fatal flag 0
genfit::Exception thrown with excString:
RKTrackRep::RKutta ==> Do not get closer to plane!
in line: 1950 in file: /phenix/u/phnxbld/workarea/sPHENIX_SL7.3/need_root_version/root-6.16.00/genfit/trackReps/src/RKTrackRep.cc
with fatal flag 0
genfit::Exception thrown with excString:
RKTrackRep::RKutta ==> Do not get closer to plane!
in line: 1950 in file: /phenix/u/phnxbld/workarea/sPHENIX_SL7.3/need_root_version/root-6.16.00/genfit/trackReps/src/RKTrackRep.cc
with fatal flag 0
genfit::Exception thrown with excString:
RKTrackRep::RKutta ==> Do not get closer to plane!
in line: 1950 in file: /phenix/u/phnxbld/workarea/sPHENIX_SL7.3/need_root_version/root-6.16.00/genfit/trackReps/src/RKTrackRep.cc
with fatal flag 0
genfit::Exception thrown with excString:
RKTrackRep::RKutta ==> Do not get closer to plane!
in line: 1950 in file: /phenix/u/phnxbld/workarea/sPHENIX_SL7.3/need_root_version/root-6.16.00/genfit/trackReps/src/RKTrackRep.cc
with fatal flag 0
genfit::Exception thrown with excString:
RKTrackRep::RKutta ==> Do not get closer to plane!
in line: 1950 in file: /phenix/u/phnxbld/workarea/sPHENIX_SL7.3/need_root_version/root-6.16.00/genfit/trackReps/src/RKTrackRep.cc
with fatal flag 0
genfit::Exception thrown with excString:
RKTrackRep::RKutta ==> Do not get closer to plane!
in line: 1950 in file: /phenix/u/phnxbld/workarea/sPHENIX_SL7.3/need_root_version/root-6.16.00/genfit/trackReps/src/RKTrackRep.cc
with fatal flag 0
genfit::Exception thrown with excString:
RKTrackRep::RKutta ==> Do not get closer to plane!
in line: 1950 in file: /phenix/u/phnxbld/workarea/sPHENIX_SL7.3/need_root_version/root-6.16.00/genfit/trackReps/src/RKTrackRep.cc
with fatal flag 0
genfit::Exception thrown with excString:
RKTrackRep::RKutta ==> Do not get closer to plane!
in line: 1950 in file: /phenix/u/phnxbld/workarea/sPHENIX_SL7.3/need_root_version/root-6.16.00/genfit/trackReps/src/RKTrackRep.cc
with fatal flag 0
genfit::Exception thrown with excString:
RKTrackRep::RKutta ==> Do not get closer to plane!
in line: 1950 in file: /phenix/u/phnxbld/workarea/sPHENIX_SL7.3/need_root_version/root-6.16.00/genfit/trackReps/src/RKTrackRep.cc
with fatal flag 0
genfit::Exception thrown with excString:
RKTrackRep::RKutta ==> Do not get closer to plane!
in line: 1950 in file: /phenix/u/phnxbld/workarea/sPHENIX_SL7.3/need_root_version/root-6.16.00/genfit/trackReps/src/RKTrackRep.cc
with fatal flag 0
genfit::Exception thrown with excString:
RKTrackRep::RKutta ==> Do not get closer to plane!
in line: 1950 in file: /phenix/u/phnxbld/workarea/sPHENIX_SL7.3/need_root_version/root-6.16.00/genfit/trackReps/src/RKTrackRep.cc
with fatal flag 0
genfit::Exception thrown with excString:
RKTrackRep::RKutta ==> Do not get closer to plane!
in line: 1950 in file: /phenix/u/phnxbld/workarea/sPHENIX_SL7.3/need_root_version/root-6.16.00/genfit/trackReps/src/RKTrackRep.cc
with fatal flag 0
genfit::Exception thrown with excString:
RKTrackRep::RKutta ==> Do not get closer to plane!
in line: 1950 in file: /phenix/u/phnxbld/workarea/sPHENIX_SL7.3/need_root_version/root-6.16.00/genfit/trackReps/src/RKTrackRep.cc
with fatal flag 0
genfit::Exception thrown with excString:
RKTrackRep::RKutta ==> Do not get closer to plane!
in line: 1950 in file: /phenix/u/phnxbld/workarea/sPHENIX_SL7.3/need_root_version/root-6.16.00/genfit/trackReps/src/RKTrackRep.cc
with fatal flag 0
genfit::Exception thrown with excString:
RKTrackRep::RKutta ==> Do not get closer to plane!
in line: 1950 in file: /phenix/u/phnxbld/workarea/sPHENIX_SL7.3/need_root_version/root-6.16.00/genfit/trackReps/src/RKTrackRep.cc
with fatal flag 0
genfit::Exception thrown with excString:
RKTrackRep::RKutta ==> Do not get closer to plane!
in line: 1950 in file: /phenix/u/phnxbld/workarea/sPHENIX_SL7.3/need_root_version/root-6.16.00/genfit/trackReps/src/RKTrackRep.cc
with fatal flag 0
genfit::Exception thrown with excString:
RKTrackRep::RKutta ==> Do not get closer to plane!
in line: 1950 in file: /phenix/u/phnxbld/workarea/sPHENIX_SL7.3/need_root_version/root-6.16.00/genfit/trackReps/src/RKTrackRep.cc
with fatal flag 0
genfit::Exception thrown with excString:
RKTrackRep::RKutta ==> Do not get closer to plane!
in line: 1950 in file: /phenix/u/phnxbld/workarea/sPHENIX_SL7.3/need_root_version/root-6.16.00/genfit/trackReps/src/RKTrackRep.cc
with fatal flag 0
Warning: Conversion of SvtxTrack tracklet 19 to PHGenFitTrack failed, moving to next tracklet 
[0;33m[TwoTrackMinimumDistance] comparing track with itself![;0m
[0;33m[TwoTrackMinimumDistance] Computation HelixHelix::CAIR failed.[;0m
[0;33m[TwoTrackMinimumDistance] comparing track with itself![;0m
[0;33m[TwoTrackMinimumDistance] Computation HelixHelix::CAIR failed.[;0m
[0;33m[TwoTrackMinimumDistance] comparing track with itself![;0m
[0;33m[TwoTrackMinimumDistance] Computation HelixHelix::CAIR failed.[;0m
[0;33m[TwoTrackMinimumDistance] comparing track with itself![;0m
[0;33m[TwoTrackMinimumDistance] Computation HelixHelix::CAIR failed.[;0m
[0;33m[TwoTrackMinimumDistance] comparing track with itself![;0m
[0;33m[TwoTrackMinimumDistance] Computation HelixHelix::CAIR failed.[;0m
[0;33m[TwoTrackMinimumDistance] comparing track with itself![;0m
[0;33m[TwoTrackMinimumDistance] Computation HelixHelix::CAIR failed.[;0m
MyJetAnalysis::End - Outoput to /global/project/projectdirs/alice/ftorales/eP_MC/eP_4_electrons+jets.root
All done
