LD_LIBRARY_PATH now /global/project/projectdirs/alice/ftorales/Singularity/install/lib:.:/global/project/projectdirs/alice/ftorales/Singularity/cvmfs/sphenix.sdcc.bnl.gov/x8664_sl7/release/release_new/new.4/lib:/global/project/projectdirs/alice/ftorales/Singularity/cvmfs/sphenix.sdcc.bnl.gov/x8664_sl7/opt/sphenix/utils/lib64:/global/project/projectdirs/alice/ftorales/Singularity/cvmfs/sphenix.sdcc.bnl.gov/x8664_sl7/opt/sphenix/utils/lib:/global/project/projectdirs/alice/ftorales/Singularity/cvmfs/sphenix.sdcc.bnl.gov/x8664_sl7/opt/sphenix/core/lib:/global/project/projectdirs/alice/ftorales/Singularity/cvmfs/sphenix.sdcc.bnl.gov/x8664_sl7/opt/sphenix/core/root-6.16.00/lib:/global/project/projectdirs/alice/ftorales/Singularity/cvmfs/sphenix.sdcc.bnl.gov/x8664_sl7/opt/sphenix/core/geant4.10.02.p02/lib64:/global/project/projectdirs/alice/ftorales/Singularity/cvmfs/sphenix.sdcc.bnl.gov/x8664_sl7/opt/sphenix/core/lhapdf-5.9.1/lib:/usr/local/lib64:/usr/lib64
PATH now :.:/global/project/projectdirs/alice/ftorales/Singularity/cvmfs/sphenix.sdcc.bnl.gov/x8664_sl7/release/release_new/new.4/bin:/global/project/projectdirs/alice/ftorales/Singularity/cvmfs/sphenix.sdcc.bnl.gov/x8664_sl7/opt/sphenix/utils/bin:/global/project/projectdirs/alice/ftorales/Singularity/cvmfs/sphenix.sdcc.bnl.gov/x8664_sl7/opt/sphenix/core/bin:/global/project/projectdirs/alice/ftorales/Singularity/cvmfs/sphenix.sdcc.bnl.gov/x8664_sl7/opt/sphenix/core/root-6.16.00/bin:/global/project/projectdirs/alice/ftorales/Singularity/cvmfs/sphenix.sdcc.bnl.gov/x8664_sl7/opt/sphenix/core/geant4.10.02.p02/bin:/usr/local/bin:/usr/bin:/usr/local/sbin:/usr/sbin
   ------------------------------------------------------------
  | Welcome to ROOT 6.16/00                  https://root.cern |
  |                               (c) 1995-2018, The ROOT Team |
  | Built for linuxx8664gcc on Jan 23 2019, 09:06:13           |
  | From tags/v6-16-00@v6-16-00                                |
  | Try '.help', '.demo', '.license', '.credits', '.quit'/'.q' |
   ------------------------------------------------------------


Processing Fun4All_G4_sPHENIX.C(100, "", "/global/project/projectdirs/alice/ftorales/eP_MC/eP_6")...
PHRandomSeed::GetSeed() seed: 2404195863

 *------------------------------------------------------------------------------------* 
 |                                                                                    | 
 |  *------------------------------------------------------------------------------*  | 
 |  |                                                                              |  | 
 |  |                                                                              |  | 
 |  |   PPP   Y   Y  TTTTT  H   H  III    A      Welcome to the Lund Monte Carlo!  |  | 
 |  |   P  P   Y Y     T    H   H   I    A A     This is PYTHIA version 8.243      |  | 
 |  |   PPP     Y      T    HHHHH   I   AAAAA    Last date of change:  4 Jul 2019  |  | 
 |  |   P       Y      T    H   H   I   A   A                                      |  | 
 |  |   P       Y      T    H   H  III  A   A    Now is 03 Apr 2020 at 02:32:16    |  | 
 |  |                                                                              |  | 
 |  |   Christian Bierlich;  Department of Astronomy and Theoretical Physics,      |  | 
 |  |      Lund University, Solvegatan 14A, SE-223 62 Lund, Sweden;                |  | 
 |  |      e-mail: christian.bierlich@thep.lu.se                                   |  | 
 |  |   Nishita Desai;  Department of Theoretical Physics, Tata Institute,         |  | 
 |  |      Homi Bhabha Road, Mumbai 400005, India;                                 |  | 
 |  |      e-mail: desai@theory.tifr.res.in                                        |  | 
 |  |   Ilkka Helenius;  Department of Physics, University of Jyvaskyla,           |  | 
 |  |      P.O. Box 35, FI-40014 University of Jyvaskyla, Finland;                 |  | 
 |  |      e-mail: ilkka.m.helenius@jyu.fi                                         |  | 
 |  |   Philip Ilten;  School of Physics and Astronomy,                            |  | 
 |  |      University of Birmingham, Birmingham, B152 2TT, UK;                     |  | 
 |  |      e-mail: philten@cern.ch                                                 |  | 
 |  |   Leif Lonnblad;  Department of Astronomy and Theoretical Physics,           |  | 
 |  |      Lund University, Solvegatan 14A, SE-223 62 Lund, Sweden;                |  | 
 |  |      e-mail: leif.lonnblad@thep.lu.se                                        |  | 
 |  |   Stephen Mrenna;  Computing Division, Simulations Group,                    |  | 
 |  |      Fermi National Accelerator Laboratory, MS 234, Batavia, IL 60510, USA;  |  | 
 |  |      e-mail: mrenna@fnal.gov                                                 |  | 
 |  |   Stefan Prestel;  Department of Astronomy and Theoretical Physics,          |  | 
 |  |      Lund University, Solvegatan 14A, SE-223 62 Lund, Sweden;                |  | 
 |  |      e-mail: stefan.prestel@thep.lu.se                                       |  | 
 |  |   Christine O. Rasmussen;  Department of Astronomy and Theoretical Physics,  |  | 
 |  |      Lund University, Solvegatan 14A, SE-223 62 Lund, Sweden;                |  | 
 |  |      e-mail: christine.rasmussen@thep.lu.se                                  |  | 
 |  |   Torbjorn Sjostrand;  Department of Astronomy and Theoretical Physics,      |  | 
 |  |      Lund University, Solvegatan 14A, SE-223 62 Lund, Sweden;                |  | 
 |  |      e-mail: torbjorn@thep.lu.se                                             |  | 
 |  |   Peter Skands;  School of Physics,                                          |  | 
 |  |      Monash University, PO Box 27, 3800 Melbourne, Australia;                |  | 
 |  |      e-mail: peter.skands@monash.edu                                         |  | 
 |  |                                                                              |  | 
 |  |   The main program reference is 'An Introduction to PYTHIA 8.2',             |  | 
 |  |   T. Sjostrand et al, Comput. Phys. Commun. 191 (2015) 159                   |  | 
 |  |   [arXiv:1410.3012 [hep-ph]]                                                 |  | 
 |  |                                                                              |  | 
 |  |   The main physics reference is the 'PYTHIA 6.4 Physics and Manual',         |  | 
 |  |   T. Sjostrand, S. Mrenna and P. Skands, JHEP05 (2006) 026 [hep-ph/0603175]  |  | 
 |  |                                                                              |  | 
 |  |   An archive of program versions and documentation is found on the web:      |  | 
 |  |   http://www.thep.lu.se/Pythia                                               |  | 
 |  |                                                                              |  | 
 |  |   This program is released under the GNU General Public Licence version 2.   |  | 
 |  |   Please respect the MCnet Guidelines for Event Generator Authors and Users. |  | 
 |  |                                                                              |  | 
 |  |   Disclaimer: this program comes without any guarantees.                     |  | 
 |  |   Beware of errors and use common sense when interpreting results.           |  | 
 |  |                                                                              |  | 
 |  |   Copyright (C) 2019 Torbjorn Sjostrand                                      |  | 
 |  |                                                                              |  | 
 |  |                                                                              |  | 
 |  *------------------------------------------------------------------------------*  | 
 |                                                                                    | 
 *------------------------------------------------------------------------------------* 

PHRandomSeed::GetSeed() seed: 504147708
PHPythia8 random seed: 504147708

 *-------  PYTHIA Process Initialization  --------------------------*
 |                                                                  |
 | We collide p+ with e- at a CM energy of 8.945e+01 GeV            |
 |                                                                  |
 |------------------------------------------------------------------|
 |                                                    |             |
 | Subprocess                                    Code |   Estimated |
 |                                                    |    max (mb) |
 |                                                    |             |
 |------------------------------------------------------------------|
 |                                                    |             |
 | g g -> g g                                     111 |   0.000e+00 |
 | g g -> q qbar (uds)                            112 |   0.000e+00 |
 | q g -> q g                                     113 |   0.000e+00 |
 | q q(bar)' -> q q(bar)'                         114 |   0.000e+00 |
 | q qbar -> g g                                  115 |   0.000e+00 |
 | q qbar -> q' qbar' (uds)                       116 |   0.000e+00 |
 | g g -> c cbar                                  121 |   0.000e+00 |
 | q qbar -> c cbar                               122 |   0.000e+00 |
 | g g -> b bbar                                  123 |   0.000e+00 |
 | q qbar -> b bbar                               124 |   0.000e+00 |
 | f f' -> f f' (t-channel gamma*/Z0)             211 |   9.265e-05 |
 |                                                                  |
 *-------  End PYTHIA Process Initialization -----------------------*

 *-------  PYTHIA Flag + Mode + Parm + Word + FVec + MVec + PVec + WVec Settings (changes only)  ------------------* 
 |                                                                                                                 | 
 | Name                                          |                      Now |      Default         Min         Max | 
 |                                               |                          |                                      | 
 | Beams:eA                                      |                100.00000 |     7000.000         0.0             | 
 | Beams:eB                                      |                 20.00000 |     7000.000         0.0             | 
 | Beams:frameType                               |                        2 |            1           1           5 | 
 | Beams:idB                                     |                       11 |         2212                         | 
 | HardQCD:all                                   |                       on |          off                         | 
 | Main:timesAllowErrors                         |                   900000 |           10           0             | 
 | PDF:lepton                                    |                      off |           on                         | 
 | PhaseSpace:Q2Min                              |                 16.00000 |          0.0         0.0             | 
 | Random:seed                                   |                504147708 |           -1               900000000 | 
 | Random:setSeed                                |                       on |          off                         | 
 | SpaceShower:pTmaxMatch                        |                        2 |            0           0           2 | 
 | TimeShower:QEDshowerByL                       |                      off |           on                         | 
 | WeakBosonExchange:ff2ff(t:gmZ)                |                       on |          off                         | 
 |                                                                                                                 | 
 *-------  End PYTHIA Flag + Mode + Parm + Word + FVec + MVec + PVec + WVec Settings  -----------------------------* 

 --------  PYTHIA Particle Data Table (changed only)  ------------------------------------------------------------------------------
 
      id   name            antiName         spn chg col      m0        mWidth      mMin       mMax       tau0    res dec ext vis wid
             no onMode   bRatio   meMode     products 

 no particle data has been changed from its default value 

 --------  End PYTHIA Particle Data Table  -----------------------------------------------------------------------------------------

PHRandomSeed::GetSeed() seed: 2384369122
PHRandomSeed::GetSeed() seed: 417566495
Intt has 4 layers with layer setup:
 Intt layer 0 laddertype -2 nladders 15 sensor radius 9.0 offsetphi 0.0
 Intt layer 1 laddertype -2 nladders 15 sensor radius 9.5 offsetphi 12.0
 Intt layer 2 laddertype -2 nladders 18 sensor radius 10.8 offsetphi 0.0
 Intt layer 3 laddertype -2 nladders 18 sensor radius 11.4 offsetphi 10.0
HCalInner - construct inner HCal absorber with G4_Al
PHRandomSeed::GetSeed() seed: 2207699552

*************************************************************
 Geant4 version Name: geant4-10-02-patch-02    (17-June-2016)
                      Copyright : Geant4 Collaboration
                      Reference : NIM A 506 (2003), 250-303
                            WWW : http://cern.ch/geant4
*************************************************************

<<< Geant4 Physics List simulation engine: QGSP_BERT 4.0

PHG4MvtxHitReco: Setting Mvtx timing window defaults to tmin = -5000 and  tmax = 5000 ns
PHG4MvtxHitReco: Set Mvtx timing window parameters from macro for layer = 0 to tmin = -5000.0 tmax = 5000.0
PHG4MvtxHitReco: Set Mvtx timing window parameters from macro for layer = 1 to tmin = -5000.0 tmax = 5000.0
PHG4MvtxHitReco: Set Mvtx timing window parameters from macro for layer = 2 to tmin = -5000.0 tmax = 5000.0
PHRandomSeed::GetSeed() seed: 1596317345
PHRandomSeed::GetSeed() seed: 2447327445
Registering padplane 
padplane registered and parameters updated
PHRandomSeed::GetSeed() seed: 1255358696
PHParameters::ReadFromFile - Reading from File: /global/project/projectdirs/alice/ftorales/Singularity/cvmfs/sphenix.sdcc.bnl.gov/x8664_sl7/release/release_new/new.4/share/calibrations/CEMC/TowerCalib_2017ProjTilted/cemc_geoparams-0-0-4294967295-1499354960.xml ... Received PdbParameterMap with (Hash = 0x883e8cf2a8d53c9f)
BEmcProfile: Loading profile data from file /global/project/projectdirs/alice/ftorales/Singularity/cvmfs/sphenix.sdcc.bnl.gov/x8664_sl7/release/release_new/new.4/share/calibrations/EmcProfile/CEMCprof_Thresh30MeV.root
  8 bin in energy:  0.5,  1.0,  2.0,  4.0, 10.0, 20.0, 40.0, 80.0, 
  4 bin in theta:  0.05, 0.14, 0.25, 0.34, 
PHParameters::ReadFromFile - Reading from File: /global/project/projectdirs/alice/ftorales/Singularity/cvmfs/sphenix.sdcc.bnl.gov/x8664_sl7/release/release_new/new.4/share/calibrations/CEMC/PositionRecalibration_EMCal_9deg_tilt/cemc_recalib_geoparams-0-0-4294967295-1532091513.xml ... Received PdbParameterMap with (Hash = 0x9eda525940469004)
PHParameters::ReadFromFile - Reading from File: /global/project/projectdirs/alice/ftorales/Singularity/cvmfs/sphenix.sdcc.bnl.gov/x8664_sl7/release/release_new/new.4/share/calibrations/CEMC/PositionRecalibration_EMCal_9deg_tilt/cemc_ecore_recalib_geoparams-0-0-4294967295-1532091569.xml ... Received PdbParameterMap with (Hash = 0xe641b18750973639)
PHRandomSeed::GetSeed() seed: 201715918
Warning from RawClusterBuilderTemplate::Detector(): no detector specific class BEmcRec{Name} defined for detector HCALIN. Default BEmcRec will be used
PHRandomSeed::GetSeed() seed: 578181278
Warning from RawClusterBuilderTemplate::Detector(): no detector specific class BEmcRec{Name} defined for detector HCALOUT. Default BEmcRec will be used
PHRandomSeed::GetSeed() seed: 3129061763
PHG4MvtxDigitizer random seed: 3129061763
PHRandomSeed::GetSeed() seed: 2482127728
PHG4InttDigitizer random seed: 2482127728
PHRandomSeed::GetSeed() seed: 2867697689
PHG4TpcDigitizer random seed: 2867697689
 Tpc digitizer: Setting ENC to 670.0 ADC threshold to 2680.0 maps+Intt layers set to 7
PHRandomSeed::GetSeed() seed: 1414694046
PHTFileServer::open - opening file /global/project/projectdirs/alice/ftorales/eP_MC/eP_6_electrons+jets.root (RECREATE)
Fun4AllServer: Runnumber forced to 0 by RUNNUMBER IntFlag
Fun4AllServer::setRun(): could not get timestamp for run  0, using tics(0) timestamp: Wed Dec 31 19:00:00 1969
PHFieldUtility::GetFieldConfigNode - field map with configuration from input default: PHFieldConfigv1::identify - Field type of [2D field map expressed in cylindrical coordinates] from file [/global/project/projectdirs/alice/ftorales/Singularity/cvmfs/sphenix.sdcc.bnl.gov/x8664_sl7/release/release_new/new.4/share/calibrations/Field/Map/sPHENIX.2d.root] with a scale factor of -0.9
PHParameters::ReadFromFile - Reading from File: /global/project/projectdirs/alice/ftorales/Singularity/cvmfs/sphenix.sdcc.bnl.gov/x8664_sl7/release/release_new/new.4/share/calibrations/CEMC/Geometry_2018ProjTilted/cemc_geoparams-0-0-4294967295-1536789215.xml ... Received PdbParameterMapContainer Detector Id 0 with (Hash = 0xaf819d10e459ac67)
G4GDML: Reading '/global/project/projectdirs/alice/ftorales/Singularity/cvmfs/sphenix.sdcc.bnl.gov/x8664_sl7/release/release_new/new.4/share/calibrations/Tracking/geometry/mvtx_stave_v1.gdml'...
G4GDML: Reading definitions...
G4GDML: Reading materials...
G4GDML: Reading solids...
G4GDML: Reading structure...
G4GDML: Reading setup...
G4GDML: Reading '/global/project/projectdirs/alice/ftorales/Singularity/cvmfs/sphenix.sdcc.bnl.gov/x8664_sl7/release/release_new/new.4/share/calibrations/Tracking/geometry/mvtx_stave_v1.gdml' done!
Stripping off GDML names of materials, solids and volumes ...
north copy no: 1
south copy no: 2
PHG4FullProjTiltedSpacalDetector::Construct_AzimuthalSeg::CEMC_0 - constructed 192 unique towers
PHG4Reco::InitRun - export geometry to DST via tmp file /tmp/PHGeomUtility_geom_file_59182.gdml
PHG4GDML: Writing '/tmp/PHGeomUtility_geom_file_59182.gdml'...
PHG4GDML: Writing definitions...
G4GDML: Writing materials...
PHG4GDML: Writing solids...
PHG4GDML: Writing structure...
G4GDML: Writing setup...
PHG4GDML: Writing surfaces...
PHG4GDML: Writing '/tmp/PHGeomUtility_geom_file_59182.gdml' done !
PHRandomSeed::GetSeed() seed: 411595375
Infor from RawClusterBuilderTemplate::InitRun(): Init geometry for CEMC: N of geom towers: 24576; ix=0-255 iy=0-95
Infor from RawClusterBuilderTemplate::InitRun(): Init geometry for HCALIN: N of geom towers: 1536; ix=0-63 iy=0-23
Infor from RawClusterBuilderTemplate::InitRun(): Init geometry for HCALOUT: N of geom towers: 1536; ix=0-63 iy=0-23
PHG4InttDigitizer::InitRun: detector = INTT
layer array size: 12
init _nlayers_seeding 12
init _min_layers_seeding 12
init n min layers = 4
GFRaveVertexFactory::setMethod ==> set method to avf-smoothing:1
--------------------------------------

List of Nodes in Fun4AllServer:
Node Tree under TopNode TOP
TOP (PHCompositeNode)/
   DST (PHCompositeNode)/
      PHHepMCGenEventMap (IO,PHHepMCGenEventMap)
      PHG4INEVENT (PHDataNode)
      PIPE (PHCompositeNode)/
         G4HIT_PIPE (IO,PHG4HitContainer)
      MVTX (PHCompositeNode)/
         G4HIT_MVTX (IO,PHG4HitContainer)
      INTT (PHCompositeNode)/
         G4HIT_INTT (IO,PHG4HitContainer)
      TPC (PHCompositeNode)/
         G4HIT_ABSORBER_TPC (IO,PHG4HitContainer)
         G4HIT_TPC (IO,PHG4HitContainer)
      CEMC_ELECTRONICS (PHCompositeNode)/
         G4HIT_CEMC_ELECTRONICS (IO,PHG4HitContainer)
      CEMC_SPT (PHCompositeNode)/
         G4HIT_CEMC_SPT (IO,PHG4HitContainer)
      G4HIT_CEMC (IO,PHG4HitContainer)
      G4HIT_ABSORBER_CEMC (IO,PHG4HitContainer)
      HCALIN (PHCompositeNode)/
         G4HIT_ABSORBER_HCALIN (IO,PHG4HitContainer)
         G4HIT_HCALIN (IO,PHG4HitContainer)
         G4CELL_HCALIN (IO,PHG4CellContainer)
         TOWER_SIM_HCALIN (IO,RawTowerContainer)
         TOWER_RAW_HCALIN (IO,RawTowerContainer)
         TOWER_CALIB_HCALIN (IO,RawTowerContainer)
         CLUSTER_HCALIN (IO,RawClusterContainer)
      HCALIN_SPT (PHCompositeNode)/
         G4HIT_HCALIN_SPT (IO,PHG4HitContainer)
      MAGNET (PHCompositeNode)/
         G4HIT_MAGNET (IO,PHG4HitContainer)
      HCALOUT (PHCompositeNode)/
         G4HIT_ABSORBER_HCALOUT (IO,PHG4HitContainer)
         G4HIT_HCALOUT (IO,PHG4HitContainer)
         G4CELL_HCALOUT (IO,PHG4CellContainer)
         TOWER_SIM_HCALOUT (IO,RawTowerContainer)
         TOWER_RAW_HCALOUT (IO,RawTowerContainer)
         TOWER_CALIB_HCALOUT (IO,RawTowerContainer)
         CLUSTER_HCALOUT (IO,RawClusterContainer)
      G4HIT_BH_1 (IO,PHG4HitContainer)
      BH_FORWARD_PLUS (PHCompositeNode)/
         G4HIT_BH_FORWARD_PLUS (IO,PHG4HitContainer)
      BH_FORWARD_NEG (PHCompositeNode)/
         G4HIT_BH_FORWARD_NEG (IO,PHG4HitContainer)
      G4TruthInfo (IO,PHG4TruthInfoContainer)
      BBC (PHCompositeNode)/
         BbcVertexMap (IO,BbcVertexMapv1)
      TRKR (PHCompositeNode)/
         TRKR_HITSET (IO,TrkrHitSetContainer)
         TRKR_HITTRUTHASSOC (IO,TrkrHitTruthAssoc)
         TRKR_CLUSTER (IO,TrkrClusterContainer)
         TRKR_CLUSTERHITASSOC (IO,TrkrClusterHitAssoc)
      CEMC (PHCompositeNode)/
         G4CELL_CEMC (IO,PHG4CellContainer)
         TOWER_SIM_CEMC (IO,RawTowerContainer)
         TOWER_RAW_CEMC (IO,RawTowerContainer)
         TOWER_CALIB_CEMC (IO,RawTowerContainer)
         CLUSTER_CEMC (IO,RawClusterContainer)
         CLUSTER_POS_COR_CEMC (IO,RawClusterContainer)
      SVTX (PHCompositeNode)/
         SvtxVertexMap (IO,SvtxVertexMap_v1)
         SvtxTrackMap (IO,SvtxTrackMap_v1)
         AssocInfoContainer (IO,AssocInfoContainer)
         SvtxVertexMapRefit (IO,SvtxVertexMap_v1)
      GLOBAL (PHCompositeNode)/
         GlobalVertexMap (IO,GlobalVertexMapv1)
      TRIG (PHCompositeNode)/
         CaloTriggerInfo (IO,CaloTriggerInfov1)
      ANTIKT (PHCompositeNode)/
         TRUTH (PHCompositeNode)/
            AntiKt_Truth_r02 (IO,JetMapv1)
            AntiKt_Truth_r03 (IO,JetMapv1)
            AntiKt_Truth_r04 (IO,JetMapv1)
            AntiKt_Truth_r05 (IO,JetMapv1)
            AntiKt_Truth_r06 (IO,JetMapv1)
            AntiKt_Truth_r07 (IO,JetMapv1)
            AntiKt_Truth_r08 (IO,JetMapv1)
            AntiKt_Truth_r10 (IO,JetMapv1)
         TOWER (PHCompositeNode)/
            AntiKt_Tower_r02 (IO,JetMapv1)
            AntiKt_Tower_r03 (IO,JetMapv1)
            AntiKt_Tower_r04 (IO,JetMapv1)
            AntiKt_Tower_r05 (IO,JetMapv1)
            AntiKt_Tower_r06 (IO,JetMapv1)
            AntiKt_Tower_r07 (IO,JetMapv1)
            AntiKt_Tower_r08 (IO,JetMapv1)
         CLUSTER (PHCompositeNode)/
            AntiKt_Cluster_r02 (IO,JetMapv1)
            AntiKt_Cluster_r03 (IO,JetMapv1)
            AntiKt_Cluster_r04 (IO,JetMapv1)
            AntiKt_Cluster_r05 (IO,JetMapv1)
            AntiKt_Cluster_r06 (IO,JetMapv1)
            AntiKt_Cluster_r07 (IO,JetMapv1)
            AntiKt_Cluster_r08 (IO,JetMapv1)
         TRACK (PHCompositeNode)/
            AntiKt_Track_r02 (IO,JetMapv1)
            AntiKt_Track_r03 (IO,JetMapv1)
            AntiKt_Track_r04 (IO,JetMapv1)
            AntiKt_Track_r05 (IO,JetMapv1)
            AntiKt_Track_r06 (IO,JetMapv1)
            AntiKt_Track_r07 (IO,JetMapv1)
            AntiKt_Track_r08 (IO,JetMapv1)
            AntiKt_Track_r10 (IO,JetMapv1)
   RUN (PHCompositeNode)/
      PHGenIntegral (IO,PHGenIntegralv1)
      FIELD_CONFIG (IO,PHFieldConfigv1)
      PIPE (PHCompositeNode)/
         G4GEOPARAM_PIPE (IO,PdbParameterMapContainer)
         CYLINDERGEOM_PIPE (IO,PHG4CylinderGeomContainer)
      MVTX (PHCompositeNode)/
         G4GEOPARAM_MVTX (IO,PdbParameterMapContainer)
      INTT (PHCompositeNode)/
         G4GEOPARAM_INTT (IO,PdbParameterMapContainer)
         G4CELLPARAM_INTT (IO,PdbParameterMap)
      TPC (PHCompositeNode)/
         G4GEOPARAM_TPC (IO,PdbParameterMapContainer)
         G4CELLPARAM_TPC (IO,PdbParameterMap)
         G4TPCPADPLANE (IO,PdbParameterMap)
      CEMC_ELECTRONICS (PHCompositeNode)/
         G4GEOPARAM_CEMC_ELECTRONICS (IO,PdbParameterMapContainer)
         CYLINDERGEOM_CEMC_ELECTRONICS (IO,PHG4CylinderGeomContainer)
      CEMC_SPT (PHCompositeNode)/
         G4GEOPARAM_CEMC_SPT (IO,PdbParameterMapContainer)
         CYLINDERGEOM_CEMC_SPT (IO,PHG4CylinderGeomContainer)
      CEMC (PHCompositeNode)/
         G4GEOPARAM_CEMC (IO,PdbParameterMapContainer)
         G4CELLPARAM_CEMC (IO,PdbParameterMap)
         TOWERGEOM_CEMC (IO,RawTowerGeomContainer_Cylinderv1)
      HCALIN (PHCompositeNode)/
         G4GEOPARAM_HCALIN (IO,PdbParameterMapContainer)
         G4CELLPARAM_HCALIN (IO,PdbParameterMap)
         TOWERPARAM_HCALIN (IO,PdbParameterMap)
         TOWERGEOM_HCALIN (IO,RawTowerGeomContainer_Cylinderv1)
      HCALIN_SPT (PHCompositeNode)/
         G4GEOPARAM_HCALIN_SPT (IO,PdbParameterMapContainer)
         CYLINDERGEOM_HCALIN_SPT (IO,PHG4CylinderGeomContainer)
      MAGNET (PHCompositeNode)/
         G4GEOPARAM_MAGNET (IO,PdbParameterMapContainer)
         CYLINDERGEOM_MAGNET (IO,PHG4CylinderGeomContainer)
      HCALOUT (PHCompositeNode)/
         G4GEOPARAM_HCALOUT (IO,PdbParameterMapContainer)
         G4CELLPARAM_HCALOUT (IO,PdbParameterMap)
         TOWERPARAM_HCALOUT (IO,PdbParameterMap)
         TOWERGEOM_HCALOUT (IO,RawTowerGeomContainer_Cylinderv1)
      G4GEOPARAM_BH_1 (IO,PdbParameterMapContainer)
      CYLINDERGEOM_BH_1 (IO,PHG4CylinderGeomContainer)
      BH_FORWARD_PLUS (PHCompositeNode)/
         G4GEOPARAM_BH_FORWARD_PLUS (IO,PdbParameterMapContainer)
         CYLINDERGEOM_BH_FORWARD_PLUS (IO,PHG4CylinderGeomContainer)
      BH_FORWARD_NEG (PHCompositeNode)/
         G4GEOPARAM_BH_FORWARD_NEG (IO,PdbParameterMapContainer)
         CYLINDERGEOM_BH_FORWARD_NEG (IO,PHG4CylinderGeomContainer)
      CYLINDERGEOM_MVTX (IO,PHG4CylinderGeomContainer)
      CYLINDERGEOM_INTT (IO,PHG4CylinderGeomContainer)
      CYLINDERGEOM_CEMC (IO,PHG4CylinderGeomContainer)
      CYLINDERGEOM_ABSORBER_CEMC (IO,PHG4CylinderGeomContainer)
      GEOMETRY_IO (IO,PHGeomIOTGeo)
      CYLINDERCELLGEOM_SVTX (IO,PHG4CylinderCellGeomContainer)
      CYLINDERCELLGEOM_CEMC (IO,PHG4CylinderCellGeomContainer)
      eclus_Recalibration_CEMC (IO,PdbParameterMap)
      ecore_Recalibration_CEMC (IO,PdbParameterMap)
   PAR (PHCompositeNode)/
      FIELD_MAP (PHDataNode)
      PIPE (PHCompositeNode)/
         G4GEO_PIPE (PHDataNode)
      MVTX (PHCompositeNode)/
         G4GEO_MVTX (PHDataNode)
      INTT (PHCompositeNode)/
         G4GEO_INTT (PHDataNode)
         CYLINDERGEOM_INTT (PHDataNode)
         G4CELLGEO_INTT (PHDataNode)
      TPC (PHCompositeNode)/
         G4GEO_TPC (PHDataNode)
         G4CELLPAR_TPC (PHDataNode)
         G4TPCPADPLANEPAR (PHDataNode)
      CEMC_ELECTRONICS (PHCompositeNode)/
         G4GEO_CEMC_ELECTRONICS (PHDataNode)
      CEMC_SPT (PHCompositeNode)/
         G4GEO_CEMC_SPT (PHDataNode)
      CEMC (PHCompositeNode)/
         G4GEO_CEMC (PHDataNode)
         G4CELLGEO_CEMC (PHDataNode)
      G4GDML_CONFIG (PHDataNode)
      HCALIN (PHCompositeNode)/
         G4GEO_HCALIN (PHDataNode)
         G4CELLGEO_HCALIN (PHDataNode)
         TOWERGEO_HCALIN (PHDataNode)
      HCALIN_SPT (PHCompositeNode)/
         G4GEO_HCALIN_SPT (PHDataNode)
      MAGNET (PHCompositeNode)/
         G4GEO_MAGNET (PHDataNode)
      HCALOUT (PHCompositeNode)/
         G4GEO_HCALOUT (PHDataNode)
         G4CELLGEO_HCALOUT (PHDataNode)
         TOWERGEO_HCALOUT (PHDataNode)
      G4GEO_BH_1 (PHDataNode)
      BH_FORWARD_PLUS (PHCompositeNode)/
         G4GEO_BH_FORWARD_PLUS (PHDataNode)
      BH_FORWARD_NEG (PHCompositeNode)/
         G4GEO_BH_FORWARD_NEG (PHDataNode)
      GEOMETRY (PHDataNode)



 --------  PYTHIA Info Listing  ---------------------------------------- 
 
 Beam A: id =   2212, pz =  4.472e+01, e =  4.473e+01, m =  9.383e-01.
 Beam B: id =     11, pz = -4.472e+01, e =  4.472e+01, m =  5.110e-04.

 In 1: id =    2, x =  1.109e-01, pdf =  6.332e-01 at Q2 =  1.710e+01.
 In 2: id =   11, x =  1.000e+00, pdf =  1.000e+00 at same Q2.

 Subprocess f f' -> f f' (t-channel gamma*/Z0) with code 211 is 2 -> 2.
 It has sHat =  8.876e+02,    tHat = -1.744e+01,    uHat = -8.702e+02,
       pTHat =  4.134e+00,   m3Hat =  3.300e-01,   m4Hat =  5.110e-04,
    thetaHat =  2.813e-01,  phiHat =  6.136e-01.
     alphaEM =  7.555e-03,  alphaS =  2.563e-01    at Q2 =  1.710e+01.

 Impact parameter b =  0.000e+00 gives enhancement factor =  1.000e+00.
 Max pT scale for MPI =  8.945e+01, ISR =  8.945e+01, FSR =  8.945e+01.
 Number of MPI =     1, ISR =     1, FSRproc =     3, FSRreson =     0.

 --------  End PYTHIA Info Listing  ------------------------------------

 --------  PYTHIA Event Listing  (hard process)  -----------------------------------------------------------------------------------
 
    no         id  name            status     mothers   daughters     colours      p_x        p_y        p_z         e          m 
     0         90  (system)           -11     0     0     0     0     0     0      0.000      0.000     79.996    120.000     89.447
     1       2212  (p+)               -12     0     0     3     0     0     0      0.000      0.000     99.996    100.000      0.938
     2         11  (e-)               -12     0     0     4     0     0     0      0.000      0.000    -20.000     20.000      0.001
     3          2  (u)                -21     1     0     5     6   101     0      0.000      0.000     11.094     11.094      0.000
     4         11  (e-)               -21     2     0     5     6     0     0      0.000      0.000    -20.000     20.000      0.000
     5          2  u                   23     3     4     0     0   101     0      3.380      2.380     10.481     11.272      0.330
     6         11  e-                  23     3     4     0     0     0     0     -3.380     -2.380    -19.389     19.825      0.001
                                   Charge sum: -0.333           Momentum sum:      0.000      0.000     -8.908     31.096     29.793

 --------  End PYTHIA Event Listing  -----------------------------------------------------------------------------------------------

 --------  PYTHIA Event Listing  (complete event)  ---------------------------------------------------------------------------------
 
    no         id  name            status     mothers   daughters     colours      p_x        p_y        p_z         e          m 
     0         90  (system)           -11     0     0     0     0     0     0      0.000      0.000     79.996    120.000     89.447
     1       2212  (p+)               -12     0     0    21     0     0     0     -0.000     -0.000     99.996    100.001      0.938
     2         11  (e-)               -12     0     0     8     0     0     0      0.000      0.000    -20.000     20.000      0.001
     3          2  (u)                -21     7     0     5     6   101     0     -0.000     -0.000     11.094     11.094      0.000
     4         11  (e-)               -21     8     8     5     6     0     0      0.000      0.000    -20.000     20.000      0.000
     5          2  (u)                -23     3     4     9     9   101     0      3.380      2.380     10.481     11.272      0.330
     6         11  (e-)               -23     3     4    10    10     0     0     -3.380     -2.380    -19.389     19.825      0.001
     7          2  (u)                -41    20    20    11     3   102     0     -0.000     -0.000     16.397     16.397      0.000
     8         11  (e-)               -42     2     0     4     4     0     0      0.000     -0.000    -20.000     20.000      0.000
     9          2  (u)                -44     5     5    14    14   101     0      2.476      4.193     10.504     11.583      0.330
    10         11  e-                  44     6     6     0     0     0     0     -3.398     -2.344    -19.034     19.476      0.001
    11         21  (g)                -43     7     0    12    13   102   101      0.923     -1.849      4.924      5.340      0.000
    12          2  (u)                -51    11     0    18    19   102     0      1.150     -1.098      5.228      5.474      0.330
    13         -2  (ubar)             -51    11     0    15    16     0   101     -0.043     -0.436      0.478      0.728      0.330
    14          2  (u)                -52     9     9    17    17   101     0      2.291      3.879      9.723     10.721      0.330
    15         -2  (ubar)             -51    13     0    22    22     0   103     -0.063      0.872      2.016      2.222      0.330
    16         21  (g)                -51    13     0    23    23   103   101      0.552     -0.405      0.718      0.992      0.000
    17          2  (u)                -52    14    14    24    24   101     0      1.759      2.975      7.467      8.235      0.330
    18          2  (u)                -51    12     0    25    25   105     0      0.291     -0.833      2.363      2.544      0.330
    19         21  (g)                -51    12     0    26    26   102   105      0.859     -0.265      6.134      6.200      0.000
    20          2  (u)                -53    21    21     7     7   102     0      0.000     -0.000     19.666     19.666      0.000
    21          2  (u)                -61     1     0    20    20   102     0     -0.112      0.919     20.764     20.785      0.000
    22         -2  (ubar)             -62    15    15    31    31     0   103     -0.101      0.983      2.632      2.830      0.330
    23         21  (g)                -62    16    16    30    30   103   101      0.474     -0.293      0.491      0.742      0.000
    24          2  (u)                -62    17    17    29    29   101     0      1.612      3.345      9.071      9.807      0.330
    25          2  (u)                -62    18    18    35    38   105     0      0.225     -0.743      2.125      2.287      0.330
    26         21  (g)                -62    19    19    35    38   102   105      0.828     -0.204      6.267      6.325      0.000
    27       2101  (ud_0)             -63     1     0    35    38     0   102     -0.295     -0.602     75.708     75.713      0.579
    28        111  (pi0)              -63     1     0    45    46     0     0      0.656     -0.143      2.735      2.820      0.135
    29          2  (u)                -71    24    24    32    34   101     0      1.612      3.345      9.071      9.807      0.330
    30         21  (g)                -71    23    23    32    34   103   101      0.474     -0.293      0.491      0.742      0.000
    31         -2  (ubar)             -71    22    22    32    34     0   103     -0.101      0.983      2.632      2.830      0.330
    32        111  (pi0)              -83    29    31    47    48     0     0      0.750      2.111      6.008      6.413      0.135
    33        213  (rho+)             -83    29    31    39    40     0     0      1.435      1.026      4.488      4.879      0.741
    34       -213  (rho-)             -84    29    31    41    42     0     0     -0.201      0.899      1.698      2.088      0.792
    35        221  (eta)              -83    25    27    49    51     0     0      0.109     -0.387      1.919      2.036      0.548
    36        223  (omega)            -84    25    27    52    54     0     0      0.855     -0.013     15.795     15.838      0.786
    37       2224  (Delta++)          -84    25    27    43    44     0     0     -0.571     -0.946     23.659     23.721      1.319
    38       -211  pi-                 84    25    27     0     0     0     0      0.365     -0.203     42.728     42.730      0.140
    39        211  pi+                 91    33     0     0     0     0     0      0.672      0.082      1.548      1.696      0.140
    40        111  (pi0)              -91    33     0    55    56     0     0      0.763      0.944      2.939      3.183      0.135
    41       -211  pi-                 91    34     0     0     0     0     0      0.202      0.059      0.538      0.594      0.140
    42        111  (pi0)              -91    34     0    57    59     0     0     -0.402      0.840      1.160      1.493      0.135
    43       2212  p+                  91    37     0     0     0     0     0     -0.686     -0.552     17.892     17.938      0.938
    44        211  pi+                 91    37     0     0     0     0     0      0.115     -0.394      5.767      5.783      0.140
    45         22  gamma               91    28     0     0     0     0     0      0.183     -0.095      0.711      0.740      0.000
    46         22  gamma               91    28     0     0     0     0     0      0.473     -0.047      2.024      2.079      0.000
    47         22  gamma               91    32     0     0     0     0     0      0.031      0.045      0.194      0.201      0.000
    48         22  gamma               91    32     0     0     0     0     0      0.719      2.066      5.814      6.212      0.000
    49        211  pi+                 91    35     0     0     0     0     0      0.066     -0.151      0.767      0.797      0.140
    50       -211  pi-                 91    35     0     0     0     0     0      0.105     -0.096      0.282      0.345      0.140
    51        111  (pi0)              -91    35     0    60    61     0     0     -0.062     -0.140      0.870      0.894      0.135
    52        211  pi+                 91    36     0     0     0     0     0      0.019     -0.178      2.525      2.535      0.140
    53       -211  pi-                 91    36     0     0     0     0     0      0.410      0.034      8.080      8.092      0.140
    54        111  (pi0)              -91    36     0    62    63     0     0      0.426      0.130      5.190      5.210      0.135
    55         22  gamma               91    40     0     0     0     0     0      0.082      0.122      0.479      0.501      0.000
    56         22  gamma               91    40     0     0     0     0     0      0.681      0.822      2.461      2.683      0.000
    57         22  gamma               91    42     0     0     0     0     0     -0.195      0.366      0.621      0.747      0.000
    58         11  e-                  91    42     0     0     0     0     0     -0.043      0.096      0.112      0.153      0.001
    59        -11  e+                  91    42     0     0     0     0     0     -0.165      0.377      0.427      0.593      0.001
    60         22  gamma               91    51     0     0     0     0     0      0.024     -0.000      0.290      0.291      0.000
    61         22  gamma               91    51     0     0     0     0     0     -0.085     -0.139      0.581      0.603      0.000
    62         22  gamma               91    54     0     0     0     0     0      0.132     -0.007      1.077      1.085      0.000
    63         22  gamma               91    54     0     0     0     0     0      0.294      0.137      4.113      4.126      0.000
                                   Charge sum:  0.000           Momentum sum:      0.000     -0.000     79.996    120.001     89.447

 --------  End PYTHIA Event Listing  -----------------------------------------------------------------------------------------------
[0;33m[TwoTrackMinimumDistance] comparing track with itself![;0m
[0;33m[TwoTrackMinimumDistance] Computation HelixHelix::CAIR failed.[;0m
[0;33m[TwoTrackMinimumDistance] comparing track with itself![;0m
[0;33m[TwoTrackMinimumDistance] Computation HelixHelix::CAIR failed.[;0m
[0;33m[TwoTrackMinimumDistance] comparing track with itself![;0m
[0;33m[TwoTrackMinimumDistance] Computation HelixHelix::CAIR failed.[;0m
[0;33m[TwoTrackMinimumDistance] comparing track with itself![;0m
[0;33m[TwoTrackMinimumDistance] Computation HelixHelix::CAIR failed.[;0m
[0;33m[TwoTrackMinimumDistance] comparing track with itself![;0m
[0;33m[TwoTrackMinimumDistance] Computation HelixHelix::CAIR failed.[;0m
[0;33m[TwoTrackMinimumDistance] comparing track with itself![;0m
[0;33m[TwoTrackMinimumDistance] Computation HelixHelix::CAIR failed.[;0m
[0;33m[TwoTrackMinimumDistance] comparing track with itself![;0m
[0;33m[TwoTrackMinimumDistance] Computation HelixHelix::CAIR failed.[;0m
[0;33m[TwoTrackMinimumDistance] comparing track with itself![;0m
[0;33m[TwoTrackMinimumDistance] Computation HelixHelix::CAIR failed.[;0m
[0;33m[TwoTrackMinimumDistance] comparing track with itself![;0m
[0;33m[TwoTrackMinimumDistance] Computation HelixHelix::CAIR failed.[;0m
[0;33m[TwoTrackMinimumDistance] comparing track with itself![;0m
[0;33m[TwoTrackMinimumDistance] Computation HelixHelix::CAIR failed.[;0m
[0;33m[TwoTrackMinimumDistance] comparing track with itself![;0m
[0;33m[TwoTrackMinimumDistance] Computation HelixHelix::CAIR failed.[;0m
[0;33m[TwoTrackMinimumDistance] comparing track with itself![;0m
[0;33m[TwoTrackMinimumDistance] Computation HelixHelix::CAIR failed.[;0m
[0;33m[TwoTrackMinimumDistance] comparing track with itself![;0m
[0;33m[TwoTrackMinimumDistance] Computation HelixHelix::CAIR failed.[;0m
[0;33m[TwoTrackMinimumDistance] comparing track with itself![;0m
[0;33m[TwoTrackMinimumDistance] Computation HelixHelix::CAIR failed.[;0m
[0;33m[TwoTrackMinimumDistance] comparing track with itself![;0m
[0;33m[TwoTrackMinimumDistance] Computation HelixHelix::CAIR failed.[;0m
[0;33m[TwoTrackMinimumDistance] comparing track with itself![;0m
[0;33m[TwoTrackMinimumDistance] Computation HelixHelix::CAIR failed.[;0m
[0;33m[TwoTrackMinimumDistance] comparing track with itself![;0m
[0;33m[TwoTrackMinimumDistance] Computation HelixHelix::CAIR failed.[;0m
[0;33m[TwoTrackMinimumDistance] comparing track with itself![;0m
[0;33m[TwoTrackMinimumDistance] Computation HelixHelix::CAIR failed.[;0m
[0;33m[TwoTrackMinimumDistance] comparing track with itself![;0m
[0;33m[TwoTrackMinimumDistance] Computation HelixHelix::CAIR failed.[;0m
[0;33m[TwoTrackMinimumDistance] comparing track with itself![;0m
[0;33m[TwoTrackMinimumDistance] Computation HelixHelix::CAIR failed.[;0m
[0;33m[TwoTrackMinimumDistance] comparing track with itself![;0m
[0;33m[TwoTrackMinimumDistance] Computation HelixHelix::CAIR failed.[;0m
[0;33m[TwoTrackMinimumDistance] comparing track with itself![;0m
[0;33m[TwoTrackMinimumDistance] Computation HelixHelix::CAIR failed.[;0m
[0;33m[TwoTrackMinimumDistance] comparing track with itself![;0m
[0;33m[TwoTrackMinimumDistance] Computation HelixHelix::CAIR failed.[;0m
[0;33m[TwoTrackMinimumDistance] comparing track with itself![;0m
[0;33m[TwoTrackMinimumDistance] Computation HelixHelix::CAIR failed.[;0m
[0;33m[TwoTrackMinimumDistance] comparing track with itself![;0m
[0;33m[TwoTrackMinimumDistance] Computation HelixHelix::CAIR failed.[;0m
[0;33m[TwoTrackMinimumDistance] comparing track with itself![;0m
[0;33m[TwoTrackMinimumDistance] Computation HelixHelix::CAIR failed.[;0m
[0;33m[TwoTrackMinimumDistance] comparing track with itself![;0m
[0;33m[TwoTrackMinimumDistance] Computation HelixHelix::CAIR failed.[;0m
[0;33m[TwoTrackMinimumDistance] comparing track with itself![;0m
[0;33m[TwoTrackMinimumDistance] Computation HelixHelix::CAIR failed.[;0m
[0;33m[TwoTrackMinimumDistance] comparing track with itself![;0m
[0;33m[TwoTrackMinimumDistance] Computation HelixHelix::CAIR failed.[;0m
[0;33m[TwoTrackMinimumDistance] comparing track with itself![;0m
[0;33m[TwoTrackMinimumDistance] Computation HelixHelix::CAIR failed.[;0m
[0;33m[TwoTrackMinimumDistance] comparing track with itself![;0m
[0;33m[TwoTrackMinimumDistance] Computation HelixHelix::CAIR failed.[;0m
[0;33m[TwoTrackMinimumDistance] comparing track with itself![;0m
[0;33m[TwoTrackMinimumDistance] Computation HelixHelix::CAIR failed.[;0m
[0;33m[TwoTrackMinimumDistance] comparing track with itself![;0m
[0;33m[TwoTrackMinimumDistance] Computation HelixHelix::CAIR failed.[;0m
[0;33m[TwoTrackMinimumDistance] comparing track with itself![;0m
[0;33m[TwoTrackMinimumDistance] Computation HelixHelix::CAIR failed.[;0m
[0;33m[TwoTrackMinimumDistance] comparing track with itself![;0m
[0;33m[TwoTrackMinimumDistance] Computation HelixHelix::CAIR failed.[;0m
[0;33m[TwoTrackMinimumDistance] comparing track with itself![;0m
[0;33m[TwoTrackMinimumDistance] Computation HelixHelix::CAIR failed.[;0m
[0;33m[TwoTrackMinimumDistance] comparing track with itself![;0m
[0;33m[TwoTrackMinimumDistance] Computation HelixHelix::CAIR failed.[;0m
[0;33m[TwoTrackMinimumDistance] comparing track with itself![;0m
[0;33m[TwoTrackMinimumDistance] Computation HelixHelix::CAIR failed.[;0m
[0;33m[TwoTrackMinimumDistance] comparing track with itself![;0m
[0;33m[TwoTrackMinimumDistance] Computation HelixHelix::CAIR failed.[;0m
[0;33m[TwoTrackMinimumDistance] comparing track with itself![;0m
[0;33m[TwoTrackMinimumDistance] Computation HelixHelix::CAIR failed.[;0m
[0;33m[TwoTrackMinimumDistance] comparing track with itself![;0m
[0;33m[TwoTrackMinimumDistance] Computation HelixHelix::CAIR failed.[;0m
[0;33m[TwoTrackMinimumDistance] comparing track with itself![;0m
[0;33m[TwoTrackMinimumDistance] Computation HelixHelix::CAIR failed.[;0m
[0;33m[TwoTrackMinimumDistance] comparing track with itself![;0m
[0;33m[TwoTrackMinimumDistance] Computation HelixHelix::CAIR failed.[;0m
[0;33m[TwoTrackMinimumDistance] comparing track with itself![;0m
[0;33m[TwoTrackMinimumDistance] Computation HelixHelix::CAIR failed.[;0m
[0;33m[TwoTrackMinimumDistance] comparing track with itself![;0m
[0;33m[TwoTrackMinimumDistance] Computation HelixHelix::CAIR failed.[;0m
[0;33m[TwoTrackMinimumDistance] comparing track with itself![;0m
[0;33m[TwoTrackMinimumDistance] Computation HelixHelix::CAIR failed.[;0m
[0;33m[TwoTrackMinimumDistance] comparing track with itself![;0m
[0;33m[TwoTrackMinimumDistance] Computation HelixHelix::CAIR failed.[;0m
[0;33m[TwoTrackMinimumDistance] comparing track with itself![;0m
[0;33m[TwoTrackMinimumDistance] Computation HelixHelix::CAIR failed.[;0m
[0;33m[TwoTrackMinimumDistance] comparing track with itself![;0m
[0;33m[TwoTrackMinimumDistance] Computation HelixHelix::CAIR failed.[;0m
[0;33m[TwoTrackMinimumDistance] comparing track with itself![;0m
[0;33m[TwoTrackMinimumDistance] Computation HelixHelix::CAIR failed.[;0m
[0;33m[TwoTrackMinimumDistance] comparing track with itself![;0m
[0;33m[TwoTrackMinimumDistance] Computation HelixHelix::CAIR failed.[;0m
[0;33m[TwoTrackMinimumDistance] comparing track with itself![;0m
[0;33m[TwoTrackMinimumDistance] Computation HelixHelix::CAIR failed.[;0m
[0;33m[TwoTrackMinimumDistance] comparing track with itself![;0m
[0;33m[TwoTrackMinimumDistance] Computation HelixHelix::CAIR failed.[;0m
[0;33m[TwoTrackMinimumDistance] comparing track with itself![;0m
[0;33m[TwoTrackMinimumDistance] Computation HelixHelix::CAIR failed.[;0m
[0;33m[TwoTrackMinimumDistance] comparing track with itself![;0m
[0;33m[TwoTrackMinimumDistance] Computation HelixHelix::CAIR failed.[;0m
[0;33m[TwoTrackMinimumDistance] comparing track with itself![;0m
[0;33m[TwoTrackMinimumDistance] Computation HelixHelix::CAIR failed.[;0m
[0;33m[TwoTrackMinimumDistance] comparing track with itself![;0m
[0;33m[TwoTrackMinimumDistance] Computation HelixHelix::CAIR failed.[;0m
[0;33m[TwoTrackMinimumDistance] comparing track with itself![;0m
[0;33m[TwoTrackMinimumDistance] Computation HelixHelix::CAIR failed.[;0m
[0;33m[TwoTrackMinimumDistance] comparing track with itself![;0m
[0;33m[TwoTrackMinimumDistance] Computation HelixHelix::CAIR failed.[;0m
[0;33m[TwoTrackMinimumDistance] comparing track with itself![;0m
[0;33m[TwoTrackMinimumDistance] Computation HelixHelix::CAIR failed.[;0m
[0;33m[TwoTrackMinimumDistance] comparing track with itself![;0m
[0;33m[TwoTrackMinimumDistance] Computation HelixHelix::CAIR failed.[;0m
[0;33m[TwoTrackMinimumDistance] comparing track with itself![;0m
[0;33m[TwoTrackMinimumDistance] Computation HelixHelix::CAIR failed.[;0m
[0;33m[TwoTrackMinimumDistance] comparing track with itself![;0m
[0;33m[TwoTrackMinimumDistance] Computation HelixHelix::CAIR failed.[;0m
[0;33m[TwoTrackMinimumDistance] comparing track with itself![;0m
[0;33m[TwoTrackMinimumDistance] Computation HelixHelix::CAIR failed.[;0m
[0;33m[TwoTrackMinimumDistance] comparing track with itself![;0m
[0;33m[TwoTrackMinimumDistance] Computation HelixHelix::CAIR failed.[;0m
[0;33m[TwoTrackMinimumDistance] comparing track with itself![;0m
[0;33m[TwoTrackMinimumDistance] Computation HelixHelix::CAIR failed.[;0m
[0;33m[TwoTrackMinimumDistance] comparing track with itself![;0m
[0;33m[TwoTrackMinimumDistance] Computation HelixHelix::CAIR failed.[;0m
[0;33m[TwoTrackMinimumDistance] comparing track with itself![;0m
[0;33m[TwoTrackMinimumDistance] Computation HelixHelix::CAIR failed.[;0m
[0;33m[TwoTrackMinimumDistance] comparing track with itself![;0m
[0;33m[TwoTrackMinimumDistance] Computation HelixHelix::CAIR failed.[;0m
[0;33m[TwoTrackMinimumDistance] comparing track with itself![;0m
[0;33m[TwoTrackMinimumDistance] Computation HelixHelix::CAIR failed.[;0m
[0;33m[TwoTrackMinimumDistance] comparing track with itself![;0m
[0;33m[TwoTrackMinimumDistance] Computation HelixHelix::CAIR failed.[;0m
[0;33m[TwoTrackMinimumDistance] comparing track with itself![;0m
[0;33m[TwoTrackMinimumDistance] Computation HelixHelix::CAIR failed.[;0m
[0;33m[TwoTrackMinimumDistance] comparing track with itself![;0m
[0;33m[TwoTrackMinimumDistance] Computation HelixHelix::CAIR failed.[;0m
[0;33m[TwoTrackMinimumDistance] comparing track with itself![;0m
[0;33m[TwoTrackMinimumDistance] Computation HelixHelix::CAIR failed.[;0m
[0;33m[TwoTrackMinimumDistance] comparing track with itself![;0m
[0;33m[TwoTrackMinimumDistance] Computation HelixHelix::CAIR failed.[;0m
[0;33m[TwoTrackMinimumDistance] comparing track with itself![;0m
[0;33m[TwoTrackMinimumDistance] Computation HelixHelix::CAIR failed.[;0m
[0;33m[TwoTrackMinimumDistance] comparing track with itself![;0m
[0;33m[TwoTrackMinimumDistance] Computation HelixHelix::CAIR failed.[;0m
[0;33m[TwoTrackMinimumDistance] comparing track with itself![;0m
[0;33m[TwoTrackMinimumDistance] Computation HelixHelix::CAIR failed.[;0m
[0;33m[TwoTrackMinimumDistance] comparing track with itself![;0m
[0;33m[TwoTrackMinimumDistance] Computation HelixHelix::CAIR failed.[;0m
[0;33m[TwoTrackMinimumDistance] comparing track with itself![;0m
[0;33m[TwoTrackMinimumDistance] Computation HelixHelix::CAIR failed.[;0m
[0;33m[TwoTrackMinimumDistance] comparing track with itself![;0m
[0;33m[TwoTrackMinimumDistance] Computation HelixHelix::CAIR failed.[;0m
[0;33m[TwoTrackMinimumDistance] comparing track with itself![;0m
[0;33m[TwoTrackMinimumDistance] Computation HelixHelix::CAIR failed.[;0m
[0;33m[TwoTrackMinimumDistance] comparing track with itself![;0m
[0;33m[TwoTrackMinimumDistance] Computation HelixHelix::CAIR failed.[;0m
[0;33m[TwoTrackMinimumDistance] comparing track with itself![;0m
[0;33m[TwoTrackMinimumDistance] Computation HelixHelix::CAIR failed.[;0m
[0;33m[TwoTrackMinimumDistance] comparing track with itself![;0m
[0;33m[TwoTrackMinimumDistance] Computation HelixHelix::CAIR failed.[;0m
[0;33m[TwoTrackMinimumDistance] comparing track with itself![;0m
[0;33m[TwoTrackMinimumDistance] Computation HelixHelix::CAIR failed.[;0m
[0;33m[TwoTrackMinimumDistance] comparing track with itself![;0m
[0;33m[TwoTrackMinimumDistance] Computation HelixHelix::CAIR failed.[;0m
[0;33m[TwoTrackMinimumDistance] comparing track with itself![;0m
[0;33m[TwoTrackMinimumDistance] Computation HelixHelix::CAIR failed.[;0m
[0;33m[TwoTrackMinimumDistance] comparing track with itself![;0m
[0;33m[TwoTrackMinimumDistance] Computation HelixHelix::CAIR failed.[;0m
[0;33m[TwoTrackMinimumDistance] comparing track with itself![;0m
[0;33m[TwoTrackMinimumDistance] Computation HelixHelix::CAIR failed.[;0m
[0;33m[TwoTrackMinimumDistance] comparing track with itself![;0m
[0;33m[TwoTrackMinimumDistance] Computation HelixHelix::CAIR failed.[;0m
[0;33m[TwoTrackMinimumDistance] comparing track with itself![;0m
[0;33m[TwoTrackMinimumDistance] Computation HelixHelix::CAIR failed.[;0m
[0;33m[TwoTrackMinimumDistance] comparing track with itself![;0m
[0;33m[TwoTrackMinimumDistance] Computation HelixHelix::CAIR failed.[;0m
[0;33m[TwoTrackMinimumDistance] comparing track with itself![;0m
[0;33m[TwoTrackMinimumDistance] Computation HelixHelix::CAIR failed.[;0m
[0;33m[TwoTrackMinimumDistance] comparing track with itself![;0m
[0;33m[TwoTrackMinimumDistance] Computation HelixHelix::CAIR failed.[;0m
[0;33m[TwoTrackMinimumDistance] comparing track with itself![;0m
[0;33m[TwoTrackMinimumDistance] Computation HelixHelix::CAIR failed.[;0m
[0;33m[TwoTrackMinimumDistance] comparing track with itself![;0m
[0;33m[TwoTrackMinimumDistance] Computation HelixHelix::CAIR failed.[;0m
[0;33m[TwoTrackMinimumDistance] comparing track with itself![;0m
[0;33m[TwoTrackMinimumDistance] Computation HelixHelix::CAIR failed.[;0m
[0;33m[TwoTrackMinimumDistance] comparing track with itself![;0m
[0;33m[TwoTrackMinimumDistance] Computation HelixHelix::CAIR failed.[;0m
[0;33m[TwoTrackMinimumDistance] comparing track with itself![;0m
[0;33m[TwoTrackMinimumDistance] Computation HelixHelix::CAIR failed.[;0m
[0;33m[TwoTrackMinimumDistance] comparing track with itself![;0m
[0;33m[TwoTrackMinimumDistance] Computation HelixHelix::CAIR failed.[;0m
[0;33m[TwoTrackMinimumDistance] comparing track with itself![;0m
[0;33m[TwoTrackMinimumDistance] Computation HelixHelix::CAIR failed.[;0m
[0;33m[TwoTrackMinimumDistance] comparing track with itself![;0m
[0;33m[TwoTrackMinimumDistance] Computation HelixHelix::CAIR failed.[;0m
[0;33m[TwoTrackMinimumDistance] comparing track with itself![;0m
[0;33m[TwoTrackMinimumDistance] Computation HelixHelix::CAIR failed.[;0m
[0;33m[TwoTrackMinimumDistance] comparing track with itself![;0m
[0;33m[TwoTrackMinimumDistance] Computation HelixHelix::CAIR failed.[;0m
[0;33m[TwoTrackMinimumDistance] comparing track with itself![;0m
[0;33m[TwoTrackMinimumDistance] Computation HelixHelix::CAIR failed.[;0m
[0;33m[TwoTrackMinimumDistance] comparing track with itself![;0m
[0;33m[TwoTrackMinimumDistance] Computation HelixHelix::CAIR failed.[;0m
[0;33m[TwoTrackMinimumDistance] comparing track with itself![;0m
[0;33m[TwoTrackMinimumDistance] Computation HelixHelix::CAIR failed.[;0m
[0;33m[TwoTrackMinimumDistance] comparing track with itself![;0m
[0;33m[TwoTrackMinimumDistance] Computation HelixHelix::CAIR failed.[;0m
[0;33m[TwoTrackMinimumDistance] comparing track with itself![;0m
[0;33m[TwoTrackMinimumDistance] Computation HelixHelix::CAIR failed.[;0m
[0;33m[TwoTrackMinimumDistance] comparing track with itself![;0m
[0;33m[TwoTrackMinimumDistance] Computation HelixHelix::CAIR failed.[;0m
[0;33m[TwoTrackMinimumDistance] comparing track with itself![;0m
[0;33m[TwoTrackMinimumDistance] Computation HelixHelix::CAIR failed.[;0m
[0;33m[TwoTrackMinimumDistance] comparing track with itself![;0m
[0;33m[TwoTrackMinimumDistance] Computation HelixHelix::CAIR failed.[;0m
[0;33m[TwoTrackMinimumDistance] comparing track with itself![;0m
[0;33m[TwoTrackMinimumDistance] Computation HelixHelix::CAIR failed.[;0m
[0;33m[TwoTrackMinimumDistance] comparing track with itself![;0m
[0;33m[TwoTrackMinimumDistance] Computation HelixHelix::CAIR failed.[;0m
[0;33m[TwoTrackMinimumDistance] comparing track with itself![;0m
[0;33m[TwoTrackMinimumDistance] Computation HelixHelix::CAIR failed.[;0m
[0;33m[TwoTrackMinimumDistance] comparing track with itself![;0m
[0;33m[TwoTrackMinimumDistance] Computation HelixHelix::CAIR failed.[;0m
[0;33m[TwoTrackMinimumDistance] comparing track with itself![;0m
[0;33m[TwoTrackMinimumDistance] Computation HelixHelix::CAIR failed.[;0m
[0;33m[TwoTrackMinimumDistance] comparing track with itself![;0m
[0;33m[TwoTrackMinimumDistance] Computation HelixHelix::CAIR failed.[;0m
[0;33m[TwoTrackMinimumDistance] comparing track with itself![;0m
[0;33m[TwoTrackMinimumDistance] Computation HelixHelix::CAIR failed.[;0m
 PYTHIA Error in BeamRemnants::setOneRemnKinematics: too big beam remnant invariant mass  
genfit::Exception thrown with excString:
RKTrackRep::RKutta ==> Do not get closer to plane!
in line: 1950 in file: /phenix/u/phnxbld/workarea/sPHENIX_SL7.3/need_root_version/root-6.16.00/genfit/trackReps/src/RKTrackRep.cc
with fatal flag 0
genfit::Exception thrown with excString:
RKTrackRep::RKutta ==> Do not get closer to plane!
in line: 1950 in file: /phenix/u/phnxbld/workarea/sPHENIX_SL7.3/need_root_version/root-6.16.00/genfit/trackReps/src/RKTrackRep.cc
with fatal flag 0
genfit::Exception thrown with excString:
RKTrackRep::RKutta ==> Do not get closer to plane!
in line: 1950 in file: /phenix/u/phnxbld/workarea/sPHENIX_SL7.3/need_root_version/root-6.16.00/genfit/trackReps/src/RKTrackRep.cc
with fatal flag 0
genfit::Exception thrown with excString:
RKTrackRep::RKutta ==> Do not get closer to plane!
in line: 1950 in file: /phenix/u/phnxbld/workarea/sPHENIX_SL7.3/need_root_version/root-6.16.00/genfit/trackReps/src/RKTrackRep.cc
with fatal flag 0
genfit::Exception thrown with excString:
RKTrackRep::RKutta ==> Do not get closer to plane!
in line: 1950 in file: /phenix/u/phnxbld/workarea/sPHENIX_SL7.3/need_root_version/root-6.16.00/genfit/trackReps/src/RKTrackRep.cc
with fatal flag 0
genfit::Exception thrown with excString:
RKTrackRep::RKutta ==> Do not get closer to plane!
in line: 1950 in file: /phenix/u/phnxbld/workarea/sPHENIX_SL7.3/need_root_version/root-6.16.00/genfit/trackReps/src/RKTrackRep.cc
with fatal flag 0
genfit::Exception thrown with excString:
RKTrackRep::RKutta ==> Do not get closer to plane!
in line: 1950 in file: /phenix/u/phnxbld/workarea/sPHENIX_SL7.3/need_root_version/root-6.16.00/genfit/trackReps/src/RKTrackRep.cc
with fatal flag 0
genfit::Exception thrown with excString:
RKTrackRep::RKutta ==> Do not get closer to plane!
in line: 1950 in file: /phenix/u/phnxbld/workarea/sPHENIX_SL7.3/need_root_version/root-6.16.00/genfit/trackReps/src/RKTrackRep.cc
with fatal flag 0
[0;33m[TwoTrackMinimumDistance] comparing track with itself![;0m
[0;33m[TwoTrackMinimumDistance] Computation HelixHelix::CAIR failed.[;0m
[0;33m[TwoTrackMinimumDistance] comparing track with itself![;0m
[0;33m[TwoTrackMinimumDistance] Computation HelixHelix::CAIR failed.[;0m
[0;33m[TwoTrackMinimumDistance] comparing track with itself![;0m
[0;33m[TwoTrackMinimumDistance] Computation HelixHelix::CAIR failed.[;0m
[0;33m[TwoTrackMinimumDistance] comparing track with itself![;0m
[0;33m[TwoTrackMinimumDistance] Computation HelixHelix::CAIR failed.[;0m
[0;33m[TwoTrackMinimumDistance] comparing track with itself![;0m
[0;33m[TwoTrackMinimumDistance] Computation HelixHelix::CAIR failed.[;0m
[0;33m[TwoTrackMinimumDistance] comparing track with itself![;0m
[0;33m[TwoTrackMinimumDistance] Computation HelixHelix::CAIR failed.[;0m
[0;33m[TwoTrackMinimumDistance] comparing track with itself![;0m
[0;33m[TwoTrackMinimumDistance] Computation HelixHelix::CAIR failed.[;0m
[0;33m[TwoTrackMinimumDistance] comparing track with itself![;0m
[0;33m[TwoTrackMinimumDistance] Computation HelixHelix::CAIR failed.[;0m
[0;33m[TwoTrackMinimumDistance] comparing track with itself![;0m
[0;33m[TwoTrackMinimumDistance] Computation HelixHelix::CAIR failed.[;0m
[0;33m[TwoTrackMinimumDistance] comparing track with itself![;0m
[0;33m[TwoTrackMinimumDistance] Computation HelixHelix::CAIR failed.[;0m
[0;33m[TwoTrackMinimumDistance] comparing track with itself![;0m
[0;33m[TwoTrackMinimumDistance] Computation HelixHelix::CAIR failed.[;0m
[0;33m[TwoTrackMinimumDistance] comparing track with itself![;0m
[0;33m[TwoTrackMinimumDistance] Computation HelixHelix::CAIR failed.[;0m
[0;33m[TwoTrackMinimumDistance] comparing track with itself![;0m
[0;33m[TwoTrackMinimumDistance] Computation HelixHelix::CAIR failed.[;0m
[0;33m[TwoTrackMinimumDistance] comparing track with itself![;0m
[0;33m[TwoTrackMinimumDistance] Computation HelixHelix::CAIR failed.[;0m
[0;33m[TwoTrackMinimumDistance] comparing track with itself![;0m
[0;33m[TwoTrackMinimumDistance] Computation HelixHelix::CAIR failed.[;0m
[0;33m[TwoTrackMinimumDistance] comparing track with itself![;0m
[0;33m[TwoTrackMinimumDistance] Computation HelixHelix::CAIR failed.[;0m
[0;33m[TwoTrackMinimumDistance] comparing track with itself![;0m
[0;33m[TwoTrackMinimumDistance] Computation HelixHelix::CAIR failed.[;0m
[0;33m[TwoTrackMinimumDistance] comparing track with itself![;0m
[0;33m[TwoTrackMinimumDistance] Computation HelixHelix::CAIR failed.[;0m
[0;33m[TwoTrackMinimumDistance] comparing track with itself![;0m
[0;33m[TwoTrackMinimumDistance] Computation HelixHelix::CAIR failed.[;0m
[0;33m[TwoTrackMinimumDistance] comparing track with itself![;0m
[0;33m[TwoTrackMinimumDistance] Computation HelixHelix::CAIR failed.[;0m
[0;33m[TwoTrackMinimumDistance] comparing track with itself![;0m
[0;33m[TwoTrackMinimumDistance] Computation HelixHelix::CAIR failed.[;0m
[0;33m[TwoTrackMinimumDistance] comparing track with itself![;0m
[0;33m[TwoTrackMinimumDistance] Computation HelixHelix::CAIR failed.[;0m
[0;33m[TwoTrackMinimumDistance] comparing track with itself![;0m
[0;33m[TwoTrackMinimumDistance] Computation HelixHelix::CAIR failed.[;0m
[0;33m[TwoTrackMinimumDistance] comparing track with itself![;0m
[0;33m[TwoTrackMinimumDistance] Computation HelixHelix::CAIR failed.[;0m
[0;33m[TwoTrackMinimumDistance] comparing track with itself![;0m
[0;33m[TwoTrackMinimumDistance] Computation HelixHelix::CAIR failed.[;0m
[0;33m[TwoTrackMinimumDistance] comparing track with itself![;0m
[0;33m[TwoTrackMinimumDistance] Computation HelixHelix::CAIR failed.[;0m
[0;33m[TwoTrackMinimumDistance] comparing track with itself![;0m
[0;33m[TwoTrackMinimumDistance] Computation HelixHelix::CAIR failed.[;0m
[0;33m[TwoTrackMinimumDistance] comparing track with itself![;0m
[0;33m[TwoTrackMinimumDistance] Computation HelixHelix::CAIR failed.[;0m
[0;33m[TwoTrackMinimumDistance] comparing track with itself![;0m
[0;33m[TwoTrackMinimumDistance] Computation HelixHelix::CAIR failed.[;0m
[0;33m[TwoTrackMinimumDistance] comparing track with itself![;0m
[0;33m[TwoTrackMinimumDistance] Computation HelixHelix::CAIR failed.[;0m
[0;33m[TwoTrackMinimumDistance] comparing track with itself![;0m
[0;33m[TwoTrackMinimumDistance] Computation HelixHelix::CAIR failed.[;0m
[0;33m[TwoTrackMinimumDistance] comparing track with itself![;0m
[0;33m[TwoTrackMinimumDistance] Computation HelixHelix::CAIR failed.[;0m
[0;33m[TwoTrackMinimumDistance] comparing track with itself![;0m
[0;33m[TwoTrackMinimumDistance] Computation HelixHelix::CAIR failed.[;0m
[0;33m[TwoTrackMinimumDistance] comparing track with itself![;0m
[0;33m[TwoTrackMinimumDistance] Computation HelixHelix::CAIR failed.[;0m
[0;33m[TwoTrackMinimumDistance] comparing track with itself![;0m
[0;33m[TwoTrackMinimumDistance] Computation HelixHelix::CAIR failed.[;0m
[0;33m[TwoTrackMinimumDistance] comparing track with itself![;0m
[0;33m[TwoTrackMinimumDistance] Computation HelixHelix::CAIR failed.[;0m
[0;33m[TwoTrackMinimumDistance] comparing track with itself![;0m
[0;33m[TwoTrackMinimumDistance] Computation HelixHelix::CAIR failed.[;0m
[0;33m[TwoTrackMinimumDistance] comparing track with itself![;0m
[0;33m[TwoTrackMinimumDistance] Computation HelixHelix::CAIR failed.[;0m
[0;33m[TwoTrackMinimumDistance] comparing track with itself![;0m
[0;33m[TwoTrackMinimumDistance] Computation HelixHelix::CAIR failed.[;0m
[0;33m[TwoTrackMinimumDistance] comparing track with itself![;0m
[0;33m[TwoTrackMinimumDistance] Computation HelixHelix::CAIR failed.[;0m
[0;33m[TwoTrackMinimumDistance] comparing track with itself![;0m
[0;33m[TwoTrackMinimumDistance] Computation HelixHelix::CAIR failed.[;0m
[0;33m[TwoTrackMinimumDistance] comparing track with itself![;0m
[0;33m[TwoTrackMinimumDistance] Computation HelixHelix::CAIR failed.[;0m
[0;33m[TwoTrackMinimumDistance] comparing track with itself![;0m
[0;33m[TwoTrackMinimumDistance] Computation HelixHelix::CAIR failed.[;0m
[0;33m[TwoTrackMinimumDistance] comparing track with itself![;0m
[0;33m[TwoTrackMinimumDistance] Computation HelixHelix::CAIR failed.[;0m
[0;33m[TwoTrackMinimumDistance] comparing track with itself![;0m
[0;33m[TwoTrackMinimumDistance] Computation HelixHelix::CAIR failed.[;0m
[0;33m[TwoTrackMinimumDistance] comparing track with itself![;0m
[0;33m[TwoTrackMinimumDistance] Computation HelixHelix::CAIR failed.[;0m
[0;33m[TwoTrackMinimumDistance] comparing track with itself![;0m
[0;33m[TwoTrackMinimumDistance] Computation HelixHelix::CAIR failed.[;0m
[0;33m[TwoTrackMinimumDistance] comparing track with itself![;0m
[0;33m[TwoTrackMinimumDistance] Computation HelixHelix::CAIR failed.[;0m
[0;33m[TwoTrackMinimumDistance] comparing track with itself![;0m
[0;33m[TwoTrackMinimumDistance] Computation HelixHelix::CAIR failed.[;0m
[0;33m[TwoTrackMinimumDistance] comparing track with itself![;0m
[0;33m[TwoTrackMinimumDistance] Computation HelixHelix::CAIR failed.[;0m
[0;33m[TwoTrackMinimumDistance] comparing track with itself![;0m
[0;33m[TwoTrackMinimumDistance] Computation HelixHelix::CAIR failed.[;0m
[0;33m[TwoTrackMinimumDistance] comparing track with itself![;0m
[0;33m[TwoTrackMinimumDistance] Computation HelixHelix::CAIR failed.[;0m
[0;33m[TwoTrackMinimumDistance] comparing track with itself![;0m
[0;33m[TwoTrackMinimumDistance] Computation HelixHelix::CAIR failed.[;0m
[0;33m[TwoTrackMinimumDistance] comparing track with itself![;0m
[0;33m[TwoTrackMinimumDistance] Computation HelixHelix::CAIR failed.[;0m
[0;33m[TwoTrackMinimumDistance] comparing track with itself![;0m
[0;33m[TwoTrackMinimumDistance] Computation HelixHelix::CAIR failed.[;0m
[0;33m[TwoTrackMinimumDistance] comparing track with itself![;0m
[0;33m[TwoTrackMinimumDistance] Computation HelixHelix::CAIR failed.[;0m
[0;33m[TwoTrackMinimumDistance] comparing track with itself![;0m
[0;33m[TwoTrackMinimumDistance] Computation HelixHelix::CAIR failed.[;0m
[0;33m[TwoTrackMinimumDistance] comparing track with itself![;0m
[0;33m[TwoTrackMinimumDistance] Computation HelixHelix::CAIR failed.[;0m
[0;33m[TwoTrackMinimumDistance] comparing track with itself![;0m
[0;33m[TwoTrackMinimumDistance] Computation HelixHelix::CAIR failed.[;0m
[0;33m[TwoTrackMinimumDistance] comparing track with itself![;0m
[0;33m[TwoTrackMinimumDistance] Computation HelixHelix::CAIR failed.[;0m
[0;33m[TwoTrackMinimumDistance] comparing track with itself![;0m
[0;33m[TwoTrackMinimumDistance] Computation HelixHelix::CAIR failed.[;0m
[0;33m[TwoTrackMinimumDistance] comparing track with itself![;0m
[0;33m[TwoTrackMinimumDistance] Computation HelixHelix::CAIR failed.[;0m
[0;33m[TwoTrackMinimumDistance] comparing track with itself![;0m
[0;33m[TwoTrackMinimumDistance] Computation HelixHelix::CAIR failed.[;0m
[0;33m[TwoTrackMinimumDistance] comparing track with itself![;0m
[0;33m[TwoTrackMinimumDistance] Computation HelixHelix::CAIR failed.[;0m
[0;33m[TwoTrackMinimumDistance] comparing track with itself![;0m
[0;33m[TwoTrackMinimumDistance] Computation HelixHelix::CAIR failed.[;0m
[0;33m[TwoTrackMinimumDistance] comparing track with itself![;0m
[0;33m[TwoTrackMinimumDistance] Computation HelixHelix::CAIR failed.[;0m
[0;33m[TwoTrackMinimumDistance] comparing track with itself![;0m
[0;33m[TwoTrackMinimumDistance] Computation HelixHelix::CAIR failed.[;0m
[0;33m[TwoTrackMinimumDistance] comparing track with itself![;0m
[0;33m[TwoTrackMinimumDistance] Computation HelixHelix::CAIR failed.[;0m
[0;33m[TwoTrackMinimumDistance] comparing track with itself![;0m
[0;33m[TwoTrackMinimumDistance] Computation HelixHelix::CAIR failed.[;0m
[0;33m[TwoTrackMinimumDistance] comparing track with itself![;0m
[0;33m[TwoTrackMinimumDistance] Computation HelixHelix::CAIR failed.[;0m
[0;33m[TwoTrackMinimumDistance] comparing track with itself![;0m
[0;33m[TwoTrackMinimumDistance] Computation HelixHelix::CAIR failed.[;0m
[0;33m[TwoTrackMinimumDistance] comparing track with itself![;0m
[0;33m[TwoTrackMinimumDistance] Computation HelixHelix::CAIR failed.[;0m
[0;33m[TwoTrackMinimumDistance] comparing track with itself![;0m
[0;33m[TwoTrackMinimumDistance] Computation HelixHelix::CAIR failed.[;0m
[0;33m[TwoTrackMinimumDistance] comparing track with itself![;0m
[0;33m[TwoTrackMinimumDistance] Computation HelixHelix::CAIR failed.[;0m
[0;33m[TwoTrackMinimumDistance] comparing track with itself![;0m
[0;33m[TwoTrackMinimumDistance] Computation HelixHelix::CAIR failed.[;0m
[0;33m[TwoTrackMinimumDistance] comparing track with itself![;0m
[0;33m[TwoTrackMinimumDistance] Computation HelixHelix::CAIR failed.[;0m
[0;33m[TwoTrackMinimumDistance] comparing track with itself![;0m
[0;33m[TwoTrackMinimumDistance] Computation HelixHelix::CAIR failed.[;0m
[0;33m[TwoTrackMinimumDistance] comparing track with itself![;0m
[0;33m[TwoTrackMinimumDistance] Computation HelixHelix::CAIR failed.[;0m
[0;33m[TwoTrackMinimumDistance] comparing track with itself![;0m
[0;33m[TwoTrackMinimumDistance] Computation HelixHelix::CAIR failed.[;0m
[0;33m[TwoTrackMinimumDistance] comparing track with itself![;0m
[0;33m[TwoTrackMinimumDistance] Computation HelixHelix::CAIR failed.[;0m
[0;33m[TwoTrackMinimumDistance] comparing track with itself![;0m
[0;33m[TwoTrackMinimumDistance] Computation HelixHelix::CAIR failed.[;0m
[0;33m[TwoTrackMinimumDistance] comparing track with itself![;0m
[0;33m[TwoTrackMinimumDistance] Computation HelixHelix::CAIR failed.[;0m
[0;33m[TwoTrackMinimumDistance] comparing track with itself![;0m
[0;33m[TwoTrackMinimumDistance] Computation HelixHelix::CAIR failed.[;0m
[0;33m[TwoTrackMinimumDistance] comparing track with itself![;0m
[0;33m[TwoTrackMinimumDistance] Computation HelixHelix::CAIR failed.[;0m
[0;33m[TwoTrackMinimumDistance] comparing track with itself![;0m
[0;33m[TwoTrackMinimumDistance] Computation HelixHelix::CAIR failed.[;0m
[0;33m[TwoTrackMinimumDistance] comparing track with itself![;0m
[0;33m[TwoTrackMinimumDistance] Computation HelixHelix::CAIR failed.[;0m
[0;33m[TwoTrackMinimumDistance] comparing track with itself![;0m
[0;33m[TwoTrackMinimumDistance] Computation HelixHelix::CAIR failed.[;0m
[0;33m[TwoTrackMinimumDistance] comparing track with itself![;0m
[0;33m[TwoTrackMinimumDistance] Computation HelixHelix::CAIR failed.[;0m
[0;33m[TwoTrackMinimumDistance] comparing track with itself![;0m
[0;33m[TwoTrackMinimumDistance] Computation HelixHelix::CAIR failed.[;0m
[0;33m[TwoTrackMinimumDistance] comparing track with itself![;0m
[0;33m[TwoTrackMinimumDistance] Computation HelixHelix::CAIR failed.[;0m
[0;33m[TwoTrackMinimumDistance] comparing track with itself![;0m
[0;33m[TwoTrackMinimumDistance] Computation HelixHelix::CAIR failed.[;0m
[0;33m[TwoTrackMinimumDistance] comparing track with itself![;0m
[0;33m[TwoTrackMinimumDistance] Computation HelixHelix::CAIR failed.[;0m
[0;33m[TwoTrackMinimumDistance] comparing track with itself![;0m
[0;33m[TwoTrackMinimumDistance] Computation HelixHelix::CAIR failed.[;0m
[0;33m[TwoTrackMinimumDistance] comparing track with itself![;0m
[0;33m[TwoTrackMinimumDistance] Computation HelixHelix::CAIR failed.[;0m
[0;33m[TwoTrackMinimumDistance] comparing track with itself![;0m
[0;33m[TwoTrackMinimumDistance] Computation HelixHelix::CAIR failed.[;0m
[0;33m[TwoTrackMinimumDistance] comparing track with itself![;0m
[0;33m[TwoTrackMinimumDistance] Computation HelixHelix::CAIR failed.[;0m
[0;33m[TwoTrackMinimumDistance] comparing track with itself![;0m
[0;33m[TwoTrackMinimumDistance] Computation HelixHelix::CAIR failed.[;0m
[0;33m[TwoTrackMinimumDistance] comparing track with itself![;0m
[0;33m[TwoTrackMinimumDistance] Computation HelixHelix::CAIR failed.[;0m
[0;33m[TwoTrackMinimumDistance] comparing track with itself![;0m
[0;33m[TwoTrackMinimumDistance] Computation HelixHelix::CAIR failed.[;0m
[0;33m[TwoTrackMinimumDistance] comparing track with itself![;0m
[0;33m[TwoTrackMinimumDistance] Computation HelixHelix::CAIR failed.[;0m
[0;33m[TwoTrackMinimumDistance] comparing track with itself![;0m
[0;33m[TwoTrackMinimumDistance] Computation HelixHelix::CAIR failed.[;0m
[0;33m[TwoTrackMinimumDistance] comparing track with itself![;0m
[0;33m[TwoTrackMinimumDistance] Computation HelixHelix::CAIR failed.[;0m
[0;33m[TwoTrackMinimumDistance] comparing track with itself![;0m
[0;33m[TwoTrackMinimumDistance] Computation HelixHelix::CAIR failed.[;0m
[0;33m[TwoTrackMinimumDistance] comparing track with itself![;0m
[0;33m[TwoTrackMinimumDistance] Computation HelixHelix::CAIR failed.[;0m
[0;33m[TwoTrackMinimumDistance] comparing track with itself![;0m
[0;33m[TwoTrackMinimumDistance] Computation HelixHelix::CAIR failed.[;0m
[0;33m[TwoTrackMinimumDistance] comparing track with itself![;0m
[0;33m[TwoTrackMinimumDistance] Computation HelixHelix::CAIR failed.[;0m
[0;33m[TwoTrackMinimumDistance] comparing track with itself![;0m
[0;33m[TwoTrackMinimumDistance] Computation HelixHelix::CAIR failed.[;0m
[0;33m[TwoTrackMinimumDistance] comparing track with itself![;0m
[0;33m[TwoTrackMinimumDistance] Computation HelixHelix::CAIR failed.[;0m
[0;33m[TwoTrackMinimumDistance] comparing track with itself![;0m
[0;33m[TwoTrackMinimumDistance] Computation HelixHelix::CAIR failed.[;0m
[0;33m[TwoTrackMinimumDistance] comparing track with itself![;0m
[0;33m[TwoTrackMinimumDistance] Computation HelixHelix::CAIR failed.[;0m
[0;33m[TwoTrackMinimumDistance] comparing track with itself![;0m
[0;33m[TwoTrackMinimumDistance] Computation HelixHelix::CAIR failed.[;0m
[0;33m[TwoTrackMinimumDistance] comparing track with itself![;0m
[0;33m[TwoTrackMinimumDistance] Computation HelixHelix::CAIR failed.[;0m
[0;33m[TwoTrackMinimumDistance] comparing track with itself![;0m
[0;33m[TwoTrackMinimumDistance] Computation HelixHelix::CAIR failed.[;0m
[0;33m[TwoTrackMinimumDistance] comparing track with itself![;0m
[0;33m[TwoTrackMinimumDistance] Computation HelixHelix::CAIR failed.[;0m
[0;33m[TwoTrackMinimumDistance] comparing track with itself![;0m
[0;33m[TwoTrackMinimumDistance] Computation HelixHelix::CAIR failed.[;0m
[0;33m[TwoTrackMinimumDistance] comparing track with itself![;0m
[0;33m[TwoTrackMinimumDistance] Computation HelixHelix::CAIR failed.[;0m
[0;33m[TwoTrackMinimumDistance] comparing track with itself![;0m
[0;33m[TwoTrackMinimumDistance] Computation HelixHelix::CAIR failed.[;0m
[0;33m[TwoTrackMinimumDistance] comparing track with itself![;0m
[0;33m[TwoTrackMinimumDistance] Computation HelixHelix::CAIR failed.[;0m
[0;33m[TwoTrackMinimumDistance] comparing track with itself![;0m
[0;33m[TwoTrackMinimumDistance] Computation HelixHelix::CAIR failed.[;0m
[0;33m[TwoTrackMinimumDistance] comparing track with itself![;0m
[0;33m[TwoTrackMinimumDistance] Computation HelixHelix::CAIR failed.[;0m
[0;33m[TwoTrackMinimumDistance] comparing track with itself![;0m
[0;33m[TwoTrackMinimumDistance] Computation HelixHelix::CAIR failed.[;0m
[0;33m[TwoTrackMinimumDistance] comparing track with itself![;0m
[0;33m[TwoTrackMinimumDistance] Computation HelixHelix::CAIR failed.[;0m
[0;33m[TwoTrackMinimumDistance] comparing track with itself![;0m
[0;33m[TwoTrackMinimumDistance] Computation HelixHelix::CAIR failed.[;0m
[0;33m[TwoTrackMinimumDistance] comparing track with itself![;0m
[0;33m[TwoTrackMinimumDistance] Computation HelixHelix::CAIR failed.[;0m
[0;33m[TwoTrackMinimumDistance] comparing track with itself![;0m
[0;33m[TwoTrackMinimumDistance] Computation HelixHelix::CAIR failed.[;0m
[0;33m[TwoTrackMinimumDistance] comparing track with itself![;0m
[0;33m[TwoTrackMinimumDistance] Computation HelixHelix::CAIR failed.[;0m
[0;33m[TwoTrackMinimumDistance] comparing track with itself![;0m
[0;33m[TwoTrackMinimumDistance] Computation HelixHelix::CAIR failed.[;0m
[0;33m[TwoTrackMinimumDistance] comparing track with itself![;0m
[0;33m[TwoTrackMinimumDistance] Computation HelixHelix::CAIR failed.[;0m
[0;33m[TwoTrackMinimumDistance] comparing track with itself![;0m
[0;33m[TwoTrackMinimumDistance] Computation HelixHelix::CAIR failed.[;0m
[0;33m[TwoTrackMinimumDistance] comparing track with itself![;0m
[0;33m[TwoTrackMinimumDistance] Computation HelixHelix::CAIR failed.[;0m
[0;33m[TwoTrackMinimumDistance] comparing track with itself![;0m
[0;33m[TwoTrackMinimumDistance] Computation HelixHelix::CAIR failed.[;0m
[0;33m[TwoTrackMinimumDistance] comparing track with itself![;0m
[0;33m[TwoTrackMinimumDistance] Computation HelixHelix::CAIR failed.[;0m
[0;33m[TwoTrackMinimumDistance] comparing track with itself![;0m
[0;33m[TwoTrackMinimumDistance] Computation HelixHelix::CAIR failed.[;0m
[0;33m[TwoTrackMinimumDistance] comparing track with itself![;0m
[0;33m[TwoTrackMinimumDistance] Computation HelixHelix::CAIR failed.[;0m
[0;33m[TwoTrackMinimumDistance] comparing track with itself![;0m
[0;33m[TwoTrackMinimumDistance] Computation HelixHelix::CAIR failed.[;0m
[0;33m[TwoTrackMinimumDistance] comparing track with itself![;0m
[0;33m[TwoTrackMinimumDistance] Computation HelixHelix::CAIR failed.[;0m
[0;33m[TwoTrackMinimumDistance] comparing track with itself![;0m
[0;33m[TwoTrackMinimumDistance] Computation HelixHelix::CAIR failed.[;0m
[0;33m[TwoTrackMinimumDistance] comparing track with itself![;0m
[0;33m[TwoTrackMinimumDistance] Computation HelixHelix::CAIR failed.[;0m
[0;33m[TwoTrackMinimumDistance] comparing track with itself![;0m
[0;33m[TwoTrackMinimumDistance] Computation HelixHelix::CAIR failed.[;0m
[0;33m[TwoTrackMinimumDistance] comparing track with itself![;0m
[0;33m[TwoTrackMinimumDistance] Computation HelixHelix::CAIR failed.[;0m
[0;33m[TwoTrackMinimumDistance] comparing track with itself![;0m
[0;33m[TwoTrackMinimumDistance] Computation HelixHelix::CAIR failed.[;0m
[0;33m[TwoTrackMinimumDistance] comparing track with itself![;0m
[0;33m[TwoTrackMinimumDistance] Computation HelixHelix::CAIR failed.[;0m
[0;33m[TwoTrackMinimumDistance] comparing track with itself![;0m
[0;33m[TwoTrackMinimumDistance] Computation HelixHelix::CAIR failed.[;0m
[0;33m[TwoTrackMinimumDistance] comparing track with itself![;0m
[0;33m[TwoTrackMinimumDistance] Computation HelixHelix::CAIR failed.[;0m
[0;33m[TwoTrackMinimumDistance] comparing track with itself![;0m
[0;33m[TwoTrackMinimumDistance] Computation HelixHelix::CAIR failed.[;0m
[0;33m[TwoTrackMinimumDistance] comparing track with itself![;0m
[0;33m[TwoTrackMinimumDistance] Computation HelixHelix::CAIR failed.[;0m
[0;33m[TwoTrackMinimumDistance] comparing track with itself![;0m
[0;33m[TwoTrackMinimumDistance] Computation HelixHelix::CAIR failed.[;0m
[0;33m[TwoTrackMinimumDistance] comparing track with itself![;0m
[0;33m[TwoTrackMinimumDistance] Computation HelixHelix::CAIR failed.[;0m
[0;33m[TwoTrackMinimumDistance] comparing track with itself![;0m
[0;33m[TwoTrackMinimumDistance] Computation HelixHelix::CAIR failed.[;0m
[0;33m[TwoTrackMinimumDistance] comparing track with itself![;0m
[0;33m[TwoTrackMinimumDistance] Computation HelixHelix::CAIR failed.[;0m
[0;33m[TwoTrackMinimumDistance] comparing track with itself![;0m
[0;33m[TwoTrackMinimumDistance] Computation HelixHelix::CAIR failed.[;0m
[0;33m[TwoTrackMinimumDistance] comparing track with itself![;0m
[0;33m[TwoTrackMinimumDistance] Computation HelixHelix::CAIR failed.[;0m
[0;33m[TwoTrackMinimumDistance] comparing track with itself![;0m
[0;33m[TwoTrackMinimumDistance] Computation HelixHelix::CAIR failed.[;0m
[0;33m[TwoTrackMinimumDistance] comparing track with itself![;0m
[0;33m[TwoTrackMinimumDistance] Computation HelixHelix::CAIR failed.[;0m
[0;33m[TwoTrackMinimumDistance] comparing track with itself![;0m
[0;33m[TwoTrackMinimumDistance] Computation HelixHelix::CAIR failed.[;0m
[0;33m[TwoTrackMinimumDistance] comparing track with itself![;0m
[0;33m[TwoTrackMinimumDistance] Computation HelixHelix::CAIR failed.[;0m
[0;33m[TwoTrackMinimumDistance] comparing track with itself![;0m
[0;33m[TwoTrackMinimumDistance] Computation HelixHelix::CAIR failed.[;0m
[0;33m[TwoTrackMinimumDistance] comparing track with itself![;0m
[0;33m[TwoTrackMinimumDistance] Computation HelixHelix::CAIR failed.[;0m
[0;33m[TwoTrackMinimumDistance] comparing track with itself![;0m
[0;33m[TwoTrackMinimumDistance] Computation HelixHelix::CAIR failed.[;0m
[0;33m[TwoTrackMinimumDistance] comparing track with itself![;0m
[0;33m[TwoTrackMinimumDistance] Computation HelixHelix::CAIR failed.[;0m
[0;33m[TwoTrackMinimumDistance] comparing track with itself![;0m
[0;33m[TwoTrackMinimumDistance] Computation HelixHelix::CAIR failed.[;0m
[0;33m[TwoTrackMinimumDistance] comparing track with itself![;0m
[0;33m[TwoTrackMinimumDistance] Computation HelixHelix::CAIR failed.[;0m
[0;33m[TwoTrackMinimumDistance] comparing track with itself![;0m
[0;33m[TwoTrackMinimumDistance] Computation HelixHelix::CAIR failed.[;0m
[0;33m[TwoTrackMinimumDistance] comparing track with itself![;0m
[0;33m[TwoTrackMinimumDistance] Computation HelixHelix::CAIR failed.[;0m
[0;33m[TwoTrackMinimumDistance] comparing track with itself![;0m
[0;33m[TwoTrackMinimumDistance] Computation HelixHelix::CAIR failed.[;0m
[0;33m[TwoTrackMinimumDistance] comparing track with itself![;0m
[0;33m[TwoTrackMinimumDistance] Computation HelixHelix::CAIR failed.[;0m
[0;33m[TwoTrackMinimumDistance] comparing track with itself![;0m
[0;33m[TwoTrackMinimumDistance] Computation HelixHelix::CAIR failed.[;0m
[0;33m[TwoTrackMinimumDistance] comparing track with itself![;0m
[0;33m[TwoTrackMinimumDistance] Computation HelixHelix::CAIR failed.[;0m
[0;33m[TwoTrackMinimumDistance] comparing track with itself![;0m
[0;33m[TwoTrackMinimumDistance] Computation HelixHelix::CAIR failed.[;0m
[0;33m[TwoTrackMinimumDistance] comparing track with itself![;0m
[0;33m[TwoTrackMinimumDistance] Computation HelixHelix::CAIR failed.[;0m
[0;33m[TwoTrackMinimumDistance] comparing track with itself![;0m
[0;33m[TwoTrackMinimumDistance] Computation HelixHelix::CAIR failed.[;0m
[0;33m[TwoTrackMinimumDistance] comparing track with itself![;0m
[0;33m[TwoTrackMinimumDistance] Computation HelixHelix::CAIR failed.[;0m
[0;33m[TwoTrackMinimumDistance] comparing track with itself![;0m
[0;33m[TwoTrackMinimumDistance] Computation HelixHelix::CAIR failed.[;0m
[0;33m[TwoTrackMinimumDistance] comparing track with itself![;0m
[0;33m[TwoTrackMinimumDistance] Computation HelixHelix::CAIR failed.[;0m
[0;33m[TwoTrackMinimumDistance] comparing track with itself![;0m
[0;33m[TwoTrackMinimumDistance] Computation HelixHelix::CAIR failed.[;0m
[0;33m[TwoTrackMinimumDistance] comparing track with itself![;0m
[0;33m[TwoTrackMinimumDistance] Computation HelixHelix::CAIR failed.[;0m
[0;33m[TwoTrackMinimumDistance] comparing track with itself![;0m
[0;33m[TwoTrackMinimumDistance] Computation HelixHelix::CAIR failed.[;0m
[0;33m[TwoTrackMinimumDistance] comparing track with itself![;0m
[0;33m[TwoTrackMinimumDistance] Computation HelixHelix::CAIR failed.[;0m
[0;33m[TwoTrackMinimumDistance] comparing track with itself![;0m
[0;33m[TwoTrackMinimumDistance] Computation HelixHelix::CAIR failed.[;0m
[0;33m[TwoTrackMinimumDistance] comparing track with itself![;0m
[0;33m[TwoTrackMinimumDistance] Computation HelixHelix::CAIR failed.[;0m
[0;33m[TwoTrackMinimumDistance] comparing track with itself![;0m
[0;33m[TwoTrackMinimumDistance] Computation HelixHelix::CAIR failed.[;0m
[0;33m[TwoTrackMinimumDistance] comparing track with itself![;0m
[0;33m[TwoTrackMinimumDistance] Computation HelixHelix::CAIR failed.[;0m
[0;33m[TwoTrackMinimumDistance] comparing track with itself![;0m
[0;33m[TwoTrackMinimumDistance] Computation HelixHelix::CAIR failed.[;0m
[0;33m[TwoTrackMinimumDistance] comparing track with itself![;0m
[0;33m[TwoTrackMinimumDistance] Computation HelixHelix::CAIR failed.[;0m
[0;33m[TwoTrackMinimumDistance] comparing track with itself![;0m
[0;33m[TwoTrackMinimumDistance] Computation HelixHelix::CAIR failed.[;0m
[0;33m[TwoTrackMinimumDistance] comparing track with itself![;0m
[0;33m[TwoTrackMinimumDistance] Computation HelixHelix::CAIR failed.[;0m
[0;33m[TwoTrackMinimumDistance] comparing track with itself![;0m
[0;33m[TwoTrackMinimumDistance] Computation HelixHelix::CAIR failed.[;0m
[0;33m[TwoTrackMinimumDistance] comparing track with itself![;0m
[0;33m[TwoTrackMinimumDistance] Computation HelixHelix::CAIR failed.[;0m
[0;33m[TwoTrackMinimumDistance] comparing track with itself![;0m
[0;33m[TwoTrackMinimumDistance] Computation HelixHelix::CAIR failed.[;0m
[0;33m[TwoTrackMinimumDistance] comparing track with itself![;0m
[0;33m[TwoTrackMinimumDistance] Computation HelixHelix::CAIR failed.[;0m
[0;33m[TwoTrackMinimumDistance] comparing track with itself![;0m
[0;33m[TwoTrackMinimumDistance] Computation HelixHelix::CAIR failed.[;0m
[0;33m[TwoTrackMinimumDistance] comparing track with itself![;0m
[0;33m[TwoTrackMinimumDistance] Computation HelixHelix::CAIR failed.[;0m
[0;33m[TwoTrackMinimumDistance] comparing track with itself![;0m
[0;33m[TwoTrackMinimumDistance] Computation HelixHelix::CAIR failed.[;0m
[0;33m[TwoTrackMinimumDistance] comparing track with itself![;0m
[0;33m[TwoTrackMinimumDistance] Computation HelixHelix::CAIR failed.[;0m
[0;33m[TwoTrackMinimumDistance] comparing track with itself![;0m
[0;33m[TwoTrackMinimumDistance] Computation HelixHelix::CAIR failed.[;0m
[0;33m[TwoTrackMinimumDistance] comparing track with itself![;0m
[0;33m[TwoTrackMinimumDistance] Computation HelixHelix::CAIR failed.[;0m
[0;33m[TwoTrackMinimumDistance] comparing track with itself![;0m
[0;33m[TwoTrackMinimumDistance] Computation HelixHelix::CAIR failed.[;0m
[0;33m[TwoTrackMinimumDistance] comparing track with itself![;0m
[0;33m[TwoTrackMinimumDistance] Computation HelixHelix::CAIR failed.[;0m
[0;33m[TwoTrackMinimumDistance] comparing track with itself![;0m
[0;33m[TwoTrackMinimumDistance] Computation HelixHelix::CAIR failed.[;0m
[0;33m[TwoTrackMinimumDistance] comparing track with itself![;0m
[0;33m[TwoTrackMinimumDistance] Computation HelixHelix::CAIR failed.[;0m
[0;33m[TwoTrackMinimumDistance] comparing track with itself![;0m
[0;33m[TwoTrackMinimumDistance] Computation HelixHelix::CAIR failed.[;0m
[0;33m[TwoTrackMinimumDistance] comparing track with itself![;0m
[0;33m[TwoTrackMinimumDistance] Computation HelixHelix::CAIR failed.[;0m
MyJetAnalysis::End - Outoput to /global/project/projectdirs/alice/ftorales/eP_MC/eP_6_electrons+jets.root
All done
